<?xml version="1.0" encoding="UTF-8"?>
<!DOCTYPE html PUBLIC "-//W3C//DTD XHTML 1.0 Strict//EN" "http://www.w3.org/TR/xhtml1/DTD/xhtml1-strict.dtd">
<html xmlns="http://www.w3.org/1999/xhtml">
<head>
    <title>Unit Test Report</title>
    <meta name="generator" content="HTMLTestRunner 0.8.2"/>
    <meta http-equiv="Content-Type" content="text/html; charset=UTF-8"/>
    
<style type="text/css" media="screen">
body        { font-family: verdana, arial, helvetica, sans-serif; font-size: 80%; }
table       { font-size: 100%; }
pre         { }

/* -- heading ---------------------------------------------------------------------- */
h1 {
	font-size: 16pt;
	color: gray;
}
.heading {
    margin-top: 0ex;
    margin-bottom: 1ex;
}

.heading .attribute {
    margin-top: 1ex;
    margin-bottom: 0;
}

.heading .description {
    margin-top: 4ex;
    margin-bottom: 6ex;
}

/* -- css div popup ------------------------------------------------------------------------ */
a.popup_link {
}

a.popup_link:hover {
    color: red;
}

.popup_window {
    display: none;
    position: relative;
    left: 0px;
    top: 0px;
    /*border: solid #627173 1px; */
    padding: 10px;
    background-color: #E6E6D6;
    font-family: "Lucida Console", "Courier New", Courier, monospace;
    text-align: left;
    font-size: 8pt;
    width: 500px;
}

}
/* -- report ------------------------------------------------------------------------ */
#show_detail_line {
    margin-top: 3ex;
    margin-bottom: 1ex;
}
#result_table {
    width: 80%;
    border-collapse: collapse;
    border: 1px solid #777;
}
#header_row {
    font-weight: bold;
    color: white;
    background-color: #777;
}
#result_table td {
    border: 1px solid #777;
    padding: 2px;
}
#total_row  { font-weight: bold; }
.passClass  { background-color: #6c6; }
.failClass  { background-color: #c60; }
.errorClass { background-color: #c00; }
.passCase   { color: #6c6; }
.failCase   { color: #c60; font-weight: bold; }
.errorCase  { color: #c00; font-weight: bold; }
.hiddenRow  { display: none; }
.testcase   { margin-left: 2em; }


/* -- ending ---------------------------------------------------------------------- */
#ending {
}

</style>

</head>
<body>
<script language="javascript" type="text/javascript"><!--
output_list = Array();

/* level - 0:Summary; 1:Failed; 2:All */
function showCase(level) {
    trs = document.getElementsByTagName("tr");
    for (var i = 0; i < trs.length; i++) {
        tr = trs[i];
        id = tr.id;
        if (id.substr(0,2) == 'ft') {
            if (level < 1) {
                tr.className = 'hiddenRow';
            }
            else {
                tr.className = '';
            }
        }
        if (id.substr(0,2) == 'pt') {
            if (level > 1) {
                tr.className = '';
            }
            else {
                tr.className = 'hiddenRow';
            }
        }
    }
}


function showClassDetail(cid, count) {
    var id_list = Array(count);
    var toHide = 1;
    for (var i = 0; i < count; i++) {
        tid0 = 't' + cid.substr(1) + '.' + (i+1);
        tid = 'f' + tid0;
        tr = document.getElementById(tid);
        if (!tr) {
            tid = 'p' + tid0;
            tr = document.getElementById(tid);
        }
        id_list[i] = tid;
        if (tr.className) {
            toHide = 0;
        }
    }
    for (var i = 0; i < count; i++) {
        tid = id_list[i];
        if (toHide) {
            document.getElementById('div_'+tid).style.display = 'none'
            document.getElementById(tid).className = 'hiddenRow';
        }
        else {
            document.getElementById(tid).className = '';
        }
    }
}


function showTestDetail(div_id){
    var details_div = document.getElementById(div_id)
    var displayState = details_div.style.display
    // alert(displayState)
    if (displayState != 'block' ) {
        displayState = 'block'
        details_div.style.display = 'block'
    }
    else {
        details_div.style.display = 'none'
    }
}


function html_escape(s) {
    s = s.replace(/&/g,'&amp;');
    s = s.replace(/</g,'&lt;');
    s = s.replace(/>/g,'&gt;');
    return s;
}

/* obsoleted by detail in <div>
function showOutput(id, name) {
    var w = window.open("", //url
                    name,
                    "resizable,scrollbars,status,width=800,height=450");
    d = w.document;
    d.write("<pre>");
    d.write(html_escape(output_list[id]));
    d.write("\n");
    d.write("<a href='javascript:window.close()'>close</a>\n");
    d.write("</pre>\n");
    d.close();
}
*/
--></script>

<div class='heading'>
<h1>Unit Test Report</h1>
<p class='attribute'><strong>Start Time:</strong> 2020-04-25 12:41:22</p>
<p class='attribute'><strong>Duration:</strong> 0:14:06.896234</p>
<p class='attribute'><strong>Status:</strong> Pass 32 Failure 24 Error 5</p>

<p class='description'></p>
</div>



<p id='show_detail_line'>Show
<a href='javascript:showCase(0)'>Summary</a>
<a href='javascript:showCase(1)'>Failed</a>
<a href='javascript:showCase(2)'>All</a>
</p>
<table id='result_table'>
<colgroup>
<col align='left' />
<col align='right' />
<col align='right' />
<col align='right' />
<col align='right' />
<col align='right' />
</colgroup>
<tr id='header_row'>
    <td>Test Group/Test case</td>
    <td>Count</td>
    <td>Pass</td>
    <td>Fail</td>
    <td>Error</td>
    <td>View</td>
</tr>

<tr class='failClass'>
    <td>woniuboss.bin.woniuboss4_gui.teaching_manage_test.a_course_schedule_test.CourseScheduleTest</td>
    <td>19</td>
    <td>8</td>
    <td>11</td>
    <td>0</td>
    <td><a href="javascript:showClassDetail('c1',19)">Detail</a></td>
</tr>

<tr id='pt1.1' class='hiddenRow'>
    <td class='none'><div class='testcase'>test_a_query_course_info_0__</div></td>
    <td colspan='5' align='center'>pass</td>
</tr>

<tr id='ft1.2' class='none'>
    <td class='failCase'><div class='testcase'>test_a_query_course_info_1__</div></td>
    <td colspan='5' align='center'>

    <!--css div popup start-->
    <a class="popup_link" onfocus='this.blur();' href="javascript:showTestDetail('div_ft1.2')" >
        fail</a>

    <div id='div_ft1.2' class="popup_window">
        <div style='text-align: right; color:red;cursor:pointer'>
        <a onfocus='this.blur();' onclick="document.getElementById('div_ft1.2').style.display = 'none' " >
           [x]</a>
        </div>
        <pre>
        
ft1.2: Traceback (most recent call last):
  File "D:\python\python36\lib\site-packages\parameterized\parameterized.py", line 518, in standalone_func
    return func(*(a + p.args), **p.kwargs)
  File "D:\python\yangle0103\woniuboss\bin\woniuboss4_gui\teaching_manage_test\a_course_schedule_test.py", line 38, in test_a_query_course_info
    self.assertEqual(expect,actual)
AssertionError: 'test query course fail' != 'test query course pass'
- test query course fail
?                   ^ ^^
+ test query course pass
?                   ^ ^^

Traceback (most recent call last):
  File "D:\python\python36\lib\site-packages\parameterized\parameterized.py", line 518, in standalone_func
    return func(*(a + p.args), **p.kwargs)
  File "D:\python\yangle0103\woniuboss\bin\woniuboss4_gui\teaching_manage_test\a_course_schedule_test.py", line 38, in test_a_query_course_info
    self.assertEqual(expect,actual)
AssertionError: 'test query course fail' != 'test query course pass'
- test query course fail
?                   ^ ^^
+ test query course pass
?                   ^ ^^



        </pre>
    </div>
    <!--css div popup end-->

    </td>
</tr>

<tr id='ft1.3' class='none'>
    <td class='failCase'><div class='testcase'>test_a_query_course_info_2__</div></td>
    <td colspan='5' align='center'>

    <!--css div popup start-->
    <a class="popup_link" onfocus='this.blur();' href="javascript:showTestDetail('div_ft1.3')" >
        fail</a>

    <div id='div_ft1.3' class="popup_window">
        <div style='text-align: right; color:red;cursor:pointer'>
        <a onfocus='this.blur();' onclick="document.getElementById('div_ft1.3').style.display = 'none' " >
           [x]</a>
        </div>
        <pre>
        
ft1.3: Traceback (most recent call last):
  File "D:\python\python36\lib\site-packages\parameterized\parameterized.py", line 518, in standalone_func
    return func(*(a + p.args), **p.kwargs)
  File "D:\python\yangle0103\woniuboss\bin\woniuboss4_gui\teaching_manage_test\a_course_schedule_test.py", line 38, in test_a_query_course_info
    self.assertEqual(expect,actual)
AssertionError: 'test query course pass' != 'test query course fail'
- test query course pass
?                   ^ ^^
+ test query course fail
?                   ^ ^^

Traceback (most recent call last):
  File "D:\python\python36\lib\site-packages\parameterized\parameterized.py", line 518, in standalone_func
    return func(*(a + p.args), **p.kwargs)
  File "D:\python\yangle0103\woniuboss\bin\woniuboss4_gui\teaching_manage_test\a_course_schedule_test.py", line 38, in test_a_query_course_info
    self.assertEqual(expect,actual)
AssertionError: 'test query course pass' != 'test query course fail'
- test query course pass
?                   ^ ^^
+ test query course fail
?                   ^ ^^



        </pre>
    </div>
    <!--css div popup end-->

    </td>
</tr>

<tr id='pt1.4' class='hiddenRow'>
    <td class='none'><div class='testcase'>test_b_add_course_0_2020_04_21</div></td>
    <td colspan='5' align='center'>pass</td>
</tr>

<tr id='pt1.5' class='hiddenRow'>
    <td class='none'><div class='testcase'>test_b_add_course_1_2020_04_21</div></td>
    <td colspan='5' align='center'>pass</td>
</tr>

<tr id='pt1.6' class='hiddenRow'>
    <td class='none'><div class='testcase'>test_b_add_course_2_2020_04_23</div></td>
    <td colspan='5' align='center'>pass</td>
</tr>

<tr id='pt1.7' class='hiddenRow'>
    <td class='none'><div class='testcase'>test_b_add_course_3_2020_04_23</div></td>
    <td colspan='5' align='center'>pass</td>
</tr>

<tr id='pt1.8' class='hiddenRow'>
    <td class='none'><div class='testcase'>test_b_add_course_4_2020_04_23</div></td>
    <td colspan='5' align='center'>pass</td>
</tr>

<tr id='pt1.9' class='hiddenRow'>
    <td class='none'><div class='testcase'>test_b_add_course_5_2020_04_23</div></td>
    <td colspan='5' align='center'>pass</td>
</tr>

<tr id='ft1.10' class='none'>
    <td class='failCase'><div class='testcase'>test_b_add_course_6_2020_04_21</div></td>
    <td colspan='5' align='center'>

    <!--css div popup start-->
    <a class="popup_link" onfocus='this.blur();' href="javascript:showTestDetail('div_ft1.10')" >
        fail</a>

    <div id='div_ft1.10' class="popup_window">
        <div style='text-align: right; color:red;cursor:pointer'>
        <a onfocus='this.blur();' onclick="document.getElementById('div_ft1.10').style.display = 'none' " >
           [x]</a>
        </div>
        <pre>
        
ft1.10: Traceback (most recent call last):
  File "D:\python\python36\lib\site-packages\parameterized\parameterized.py", line 518, in standalone_func
    return func(*(a + p.args), **p.kwargs)
  File "D:\python\yangle0103\woniuboss\bin\woniuboss4_gui\teaching_manage_test\a_course_schedule_test.py", line 54, in test_b_add_course
    self.assertEqual(expect,actual)
AssertionError: 'test add course fail' != 'test add course pass'
- test add course fail
?                 ^ ^^
+ test add course pass
?                 ^ ^^

Traceback (most recent call last):
  File "D:\python\python36\lib\site-packages\parameterized\parameterized.py", line 518, in standalone_func
    return func(*(a + p.args), **p.kwargs)
  File "D:\python\yangle0103\woniuboss\bin\woniuboss4_gui\teaching_manage_test\a_course_schedule_test.py", line 54, in test_b_add_course
    self.assertEqual(expect,actual)
AssertionError: 'test add course fail' != 'test add course pass'
- test add course fail
?                 ^ ^^
+ test add course pass
?                 ^ ^^



        </pre>
    </div>
    <!--css div popup end-->

    </td>
</tr>

<tr id='ft1.11' class='none'>
    <td class='failCase'><div class='testcase'>test_b_add_course_7_2020_04_21</div></td>
    <td colspan='5' align='center'>

    <!--css div popup start-->
    <a class="popup_link" onfocus='this.blur();' href="javascript:showTestDetail('div_ft1.11')" >
        fail</a>

    <div id='div_ft1.11' class="popup_window">
        <div style='text-align: right; color:red;cursor:pointer'>
        <a onfocus='this.blur();' onclick="document.getElementById('div_ft1.11').style.display = 'none' " >
           [x]</a>
        </div>
        <pre>
        
ft1.11: Traceback (most recent call last):
  File "D:\python\python36\lib\site-packages\parameterized\parameterized.py", line 518, in standalone_func
    return func(*(a + p.args), **p.kwargs)
  File "D:\python\yangle0103\woniuboss\bin\woniuboss4_gui\teaching_manage_test\a_course_schedule_test.py", line 54, in test_b_add_course
    self.assertEqual(expect,actual)
AssertionError: 'test add course fail' != 'test add course pass'
- test add course fail
?                 ^ ^^
+ test add course pass
?                 ^ ^^

Traceback (most recent call last):
  File "D:\python\python36\lib\site-packages\parameterized\parameterized.py", line 518, in standalone_func
    return func(*(a + p.args), **p.kwargs)
  File "D:\python\yangle0103\woniuboss\bin\woniuboss4_gui\teaching_manage_test\a_course_schedule_test.py", line 54, in test_b_add_course
    self.assertEqual(expect,actual)
AssertionError: 'test add course fail' != 'test add course pass'
- test add course fail
?                 ^ ^^
+ test add course pass
?                 ^ ^^



        </pre>
    </div>
    <!--css div popup end-->

    </td>
</tr>

<tr id='ft1.12' class='none'>
    <td class='failCase'><div class='testcase'>test_b_add_course_8_2020_04_21</div></td>
    <td colspan='5' align='center'>

    <!--css div popup start-->
    <a class="popup_link" onfocus='this.blur();' href="javascript:showTestDetail('div_ft1.12')" >
        fail</a>

    <div id='div_ft1.12' class="popup_window">
        <div style='text-align: right; color:red;cursor:pointer'>
        <a onfocus='this.blur();' onclick="document.getElementById('div_ft1.12').style.display = 'none' " >
           [x]</a>
        </div>
        <pre>
        
ft1.12: Traceback (most recent call last):
  File "D:\python\python36\lib\site-packages\parameterized\parameterized.py", line 518, in standalone_func
    return func(*(a + p.args), **p.kwargs)
  File "D:\python\yangle0103\woniuboss\bin\woniuboss4_gui\teaching_manage_test\a_course_schedule_test.py", line 54, in test_b_add_course
    self.assertEqual(expect,actual)
AssertionError: 'test add course fail' != 'test add course pass'
- test add course fail
?                 ^ ^^
+ test add course pass
?                 ^ ^^

Traceback (most recent call last):
  File "D:\python\python36\lib\site-packages\parameterized\parameterized.py", line 518, in standalone_func
    return func(*(a + p.args), **p.kwargs)
  File "D:\python\yangle0103\woniuboss\bin\woniuboss4_gui\teaching_manage_test\a_course_schedule_test.py", line 54, in test_b_add_course
    self.assertEqual(expect,actual)
AssertionError: 'test add course fail' != 'test add course pass'
- test add course fail
?                 ^ ^^
+ test add course pass
?                 ^ ^^



        </pre>
    </div>
    <!--css div popup end-->

    </td>
</tr>

<tr id='ft1.13' class='none'>
    <td class='failCase'><div class='testcase'>test_c_modify_course_0_2020_04_21</div></td>
    <td colspan='5' align='center'>

    <!--css div popup start-->
    <a class="popup_link" onfocus='this.blur();' href="javascript:showTestDetail('div_ft1.13')" >
        fail</a>

    <div id='div_ft1.13' class="popup_window">
        <div style='text-align: right; color:red;cursor:pointer'>
        <a onfocus='this.blur();' onclick="document.getElementById('div_ft1.13').style.display = 'none' " >
           [x]</a>
        </div>
        <pre>
        
ft1.13: Traceback (most recent call last):
  File "D:\python\python36\lib\site-packages\parameterized\parameterized.py", line 518, in standalone_func
    return func(*(a + p.args), **p.kwargs)
  File "D:\python\yangle0103\woniuboss\bin\woniuboss4_gui\teaching_manage_test\a_course_schedule_test.py", line 65, in test_c_modify_course
    self.assertEqual(expect,actual)
AssertionError: 'test modify course fail' != 'test modify course pass'
- test modify course fail
?                    ^ ^^
+ test modify course pass
?                    ^ ^^

Traceback (most recent call last):
  File "D:\python\python36\lib\site-packages\parameterized\parameterized.py", line 518, in standalone_func
    return func(*(a + p.args), **p.kwargs)
  File "D:\python\yangle0103\woniuboss\bin\woniuboss4_gui\teaching_manage_test\a_course_schedule_test.py", line 65, in test_c_modify_course
    self.assertEqual(expect,actual)
AssertionError: 'test modify course fail' != 'test modify course pass'
- test modify course fail
?                    ^ ^^
+ test modify course pass
?                    ^ ^^



        </pre>
    </div>
    <!--css div popup end-->

    </td>
</tr>

<tr id='ft1.14' class='none'>
    <td class='failCase'><div class='testcase'>test_c_modify_course_1_2020_04_23</div></td>
    <td colspan='5' align='center'>

    <!--css div popup start-->
    <a class="popup_link" onfocus='this.blur();' href="javascript:showTestDetail('div_ft1.14')" >
        fail</a>

    <div id='div_ft1.14' class="popup_window">
        <div style='text-align: right; color:red;cursor:pointer'>
        <a onfocus='this.blur();' onclick="document.getElementById('div_ft1.14').style.display = 'none' " >
           [x]</a>
        </div>
        <pre>
        
ft1.14: Traceback (most recent call last):
  File "D:\python\python36\lib\site-packages\parameterized\parameterized.py", line 518, in standalone_func
    return func(*(a + p.args), **p.kwargs)
  File "D:\python\yangle0103\woniuboss\bin\woniuboss4_gui\teaching_manage_test\a_course_schedule_test.py", line 65, in test_c_modify_course
    self.assertEqual(expect,actual)
AssertionError: 'test modify course fail' != 'test modify course pass'
- test modify course fail
?                    ^ ^^
+ test modify course pass
?                    ^ ^^

Traceback (most recent call last):
  File "D:\python\python36\lib\site-packages\parameterized\parameterized.py", line 518, in standalone_func
    return func(*(a + p.args), **p.kwargs)
  File "D:\python\yangle0103\woniuboss\bin\woniuboss4_gui\teaching_manage_test\a_course_schedule_test.py", line 65, in test_c_modify_course
    self.assertEqual(expect,actual)
AssertionError: 'test modify course fail' != 'test modify course pass'
- test modify course fail
?                    ^ ^^
+ test modify course pass
?                    ^ ^^



        </pre>
    </div>
    <!--css div popup end-->

    </td>
</tr>

<tr id='ft1.15' class='none'>
    <td class='failCase'><div class='testcase'>test_c_modify_course_2_2020_04_23</div></td>
    <td colspan='5' align='center'>

    <!--css div popup start-->
    <a class="popup_link" onfocus='this.blur();' href="javascript:showTestDetail('div_ft1.15')" >
        fail</a>

    <div id='div_ft1.15' class="popup_window">
        <div style='text-align: right; color:red;cursor:pointer'>
        <a onfocus='this.blur();' onclick="document.getElementById('div_ft1.15').style.display = 'none' " >
           [x]</a>
        </div>
        <pre>
        
ft1.15: Traceback (most recent call last):
  File "D:\python\python36\lib\site-packages\parameterized\parameterized.py", line 518, in standalone_func
    return func(*(a + p.args), **p.kwargs)
  File "D:\python\yangle0103\woniuboss\bin\woniuboss4_gui\teaching_manage_test\a_course_schedule_test.py", line 65, in test_c_modify_course
    self.assertEqual(expect,actual)
AssertionError: 'test modify course fail' != 'test modify course pass'
- test modify course fail
?                    ^ ^^
+ test modify course pass
?                    ^ ^^

Traceback (most recent call last):
  File "D:\python\python36\lib\site-packages\parameterized\parameterized.py", line 518, in standalone_func
    return func(*(a + p.args), **p.kwargs)
  File "D:\python\yangle0103\woniuboss\bin\woniuboss4_gui\teaching_manage_test\a_course_schedule_test.py", line 65, in test_c_modify_course
    self.assertEqual(expect,actual)
AssertionError: 'test modify course fail' != 'test modify course pass'
- test modify course fail
?                    ^ ^^
+ test modify course pass
?                    ^ ^^



        </pre>
    </div>
    <!--css div popup end-->

    </td>
</tr>

<tr id='pt1.16' class='hiddenRow'>
    <td class='none'><div class='testcase'>test_c_modify_course_3_2020_04_23</div></td>
    <td colspan='5' align='center'>pass</td>
</tr>

<tr id='ft1.17' class='none'>
    <td class='failCase'><div class='testcase'>test_c_modify_course_4_2020_04_23</div></td>
    <td colspan='5' align='center'>

    <!--css div popup start-->
    <a class="popup_link" onfocus='this.blur();' href="javascript:showTestDetail('div_ft1.17')" >
        fail</a>

    <div id='div_ft1.17' class="popup_window">
        <div style='text-align: right; color:red;cursor:pointer'>
        <a onfocus='this.blur();' onclick="document.getElementById('div_ft1.17').style.display = 'none' " >
           [x]</a>
        </div>
        <pre>
        
ft1.17: Traceback (most recent call last):
  File "D:\python\python36\lib\site-packages\parameterized\parameterized.py", line 518, in standalone_func
    return func(*(a + p.args), **p.kwargs)
  File "D:\python\yangle0103\woniuboss\bin\woniuboss4_gui\teaching_manage_test\a_course_schedule_test.py", line 65, in test_c_modify_course
    self.assertEqual(expect,actual)
AssertionError: 'test modify course fail' != 'test modify course pass'
- test modify course fail
?                    ^ ^^
+ test modify course pass
?                    ^ ^^

Traceback (most recent call last):
  File "D:\python\python36\lib\site-packages\parameterized\parameterized.py", line 518, in standalone_func
    return func(*(a + p.args), **p.kwargs)
  File "D:\python\yangle0103\woniuboss\bin\woniuboss4_gui\teaching_manage_test\a_course_schedule_test.py", line 65, in test_c_modify_course
    self.assertEqual(expect,actual)
AssertionError: 'test modify course fail' != 'test modify course pass'
- test modify course fail
?                    ^ ^^
+ test modify course pass
?                    ^ ^^



        </pre>
    </div>
    <!--css div popup end-->

    </td>
</tr>

<tr id='ft1.18' class='none'>
    <td class='failCase'><div class='testcase'>test_c_modify_course_5_2020_04_01</div></td>
    <td colspan='5' align='center'>

    <!--css div popup start-->
    <a class="popup_link" onfocus='this.blur();' href="javascript:showTestDetail('div_ft1.18')" >
        fail</a>

    <div id='div_ft1.18' class="popup_window">
        <div style='text-align: right; color:red;cursor:pointer'>
        <a onfocus='this.blur();' onclick="document.getElementById('div_ft1.18').style.display = 'none' " >
           [x]</a>
        </div>
        <pre>
        
ft1.18: Traceback (most recent call last):
  File "D:\python\python36\lib\site-packages\parameterized\parameterized.py", line 518, in standalone_func
    return func(*(a + p.args), **p.kwargs)
  File "D:\python\yangle0103\woniuboss\bin\woniuboss4_gui\teaching_manage_test\a_course_schedule_test.py", line 65, in test_c_modify_course
    self.assertEqual(expect,actual)
AssertionError: 'test modify course fail' != 'test modify course pass'
- test modify course fail
?                    ^ ^^
+ test modify course pass
?                    ^ ^^

Traceback (most recent call last):
  File "D:\python\python36\lib\site-packages\parameterized\parameterized.py", line 518, in standalone_func
    return func(*(a + p.args), **p.kwargs)
  File "D:\python\yangle0103\woniuboss\bin\woniuboss4_gui\teaching_manage_test\a_course_schedule_test.py", line 65, in test_c_modify_course
    self.assertEqual(expect,actual)
AssertionError: 'test modify course fail' != 'test modify course pass'
- test modify course fail
?                    ^ ^^
+ test modify course pass
?                    ^ ^^



        </pre>
    </div>
    <!--css div popup end-->

    </td>
</tr>

<tr id='ft1.19' class='none'>
    <td class='failCase'><div class='testcase'>test_c_modify_course_6_2020_04_01</div></td>
    <td colspan='5' align='center'>

    <!--css div popup start-->
    <a class="popup_link" onfocus='this.blur();' href="javascript:showTestDetail('div_ft1.19')" >
        fail</a>

    <div id='div_ft1.19' class="popup_window">
        <div style='text-align: right; color:red;cursor:pointer'>
        <a onfocus='this.blur();' onclick="document.getElementById('div_ft1.19').style.display = 'none' " >
           [x]</a>
        </div>
        <pre>
        
ft1.19: Traceback (most recent call last):
  File "D:\python\python36\lib\site-packages\parameterized\parameterized.py", line 518, in standalone_func
    return func(*(a + p.args), **p.kwargs)
  File "D:\python\yangle0103\woniuboss\bin\woniuboss4_gui\teaching_manage_test\a_course_schedule_test.py", line 65, in test_c_modify_course
    self.assertEqual(expect,actual)
AssertionError: 'test modify course fail' != 'test modify course pass'
- test modify course fail
?                    ^ ^^
+ test modify course pass
?                    ^ ^^

Traceback (most recent call last):
  File "D:\python\python36\lib\site-packages\parameterized\parameterized.py", line 518, in standalone_func
    return func(*(a + p.args), **p.kwargs)
  File "D:\python\yangle0103\woniuboss\bin\woniuboss4_gui\teaching_manage_test\a_course_schedule_test.py", line 65, in test_c_modify_course
    self.assertEqual(expect,actual)
AssertionError: 'test modify course fail' != 'test modify course pass'
- test modify course fail
?                    ^ ^^
+ test modify course pass
?                    ^ ^^



        </pre>
    </div>
    <!--css div popup end-->

    </td>
</tr>

<tr class='failClass'>
    <td>woniuboss.bin.woniuboss4_gui.teaching_manage_test.b_technical_interview_test.TechnicalIntervewTest</td>
    <td>11</td>
    <td>7</td>
    <td>4</td>
    <td>0</td>
    <td><a href="javascript:showClassDetail('c2',11)">Detail</a></td>
</tr>

<tr id='pt2.1' class='hiddenRow'>
    <td class='none'><div class='testcase'>test_a_query_interview_info_0__</div></td>
    <td colspan='5' align='center'>pass</td>
</tr>

<tr id='pt2.2' class='hiddenRow'>
    <td class='none'><div class='testcase'>test_a_query_interview_info_1__</div></td>
    <td colspan='5' align='center'>pass</td>
</tr>

<tr id='pt2.3' class='hiddenRow'>
    <td class='none'><div class='testcase'>test_a_query_interview_info_2__</div></td>
    <td colspan='5' align='center'>pass</td>
</tr>

<tr id='pt2.4' class='hiddenRow'>
    <td class='none'><div class='testcase'>test_a_query_interview_info_3__</div></td>
    <td colspan='5' align='center'>pass</td>
</tr>

<tr id='pt2.5' class='hiddenRow'>
    <td class='none'><div class='testcase'>test_a_query_interview_info_4__</div></td>
    <td colspan='5' align='center'>pass</td>
</tr>

<tr id='ft2.6' class='none'>
    <td class='failCase'><div class='testcase'>test_a_query_interview_info_5__</div></td>
    <td colspan='5' align='center'>

    <!--css div popup start-->
    <a class="popup_link" onfocus='this.blur();' href="javascript:showTestDetail('div_ft2.6')" >
        fail</a>

    <div id='div_ft2.6' class="popup_window">
        <div style='text-align: right; color:red;cursor:pointer'>
        <a onfocus='this.blur();' onclick="document.getElementById('div_ft2.6').style.display = 'none' " >
           [x]</a>
        </div>
        <pre>
        
ft2.6: Traceback (most recent call last):
  File "D:\python\python36\lib\site-packages\parameterized\parameterized.py", line 518, in standalone_func
    return func(*(a + p.args), **p.kwargs)
  File "D:\python\yangle0103\woniuboss\bin\woniuboss4_gui\teaching_manage_test\b_technical_interview_test.py", line 37, in test_a_query_interview_info
    self.assertEqual(expect,actual)
AssertionError: 'test query interview info fail' != 'test query interview info pass'
- test query interview info fail
?                           ^ ^^
+ test query interview info pass
?                           ^ ^^

Traceback (most recent call last):
  File "D:\python\python36\lib\site-packages\parameterized\parameterized.py", line 518, in standalone_func
    return func(*(a + p.args), **p.kwargs)
  File "D:\python\yangle0103\woniuboss\bin\woniuboss4_gui\teaching_manage_test\b_technical_interview_test.py", line 37, in test_a_query_interview_info
    self.assertEqual(expect,actual)
AssertionError: 'test query interview info fail' != 'test query interview info pass'
- test query interview info fail
?                           ^ ^^
+ test query interview info pass
?                           ^ ^^



        </pre>
    </div>
    <!--css div popup end-->

    </td>
</tr>

<tr id='ft2.7' class='none'>
    <td class='failCase'><div class='testcase'>test_a_query_interview_info_6__</div></td>
    <td colspan='5' align='center'>

    <!--css div popup start-->
    <a class="popup_link" onfocus='this.blur();' href="javascript:showTestDetail('div_ft2.7')" >
        fail</a>

    <div id='div_ft2.7' class="popup_window">
        <div style='text-align: right; color:red;cursor:pointer'>
        <a onfocus='this.blur();' onclick="document.getElementById('div_ft2.7').style.display = 'none' " >
           [x]</a>
        </div>
        <pre>
        
ft2.7: Traceback (most recent call last):
  File "D:\python\python36\lib\site-packages\parameterized\parameterized.py", line 518, in standalone_func
    return func(*(a + p.args), **p.kwargs)
  File "D:\python\yangle0103\woniuboss\bin\woniuboss4_gui\teaching_manage_test\b_technical_interview_test.py", line 37, in test_a_query_interview_info
    self.assertEqual(expect,actual)
AssertionError: 'test query interview info fail' != 'test query interview info pass'
- test query interview info fail
?                           ^ ^^
+ test query interview info pass
?                           ^ ^^

Traceback (most recent call last):
  File "D:\python\python36\lib\site-packages\parameterized\parameterized.py", line 518, in standalone_func
    return func(*(a + p.args), **p.kwargs)
  File "D:\python\yangle0103\woniuboss\bin\woniuboss4_gui\teaching_manage_test\b_technical_interview_test.py", line 37, in test_a_query_interview_info
    self.assertEqual(expect,actual)
AssertionError: 'test query interview info fail' != 'test query interview info pass'
- test query interview info fail
?                           ^ ^^
+ test query interview info pass
?                           ^ ^^



        </pre>
    </div>
    <!--css div popup end-->

    </td>
</tr>

<tr id='ft2.8' class='none'>
    <td class='failCase'><div class='testcase'>test_a_query_interview_info_7__</div></td>
    <td colspan='5' align='center'>

    <!--css div popup start-->
    <a class="popup_link" onfocus='this.blur();' href="javascript:showTestDetail('div_ft2.8')" >
        fail</a>

    <div id='div_ft2.8' class="popup_window">
        <div style='text-align: right; color:red;cursor:pointer'>
        <a onfocus='this.blur();' onclick="document.getElementById('div_ft2.8').style.display = 'none' " >
           [x]</a>
        </div>
        <pre>
        
ft2.8: Traceback (most recent call last):
  File "D:\python\python36\lib\site-packages\parameterized\parameterized.py", line 518, in standalone_func
    return func(*(a + p.args), **p.kwargs)
  File "D:\python\yangle0103\woniuboss\bin\woniuboss4_gui\teaching_manage_test\b_technical_interview_test.py", line 37, in test_a_query_interview_info
    self.assertEqual(expect,actual)
AssertionError: 'test query interview info fail' != 'test query interview info pass'
- test query interview info fail
?                           ^ ^^
+ test query interview info pass
?                           ^ ^^

Traceback (most recent call last):
  File "D:\python\python36\lib\site-packages\parameterized\parameterized.py", line 518, in standalone_func
    return func(*(a + p.args), **p.kwargs)
  File "D:\python\yangle0103\woniuboss\bin\woniuboss4_gui\teaching_manage_test\b_technical_interview_test.py", line 37, in test_a_query_interview_info
    self.assertEqual(expect,actual)
AssertionError: 'test query interview info fail' != 'test query interview info pass'
- test query interview info fail
?                           ^ ^^
+ test query interview info pass
?                           ^ ^^



        </pre>
    </div>
    <!--css div popup end-->

    </td>
</tr>

<tr id='pt2.9' class='hiddenRow'>
    <td class='none'><div class='testcase'>test_b_do_iterview_0__</div></td>
    <td colspan='5' align='center'>pass</td>
</tr>

<tr id='pt2.10' class='hiddenRow'>
    <td class='none'><div class='testcase'>test_b_do_iterview_1__</div></td>
    <td colspan='5' align='center'>pass</td>
</tr>

<tr id='ft2.11' class='none'>
    <td class='failCase'><div class='testcase'>test_b_do_iterview_2__</div></td>
    <td colspan='5' align='center'>

    <!--css div popup start-->
    <a class="popup_link" onfocus='this.blur();' href="javascript:showTestDetail('div_ft2.11')" >
        fail</a>

    <div id='div_ft2.11' class="popup_window">
        <div style='text-align: right; color:red;cursor:pointer'>
        <a onfocus='this.blur();' onclick="document.getElementById('div_ft2.11').style.display = 'none' " >
           [x]</a>
        </div>
        <pre>
        
ft2.11: Traceback (most recent call last):
  File "D:\python\python36\lib\site-packages\parameterized\parameterized.py", line 518, in standalone_func
    return func(*(a + p.args), **p.kwargs)
  File "D:\python\yangle0103\woniuboss\bin\woniuboss4_gui\teaching_manage_test\b_technical_interview_test.py", line 50, in test_b_do_iterview
    self.assertEqual(expect,actual)
AssertionError: 'test do technical interview fail' != 'test do technical interview pass'
- test do technical interview fail
?                             ^ ^^
+ test do technical interview pass
?                             ^ ^^

Traceback (most recent call last):
  File "D:\python\python36\lib\site-packages\parameterized\parameterized.py", line 518, in standalone_func
    return func(*(a + p.args), **p.kwargs)
  File "D:\python\yangle0103\woniuboss\bin\woniuboss4_gui\teaching_manage_test\b_technical_interview_test.py", line 50, in test_b_do_iterview
    self.assertEqual(expect,actual)
AssertionError: 'test do technical interview fail' != 'test do technical interview pass'
- test do technical interview fail
?                             ^ ^^
+ test do technical interview pass
?                             ^ ^^



        </pre>
    </div>
    <!--css div popup end-->

    </td>
</tr>

<tr class='errorClass'>
    <td>woniuboss.bin.woniuboss4_gui.teaching_manage_test.c_techer_duty_test.TeacherDutyTest</td>
    <td>16</td>
    <td>6</td>
    <td>6</td>
    <td>4</td>
    <td><a href="javascript:showClassDetail('c3',16)">Detail</a></td>
</tr>

<tr id='pt3.1' class='hiddenRow'>
    <td class='none'><div class='testcase'>test_a_query_duty_info_0__</div></td>
    <td colspan='5' align='center'>pass</td>
</tr>

<tr id='ft3.2' class='none'>
    <td class='failCase'><div class='testcase'>test_a_query_duty_info_1__</div></td>
    <td colspan='5' align='center'>

    <!--css div popup start-->
    <a class="popup_link" onfocus='this.blur();' href="javascript:showTestDetail('div_ft3.2')" >
        fail</a>

    <div id='div_ft3.2' class="popup_window">
        <div style='text-align: right; color:red;cursor:pointer'>
        <a onfocus='this.blur();' onclick="document.getElementById('div_ft3.2').style.display = 'none' " >
           [x]</a>
        </div>
        <pre>
        
ft3.2: Traceback (most recent call last):
  File "D:\python\python36\lib\site-packages\parameterized\parameterized.py", line 518, in standalone_func
    return func(*(a + p.args), **p.kwargs)
  File "D:\python\yangle0103\woniuboss\bin\woniuboss4_gui\teaching_manage_test\c_techer_duty_test.py", line 39, in test_a_query_duty_info
    self.assertEqual(expect,actual)
AssertionError: 'query teacher duty fail' != 'query teacher duty pass'
- query teacher duty fail
?                    ^ ^^
+ query teacher duty pass
?                    ^ ^^

Traceback (most recent call last):
  File "D:\python\python36\lib\site-packages\parameterized\parameterized.py", line 518, in standalone_func
    return func(*(a + p.args), **p.kwargs)
  File "D:\python\yangle0103\woniuboss\bin\woniuboss4_gui\teaching_manage_test\c_techer_duty_test.py", line 39, in test_a_query_duty_info
    self.assertEqual(expect,actual)
AssertionError: 'query teacher duty fail' != 'query teacher duty pass'
- query teacher duty fail
?                    ^ ^^
+ query teacher duty pass
?                    ^ ^^



        </pre>
    </div>
    <!--css div popup end-->

    </td>
</tr>

<tr id='pt3.3' class='hiddenRow'>
    <td class='none'><div class='testcase'>test_b_refer_to_duty_0_jack</div></td>
    <td colspan='5' align='center'>pass</td>
</tr>

<tr id='ft3.4' class='none'>
    <td class='failCase'><div class='testcase'>test_b_refer_to_duty_1_jack</div></td>
    <td colspan='5' align='center'>

    <!--css div popup start-->
    <a class="popup_link" onfocus='this.blur();' href="javascript:showTestDetail('div_ft3.4')" >
        fail</a>

    <div id='div_ft3.4' class="popup_window">
        <div style='text-align: right; color:red;cursor:pointer'>
        <a onfocus='this.blur();' onclick="document.getElementById('div_ft3.4').style.display = 'none' " >
           [x]</a>
        </div>
        <pre>
        
ft3.4: Traceback (most recent call last):
  File "D:\python\python36\lib\site-packages\parameterized\parameterized.py", line 518, in standalone_func
    return func(*(a + p.args), **p.kwargs)
  File "D:\python\yangle0103\woniuboss\bin\woniuboss4_gui\teaching_manage_test\c_techer_duty_test.py", line 54, in test_b_refer_to_duty
    self.assertEqual(expect,actual)
AssertionError: 'test refer to duty fail' != 'test refer to duty pass'
- test refer to duty fail
?                    ^ ^^
+ test refer to duty pass
?                    ^ ^^

Traceback (most recent call last):
  File "D:\python\python36\lib\site-packages\parameterized\parameterized.py", line 518, in standalone_func
    return func(*(a + p.args), **p.kwargs)
  File "D:\python\yangle0103\woniuboss\bin\woniuboss4_gui\teaching_manage_test\c_techer_duty_test.py", line 54, in test_b_refer_to_duty
    self.assertEqual(expect,actual)
AssertionError: 'test refer to duty fail' != 'test refer to duty pass'
- test refer to duty fail
?                    ^ ^^
+ test refer to duty pass
?                    ^ ^^



        </pre>
    </div>
    <!--css div popup end-->

    </td>
</tr>

<tr id='pt3.5' class='hiddenRow'>
    <td class='none'><div class='testcase'>test_b_refer_to_duty_2__</div></td>
    <td colspan='5' align='center'>pass</td>
</tr>

<tr id='ft3.6' class='none'>
    <td class='failCase'><div class='testcase'>test_b_refer_to_duty_3_jack</div></td>
    <td colspan='5' align='center'>

    <!--css div popup start-->
    <a class="popup_link" onfocus='this.blur();' href="javascript:showTestDetail('div_ft3.6')" >
        fail</a>

    <div id='div_ft3.6' class="popup_window">
        <div style='text-align: right; color:red;cursor:pointer'>
        <a onfocus='this.blur();' onclick="document.getElementById('div_ft3.6').style.display = 'none' " >
           [x]</a>
        </div>
        <pre>
        
ft3.6: Traceback (most recent call last):
  File "D:\python\python36\lib\site-packages\parameterized\parameterized.py", line 518, in standalone_func
    return func(*(a + p.args), **p.kwargs)
  File "D:\python\yangle0103\woniuboss\bin\woniuboss4_gui\teaching_manage_test\c_techer_duty_test.py", line 54, in test_b_refer_to_duty
    self.assertEqual(expect,actual)
AssertionError: 'test refer to duty fail' != 'test refer to duty pass'
- test refer to duty fail
?                    ^ ^^
+ test refer to duty pass
?                    ^ ^^

Traceback (most recent call last):
  File "D:\python\python36\lib\site-packages\parameterized\parameterized.py", line 518, in standalone_func
    return func(*(a + p.args), **p.kwargs)
  File "D:\python\yangle0103\woniuboss\bin\woniuboss4_gui\teaching_manage_test\c_techer_duty_test.py", line 54, in test_b_refer_to_duty
    self.assertEqual(expect,actual)
AssertionError: 'test refer to duty fail' != 'test refer to duty pass'
- test refer to duty fail
?                    ^ ^^
+ test refer to duty pass
?                    ^ ^^



        </pre>
    </div>
    <!--css div popup end-->

    </td>
</tr>

<tr id='ft3.7' class='none'>
    <td class='failCase'><div class='testcase'>test_b_refer_to_duty_4_jack</div></td>
    <td colspan='5' align='center'>

    <!--css div popup start-->
    <a class="popup_link" onfocus='this.blur();' href="javascript:showTestDetail('div_ft3.7')" >
        fail</a>

    <div id='div_ft3.7' class="popup_window">
        <div style='text-align: right; color:red;cursor:pointer'>
        <a onfocus='this.blur();' onclick="document.getElementById('div_ft3.7').style.display = 'none' " >
           [x]</a>
        </div>
        <pre>
        
ft3.7: Traceback (most recent call last):
  File "D:\python\python36\lib\site-packages\parameterized\parameterized.py", line 518, in standalone_func
    return func(*(a + p.args), **p.kwargs)
  File "D:\python\yangle0103\woniuboss\bin\woniuboss4_gui\teaching_manage_test\c_techer_duty_test.py", line 54, in test_b_refer_to_duty
    self.assertEqual(expect,actual)
AssertionError: 'test refer to duty fail' != 'test refer to duty pass'
- test refer to duty fail
?                    ^ ^^
+ test refer to duty pass
?                    ^ ^^

Traceback (most recent call last):
  File "D:\python\python36\lib\site-packages\parameterized\parameterized.py", line 518, in standalone_func
    return func(*(a + p.args), **p.kwargs)
  File "D:\python\yangle0103\woniuboss\bin\woniuboss4_gui\teaching_manage_test\c_techer_duty_test.py", line 54, in test_b_refer_to_duty
    self.assertEqual(expect,actual)
AssertionError: 'test refer to duty fail' != 'test refer to duty pass'
- test refer to duty fail
?                    ^ ^^
+ test refer to duty pass
?                    ^ ^^



        </pre>
    </div>
    <!--css div popup end-->

    </td>
</tr>

<tr id='ft3.8' class='none'>
    <td class='failCase'><div class='testcase'>test_c_add_logs_0_09_30</div></td>
    <td colspan='5' align='center'>

    <!--css div popup start-->
    <a class="popup_link" onfocus='this.blur();' href="javascript:showTestDetail('div_ft3.8')" >
        fail</a>

    <div id='div_ft3.8' class="popup_window">
        <div style='text-align: right; color:red;cursor:pointer'>
        <a onfocus='this.blur();' onclick="document.getElementById('div_ft3.8').style.display = 'none' " >
           [x]</a>
        </div>
        <pre>
        
ft3.8: Traceback (most recent call last):
  File "D:\python\python36\lib\site-packages\parameterized\parameterized.py", line 518, in standalone_func
    return func(*(a + p.args), **p.kwargs)
  File "D:\python\yangle0103\woniuboss\bin\woniuboss4_gui\teaching_manage_test\c_techer_duty_test.py", line 72, in test_c_add_logs
    self.assertEqual(expect,actual)
AssertionError: 'test add duty logs pass' != 'test add duty logs fail'
- test add duty logs pass
?                    ^ ^^
+ test add duty logs fail
?                    ^ ^^

Traceback (most recent call last):
  File "D:\python\python36\lib\site-packages\parameterized\parameterized.py", line 518, in standalone_func
    return func(*(a + p.args), **p.kwargs)
  File "D:\python\yangle0103\woniuboss\bin\woniuboss4_gui\teaching_manage_test\c_techer_duty_test.py", line 72, in test_c_add_logs
    self.assertEqual(expect,actual)
AssertionError: 'test add duty logs pass' != 'test add duty logs fail'
- test add duty logs pass
?                    ^ ^^
+ test add duty logs fail
?                    ^ ^^



        </pre>
    </div>
    <!--css div popup end-->

    </td>
</tr>

<tr id='ft3.9' class='none'>
    <td class='failCase'><div class='testcase'>test_c_add_logs_1_09_20</div></td>
    <td colspan='5' align='center'>

    <!--css div popup start-->
    <a class="popup_link" onfocus='this.blur();' href="javascript:showTestDetail('div_ft3.9')" >
        fail</a>

    <div id='div_ft3.9' class="popup_window">
        <div style='text-align: right; color:red;cursor:pointer'>
        <a onfocus='this.blur();' onclick="document.getElementById('div_ft3.9').style.display = 'none' " >
           [x]</a>
        </div>
        <pre>
        
ft3.9: Traceback (most recent call last):
  File "D:\python\python36\lib\site-packages\parameterized\parameterized.py", line 518, in standalone_func
    return func(*(a + p.args), **p.kwargs)
  File "D:\python\yangle0103\woniuboss\bin\woniuboss4_gui\teaching_manage_test\c_techer_duty_test.py", line 72, in test_c_add_logs
    self.assertEqual(expect,actual)
AssertionError: 'test add duty logs pass' != 'test add duty logs fail'
- test add duty logs pass
?                    ^ ^^
+ test add duty logs fail
?                    ^ ^^

Traceback (most recent call last):
  File "D:\python\python36\lib\site-packages\parameterized\parameterized.py", line 518, in standalone_func
    return func(*(a + p.args), **p.kwargs)
  File "D:\python\yangle0103\woniuboss\bin\woniuboss4_gui\teaching_manage_test\c_techer_duty_test.py", line 72, in test_c_add_logs
    self.assertEqual(expect,actual)
AssertionError: 'test add duty logs pass' != 'test add duty logs fail'
- test add duty logs pass
?                    ^ ^^
+ test add duty logs fail
?                    ^ ^^



        </pre>
    </div>
    <!--css div popup end-->

    </td>
</tr>

<tr id='pt3.10' class='hiddenRow'>
    <td class='none'><div class='testcase'>test_c_add_logs_2_09_30</div></td>
    <td colspan='5' align='center'>pass</td>
</tr>

<tr id='pt3.11' class='hiddenRow'>
    <td class='none'><div class='testcase'>test_c_add_logs_3_09_30</div></td>
    <td colspan='5' align='center'>pass</td>
</tr>

<tr id='pt3.12' class='hiddenRow'>
    <td class='none'><div class='testcase'>test_d_modify_duty_0_jack</div></td>
    <td colspan='5' align='center'>pass</td>
</tr>

<tr id='ft3.13' class='none'>
    <td class='errorCase'><div class='testcase'>test_d_modify_duty_1__</div></td>
    <td colspan='5' align='center'>

    <!--css div popup start-->
    <a class="popup_link" onfocus='this.blur();' href="javascript:showTestDetail('div_ft3.13')" >
        error</a>

    <div id='div_ft3.13' class="popup_window">
        <div style='text-align: right; color:red;cursor:pointer'>
        <a onfocus='this.blur();' onclick="document.getElementById('div_ft3.13').style.display = 'none' " >
           [x]</a>
        </div>
        <pre>
        
ft3.13: Traceback (most recent call last):
  File "D:\python\python36\lib\site-packages\parameterized\parameterized.py", line 518, in standalone_func
    return func(*(a + p.args), **p.kwargs)
  File "D:\python\yangle0103\woniuboss\bin\woniuboss4_gui\teaching_manage_test\c_techer_duty_test.py", line 76, in test_d_modify_duty
    self.teacher_duty.do_modify_duty(person,date)
  File "D:\python\yangle0103\woniuboss\lib\woniuboss4_gui\teaching_manage\teacher_on_duty.py", line 142, in do_modify_duty
    self.click_teaching_manage_link()
  File "D:\python\yangle0103\woniuboss\lib\woniuboss4_gui\teaching_manage\teacher_on_duty.py", line 11, in click_teaching_manage_link
    self.driver.find_element_by_link_text('教学管理').click()
  File "D:\python\python36\lib\site-packages\selenium\webdriver\remote\webelement.py", line 80, in click
    self._execute(Command.CLICK_ELEMENT)
  File "D:\python\python36\lib\site-packages\selenium\webdriver\remote\webelement.py", line 633, in _execute
    return self._parent.execute(command, params)
  File "D:\python\python36\lib\site-packages\selenium\webdriver\remote\webdriver.py", line 321, in execute
    self.error_handler.check_response(response)
  File "D:\python\python36\lib\site-packages\selenium\webdriver\remote\errorhandler.py", line 242, in check_response
    raise exception_class(message, screen, stacktrace)
selenium.common.exceptions.ElementClickInterceptedException: Message: element click intercepted: Element &lt;a class="panel-title" data-toggle="collapse" data-parent="#nav2" href="#list-11" aria-expanded="true"&gt;...&lt;/a&gt; is not clickable at point (73, 301). Other element would receive the click: &lt;div class="bootbox modal fade mydialog in" tabindex="-1" role="dialog" style="display: block; z-index: 1041;"&gt;...&lt;/div&gt;
  (Session info: chrome=79.0.3945.88)

Traceback (most recent call last):
  File "D:\python\python36\lib\site-packages\parameterized\parameterized.py", line 518, in standalone_func
    return func(*(a + p.args), **p.kwargs)
  File "D:\python\yangle0103\woniuboss\bin\woniuboss4_gui\teaching_manage_test\c_techer_duty_test.py", line 76, in test_d_modify_duty
    self.teacher_duty.do_modify_duty(person,date)
  File "D:\python\yangle0103\woniuboss\lib\woniuboss4_gui\teaching_manage\teacher_on_duty.py", line 142, in do_modify_duty
    self.click_teaching_manage_link()
  File "D:\python\yangle0103\woniuboss\lib\woniuboss4_gui\teaching_manage\teacher_on_duty.py", line 11, in click_teaching_manage_link
    self.driver.find_element_by_link_text('教学管理').click()
  File "D:\python\python36\lib\site-packages\selenium\webdriver\remote\webelement.py", line 80, in click
    self._execute(Command.CLICK_ELEMENT)
  File "D:\python\python36\lib\site-packages\selenium\webdriver\remote\webelement.py", line 633, in _execute
    return self._parent.execute(command, params)
  File "D:\python\python36\lib\site-packages\selenium\webdriver\remote\webdriver.py", line 321, in execute
    self.error_handler.check_response(response)
  File "D:\python\python36\lib\site-packages\selenium\webdriver\remote\errorhandler.py", line 242, in check_response
    raise exception_class(message, screen, stacktrace)
selenium.common.exceptions.ElementClickInterceptedException: Message: element click intercepted: Element &lt;a class="panel-title" data-toggle="collapse" data-parent="#nav2" href="#list-11" aria-expanded="true"&gt;...&lt;/a&gt; is not clickable at point (73, 301). Other element would receive the click: &lt;div class="bootbox modal fade mydialog in" tabindex="-1" role="dialog" style="display: block; z-index: 1041;"&gt;...&lt;/div&gt;
  (Session info: chrome=79.0.3945.88)



        </pre>
    </div>
    <!--css div popup end-->

    </td>
</tr>

<tr id='ft3.14' class='none'>
    <td class='errorCase'><div class='testcase'>test_d_modify_duty_2_jack</div></td>
    <td colspan='5' align='center'>

    <!--css div popup start-->
    <a class="popup_link" onfocus='this.blur();' href="javascript:showTestDetail('div_ft3.14')" >
        error</a>

    <div id='div_ft3.14' class="popup_window">
        <div style='text-align: right; color:red;cursor:pointer'>
        <a onfocus='this.blur();' onclick="document.getElementById('div_ft3.14').style.display = 'none' " >
           [x]</a>
        </div>
        <pre>
        
ft3.14: Traceback (most recent call last):
  File "D:\python\python36\lib\site-packages\parameterized\parameterized.py", line 518, in standalone_func
    return func(*(a + p.args), **p.kwargs)
  File "D:\python\yangle0103\woniuboss\bin\woniuboss4_gui\teaching_manage_test\c_techer_duty_test.py", line 76, in test_d_modify_duty
    self.teacher_duty.do_modify_duty(person,date)
  File "D:\python\yangle0103\woniuboss\lib\woniuboss4_gui\teaching_manage\teacher_on_duty.py", line 142, in do_modify_duty
    self.click_teaching_manage_link()
  File "D:\python\yangle0103\woniuboss\lib\woniuboss4_gui\teaching_manage\teacher_on_duty.py", line 11, in click_teaching_manage_link
    self.driver.find_element_by_link_text('教学管理').click()
  File "D:\python\python36\lib\site-packages\selenium\webdriver\remote\webelement.py", line 80, in click
    self._execute(Command.CLICK_ELEMENT)
  File "D:\python\python36\lib\site-packages\selenium\webdriver\remote\webelement.py", line 633, in _execute
    return self._parent.execute(command, params)
  File "D:\python\python36\lib\site-packages\selenium\webdriver\remote\webdriver.py", line 321, in execute
    self.error_handler.check_response(response)
  File "D:\python\python36\lib\site-packages\selenium\webdriver\remote\errorhandler.py", line 242, in check_response
    raise exception_class(message, screen, stacktrace)
selenium.common.exceptions.ElementClickInterceptedException: Message: element click intercepted: Element &lt;a class="panel-title" data-toggle="collapse" data-parent="#nav2" href="#list-11" aria-expanded="true"&gt;...&lt;/a&gt; is not clickable at point (73, 301). Other element would receive the click: &lt;div class="bootbox modal fade mydialog in" tabindex="-1" role="dialog" style="display: block; z-index: 1041;"&gt;...&lt;/div&gt;
  (Session info: chrome=79.0.3945.88)

Traceback (most recent call last):
  File "D:\python\python36\lib\site-packages\parameterized\parameterized.py", line 518, in standalone_func
    return func(*(a + p.args), **p.kwargs)
  File "D:\python\yangle0103\woniuboss\bin\woniuboss4_gui\teaching_manage_test\c_techer_duty_test.py", line 76, in test_d_modify_duty
    self.teacher_duty.do_modify_duty(person,date)
  File "D:\python\yangle0103\woniuboss\lib\woniuboss4_gui\teaching_manage\teacher_on_duty.py", line 142, in do_modify_duty
    self.click_teaching_manage_link()
  File "D:\python\yangle0103\woniuboss\lib\woniuboss4_gui\teaching_manage\teacher_on_duty.py", line 11, in click_teaching_manage_link
    self.driver.find_element_by_link_text('教学管理').click()
  File "D:\python\python36\lib\site-packages\selenium\webdriver\remote\webelement.py", line 80, in click
    self._execute(Command.CLICK_ELEMENT)
  File "D:\python\python36\lib\site-packages\selenium\webdriver\remote\webelement.py", line 633, in _execute
    return self._parent.execute(command, params)
  File "D:\python\python36\lib\site-packages\selenium\webdriver\remote\webdriver.py", line 321, in execute
    self.error_handler.check_response(response)
  File "D:\python\python36\lib\site-packages\selenium\webdriver\remote\errorhandler.py", line 242, in check_response
    raise exception_class(message, screen, stacktrace)
selenium.common.exceptions.ElementClickInterceptedException: Message: element click intercepted: Element &lt;a class="panel-title" data-toggle="collapse" data-parent="#nav2" href="#list-11" aria-expanded="true"&gt;...&lt;/a&gt; is not clickable at point (73, 301). Other element would receive the click: &lt;div class="bootbox modal fade mydialog in" tabindex="-1" role="dialog" style="display: block; z-index: 1041;"&gt;...&lt;/div&gt;
  (Session info: chrome=79.0.3945.88)



        </pre>
    </div>
    <!--css div popup end-->

    </td>
</tr>

<tr id='ft3.15' class='none'>
    <td class='errorCase'><div class='testcase'>test_d_modify_duty_3_jack</div></td>
    <td colspan='5' align='center'>

    <!--css div popup start-->
    <a class="popup_link" onfocus='this.blur();' href="javascript:showTestDetail('div_ft3.15')" >
        error</a>

    <div id='div_ft3.15' class="popup_window">
        <div style='text-align: right; color:red;cursor:pointer'>
        <a onfocus='this.blur();' onclick="document.getElementById('div_ft3.15').style.display = 'none' " >
           [x]</a>
        </div>
        <pre>
        
ft3.15: Traceback (most recent call last):
  File "D:\python\python36\lib\site-packages\parameterized\parameterized.py", line 518, in standalone_func
    return func(*(a + p.args), **p.kwargs)
  File "D:\python\yangle0103\woniuboss\bin\woniuboss4_gui\teaching_manage_test\c_techer_duty_test.py", line 76, in test_d_modify_duty
    self.teacher_duty.do_modify_duty(person,date)
  File "D:\python\yangle0103\woniuboss\lib\woniuboss4_gui\teaching_manage\teacher_on_duty.py", line 142, in do_modify_duty
    self.click_teaching_manage_link()
  File "D:\python\yangle0103\woniuboss\lib\woniuboss4_gui\teaching_manage\teacher_on_duty.py", line 11, in click_teaching_manage_link
    self.driver.find_element_by_link_text('教学管理').click()
  File "D:\python\python36\lib\site-packages\selenium\webdriver\remote\webelement.py", line 80, in click
    self._execute(Command.CLICK_ELEMENT)
  File "D:\python\python36\lib\site-packages\selenium\webdriver\remote\webelement.py", line 633, in _execute
    return self._parent.execute(command, params)
  File "D:\python\python36\lib\site-packages\selenium\webdriver\remote\webdriver.py", line 321, in execute
    self.error_handler.check_response(response)
  File "D:\python\python36\lib\site-packages\selenium\webdriver\remote\errorhandler.py", line 242, in check_response
    raise exception_class(message, screen, stacktrace)
selenium.common.exceptions.ElementClickInterceptedException: Message: element click intercepted: Element &lt;a class="panel-title" data-toggle="collapse" data-parent="#nav2" href="#list-11" aria-expanded="true"&gt;...&lt;/a&gt; is not clickable at point (73, 301). Other element would receive the click: &lt;div class="bootbox modal fade mydialog in" tabindex="-1" role="dialog" style="display: block; z-index: 1041;"&gt;...&lt;/div&gt;
  (Session info: chrome=79.0.3945.88)

Traceback (most recent call last):
  File "D:\python\python36\lib\site-packages\parameterized\parameterized.py", line 518, in standalone_func
    return func(*(a + p.args), **p.kwargs)
  File "D:\python\yangle0103\woniuboss\bin\woniuboss4_gui\teaching_manage_test\c_techer_duty_test.py", line 76, in test_d_modify_duty
    self.teacher_duty.do_modify_duty(person,date)
  File "D:\python\yangle0103\woniuboss\lib\woniuboss4_gui\teaching_manage\teacher_on_duty.py", line 142, in do_modify_duty
    self.click_teaching_manage_link()
  File "D:\python\yangle0103\woniuboss\lib\woniuboss4_gui\teaching_manage\teacher_on_duty.py", line 11, in click_teaching_manage_link
    self.driver.find_element_by_link_text('教学管理').click()
  File "D:\python\python36\lib\site-packages\selenium\webdriver\remote\webelement.py", line 80, in click
    self._execute(Command.CLICK_ELEMENT)
  File "D:\python\python36\lib\site-packages\selenium\webdriver\remote\webelement.py", line 633, in _execute
    return self._parent.execute(command, params)
  File "D:\python\python36\lib\site-packages\selenium\webdriver\remote\webdriver.py", line 321, in execute
    self.error_handler.check_response(response)
  File "D:\python\python36\lib\site-packages\selenium\webdriver\remote\errorhandler.py", line 242, in check_response
    raise exception_class(message, screen, stacktrace)
selenium.common.exceptions.ElementClickInterceptedException: Message: element click intercepted: Element &lt;a class="panel-title" data-toggle="collapse" data-parent="#nav2" href="#list-11" aria-expanded="true"&gt;...&lt;/a&gt; is not clickable at point (73, 301). Other element would receive the click: &lt;div class="bootbox modal fade mydialog in" tabindex="-1" role="dialog" style="display: block; z-index: 1041;"&gt;...&lt;/div&gt;
  (Session info: chrome=79.0.3945.88)



        </pre>
    </div>
    <!--css div popup end-->

    </td>
</tr>

<tr id='ft3.16' class='none'>
    <td class='errorCase'><div class='testcase'>test_d_modify_duty_4_jack</div></td>
    <td colspan='5' align='center'>

    <!--css div popup start-->
    <a class="popup_link" onfocus='this.blur();' href="javascript:showTestDetail('div_ft3.16')" >
        error</a>

    <div id='div_ft3.16' class="popup_window">
        <div style='text-align: right; color:red;cursor:pointer'>
        <a onfocus='this.blur();' onclick="document.getElementById('div_ft3.16').style.display = 'none' " >
           [x]</a>
        </div>
        <pre>
        
ft3.16: Traceback (most recent call last):
  File "D:\python\python36\lib\site-packages\parameterized\parameterized.py", line 518, in standalone_func
    return func(*(a + p.args), **p.kwargs)
  File "D:\python\yangle0103\woniuboss\bin\woniuboss4_gui\teaching_manage_test\c_techer_duty_test.py", line 76, in test_d_modify_duty
    self.teacher_duty.do_modify_duty(person,date)
  File "D:\python\yangle0103\woniuboss\lib\woniuboss4_gui\teaching_manage\teacher_on_duty.py", line 142, in do_modify_duty
    self.click_teaching_manage_link()
  File "D:\python\yangle0103\woniuboss\lib\woniuboss4_gui\teaching_manage\teacher_on_duty.py", line 11, in click_teaching_manage_link
    self.driver.find_element_by_link_text('教学管理').click()
  File "D:\python\python36\lib\site-packages\selenium\webdriver\remote\webelement.py", line 80, in click
    self._execute(Command.CLICK_ELEMENT)
  File "D:\python\python36\lib\site-packages\selenium\webdriver\remote\webelement.py", line 633, in _execute
    return self._parent.execute(command, params)
  File "D:\python\python36\lib\site-packages\selenium\webdriver\remote\webdriver.py", line 321, in execute
    self.error_handler.check_response(response)
  File "D:\python\python36\lib\site-packages\selenium\webdriver\remote\errorhandler.py", line 242, in check_response
    raise exception_class(message, screen, stacktrace)
selenium.common.exceptions.ElementClickInterceptedException: Message: element click intercepted: Element &lt;a class="panel-title" data-toggle="collapse" data-parent="#nav2" href="#list-11" aria-expanded="true"&gt;...&lt;/a&gt; is not clickable at point (73, 301). Other element would receive the click: &lt;div class="bootbox modal fade mydialog in" tabindex="-1" role="dialog" style="display: block; z-index: 1041;"&gt;...&lt;/div&gt;
  (Session info: chrome=79.0.3945.88)

Traceback (most recent call last):
  File "D:\python\python36\lib\site-packages\parameterized\parameterized.py", line 518, in standalone_func
    return func(*(a + p.args), **p.kwargs)
  File "D:\python\yangle0103\woniuboss\bin\woniuboss4_gui\teaching_manage_test\c_techer_duty_test.py", line 76, in test_d_modify_duty
    self.teacher_duty.do_modify_duty(person,date)
  File "D:\python\yangle0103\woniuboss\lib\woniuboss4_gui\teaching_manage\teacher_on_duty.py", line 142, in do_modify_duty
    self.click_teaching_manage_link()
  File "D:\python\yangle0103\woniuboss\lib\woniuboss4_gui\teaching_manage\teacher_on_duty.py", line 11, in click_teaching_manage_link
    self.driver.find_element_by_link_text('教学管理').click()
  File "D:\python\python36\lib\site-packages\selenium\webdriver\remote\webelement.py", line 80, in click
    self._execute(Command.CLICK_ELEMENT)
  File "D:\python\python36\lib\site-packages\selenium\webdriver\remote\webelement.py", line 633, in _execute
    return self._parent.execute(command, params)
  File "D:\python\python36\lib\site-packages\selenium\webdriver\remote\webdriver.py", line 321, in execute
    self.error_handler.check_response(response)
  File "D:\python\python36\lib\site-packages\selenium\webdriver\remote\errorhandler.py", line 242, in check_response
    raise exception_class(message, screen, stacktrace)
selenium.common.exceptions.ElementClickInterceptedException: Message: element click intercepted: Element &lt;a class="panel-title" data-toggle="collapse" data-parent="#nav2" href="#list-11" aria-expanded="true"&gt;...&lt;/a&gt; is not clickable at point (73, 301). Other element would receive the click: &lt;div class="bootbox modal fade mydialog in" tabindex="-1" role="dialog" style="display: block; z-index: 1041;"&gt;...&lt;/div&gt;
  (Session info: chrome=79.0.3945.88)



        </pre>
    </div>
    <!--css div popup end-->

    </td>
</tr>

<tr class='errorClass'>
    <td>woniuboss.bin.woniuboss4_gui.teaching_manage_test.d_overtime_application_test.OverTimeApplicationTest</td>
    <td>13</td>
    <td>10</td>
    <td>2</td>
    <td>1</td>
    <td><a href="javascript:showClassDetail('c4',13)">Detail</a></td>
</tr>

<tr id='pt4.1' class='hiddenRow'>
    <td class='none'><div class='testcase'>test_a_query_overtime_application_0__</div></td>
    <td colspan='5' align='center'>pass</td>
</tr>

<tr id='pt4.2' class='hiddenRow'>
    <td class='none'><div class='testcase'>test_a_query_overtime_application_1__</div></td>
    <td colspan='5' align='center'>pass</td>
</tr>

<tr id='ft4.3' class='none'>
    <td class='errorCase'><div class='testcase'>test_a_query_overtime_application_2__</div></td>
    <td colspan='5' align='center'>

    <!--css div popup start-->
    <a class="popup_link" onfocus='this.blur();' href="javascript:showTestDetail('div_ft4.3')" >
        error</a>

    <div id='div_ft4.3' class="popup_window">
        <div style='text-align: right; color:red;cursor:pointer'>
        <a onfocus='this.blur();' onclick="document.getElementById('div_ft4.3').style.display = 'none' " >
           [x]</a>
        </div>
        <pre>
        
ft4.3: Traceback (most recent call last):
  File "D:\python\python36\lib\site-packages\parameterized\parameterized.py", line 518, in standalone_func
    return func(*(a + p.args), **p.kwargs)
  File "D:\python\yangle0103\woniuboss\bin\woniuboss4_gui\teaching_manage_test\d_overtime_application_test.py", line 31, in test_a_query_overtime_application
    count_text = self.overtime_application.do_query_overtime_application(status,code,s_time,e_time)
  File "D:\python\yangle0103\woniuboss\lib\woniuboss4_gui\teaching_manage\overtime_application.py", line 42, in do_query_overtime_application
    self.click_overtime_appliaction_link()
  File "D:\python\yangle0103\woniuboss\lib\woniuboss4_gui\teaching_manage\overtime_application.py", line 16, in click_overtime_appliaction_link
    self.driver.find_element_by_link_text('加班申请').click()
  File "D:\python\python36\lib\site-packages\selenium\webdriver\remote\webelement.py", line 80, in click
    self._execute(Command.CLICK_ELEMENT)
  File "D:\python\python36\lib\site-packages\selenium\webdriver\remote\webelement.py", line 633, in _execute
    return self._parent.execute(command, params)
  File "D:\python\python36\lib\site-packages\selenium\webdriver\remote\webdriver.py", line 321, in execute
    self.error_handler.check_response(response)
  File "D:\python\python36\lib\site-packages\selenium\webdriver\remote\errorhandler.py", line 242, in check_response
    raise exception_class(message, screen, stacktrace)
selenium.common.exceptions.ElementClickInterceptedException: Message: element click intercepted: Element &lt;a href="/WoniuBoss4.0/apply" target="_top" class="list-group-item" style="background-color: rgb(221, 221, 221);"&gt;...&lt;/a&gt; is not clickable at point (73, 425). Other element would receive the click: &lt;a class="panel-title collapsed" data-toggle="collapse" data-parent="#nav2" href="#list-5" aria-expanded="false"&gt;...&lt;/a&gt;
  (Session info: chrome=79.0.3945.88)

Traceback (most recent call last):
  File "D:\python\python36\lib\site-packages\parameterized\parameterized.py", line 518, in standalone_func
    return func(*(a + p.args), **p.kwargs)
  File "D:\python\yangle0103\woniuboss\bin\woniuboss4_gui\teaching_manage_test\d_overtime_application_test.py", line 31, in test_a_query_overtime_application
    count_text = self.overtime_application.do_query_overtime_application(status,code,s_time,e_time)
  File "D:\python\yangle0103\woniuboss\lib\woniuboss4_gui\teaching_manage\overtime_application.py", line 42, in do_query_overtime_application
    self.click_overtime_appliaction_link()
  File "D:\python\yangle0103\woniuboss\lib\woniuboss4_gui\teaching_manage\overtime_application.py", line 16, in click_overtime_appliaction_link
    self.driver.find_element_by_link_text('加班申请').click()
  File "D:\python\python36\lib\site-packages\selenium\webdriver\remote\webelement.py", line 80, in click
    self._execute(Command.CLICK_ELEMENT)
  File "D:\python\python36\lib\site-packages\selenium\webdriver\remote\webelement.py", line 633, in _execute
    return self._parent.execute(command, params)
  File "D:\python\python36\lib\site-packages\selenium\webdriver\remote\webdriver.py", line 321, in execute
    self.error_handler.check_response(response)
  File "D:\python\python36\lib\site-packages\selenium\webdriver\remote\errorhandler.py", line 242, in check_response
    raise exception_class(message, screen, stacktrace)
selenium.common.exceptions.ElementClickInterceptedException: Message: element click intercepted: Element &lt;a href="/WoniuBoss4.0/apply" target="_top" class="list-group-item" style="background-color: rgb(221, 221, 221);"&gt;...&lt;/a&gt; is not clickable at point (73, 425). Other element would receive the click: &lt;a class="panel-title collapsed" data-toggle="collapse" data-parent="#nav2" href="#list-5" aria-expanded="false"&gt;...&lt;/a&gt;
  (Session info: chrome=79.0.3945.88)



        </pre>
    </div>
    <!--css div popup end-->

    </td>
</tr>

<tr id='pt4.4' class='hiddenRow'>
    <td class='none'><div class='testcase'>test_a_query_overtime_application_3__</div></td>
    <td colspan='5' align='center'>pass</td>
</tr>

<tr id='ft4.5' class='none'>
    <td class='failCase'><div class='testcase'>test_b_add_overtime_application_0_2020_04_03_8_00</div></td>
    <td colspan='5' align='center'>

    <!--css div popup start-->
    <a class="popup_link" onfocus='this.blur();' href="javascript:showTestDetail('div_ft4.5')" >
        fail</a>

    <div id='div_ft4.5' class="popup_window">
        <div style='text-align: right; color:red;cursor:pointer'>
        <a onfocus='this.blur();' onclick="document.getElementById('div_ft4.5').style.display = 'none' " >
           [x]</a>
        </div>
        <pre>
        
ft4.5: Traceback (most recent call last):
  File "D:\python\python36\lib\site-packages\parameterized\parameterized.py", line 518, in standalone_func
    return func(*(a + p.args), **p.kwargs)
  File "D:\python\yangle0103\woniuboss\bin\woniuboss4_gui\teaching_manage_test\d_overtime_application_test.py", line 49, in test_b_add_overtime_application
    self.assertEqual(expect,actual)
AssertionError: 'test add overtime application pass' != 'test add overtime application fail'
- test add overtime application pass
?                               ^ ^^
+ test add overtime application fail
?                               ^ ^^

Traceback (most recent call last):
  File "D:\python\python36\lib\site-packages\parameterized\parameterized.py", line 518, in standalone_func
    return func(*(a + p.args), **p.kwargs)
  File "D:\python\yangle0103\woniuboss\bin\woniuboss4_gui\teaching_manage_test\d_overtime_application_test.py", line 49, in test_b_add_overtime_application
    self.assertEqual(expect,actual)
AssertionError: 'test add overtime application pass' != 'test add overtime application fail'
- test add overtime application pass
?                               ^ ^^
+ test add overtime application fail
?                               ^ ^^



        </pre>
    </div>
    <!--css div popup end-->

    </td>
</tr>

<tr id='pt4.6' class='hiddenRow'>
    <td class='none'><div class='testcase'>test_b_add_overtime_application_1_2020_04_03_</div></td>
    <td colspan='5' align='center'>pass</td>
</tr>

<tr id='pt4.7' class='hiddenRow'>
    <td class='none'><div class='testcase'>test_b_add_overtime_application_2_2020_04_03_18_00</div></td>
    <td colspan='5' align='center'>pass</td>
</tr>

<tr id='pt4.8' class='hiddenRow'>
    <td class='none'><div class='testcase'>test_b_add_overtime_application_3_2020_04_03_8_00</div></td>
    <td colspan='5' align='center'>pass</td>
</tr>

<tr id='pt4.9' class='hiddenRow'>
    <td class='none'><div class='testcase'>test_b_add_overtime_application_4_2020_04_03_8_00</div></td>
    <td colspan='5' align='center'>pass</td>
</tr>

<tr id='pt4.10' class='hiddenRow'>
    <td class='none'><div class='testcase'>test_b_add_overtime_application_5_2020_04_03_8_00</div></td>
    <td colspan='5' align='center'>pass</td>
</tr>

<tr id='pt4.11' class='hiddenRow'>
    <td class='none'><div class='testcase'>test_b_add_overtime_application_6_</div></td>
    <td colspan='5' align='center'>pass</td>
</tr>

<tr id='ft4.12' class='none'>
    <td class='failCase'><div class='testcase'>test_b_add_overtime_application_7_2020_04_03_8_00</div></td>
    <td colspan='5' align='center'>

    <!--css div popup start-->
    <a class="popup_link" onfocus='this.blur();' href="javascript:showTestDetail('div_ft4.12')" >
        fail</a>

    <div id='div_ft4.12' class="popup_window">
        <div style='text-align: right; color:red;cursor:pointer'>
        <a onfocus='this.blur();' onclick="document.getElementById('div_ft4.12').style.display = 'none' " >
           [x]</a>
        </div>
        <pre>
        
ft4.12: Traceback (most recent call last):
  File "D:\python\python36\lib\site-packages\parameterized\parameterized.py", line 518, in standalone_func
    return func(*(a + p.args), **p.kwargs)
  File "D:\python\yangle0103\woniuboss\bin\woniuboss4_gui\teaching_manage_test\d_overtime_application_test.py", line 49, in test_b_add_overtime_application
    self.assertEqual(expect,actual)
AssertionError: 'test add overtime application pass' != 'test add overtime application fail'
- test add overtime application pass
?                               ^ ^^
+ test add overtime application fail
?                               ^ ^^

Traceback (most recent call last):
  File "D:\python\python36\lib\site-packages\parameterized\parameterized.py", line 518, in standalone_func
    return func(*(a + p.args), **p.kwargs)
  File "D:\python\yangle0103\woniuboss\bin\woniuboss4_gui\teaching_manage_test\d_overtime_application_test.py", line 49, in test_b_add_overtime_application
    self.assertEqual(expect,actual)
AssertionError: 'test add overtime application pass' != 'test add overtime application fail'
- test add overtime application pass
?                               ^ ^^
+ test add overtime application fail
?                               ^ ^^



        </pre>
    </div>
    <!--css div popup end-->

    </td>
</tr>

<tr id='pt4.13' class='hiddenRow'>
    <td class='none'><div class='testcase'>test_c_undo_overtime_application_0_</div></td>
    <td colspan='5' align='center'>pass</td>
</tr>

<tr class='failClass'>
    <td>woniuboss.bin.woniuboss4_gui.teaching_manage_test.e_my_approval_test.MyApprovalTest</td>
    <td>1</td>
    <td>0</td>
    <td>1</td>
    <td>0</td>
    <td><a href="javascript:showClassDetail('c5',1)">Detail</a></td>
</tr>

<tr id='ft5.1' class='none'>
    <td class='failCase'><div class='testcase'>test_query_my_approval_0__</div></td>
    <td colspan='5' align='center'>

    <!--css div popup start-->
    <a class="popup_link" onfocus='this.blur();' href="javascript:showTestDetail('div_ft5.1')" >
        fail</a>

    <div id='div_ft5.1' class="popup_window">
        <div style='text-align: right; color:red;cursor:pointer'>
        <a onfocus='this.blur();' onclick="document.getElementById('div_ft5.1').style.display = 'none' " >
           [x]</a>
        </div>
        <pre>
        
ft5.1: Traceback (most recent call last):
  File "D:\python\python36\lib\site-packages\parameterized\parameterized.py", line 518, in standalone_func
    return func(*(a + p.args), **p.kwargs)
  File "D:\python\yangle0103\woniuboss\bin\woniuboss4_gui\teaching_manage_test\e_my_approval_test.py", line 36, in test_query_my_approval
    self.assertEqual(expect,actual)
AssertionError: 'test query my approval pass' != 'test query my approval fail'
- test query my approval pass
?                        ^ ^^
+ test query my approval fail
?                        ^ ^^

Traceback (most recent call last):
  File "D:\python\python36\lib\site-packages\parameterized\parameterized.py", line 518, in standalone_func
    return func(*(a + p.args), **p.kwargs)
  File "D:\python\yangle0103\woniuboss\bin\woniuboss4_gui\teaching_manage_test\e_my_approval_test.py", line 36, in test_query_my_approval
    self.assertEqual(expect,actual)
AssertionError: 'test query my approval pass' != 'test query my approval fail'
- test query my approval pass
?                        ^ ^^
+ test query my approval fail
?                        ^ ^^



        </pre>
    </div>
    <!--css div popup end-->

    </td>
</tr>

<tr class='passClass'>
    <td>woniuboss.bin.woniuboss4_gui.teaching_manage_test.f_overtime_summary_test.OverTimeSummaryTest</td>
    <td>1</td>
    <td>1</td>
    <td>0</td>
    <td>0</td>
    <td><a href="javascript:showClassDetail('c6',1)">Detail</a></td>
</tr>

<tr id='pt6.1' class='hiddenRow'>
    <td class='none'><div class='testcase'>test_query_summary_0__</div></td>
    <td colspan='5' align='center'>pass</td>
</tr>

<tr id='total_row'>
    <td>Total</td>
    <td>61</td>
    <td>32</td>
    <td>24</td>
    <td>5</td>
    <td>&nbsp;</td>
</tr>
</table>

<div id='ending'>&nbsp;</div>

</body>
</html>
