<?xml version="1.0" encoding="UTF-8"?>
<!DOCTYPE html PUBLIC "-//W3C//DTD XHTML 1.0 Strict//EN" "http://www.w3.org/TR/xhtml1/DTD/xhtml1-strict.dtd">
<html xmlns="http://www.w3.org/1999/xhtml">
<head>
    <title>Unit Test Report</title>
    <meta name="generator" content="HTMLTestRunner 0.8.2"/>
    <meta http-equiv="Content-Type" content="text/html; charset=UTF-8"/>
    
<style type="text/css" media="screen">
body        { font-family: verdana, arial, helvetica, sans-serif; font-size: 80%; }
table       { font-size: 100%; }
pre         { }

/* -- heading ---------------------------------------------------------------------- */
h1 {
	font-size: 16pt;
	color: gray;
}
.heading {
    margin-top: 0ex;
    margin-bottom: 1ex;
}

.heading .attribute {
    margin-top: 1ex;
    margin-bottom: 0;
}

.heading .description {
    margin-top: 4ex;
    margin-bottom: 6ex;
}

/* -- css div popup ------------------------------------------------------------------------ */
a.popup_link {
}

a.popup_link:hover {
    color: red;
}

.popup_window {
    display: none;
    position: relative;
    left: 0px;
    top: 0px;
    /*border: solid #627173 1px; */
    padding: 10px;
    background-color: #E6E6D6;
    font-family: "Lucida Console", "Courier New", Courier, monospace;
    text-align: left;
    font-size: 8pt;
    width: 500px;
}

}
/* -- report ------------------------------------------------------------------------ */
#show_detail_line {
    margin-top: 3ex;
    margin-bottom: 1ex;
}
#result_table {
    width: 80%;
    border-collapse: collapse;
    border: 1px solid #777;
}
#header_row {
    font-weight: bold;
    color: white;
    background-color: #777;
}
#result_table td {
    border: 1px solid #777;
    padding: 2px;
}
#total_row  { font-weight: bold; }
.passClass  { background-color: #6c6; }
.failClass  { background-color: #c60; }
.errorClass { background-color: #c00; }
.passCase   { color: #6c6; }
.failCase   { color: #c60; font-weight: bold; }
.errorCase  { color: #c00; font-weight: bold; }
.hiddenRow  { display: none; }
.testcase   { margin-left: 2em; }


/* -- ending ---------------------------------------------------------------------- */
#ending {
}

</style>

</head>
<body>
<script language="javascript" type="text/javascript"><!--
output_list = Array();

/* level - 0:Summary; 1:Failed; 2:All */
function showCase(level) {
    trs = document.getElementsByTagName("tr");
    for (var i = 0; i < trs.length; i++) {
        tr = trs[i];
        id = tr.id;
        if (id.substr(0,2) == 'ft') {
            if (level < 1) {
                tr.className = 'hiddenRow';
            }
            else {
                tr.className = '';
            }
        }
        if (id.substr(0,2) == 'pt') {
            if (level > 1) {
                tr.className = '';
            }
            else {
                tr.className = 'hiddenRow';
            }
        }
    }
}


function showClassDetail(cid, count) {
    var id_list = Array(count);
    var toHide = 1;
    for (var i = 0; i < count; i++) {
        tid0 = 't' + cid.substr(1) + '.' + (i+1);
        tid = 'f' + tid0;
        tr = document.getElementById(tid);
        if (!tr) {
            tid = 'p' + tid0;
            tr = document.getElementById(tid);
        }
        id_list[i] = tid;
        if (tr.className) {
            toHide = 0;
        }
    }
    for (var i = 0; i < count; i++) {
        tid = id_list[i];
        if (toHide) {
            document.getElementById('div_'+tid).style.display = 'none'
            document.getElementById(tid).className = 'hiddenRow';
        }
        else {
            document.getElementById(tid).className = '';
        }
    }
}


function showTestDetail(div_id){
    var details_div = document.getElementById(div_id)
    var displayState = details_div.style.display
    // alert(displayState)
    if (displayState != 'block' ) {
        displayState = 'block'
        details_div.style.display = 'block'
    }
    else {
        details_div.style.display = 'none'
    }
}


function html_escape(s) {
    s = s.replace(/&/g,'&amp;');
    s = s.replace(/</g,'&lt;');
    s = s.replace(/>/g,'&gt;');
    return s;
}

/* obsoleted by detail in <div>
function showOutput(id, name) {
    var w = window.open("", //url
                    name,
                    "resizable,scrollbars,status,width=800,height=450");
    d = w.document;
    d.write("<pre>");
    d.write(html_escape(output_list[id]));
    d.write("\n");
    d.write("<a href='javascript:window.close()'>close</a>\n");
    d.write("</pre>\n");
    d.close();
}
*/
--></script>

<div class='heading'>
<h1>Unit Test Report</h1>
<p class='attribute'><strong>Start Time:</strong> 2020-04-21 14:20:58</p>
<p class='attribute'><strong>Duration:</strong> 0:17:12.638860</p>
<p class='attribute'><strong>Status:</strong> Pass 53 Failure 51</p>

<p class='description'></p>
</div>



<p id='show_detail_line'>Show
<a href='javascript:showCase(0)'>Summary</a>
<a href='javascript:showCase(1)'>Failed</a>
<a href='javascript:showCase(2)'>All</a>
</p>
<table id='result_table'>
<colgroup>
<col align='left' />
<col align='right' />
<col align='right' />
<col align='right' />
<col align='right' />
<col align='right' />
</colgroup>
<tr id='header_row'>
    <td>Test Group/Test case</td>
    <td>Count</td>
    <td>Pass</td>
    <td>Fail</td>
    <td>Error</td>
    <td>View</td>
</tr>

<tr class='failClass'>
    <td>woniuboss.bin.woniuboss_gui.corporate_test.corporate_test.CorporateTest</td>
    <td>104</td>
    <td>53</td>
    <td>51</td>
    <td>0</td>
    <td><a href="javascript:showClassDetail('c1',104)">Detail</a></td>
</tr>

<tr id='pt1.1' class='hiddenRow'>
    <td class='none'><div class='testcase'>test_a_query_enterprise_info_0__</div></td>
    <td colspan='5' align='center'>pass</td>
</tr>

<tr id='pt1.2' class='hiddenRow'>
    <td class='none'><div class='testcase'>test_b_add_enterprise_00_</div></td>
    <td colspan='5' align='center'>pass</td>
</tr>

<tr id='pt1.3' class='hiddenRow'>
    <td class='none'><div class='testcase'>test_b_add_enterprise_01__</div></td>
    <td colspan='5' align='center'>pass</td>
</tr>

<tr id='pt1.4' class='hiddenRow'>
    <td class='none'><div class='testcase'>test_b_add_enterprise_02_</div></td>
    <td colspan='5' align='center'>pass</td>
</tr>

<tr id='ft1.5' class='none'>
    <td class='failCase'><div class='testcase'>test_b_add_enterprise_03__</div></td>
    <td colspan='5' align='center'>

    <!--css div popup start-->
    <a class="popup_link" onfocus='this.blur();' href="javascript:showTestDetail('div_ft1.5')" >
        fail</a>

    <div id='div_ft1.5' class="popup_window">
        <div style='text-align: right; color:red;cursor:pointer'>
        <a onfocus='this.blur();' onclick="document.getElementById('div_ft1.5').style.display = 'none' " >
           [x]</a>
        </div>
        <pre>
        
ft1.5: Traceback (most recent call last):
  File "D:\python\python36\lib\site-packages\parameterized\parameterized.py", line 518, in standalone_func
    return func(*(a + p.args), **p.kwargs)
  File "D:\python\yangle0103\woniuboss\bin\woniuboss_gui\corporate_test\corporate_test.py", line 59, in test_b_add_enterprise
    self.assertEqual(expect,actual)
AssertionError: 'test add corporate customer fail' != 'test add corporate customer pass'
- test add corporate customer fail
?                             ^ ^^
+ test add corporate customer pass
?                             ^ ^^

Traceback (most recent call last):
  File "D:\python\python36\lib\site-packages\parameterized\parameterized.py", line 518, in standalone_func
    return func(*(a + p.args), **p.kwargs)
  File "D:\python\yangle0103\woniuboss\bin\woniuboss_gui\corporate_test\corporate_test.py", line 59, in test_b_add_enterprise
    self.assertEqual(expect,actual)
AssertionError: 'test add corporate customer fail' != 'test add corporate customer pass'
- test add corporate customer fail
?                             ^ ^^
+ test add corporate customer pass
?                             ^ ^^



        </pre>
    </div>
    <!--css div popup end-->

    </td>
</tr>

<tr id='ft1.6' class='none'>
    <td class='failCase'><div class='testcase'>test_b_add_enterprise_04__abcdjsajshnxbcjdh</div></td>
    <td colspan='5' align='center'>

    <!--css div popup start-->
    <a class="popup_link" onfocus='this.blur();' href="javascript:showTestDetail('div_ft1.6')" >
        fail</a>

    <div id='div_ft1.6' class="popup_window">
        <div style='text-align: right; color:red;cursor:pointer'>
        <a onfocus='this.blur();' onclick="document.getElementById('div_ft1.6').style.display = 'none' " >
           [x]</a>
        </div>
        <pre>
        
ft1.6: Traceback (most recent call last):
  File "D:\python\python36\lib\site-packages\parameterized\parameterized.py", line 518, in standalone_func
    return func(*(a + p.args), **p.kwargs)
  File "D:\python\yangle0103\woniuboss\bin\woniuboss_gui\corporate_test\corporate_test.py", line 59, in test_b_add_enterprise
    self.assertEqual(expect,actual)
AssertionError: 'test add corporate customer fail' != 'test add corporate customer pass'
- test add corporate customer fail
?                             ^ ^^
+ test add corporate customer pass
?                             ^ ^^

Traceback (most recent call last):
  File "D:\python\python36\lib\site-packages\parameterized\parameterized.py", line 518, in standalone_func
    return func(*(a + p.args), **p.kwargs)
  File "D:\python\yangle0103\woniuboss\bin\woniuboss_gui\corporate_test\corporate_test.py", line 59, in test_b_add_enterprise
    self.assertEqual(expect,actual)
AssertionError: 'test add corporate customer fail' != 'test add corporate customer pass'
- test add corporate customer fail
?                             ^ ^^
+ test add corporate customer pass
?                             ^ ^^



        </pre>
    </div>
    <!--css div popup end-->

    </td>
</tr>

<tr id='ft1.7' class='none'>
    <td class='failCase'><div class='testcase'>test_b_add_enterprise_05__5</div></td>
    <td colspan='5' align='center'>

    <!--css div popup start-->
    <a class="popup_link" onfocus='this.blur();' href="javascript:showTestDetail('div_ft1.7')" >
        fail</a>

    <div id='div_ft1.7' class="popup_window">
        <div style='text-align: right; color:red;cursor:pointer'>
        <a onfocus='this.blur();' onclick="document.getElementById('div_ft1.7').style.display = 'none' " >
           [x]</a>
        </div>
        <pre>
        
ft1.7: Traceback (most recent call last):
  File "D:\python\python36\lib\site-packages\parameterized\parameterized.py", line 518, in standalone_func
    return func(*(a + p.args), **p.kwargs)
  File "D:\python\yangle0103\woniuboss\bin\woniuboss_gui\corporate_test\corporate_test.py", line 59, in test_b_add_enterprise
    self.assertEqual(expect,actual)
AssertionError: 'test add corporate customer fail' != 'test add corporate customer pass'
- test add corporate customer fail
?                             ^ ^^
+ test add corporate customer pass
?                             ^ ^^

Traceback (most recent call last):
  File "D:\python\python36\lib\site-packages\parameterized\parameterized.py", line 518, in standalone_func
    return func(*(a + p.args), **p.kwargs)
  File "D:\python\yangle0103\woniuboss\bin\woniuboss_gui\corporate_test\corporate_test.py", line 59, in test_b_add_enterprise
    self.assertEqual(expect,actual)
AssertionError: 'test add corporate customer fail' != 'test add corporate customer pass'
- test add corporate customer fail
?                             ^ ^^
+ test add corporate customer pass
?                             ^ ^^



        </pre>
    </div>
    <!--css div popup end-->

    </td>
</tr>

<tr id='ft1.8' class='none'>
    <td class='failCase'><div class='testcase'>test_b_add_enterprise_06__</div></td>
    <td colspan='5' align='center'>

    <!--css div popup start-->
    <a class="popup_link" onfocus='this.blur();' href="javascript:showTestDetail('div_ft1.8')" >
        fail</a>

    <div id='div_ft1.8' class="popup_window">
        <div style='text-align: right; color:red;cursor:pointer'>
        <a onfocus='this.blur();' onclick="document.getElementById('div_ft1.8').style.display = 'none' " >
           [x]</a>
        </div>
        <pre>
        
ft1.8: Traceback (most recent call last):
  File "D:\python\python36\lib\site-packages\parameterized\parameterized.py", line 518, in standalone_func
    return func(*(a + p.args), **p.kwargs)
  File "D:\python\yangle0103\woniuboss\bin\woniuboss_gui\corporate_test\corporate_test.py", line 59, in test_b_add_enterprise
    self.assertEqual(expect,actual)
AssertionError: 'test add corporate customer fail' != 'test add corporate customer pass'
- test add corporate customer fail
?                             ^ ^^
+ test add corporate customer pass
?                             ^ ^^

Traceback (most recent call last):
  File "D:\python\python36\lib\site-packages\parameterized\parameterized.py", line 518, in standalone_func
    return func(*(a + p.args), **p.kwargs)
  File "D:\python\yangle0103\woniuboss\bin\woniuboss_gui\corporate_test\corporate_test.py", line 59, in test_b_add_enterprise
    self.assertEqual(expect,actual)
AssertionError: 'test add corporate customer fail' != 'test add corporate customer pass'
- test add corporate customer fail
?                             ^ ^^
+ test add corporate customer pass
?                             ^ ^^



        </pre>
    </div>
    <!--css div popup end-->

    </td>
</tr>

<tr id='ft1.9' class='none'>
    <td class='failCase'><div class='testcase'>test_b_add_enterprise_07__</div></td>
    <td colspan='5' align='center'>

    <!--css div popup start-->
    <a class="popup_link" onfocus='this.blur();' href="javascript:showTestDetail('div_ft1.9')" >
        fail</a>

    <div id='div_ft1.9' class="popup_window">
        <div style='text-align: right; color:red;cursor:pointer'>
        <a onfocus='this.blur();' onclick="document.getElementById('div_ft1.9').style.display = 'none' " >
           [x]</a>
        </div>
        <pre>
        
ft1.9: Traceback (most recent call last):
  File "D:\python\python36\lib\site-packages\parameterized\parameterized.py", line 518, in standalone_func
    return func(*(a + p.args), **p.kwargs)
  File "D:\python\yangle0103\woniuboss\bin\woniuboss_gui\corporate_test\corporate_test.py", line 59, in test_b_add_enterprise
    self.assertEqual(expect,actual)
AssertionError: 'test add corporate customer fail' != 'test add corporate customer pass'
- test add corporate customer fail
?                             ^ ^^
+ test add corporate customer pass
?                             ^ ^^

Traceback (most recent call last):
  File "D:\python\python36\lib\site-packages\parameterized\parameterized.py", line 518, in standalone_func
    return func(*(a + p.args), **p.kwargs)
  File "D:\python\yangle0103\woniuboss\bin\woniuboss_gui\corporate_test\corporate_test.py", line 59, in test_b_add_enterprise
    self.assertEqual(expect,actual)
AssertionError: 'test add corporate customer fail' != 'test add corporate customer pass'
- test add corporate customer fail
?                             ^ ^^
+ test add corporate customer pass
?                             ^ ^^



        </pre>
    </div>
    <!--css div popup end-->

    </td>
</tr>

<tr id='ft1.10' class='none'>
    <td class='failCase'><div class='testcase'>test_b_add_enterprise_08__</div></td>
    <td colspan='5' align='center'>

    <!--css div popup start-->
    <a class="popup_link" onfocus='this.blur();' href="javascript:showTestDetail('div_ft1.10')" >
        fail</a>

    <div id='div_ft1.10' class="popup_window">
        <div style='text-align: right; color:red;cursor:pointer'>
        <a onfocus='this.blur();' onclick="document.getElementById('div_ft1.10').style.display = 'none' " >
           [x]</a>
        </div>
        <pre>
        
ft1.10: Traceback (most recent call last):
  File "D:\python\python36\lib\site-packages\parameterized\parameterized.py", line 518, in standalone_func
    return func(*(a + p.args), **p.kwargs)
  File "D:\python\yangle0103\woniuboss\bin\woniuboss_gui\corporate_test\corporate_test.py", line 59, in test_b_add_enterprise
    self.assertEqual(expect,actual)
AssertionError: 'test add corporate customer fail' != 'test add corporate customer pass'
- test add corporate customer fail
?                             ^ ^^
+ test add corporate customer pass
?                             ^ ^^

Traceback (most recent call last):
  File "D:\python\python36\lib\site-packages\parameterized\parameterized.py", line 518, in standalone_func
    return func(*(a + p.args), **p.kwargs)
  File "D:\python\yangle0103\woniuboss\bin\woniuboss_gui\corporate_test\corporate_test.py", line 59, in test_b_add_enterprise
    self.assertEqual(expect,actual)
AssertionError: 'test add corporate customer fail' != 'test add corporate customer pass'
- test add corporate customer fail
?                             ^ ^^
+ test add corporate customer pass
?                             ^ ^^



        </pre>
    </div>
    <!--css div popup end-->

    </td>
</tr>

<tr id='ft1.11' class='none'>
    <td class='failCase'><div class='testcase'>test_b_add_enterprise_09__</div></td>
    <td colspan='5' align='center'>

    <!--css div popup start-->
    <a class="popup_link" onfocus='this.blur();' href="javascript:showTestDetail('div_ft1.11')" >
        fail</a>

    <div id='div_ft1.11' class="popup_window">
        <div style='text-align: right; color:red;cursor:pointer'>
        <a onfocus='this.blur();' onclick="document.getElementById('div_ft1.11').style.display = 'none' " >
           [x]</a>
        </div>
        <pre>
        
ft1.11: Traceback (most recent call last):
  File "D:\python\python36\lib\site-packages\parameterized\parameterized.py", line 518, in standalone_func
    return func(*(a + p.args), **p.kwargs)
  File "D:\python\yangle0103\woniuboss\bin\woniuboss_gui\corporate_test\corporate_test.py", line 59, in test_b_add_enterprise
    self.assertEqual(expect,actual)
AssertionError: 'test add corporate customer fail' != 'test add corporate customer pass'
- test add corporate customer fail
?                             ^ ^^
+ test add corporate customer pass
?                             ^ ^^

Traceback (most recent call last):
  File "D:\python\python36\lib\site-packages\parameterized\parameterized.py", line 518, in standalone_func
    return func(*(a + p.args), **p.kwargs)
  File "D:\python\yangle0103\woniuboss\bin\woniuboss_gui\corporate_test\corporate_test.py", line 59, in test_b_add_enterprise
    self.assertEqual(expect,actual)
AssertionError: 'test add corporate customer fail' != 'test add corporate customer pass'
- test add corporate customer fail
?                             ^ ^^
+ test add corporate customer pass
?                             ^ ^^



        </pre>
    </div>
    <!--css div popup end-->

    </td>
</tr>

<tr id='pt1.12' class='hiddenRow'>
    <td class='none'><div class='testcase'>test_b_add_enterprise_10__</div></td>
    <td colspan='5' align='center'>pass</td>
</tr>

<tr id='ft1.13' class='none'>
    <td class='failCase'><div class='testcase'>test_b_add_enterprise_11__</div></td>
    <td colspan='5' align='center'>

    <!--css div popup start-->
    <a class="popup_link" onfocus='this.blur();' href="javascript:showTestDetail('div_ft1.13')" >
        fail</a>

    <div id='div_ft1.13' class="popup_window">
        <div style='text-align: right; color:red;cursor:pointer'>
        <a onfocus='this.blur();' onclick="document.getElementById('div_ft1.13').style.display = 'none' " >
           [x]</a>
        </div>
        <pre>
        
ft1.13: Traceback (most recent call last):
  File "D:\python\python36\lib\site-packages\parameterized\parameterized.py", line 518, in standalone_func
    return func(*(a + p.args), **p.kwargs)
  File "D:\python\yangle0103\woniuboss\bin\woniuboss_gui\corporate_test\corporate_test.py", line 59, in test_b_add_enterprise
    self.assertEqual(expect,actual)
AssertionError: 'test add corporate customer fail' != 'test add corporate customer pass'
- test add corporate customer fail
?                             ^ ^^
+ test add corporate customer pass
?                             ^ ^^

Traceback (most recent call last):
  File "D:\python\python36\lib\site-packages\parameterized\parameterized.py", line 518, in standalone_func
    return func(*(a + p.args), **p.kwargs)
  File "D:\python\yangle0103\woniuboss\bin\woniuboss_gui\corporate_test\corporate_test.py", line 59, in test_b_add_enterprise
    self.assertEqual(expect,actual)
AssertionError: 'test add corporate customer fail' != 'test add corporate customer pass'
- test add corporate customer fail
?                             ^ ^^
+ test add corporate customer pass
?                             ^ ^^



        </pre>
    </div>
    <!--css div popup end-->

    </td>
</tr>

<tr id='pt1.14' class='hiddenRow'>
    <td class='none'><div class='testcase'>test_b_add_enterprise_12__</div></td>
    <td colspan='5' align='center'>pass</td>
</tr>

<tr id='ft1.15' class='none'>
    <td class='failCase'><div class='testcase'>test_b_add_enterprise_13__</div></td>
    <td colspan='5' align='center'>

    <!--css div popup start-->
    <a class="popup_link" onfocus='this.blur();' href="javascript:showTestDetail('div_ft1.15')" >
        fail</a>

    <div id='div_ft1.15' class="popup_window">
        <div style='text-align: right; color:red;cursor:pointer'>
        <a onfocus='this.blur();' onclick="document.getElementById('div_ft1.15').style.display = 'none' " >
           [x]</a>
        </div>
        <pre>
        
ft1.15: Traceback (most recent call last):
  File "D:\python\python36\lib\site-packages\parameterized\parameterized.py", line 518, in standalone_func
    return func(*(a + p.args), **p.kwargs)
  File "D:\python\yangle0103\woniuboss\bin\woniuboss_gui\corporate_test\corporate_test.py", line 59, in test_b_add_enterprise
    self.assertEqual(expect,actual)
AssertionError: 'test add corporate customer fail' != 'test add corporate customer pass'
- test add corporate customer fail
?                             ^ ^^
+ test add corporate customer pass
?                             ^ ^^

Traceback (most recent call last):
  File "D:\python\python36\lib\site-packages\parameterized\parameterized.py", line 518, in standalone_func
    return func(*(a + p.args), **p.kwargs)
  File "D:\python\yangle0103\woniuboss\bin\woniuboss_gui\corporate_test\corporate_test.py", line 59, in test_b_add_enterprise
    self.assertEqual(expect,actual)
AssertionError: 'test add corporate customer fail' != 'test add corporate customer pass'
- test add corporate customer fail
?                             ^ ^^
+ test add corporate customer pass
?                             ^ ^^



        </pre>
    </div>
    <!--css div popup end-->

    </td>
</tr>

<tr id='ft1.16' class='none'>
    <td class='failCase'><div class='testcase'>test_b_add_enterprise_14__A</div></td>
    <td colspan='5' align='center'>

    <!--css div popup start-->
    <a class="popup_link" onfocus='this.blur();' href="javascript:showTestDetail('div_ft1.16')" >
        fail</a>

    <div id='div_ft1.16' class="popup_window">
        <div style='text-align: right; color:red;cursor:pointer'>
        <a onfocus='this.blur();' onclick="document.getElementById('div_ft1.16').style.display = 'none' " >
           [x]</a>
        </div>
        <pre>
        
ft1.16: Traceback (most recent call last):
  File "D:\python\python36\lib\site-packages\parameterized\parameterized.py", line 518, in standalone_func
    return func(*(a + p.args), **p.kwargs)
  File "D:\python\yangle0103\woniuboss\bin\woniuboss_gui\corporate_test\corporate_test.py", line 59, in test_b_add_enterprise
    self.assertEqual(expect,actual)
AssertionError: 'test add corporate customer fail' != 'test add corporate customer pass'
- test add corporate customer fail
?                             ^ ^^
+ test add corporate customer pass
?                             ^ ^^

Traceback (most recent call last):
  File "D:\python\python36\lib\site-packages\parameterized\parameterized.py", line 518, in standalone_func
    return func(*(a + p.args), **p.kwargs)
  File "D:\python\yangle0103\woniuboss\bin\woniuboss_gui\corporate_test\corporate_test.py", line 59, in test_b_add_enterprise
    self.assertEqual(expect,actual)
AssertionError: 'test add corporate customer fail' != 'test add corporate customer pass'
- test add corporate customer fail
?                             ^ ^^
+ test add corporate customer pass
?                             ^ ^^



        </pre>
    </div>
    <!--css div popup end-->

    </td>
</tr>

<tr id='ft1.17' class='none'>
    <td class='failCase'><div class='testcase'>test_b_add_enterprise_15_tencent</div></td>
    <td colspan='5' align='center'>

    <!--css div popup start-->
    <a class="popup_link" onfocus='this.blur();' href="javascript:showTestDetail('div_ft1.17')" >
        fail</a>

    <div id='div_ft1.17' class="popup_window">
        <div style='text-align: right; color:red;cursor:pointer'>
        <a onfocus='this.blur();' onclick="document.getElementById('div_ft1.17').style.display = 'none' " >
           [x]</a>
        </div>
        <pre>
        
ft1.17: Traceback (most recent call last):
  File "D:\python\python36\lib\site-packages\parameterized\parameterized.py", line 518, in standalone_func
    return func(*(a + p.args), **p.kwargs)
  File "D:\python\yangle0103\woniuboss\bin\woniuboss_gui\corporate_test\corporate_test.py", line 59, in test_b_add_enterprise
    self.assertEqual(expect,actual)
AssertionError: 'test add corporate customer fail' != 'test add corporate customer pass'
- test add corporate customer fail
?                             ^ ^^
+ test add corporate customer pass
?                             ^ ^^

Traceback (most recent call last):
  File "D:\python\python36\lib\site-packages\parameterized\parameterized.py", line 518, in standalone_func
    return func(*(a + p.args), **p.kwargs)
  File "D:\python\yangle0103\woniuboss\bin\woniuboss_gui\corporate_test\corporate_test.py", line 59, in test_b_add_enterprise
    self.assertEqual(expect,actual)
AssertionError: 'test add corporate customer fail' != 'test add corporate customer pass'
- test add corporate customer fail
?                             ^ ^^
+ test add corporate customer pass
?                             ^ ^^



        </pre>
    </div>
    <!--css div popup end-->

    </td>
</tr>

<tr id='ft1.18' class='none'>
    <td class='failCase'><div class='testcase'>test_b_add_enterprise_16__</div></td>
    <td colspan='5' align='center'>

    <!--css div popup start-->
    <a class="popup_link" onfocus='this.blur();' href="javascript:showTestDetail('div_ft1.18')" >
        fail</a>

    <div id='div_ft1.18' class="popup_window">
        <div style='text-align: right; color:red;cursor:pointer'>
        <a onfocus='this.blur();' onclick="document.getElementById('div_ft1.18').style.display = 'none' " >
           [x]</a>
        </div>
        <pre>
        
ft1.18: Traceback (most recent call last):
  File "D:\python\python36\lib\site-packages\parameterized\parameterized.py", line 518, in standalone_func
    return func(*(a + p.args), **p.kwargs)
  File "D:\python\yangle0103\woniuboss\bin\woniuboss_gui\corporate_test\corporate_test.py", line 59, in test_b_add_enterprise
    self.assertEqual(expect,actual)
AssertionError: 'test add corporate customer fail' != 'test add corporate customer pass'
- test add corporate customer fail
?                             ^ ^^
+ test add corporate customer pass
?                             ^ ^^

Traceback (most recent call last):
  File "D:\python\python36\lib\site-packages\parameterized\parameterized.py", line 518, in standalone_func
    return func(*(a + p.args), **p.kwargs)
  File "D:\python\yangle0103\woniuboss\bin\woniuboss_gui\corporate_test\corporate_test.py", line 59, in test_b_add_enterprise
    self.assertEqual(expect,actual)
AssertionError: 'test add corporate customer fail' != 'test add corporate customer pass'
- test add corporate customer fail
?                             ^ ^^
+ test add corporate customer pass
?                             ^ ^^



        </pre>
    </div>
    <!--css div popup end-->

    </td>
</tr>

<tr id='ft1.19' class='none'>
    <td class='failCase'><div class='testcase'>test_b_add_enterprise_17__</div></td>
    <td colspan='5' align='center'>

    <!--css div popup start-->
    <a class="popup_link" onfocus='this.blur();' href="javascript:showTestDetail('div_ft1.19')" >
        fail</a>

    <div id='div_ft1.19' class="popup_window">
        <div style='text-align: right; color:red;cursor:pointer'>
        <a onfocus='this.blur();' onclick="document.getElementById('div_ft1.19').style.display = 'none' " >
           [x]</a>
        </div>
        <pre>
        
ft1.19: Traceback (most recent call last):
  File "D:\python\python36\lib\site-packages\parameterized\parameterized.py", line 518, in standalone_func
    return func(*(a + p.args), **p.kwargs)
  File "D:\python\yangle0103\woniuboss\bin\woniuboss_gui\corporate_test\corporate_test.py", line 59, in test_b_add_enterprise
    self.assertEqual(expect,actual)
AssertionError: 'test add corporate customer fail' != 'test add corporate customer pass'
- test add corporate customer fail
?                             ^ ^^
+ test add corporate customer pass
?                             ^ ^^

Traceback (most recent call last):
  File "D:\python\python36\lib\site-packages\parameterized\parameterized.py", line 518, in standalone_func
    return func(*(a + p.args), **p.kwargs)
  File "D:\python\yangle0103\woniuboss\bin\woniuboss_gui\corporate_test\corporate_test.py", line 59, in test_b_add_enterprise
    self.assertEqual(expect,actual)
AssertionError: 'test add corporate customer fail' != 'test add corporate customer pass'
- test add corporate customer fail
?                             ^ ^^
+ test add corporate customer pass
?                             ^ ^^



        </pre>
    </div>
    <!--css div popup end-->

    </td>
</tr>

<tr id='pt1.20' class='hiddenRow'>
    <td class='none'><div class='testcase'>test_b_add_enterprise_18__L</div></td>
    <td colspan='5' align='center'>pass</td>
</tr>

<tr id='pt1.21' class='hiddenRow'>
    <td class='none'><div class='testcase'>test_b_add_enterprise_19__A</div></td>
    <td colspan='5' align='center'>pass</td>
</tr>

<tr id='ft1.22' class='none'>
    <td class='failCase'><div class='testcase'>test_b_add_enterprise_20__Q</div></td>
    <td colspan='5' align='center'>

    <!--css div popup start-->
    <a class="popup_link" onfocus='this.blur();' href="javascript:showTestDetail('div_ft1.22')" >
        fail</a>

    <div id='div_ft1.22' class="popup_window">
        <div style='text-align: right; color:red;cursor:pointer'>
        <a onfocus='this.blur();' onclick="document.getElementById('div_ft1.22').style.display = 'none' " >
           [x]</a>
        </div>
        <pre>
        
ft1.22: Traceback (most recent call last):
  File "D:\python\python36\lib\site-packages\parameterized\parameterized.py", line 518, in standalone_func
    return func(*(a + p.args), **p.kwargs)
  File "D:\python\yangle0103\woniuboss\bin\woniuboss_gui\corporate_test\corporate_test.py", line 59, in test_b_add_enterprise
    self.assertEqual(expect,actual)
AssertionError: 'test add corporate customer fail' != 'test add corporate customer pass'
- test add corporate customer fail
?                             ^ ^^
+ test add corporate customer pass
?                             ^ ^^

Traceback (most recent call last):
  File "D:\python\python36\lib\site-packages\parameterized\parameterized.py", line 518, in standalone_func
    return func(*(a + p.args), **p.kwargs)
  File "D:\python\yangle0103\woniuboss\bin\woniuboss_gui\corporate_test\corporate_test.py", line 59, in test_b_add_enterprise
    self.assertEqual(expect,actual)
AssertionError: 'test add corporate customer fail' != 'test add corporate customer pass'
- test add corporate customer fail
?                             ^ ^^
+ test add corporate customer pass
?                             ^ ^^



        </pre>
    </div>
    <!--css div popup end-->

    </td>
</tr>

<tr id='ft1.23' class='none'>
    <td class='failCase'><div class='testcase'>test_b_add_enterprise_21__B</div></td>
    <td colspan='5' align='center'>

    <!--css div popup start-->
    <a class="popup_link" onfocus='this.blur();' href="javascript:showTestDetail('div_ft1.23')" >
        fail</a>

    <div id='div_ft1.23' class="popup_window">
        <div style='text-align: right; color:red;cursor:pointer'>
        <a onfocus='this.blur();' onclick="document.getElementById('div_ft1.23').style.display = 'none' " >
           [x]</a>
        </div>
        <pre>
        
ft1.23: Traceback (most recent call last):
  File "D:\python\python36\lib\site-packages\parameterized\parameterized.py", line 518, in standalone_func
    return func(*(a + p.args), **p.kwargs)
  File "D:\python\yangle0103\woniuboss\bin\woniuboss_gui\corporate_test\corporate_test.py", line 59, in test_b_add_enterprise
    self.assertEqual(expect,actual)
AssertionError: 'test add corporate customer fail' != 'test add corporate customer pass'
- test add corporate customer fail
?                             ^ ^^
+ test add corporate customer pass
?                             ^ ^^

Traceback (most recent call last):
  File "D:\python\python36\lib\site-packages\parameterized\parameterized.py", line 518, in standalone_func
    return func(*(a + p.args), **p.kwargs)
  File "D:\python\yangle0103\woniuboss\bin\woniuboss_gui\corporate_test\corporate_test.py", line 59, in test_b_add_enterprise
    self.assertEqual(expect,actual)
AssertionError: 'test add corporate customer fail' != 'test add corporate customer pass'
- test add corporate customer fail
?                             ^ ^^
+ test add corporate customer pass
?                             ^ ^^



        </pre>
    </div>
    <!--css div popup end-->

    </td>
</tr>

<tr id='ft1.24' class='none'>
    <td class='failCase'><div class='testcase'>test_b_add_enterprise_22__C</div></td>
    <td colspan='5' align='center'>

    <!--css div popup start-->
    <a class="popup_link" onfocus='this.blur();' href="javascript:showTestDetail('div_ft1.24')" >
        fail</a>

    <div id='div_ft1.24' class="popup_window">
        <div style='text-align: right; color:red;cursor:pointer'>
        <a onfocus='this.blur();' onclick="document.getElementById('div_ft1.24').style.display = 'none' " >
           [x]</a>
        </div>
        <pre>
        
ft1.24: Traceback (most recent call last):
  File "D:\python\python36\lib\site-packages\parameterized\parameterized.py", line 518, in standalone_func
    return func(*(a + p.args), **p.kwargs)
  File "D:\python\yangle0103\woniuboss\bin\woniuboss_gui\corporate_test\corporate_test.py", line 59, in test_b_add_enterprise
    self.assertEqual(expect,actual)
AssertionError: 'test add corporate customer fail' != 'test add corporate customer pass'
- test add corporate customer fail
?                             ^ ^^
+ test add corporate customer pass
?                             ^ ^^

Traceback (most recent call last):
  File "D:\python\python36\lib\site-packages\parameterized\parameterized.py", line 518, in standalone_func
    return func(*(a + p.args), **p.kwargs)
  File "D:\python\yangle0103\woniuboss\bin\woniuboss_gui\corporate_test\corporate_test.py", line 59, in test_b_add_enterprise
    self.assertEqual(expect,actual)
AssertionError: 'test add corporate customer fail' != 'test add corporate customer pass'
- test add corporate customer fail
?                             ^ ^^
+ test add corporate customer pass
?                             ^ ^^



        </pre>
    </div>
    <!--css div popup end-->

    </td>
</tr>

<tr id='pt1.25' class='hiddenRow'>
    <td class='none'><div class='testcase'>test_b_add_enterprise_23__D</div></td>
    <td colspan='5' align='center'>pass</td>
</tr>

<tr id='ft1.26' class='none'>
    <td class='failCase'><div class='testcase'>test_b_add_enterprise_24__E</div></td>
    <td colspan='5' align='center'>

    <!--css div popup start-->
    <a class="popup_link" onfocus='this.blur();' href="javascript:showTestDetail('div_ft1.26')" >
        fail</a>

    <div id='div_ft1.26' class="popup_window">
        <div style='text-align: right; color:red;cursor:pointer'>
        <a onfocus='this.blur();' onclick="document.getElementById('div_ft1.26').style.display = 'none' " >
           [x]</a>
        </div>
        <pre>
        
ft1.26: Traceback (most recent call last):
  File "D:\python\python36\lib\site-packages\parameterized\parameterized.py", line 518, in standalone_func
    return func(*(a + p.args), **p.kwargs)
  File "D:\python\yangle0103\woniuboss\bin\woniuboss_gui\corporate_test\corporate_test.py", line 59, in test_b_add_enterprise
    self.assertEqual(expect,actual)
AssertionError: 'test add corporate customer fail' != 'test add corporate customer pass'
- test add corporate customer fail
?                             ^ ^^
+ test add corporate customer pass
?                             ^ ^^

Traceback (most recent call last):
  File "D:\python\python36\lib\site-packages\parameterized\parameterized.py", line 518, in standalone_func
    return func(*(a + p.args), **p.kwargs)
  File "D:\python\yangle0103\woniuboss\bin\woniuboss_gui\corporate_test\corporate_test.py", line 59, in test_b_add_enterprise
    self.assertEqual(expect,actual)
AssertionError: 'test add corporate customer fail' != 'test add corporate customer pass'
- test add corporate customer fail
?                             ^ ^^
+ test add corporate customer pass
?                             ^ ^^



        </pre>
    </div>
    <!--css div popup end-->

    </td>
</tr>

<tr id='pt1.27' class='hiddenRow'>
    <td class='none'><div class='testcase'>test_b_add_enterprise_25__F</div></td>
    <td colspan='5' align='center'>pass</td>
</tr>

<tr id='pt1.28' class='hiddenRow'>
    <td class='none'><div class='testcase'>test_b_add_enterprise_26__G</div></td>
    <td colspan='5' align='center'>pass</td>
</tr>

<tr id='ft1.29' class='none'>
    <td class='failCase'><div class='testcase'>test_b_add_enterprise_27__R</div></td>
    <td colspan='5' align='center'>

    <!--css div popup start-->
    <a class="popup_link" onfocus='this.blur();' href="javascript:showTestDetail('div_ft1.29')" >
        fail</a>

    <div id='div_ft1.29' class="popup_window">
        <div style='text-align: right; color:red;cursor:pointer'>
        <a onfocus='this.blur();' onclick="document.getElementById('div_ft1.29').style.display = 'none' " >
           [x]</a>
        </div>
        <pre>
        
ft1.29: Traceback (most recent call last):
  File "D:\python\python36\lib\site-packages\parameterized\parameterized.py", line 518, in standalone_func
    return func(*(a + p.args), **p.kwargs)
  File "D:\python\yangle0103\woniuboss\bin\woniuboss_gui\corporate_test\corporate_test.py", line 59, in test_b_add_enterprise
    self.assertEqual(expect,actual)
AssertionError: 'test add corporate customer fail' != 'test add corporate customer pass'
- test add corporate customer fail
?                             ^ ^^
+ test add corporate customer pass
?                             ^ ^^

Traceback (most recent call last):
  File "D:\python\python36\lib\site-packages\parameterized\parameterized.py", line 518, in standalone_func
    return func(*(a + p.args), **p.kwargs)
  File "D:\python\yangle0103\woniuboss\bin\woniuboss_gui\corporate_test\corporate_test.py", line 59, in test_b_add_enterprise
    self.assertEqual(expect,actual)
AssertionError: 'test add corporate customer fail' != 'test add corporate customer pass'
- test add corporate customer fail
?                             ^ ^^
+ test add corporate customer pass
?                             ^ ^^



        </pre>
    </div>
    <!--css div popup end-->

    </td>
</tr>

<tr id='ft1.30' class='none'>
    <td class='failCase'><div class='testcase'>test_b_add_enterprise_28__H</div></td>
    <td colspan='5' align='center'>

    <!--css div popup start-->
    <a class="popup_link" onfocus='this.blur();' href="javascript:showTestDetail('div_ft1.30')" >
        fail</a>

    <div id='div_ft1.30' class="popup_window">
        <div style='text-align: right; color:red;cursor:pointer'>
        <a onfocus='this.blur();' onclick="document.getElementById('div_ft1.30').style.display = 'none' " >
           [x]</a>
        </div>
        <pre>
        
ft1.30: Traceback (most recent call last):
  File "D:\python\python36\lib\site-packages\parameterized\parameterized.py", line 518, in standalone_func
    return func(*(a + p.args), **p.kwargs)
  File "D:\python\yangle0103\woniuboss\bin\woniuboss_gui\corporate_test\corporate_test.py", line 59, in test_b_add_enterprise
    self.assertEqual(expect,actual)
AssertionError: 'test add corporate customer fail' != 'test add corporate customer pass'
- test add corporate customer fail
?                             ^ ^^
+ test add corporate customer pass
?                             ^ ^^

Traceback (most recent call last):
  File "D:\python\python36\lib\site-packages\parameterized\parameterized.py", line 518, in standalone_func
    return func(*(a + p.args), **p.kwargs)
  File "D:\python\yangle0103\woniuboss\bin\woniuboss_gui\corporate_test\corporate_test.py", line 59, in test_b_add_enterprise
    self.assertEqual(expect,actual)
AssertionError: 'test add corporate customer fail' != 'test add corporate customer pass'
- test add corporate customer fail
?                             ^ ^^
+ test add corporate customer pass
?                             ^ ^^



        </pre>
    </div>
    <!--css div popup end-->

    </td>
</tr>

<tr id='ft1.31' class='none'>
    <td class='failCase'><div class='testcase'>test_b_add_enterprise_29__I</div></td>
    <td colspan='5' align='center'>

    <!--css div popup start-->
    <a class="popup_link" onfocus='this.blur();' href="javascript:showTestDetail('div_ft1.31')" >
        fail</a>

    <div id='div_ft1.31' class="popup_window">
        <div style='text-align: right; color:red;cursor:pointer'>
        <a onfocus='this.blur();' onclick="document.getElementById('div_ft1.31').style.display = 'none' " >
           [x]</a>
        </div>
        <pre>
        
ft1.31: Traceback (most recent call last):
  File "D:\python\python36\lib\site-packages\parameterized\parameterized.py", line 518, in standalone_func
    return func(*(a + p.args), **p.kwargs)
  File "D:\python\yangle0103\woniuboss\bin\woniuboss_gui\corporate_test\corporate_test.py", line 59, in test_b_add_enterprise
    self.assertEqual(expect,actual)
AssertionError: 'test add corporate customer fail' != 'test add corporate customer pass'
- test add corporate customer fail
?                             ^ ^^
+ test add corporate customer pass
?                             ^ ^^

Traceback (most recent call last):
  File "D:\python\python36\lib\site-packages\parameterized\parameterized.py", line 518, in standalone_func
    return func(*(a + p.args), **p.kwargs)
  File "D:\python\yangle0103\woniuboss\bin\woniuboss_gui\corporate_test\corporate_test.py", line 59, in test_b_add_enterprise
    self.assertEqual(expect,actual)
AssertionError: 'test add corporate customer fail' != 'test add corporate customer pass'
- test add corporate customer fail
?                             ^ ^^
+ test add corporate customer pass
?                             ^ ^^



        </pre>
    </div>
    <!--css div popup end-->

    </td>
</tr>

<tr id='ft1.32' class='none'>
    <td class='failCase'><div class='testcase'>test_b_add_enterprise_30__J</div></td>
    <td colspan='5' align='center'>

    <!--css div popup start-->
    <a class="popup_link" onfocus='this.blur();' href="javascript:showTestDetail('div_ft1.32')" >
        fail</a>

    <div id='div_ft1.32' class="popup_window">
        <div style='text-align: right; color:red;cursor:pointer'>
        <a onfocus='this.blur();' onclick="document.getElementById('div_ft1.32').style.display = 'none' " >
           [x]</a>
        </div>
        <pre>
        
ft1.32: Traceback (most recent call last):
  File "D:\python\python36\lib\site-packages\parameterized\parameterized.py", line 518, in standalone_func
    return func(*(a + p.args), **p.kwargs)
  File "D:\python\yangle0103\woniuboss\bin\woniuboss_gui\corporate_test\corporate_test.py", line 59, in test_b_add_enterprise
    self.assertEqual(expect,actual)
AssertionError: 'test add corporate customer fail' != 'test add corporate customer pass'
- test add corporate customer fail
?                             ^ ^^
+ test add corporate customer pass
?                             ^ ^^

Traceback (most recent call last):
  File "D:\python\python36\lib\site-packages\parameterized\parameterized.py", line 518, in standalone_func
    return func(*(a + p.args), **p.kwargs)
  File "D:\python\yangle0103\woniuboss\bin\woniuboss_gui\corporate_test\corporate_test.py", line 59, in test_b_add_enterprise
    self.assertEqual(expect,actual)
AssertionError: 'test add corporate customer fail' != 'test add corporate customer pass'
- test add corporate customer fail
?                             ^ ^^
+ test add corporate customer pass
?                             ^ ^^



        </pre>
    </div>
    <!--css div popup end-->

    </td>
</tr>

<tr id='ft1.33' class='none'>
    <td class='failCase'><div class='testcase'>test_b_add_enterprise_31__K</div></td>
    <td colspan='5' align='center'>

    <!--css div popup start-->
    <a class="popup_link" onfocus='this.blur();' href="javascript:showTestDetail('div_ft1.33')" >
        fail</a>

    <div id='div_ft1.33' class="popup_window">
        <div style='text-align: right; color:red;cursor:pointer'>
        <a onfocus='this.blur();' onclick="document.getElementById('div_ft1.33').style.display = 'none' " >
           [x]</a>
        </div>
        <pre>
        
ft1.33: Traceback (most recent call last):
  File "D:\python\python36\lib\site-packages\parameterized\parameterized.py", line 518, in standalone_func
    return func(*(a + p.args), **p.kwargs)
  File "D:\python\yangle0103\woniuboss\bin\woniuboss_gui\corporate_test\corporate_test.py", line 59, in test_b_add_enterprise
    self.assertEqual(expect,actual)
AssertionError: 'test add corporate customer fail' != 'test add corporate customer pass'
- test add corporate customer fail
?                             ^ ^^
+ test add corporate customer pass
?                             ^ ^^

Traceback (most recent call last):
  File "D:\python\python36\lib\site-packages\parameterized\parameterized.py", line 518, in standalone_func
    return func(*(a + p.args), **p.kwargs)
  File "D:\python\yangle0103\woniuboss\bin\woniuboss_gui\corporate_test\corporate_test.py", line 59, in test_b_add_enterprise
    self.assertEqual(expect,actual)
AssertionError: 'test add corporate customer fail' != 'test add corporate customer pass'
- test add corporate customer fail
?                             ^ ^^
+ test add corporate customer pass
?                             ^ ^^



        </pre>
    </div>
    <!--css div popup end-->

    </td>
</tr>

<tr id='ft1.34' class='none'>
    <td class='failCase'><div class='testcase'>test_b_add_enterprise_32__M</div></td>
    <td colspan='5' align='center'>

    <!--css div popup start-->
    <a class="popup_link" onfocus='this.blur();' href="javascript:showTestDetail('div_ft1.34')" >
        fail</a>

    <div id='div_ft1.34' class="popup_window">
        <div style='text-align: right; color:red;cursor:pointer'>
        <a onfocus='this.blur();' onclick="document.getElementById('div_ft1.34').style.display = 'none' " >
           [x]</a>
        </div>
        <pre>
        
ft1.34: Traceback (most recent call last):
  File "D:\python\python36\lib\site-packages\parameterized\parameterized.py", line 518, in standalone_func
    return func(*(a + p.args), **p.kwargs)
  File "D:\python\yangle0103\woniuboss\bin\woniuboss_gui\corporate_test\corporate_test.py", line 59, in test_b_add_enterprise
    self.assertEqual(expect,actual)
AssertionError: 'test add corporate customer fail' != 'test add corporate customer pass'
- test add corporate customer fail
?                             ^ ^^
+ test add corporate customer pass
?                             ^ ^^

Traceback (most recent call last):
  File "D:\python\python36\lib\site-packages\parameterized\parameterized.py", line 518, in standalone_func
    return func(*(a + p.args), **p.kwargs)
  File "D:\python\yangle0103\woniuboss\bin\woniuboss_gui\corporate_test\corporate_test.py", line 59, in test_b_add_enterprise
    self.assertEqual(expect,actual)
AssertionError: 'test add corporate customer fail' != 'test add corporate customer pass'
- test add corporate customer fail
?                             ^ ^^
+ test add corporate customer pass
?                             ^ ^^



        </pre>
    </div>
    <!--css div popup end-->

    </td>
</tr>

<tr id='pt1.35' class='hiddenRow'>
    <td class='none'><div class='testcase'>test_b_add_enterprise_33__N</div></td>
    <td colspan='5' align='center'>pass</td>
</tr>

<tr id='ft1.36' class='none'>
    <td class='failCase'><div class='testcase'>test_b_add_enterprise_34__O</div></td>
    <td colspan='5' align='center'>

    <!--css div popup start-->
    <a class="popup_link" onfocus='this.blur();' href="javascript:showTestDetail('div_ft1.36')" >
        fail</a>

    <div id='div_ft1.36' class="popup_window">
        <div style='text-align: right; color:red;cursor:pointer'>
        <a onfocus='this.blur();' onclick="document.getElementById('div_ft1.36').style.display = 'none' " >
           [x]</a>
        </div>
        <pre>
        
ft1.36: Traceback (most recent call last):
  File "D:\python\python36\lib\site-packages\parameterized\parameterized.py", line 518, in standalone_func
    return func(*(a + p.args), **p.kwargs)
  File "D:\python\yangle0103\woniuboss\bin\woniuboss_gui\corporate_test\corporate_test.py", line 59, in test_b_add_enterprise
    self.assertEqual(expect,actual)
AssertionError: 'test add corporate customer fail' != 'test add corporate customer pass'
- test add corporate customer fail
?                             ^ ^^
+ test add corporate customer pass
?                             ^ ^^

Traceback (most recent call last):
  File "D:\python\python36\lib\site-packages\parameterized\parameterized.py", line 518, in standalone_func
    return func(*(a + p.args), **p.kwargs)
  File "D:\python\yangle0103\woniuboss\bin\woniuboss_gui\corporate_test\corporate_test.py", line 59, in test_b_add_enterprise
    self.assertEqual(expect,actual)
AssertionError: 'test add corporate customer fail' != 'test add corporate customer pass'
- test add corporate customer fail
?                             ^ ^^
+ test add corporate customer pass
?                             ^ ^^



        </pre>
    </div>
    <!--css div popup end-->

    </td>
</tr>

<tr id='ft1.37' class='none'>
    <td class='failCase'><div class='testcase'>test_b_add_enterprise_35__O</div></td>
    <td colspan='5' align='center'>

    <!--css div popup start-->
    <a class="popup_link" onfocus='this.blur();' href="javascript:showTestDetail('div_ft1.37')" >
        fail</a>

    <div id='div_ft1.37' class="popup_window">
        <div style='text-align: right; color:red;cursor:pointer'>
        <a onfocus='this.blur();' onclick="document.getElementById('div_ft1.37').style.display = 'none' " >
           [x]</a>
        </div>
        <pre>
        
ft1.37: Traceback (most recent call last):
  File "D:\python\python36\lib\site-packages\parameterized\parameterized.py", line 518, in standalone_func
    return func(*(a + p.args), **p.kwargs)
  File "D:\python\yangle0103\woniuboss\bin\woniuboss_gui\corporate_test\corporate_test.py", line 59, in test_b_add_enterprise
    self.assertEqual(expect,actual)
AssertionError: 'test add corporate customer fail' != 'test add corporate customer pass'
- test add corporate customer fail
?                             ^ ^^
+ test add corporate customer pass
?                             ^ ^^

Traceback (most recent call last):
  File "D:\python\python36\lib\site-packages\parameterized\parameterized.py", line 518, in standalone_func
    return func(*(a + p.args), **p.kwargs)
  File "D:\python\yangle0103\woniuboss\bin\woniuboss_gui\corporate_test\corporate_test.py", line 59, in test_b_add_enterprise
    self.assertEqual(expect,actual)
AssertionError: 'test add corporate customer fail' != 'test add corporate customer pass'
- test add corporate customer fail
?                             ^ ^^
+ test add corporate customer pass
?                             ^ ^^



        </pre>
    </div>
    <!--css div popup end-->

    </td>
</tr>

<tr id='ft1.38' class='none'>
    <td class='failCase'><div class='testcase'>test_b_add_enterprise_36__P</div></td>
    <td colspan='5' align='center'>

    <!--css div popup start-->
    <a class="popup_link" onfocus='this.blur();' href="javascript:showTestDetail('div_ft1.38')" >
        fail</a>

    <div id='div_ft1.38' class="popup_window">
        <div style='text-align: right; color:red;cursor:pointer'>
        <a onfocus='this.blur();' onclick="document.getElementById('div_ft1.38').style.display = 'none' " >
           [x]</a>
        </div>
        <pre>
        
ft1.38: Traceback (most recent call last):
  File "D:\python\python36\lib\site-packages\parameterized\parameterized.py", line 518, in standalone_func
    return func(*(a + p.args), **p.kwargs)
  File "D:\python\yangle0103\woniuboss\bin\woniuboss_gui\corporate_test\corporate_test.py", line 59, in test_b_add_enterprise
    self.assertEqual(expect,actual)
AssertionError: 'test add corporate customer fail' != 'test add corporate customer pass'
- test add corporate customer fail
?                             ^ ^^
+ test add corporate customer pass
?                             ^ ^^

Traceback (most recent call last):
  File "D:\python\python36\lib\site-packages\parameterized\parameterized.py", line 518, in standalone_func
    return func(*(a + p.args), **p.kwargs)
  File "D:\python\yangle0103\woniuboss\bin\woniuboss_gui\corporate_test\corporate_test.py", line 59, in test_b_add_enterprise
    self.assertEqual(expect,actual)
AssertionError: 'test add corporate customer fail' != 'test add corporate customer pass'
- test add corporate customer fail
?                             ^ ^^
+ test add corporate customer pass
?                             ^ ^^



        </pre>
    </div>
    <!--css div popup end-->

    </td>
</tr>

<tr id='ft1.39' class='none'>
    <td class='failCase'><div class='testcase'>test_b_add_enterprise_37__S</div></td>
    <td colspan='5' align='center'>

    <!--css div popup start-->
    <a class="popup_link" onfocus='this.blur();' href="javascript:showTestDetail('div_ft1.39')" >
        fail</a>

    <div id='div_ft1.39' class="popup_window">
        <div style='text-align: right; color:red;cursor:pointer'>
        <a onfocus='this.blur();' onclick="document.getElementById('div_ft1.39').style.display = 'none' " >
           [x]</a>
        </div>
        <pre>
        
ft1.39: Traceback (most recent call last):
  File "D:\python\python36\lib\site-packages\parameterized\parameterized.py", line 518, in standalone_func
    return func(*(a + p.args), **p.kwargs)
  File "D:\python\yangle0103\woniuboss\bin\woniuboss_gui\corporate_test\corporate_test.py", line 59, in test_b_add_enterprise
    self.assertEqual(expect,actual)
AssertionError: 'test add corporate customer fail' != 'test add corporate customer pass'
- test add corporate customer fail
?                             ^ ^^
+ test add corporate customer pass
?                             ^ ^^

Traceback (most recent call last):
  File "D:\python\python36\lib\site-packages\parameterized\parameterized.py", line 518, in standalone_func
    return func(*(a + p.args), **p.kwargs)
  File "D:\python\yangle0103\woniuboss\bin\woniuboss_gui\corporate_test\corporate_test.py", line 59, in test_b_add_enterprise
    self.assertEqual(expect,actual)
AssertionError: 'test add corporate customer fail' != 'test add corporate customer pass'
- test add corporate customer fail
?                             ^ ^^
+ test add corporate customer pass
?                             ^ ^^



        </pre>
    </div>
    <!--css div popup end-->

    </td>
</tr>

<tr id='ft1.40' class='none'>
    <td class='failCase'><div class='testcase'>test_b_add_enterprise_38__A</div></td>
    <td colspan='5' align='center'>

    <!--css div popup start-->
    <a class="popup_link" onfocus='this.blur();' href="javascript:showTestDetail('div_ft1.40')" >
        fail</a>

    <div id='div_ft1.40' class="popup_window">
        <div style='text-align: right; color:red;cursor:pointer'>
        <a onfocus='this.blur();' onclick="document.getElementById('div_ft1.40').style.display = 'none' " >
           [x]</a>
        </div>
        <pre>
        
ft1.40: Traceback (most recent call last):
  File "D:\python\python36\lib\site-packages\parameterized\parameterized.py", line 518, in standalone_func
    return func(*(a + p.args), **p.kwargs)
  File "D:\python\yangle0103\woniuboss\bin\woniuboss_gui\corporate_test\corporate_test.py", line 59, in test_b_add_enterprise
    self.assertEqual(expect,actual)
AssertionError: 'test add corporate customer fail' != 'test add corporate customer pass'
- test add corporate customer fail
?                             ^ ^^
+ test add corporate customer pass
?                             ^ ^^

Traceback (most recent call last):
  File "D:\python\python36\lib\site-packages\parameterized\parameterized.py", line 518, in standalone_func
    return func(*(a + p.args), **p.kwargs)
  File "D:\python\yangle0103\woniuboss\bin\woniuboss_gui\corporate_test\corporate_test.py", line 59, in test_b_add_enterprise
    self.assertEqual(expect,actual)
AssertionError: 'test add corporate customer fail' != 'test add corporate customer pass'
- test add corporate customer fail
?                             ^ ^^
+ test add corporate customer pass
?                             ^ ^^



        </pre>
    </div>
    <!--css div popup end-->

    </td>
</tr>

<tr id='ft1.41' class='none'>
    <td class='failCase'><div class='testcase'>test_b_add_enterprise_39__B</div></td>
    <td colspan='5' align='center'>

    <!--css div popup start-->
    <a class="popup_link" onfocus='this.blur();' href="javascript:showTestDetail('div_ft1.41')" >
        fail</a>

    <div id='div_ft1.41' class="popup_window">
        <div style='text-align: right; color:red;cursor:pointer'>
        <a onfocus='this.blur();' onclick="document.getElementById('div_ft1.41').style.display = 'none' " >
           [x]</a>
        </div>
        <pre>
        
ft1.41: Traceback (most recent call last):
  File "D:\python\python36\lib\site-packages\parameterized\parameterized.py", line 518, in standalone_func
    return func(*(a + p.args), **p.kwargs)
  File "D:\python\yangle0103\woniuboss\bin\woniuboss_gui\corporate_test\corporate_test.py", line 59, in test_b_add_enterprise
    self.assertEqual(expect,actual)
AssertionError: 'test add corporate customer fail' != 'test add corporate customer pass'
- test add corporate customer fail
?                             ^ ^^
+ test add corporate customer pass
?                             ^ ^^

Traceback (most recent call last):
  File "D:\python\python36\lib\site-packages\parameterized\parameterized.py", line 518, in standalone_func
    return func(*(a + p.args), **p.kwargs)
  File "D:\python\yangle0103\woniuboss\bin\woniuboss_gui\corporate_test\corporate_test.py", line 59, in test_b_add_enterprise
    self.assertEqual(expect,actual)
AssertionError: 'test add corporate customer fail' != 'test add corporate customer pass'
- test add corporate customer fail
?                             ^ ^^
+ test add corporate customer pass
?                             ^ ^^



        </pre>
    </div>
    <!--css div popup end-->

    </td>
</tr>

<tr id='ft1.42' class='none'>
    <td class='failCase'><div class='testcase'>test_b_add_enterprise_40__C</div></td>
    <td colspan='5' align='center'>

    <!--css div popup start-->
    <a class="popup_link" onfocus='this.blur();' href="javascript:showTestDetail('div_ft1.42')" >
        fail</a>

    <div id='div_ft1.42' class="popup_window">
        <div style='text-align: right; color:red;cursor:pointer'>
        <a onfocus='this.blur();' onclick="document.getElementById('div_ft1.42').style.display = 'none' " >
           [x]</a>
        </div>
        <pre>
        
ft1.42: Traceback (most recent call last):
  File "D:\python\python36\lib\site-packages\parameterized\parameterized.py", line 518, in standalone_func
    return func(*(a + p.args), **p.kwargs)
  File "D:\python\yangle0103\woniuboss\bin\woniuboss_gui\corporate_test\corporate_test.py", line 59, in test_b_add_enterprise
    self.assertEqual(expect,actual)
AssertionError: 'test add corporate customer fail' != 'test add corporate customer pass'
- test add corporate customer fail
?                             ^ ^^
+ test add corporate customer pass
?                             ^ ^^

Traceback (most recent call last):
  File "D:\python\python36\lib\site-packages\parameterized\parameterized.py", line 518, in standalone_func
    return func(*(a + p.args), **p.kwargs)
  File "D:\python\yangle0103\woniuboss\bin\woniuboss_gui\corporate_test\corporate_test.py", line 59, in test_b_add_enterprise
    self.assertEqual(expect,actual)
AssertionError: 'test add corporate customer fail' != 'test add corporate customer pass'
- test add corporate customer fail
?                             ^ ^^
+ test add corporate customer pass
?                             ^ ^^



        </pre>
    </div>
    <!--css div popup end-->

    </td>
</tr>

<tr id='ft1.43' class='none'>
    <td class='failCase'><div class='testcase'>test_b_add_enterprise_41__D</div></td>
    <td colspan='5' align='center'>

    <!--css div popup start-->
    <a class="popup_link" onfocus='this.blur();' href="javascript:showTestDetail('div_ft1.43')" >
        fail</a>

    <div id='div_ft1.43' class="popup_window">
        <div style='text-align: right; color:red;cursor:pointer'>
        <a onfocus='this.blur();' onclick="document.getElementById('div_ft1.43').style.display = 'none' " >
           [x]</a>
        </div>
        <pre>
        
ft1.43: Traceback (most recent call last):
  File "D:\python\python36\lib\site-packages\parameterized\parameterized.py", line 518, in standalone_func
    return func(*(a + p.args), **p.kwargs)
  File "D:\python\yangle0103\woniuboss\bin\woniuboss_gui\corporate_test\corporate_test.py", line 59, in test_b_add_enterprise
    self.assertEqual(expect,actual)
AssertionError: 'test add corporate customer fail' != 'test add corporate customer pass'
- test add corporate customer fail
?                             ^ ^^
+ test add corporate customer pass
?                             ^ ^^

Traceback (most recent call last):
  File "D:\python\python36\lib\site-packages\parameterized\parameterized.py", line 518, in standalone_func
    return func(*(a + p.args), **p.kwargs)
  File "D:\python\yangle0103\woniuboss\bin\woniuboss_gui\corporate_test\corporate_test.py", line 59, in test_b_add_enterprise
    self.assertEqual(expect,actual)
AssertionError: 'test add corporate customer fail' != 'test add corporate customer pass'
- test add corporate customer fail
?                             ^ ^^
+ test add corporate customer pass
?                             ^ ^^



        </pre>
    </div>
    <!--css div popup end-->

    </td>
</tr>

<tr id='ft1.44' class='none'>
    <td class='failCase'><div class='testcase'>test_b_add_enterprise_42__E</div></td>
    <td colspan='5' align='center'>

    <!--css div popup start-->
    <a class="popup_link" onfocus='this.blur();' href="javascript:showTestDetail('div_ft1.44')" >
        fail</a>

    <div id='div_ft1.44' class="popup_window">
        <div style='text-align: right; color:red;cursor:pointer'>
        <a onfocus='this.blur();' onclick="document.getElementById('div_ft1.44').style.display = 'none' " >
           [x]</a>
        </div>
        <pre>
        
ft1.44: Traceback (most recent call last):
  File "D:\python\python36\lib\site-packages\parameterized\parameterized.py", line 518, in standalone_func
    return func(*(a + p.args), **p.kwargs)
  File "D:\python\yangle0103\woniuboss\bin\woniuboss_gui\corporate_test\corporate_test.py", line 59, in test_b_add_enterprise
    self.assertEqual(expect,actual)
AssertionError: 'test add corporate customer fail' != 'test add corporate customer pass'
- test add corporate customer fail
?                             ^ ^^
+ test add corporate customer pass
?                             ^ ^^

Traceback (most recent call last):
  File "D:\python\python36\lib\site-packages\parameterized\parameterized.py", line 518, in standalone_func
    return func(*(a + p.args), **p.kwargs)
  File "D:\python\yangle0103\woniuboss\bin\woniuboss_gui\corporate_test\corporate_test.py", line 59, in test_b_add_enterprise
    self.assertEqual(expect,actual)
AssertionError: 'test add corporate customer fail' != 'test add corporate customer pass'
- test add corporate customer fail
?                             ^ ^^
+ test add corporate customer pass
?                             ^ ^^



        </pre>
    </div>
    <!--css div popup end-->

    </td>
</tr>

<tr id='pt1.45' class='hiddenRow'>
    <td class='none'><div class='testcase'>test_b_add_enterprise_43__F</div></td>
    <td colspan='5' align='center'>pass</td>
</tr>

<tr id='pt1.46' class='hiddenRow'>
    <td class='none'><div class='testcase'>test_b_add_enterprise_44__G</div></td>
    <td colspan='5' align='center'>pass</td>
</tr>

<tr id='ft1.47' class='none'>
    <td class='failCase'><div class='testcase'>test_b_add_enterprise_45__H</div></td>
    <td colspan='5' align='center'>

    <!--css div popup start-->
    <a class="popup_link" onfocus='this.blur();' href="javascript:showTestDetail('div_ft1.47')" >
        fail</a>

    <div id='div_ft1.47' class="popup_window">
        <div style='text-align: right; color:red;cursor:pointer'>
        <a onfocus='this.blur();' onclick="document.getElementById('div_ft1.47').style.display = 'none' " >
           [x]</a>
        </div>
        <pre>
        
ft1.47: Traceback (most recent call last):
  File "D:\python\python36\lib\site-packages\parameterized\parameterized.py", line 518, in standalone_func
    return func(*(a + p.args), **p.kwargs)
  File "D:\python\yangle0103\woniuboss\bin\woniuboss_gui\corporate_test\corporate_test.py", line 59, in test_b_add_enterprise
    self.assertEqual(expect,actual)
AssertionError: 'test add corporate customer fail' != 'test add corporate customer pass'
- test add corporate customer fail
?                             ^ ^^
+ test add corporate customer pass
?                             ^ ^^

Traceback (most recent call last):
  File "D:\python\python36\lib\site-packages\parameterized\parameterized.py", line 518, in standalone_func
    return func(*(a + p.args), **p.kwargs)
  File "D:\python\yangle0103\woniuboss\bin\woniuboss_gui\corporate_test\corporate_test.py", line 59, in test_b_add_enterprise
    self.assertEqual(expect,actual)
AssertionError: 'test add corporate customer fail' != 'test add corporate customer pass'
- test add corporate customer fail
?                             ^ ^^
+ test add corporate customer pass
?                             ^ ^^



        </pre>
    </div>
    <!--css div popup end-->

    </td>
</tr>

<tr id='ft1.48' class='none'>
    <td class='failCase'><div class='testcase'>test_b_add_enterprise_46__I</div></td>
    <td colspan='5' align='center'>

    <!--css div popup start-->
    <a class="popup_link" onfocus='this.blur();' href="javascript:showTestDetail('div_ft1.48')" >
        fail</a>

    <div id='div_ft1.48' class="popup_window">
        <div style='text-align: right; color:red;cursor:pointer'>
        <a onfocus='this.blur();' onclick="document.getElementById('div_ft1.48').style.display = 'none' " >
           [x]</a>
        </div>
        <pre>
        
ft1.48: Traceback (most recent call last):
  File "D:\python\python36\lib\site-packages\parameterized\parameterized.py", line 518, in standalone_func
    return func(*(a + p.args), **p.kwargs)
  File "D:\python\yangle0103\woniuboss\bin\woniuboss_gui\corporate_test\corporate_test.py", line 59, in test_b_add_enterprise
    self.assertEqual(expect,actual)
AssertionError: 'test add corporate customer fail' != 'test add corporate customer pass'
- test add corporate customer fail
?                             ^ ^^
+ test add corporate customer pass
?                             ^ ^^

Traceback (most recent call last):
  File "D:\python\python36\lib\site-packages\parameterized\parameterized.py", line 518, in standalone_func
    return func(*(a + p.args), **p.kwargs)
  File "D:\python\yangle0103\woniuboss\bin\woniuboss_gui\corporate_test\corporate_test.py", line 59, in test_b_add_enterprise
    self.assertEqual(expect,actual)
AssertionError: 'test add corporate customer fail' != 'test add corporate customer pass'
- test add corporate customer fail
?                             ^ ^^
+ test add corporate customer pass
?                             ^ ^^



        </pre>
    </div>
    <!--css div popup end-->

    </td>
</tr>

<tr id='ft1.49' class='none'>
    <td class='failCase'><div class='testcase'>test_b_add_enterprise_47__J</div></td>
    <td colspan='5' align='center'>

    <!--css div popup start-->
    <a class="popup_link" onfocus='this.blur();' href="javascript:showTestDetail('div_ft1.49')" >
        fail</a>

    <div id='div_ft1.49' class="popup_window">
        <div style='text-align: right; color:red;cursor:pointer'>
        <a onfocus='this.blur();' onclick="document.getElementById('div_ft1.49').style.display = 'none' " >
           [x]</a>
        </div>
        <pre>
        
ft1.49: Traceback (most recent call last):
  File "D:\python\python36\lib\site-packages\parameterized\parameterized.py", line 518, in standalone_func
    return func(*(a + p.args), **p.kwargs)
  File "D:\python\yangle0103\woniuboss\bin\woniuboss_gui\corporate_test\corporate_test.py", line 59, in test_b_add_enterprise
    self.assertEqual(expect,actual)
AssertionError: 'test add corporate customer fail' != 'test add corporate customer pass'
- test add corporate customer fail
?                             ^ ^^
+ test add corporate customer pass
?                             ^ ^^

Traceback (most recent call last):
  File "D:\python\python36\lib\site-packages\parameterized\parameterized.py", line 518, in standalone_func
    return func(*(a + p.args), **p.kwargs)
  File "D:\python\yangle0103\woniuboss\bin\woniuboss_gui\corporate_test\corporate_test.py", line 59, in test_b_add_enterprise
    self.assertEqual(expect,actual)
AssertionError: 'test add corporate customer fail' != 'test add corporate customer pass'
- test add corporate customer fail
?                             ^ ^^
+ test add corporate customer pass
?                             ^ ^^



        </pre>
    </div>
    <!--css div popup end-->

    </td>
</tr>

<tr id='ft1.50' class='none'>
    <td class='failCase'><div class='testcase'>test_b_add_enterprise_48__K</div></td>
    <td colspan='5' align='center'>

    <!--css div popup start-->
    <a class="popup_link" onfocus='this.blur();' href="javascript:showTestDetail('div_ft1.50')" >
        fail</a>

    <div id='div_ft1.50' class="popup_window">
        <div style='text-align: right; color:red;cursor:pointer'>
        <a onfocus='this.blur();' onclick="document.getElementById('div_ft1.50').style.display = 'none' " >
           [x]</a>
        </div>
        <pre>
        
ft1.50: Traceback (most recent call last):
  File "D:\python\python36\lib\site-packages\parameterized\parameterized.py", line 518, in standalone_func
    return func(*(a + p.args), **p.kwargs)
  File "D:\python\yangle0103\woniuboss\bin\woniuboss_gui\corporate_test\corporate_test.py", line 59, in test_b_add_enterprise
    self.assertEqual(expect,actual)
AssertionError: 'test add corporate customer fail' != 'test add corporate customer pass'
- test add corporate customer fail
?                             ^ ^^
+ test add corporate customer pass
?                             ^ ^^

Traceback (most recent call last):
  File "D:\python\python36\lib\site-packages\parameterized\parameterized.py", line 518, in standalone_func
    return func(*(a + p.args), **p.kwargs)
  File "D:\python\yangle0103\woniuboss\bin\woniuboss_gui\corporate_test\corporate_test.py", line 59, in test_b_add_enterprise
    self.assertEqual(expect,actual)
AssertionError: 'test add corporate customer fail' != 'test add corporate customer pass'
- test add corporate customer fail
?                             ^ ^^
+ test add corporate customer pass
?                             ^ ^^



        </pre>
    </div>
    <!--css div popup end-->

    </td>
</tr>

<tr id='ft1.51' class='none'>
    <td class='failCase'><div class='testcase'>test_b_add_enterprise_49__</div></td>
    <td colspan='5' align='center'>

    <!--css div popup start-->
    <a class="popup_link" onfocus='this.blur();' href="javascript:showTestDetail('div_ft1.51')" >
        fail</a>

    <div id='div_ft1.51' class="popup_window">
        <div style='text-align: right; color:red;cursor:pointer'>
        <a onfocus='this.blur();' onclick="document.getElementById('div_ft1.51').style.display = 'none' " >
           [x]</a>
        </div>
        <pre>
        
ft1.51: Traceback (most recent call last):
  File "D:\python\python36\lib\site-packages\parameterized\parameterized.py", line 518, in standalone_func
    return func(*(a + p.args), **p.kwargs)
  File "D:\python\yangle0103\woniuboss\bin\woniuboss_gui\corporate_test\corporate_test.py", line 59, in test_b_add_enterprise
    self.assertEqual(expect,actual)
AssertionError: 'test add corporate customer fail' != 'test add corporate customer pass'
- test add corporate customer fail
?                             ^ ^^
+ test add corporate customer pass
?                             ^ ^^

Traceback (most recent call last):
  File "D:\python\python36\lib\site-packages\parameterized\parameterized.py", line 518, in standalone_func
    return func(*(a + p.args), **p.kwargs)
  File "D:\python\yangle0103\woniuboss\bin\woniuboss_gui\corporate_test\corporate_test.py", line 59, in test_b_add_enterprise
    self.assertEqual(expect,actual)
AssertionError: 'test add corporate customer fail' != 'test add corporate customer pass'
- test add corporate customer fail
?                             ^ ^^
+ test add corporate customer pass
?                             ^ ^^



        </pre>
    </div>
    <!--css div popup end-->

    </td>
</tr>

<tr id='ft1.52' class='none'>
    <td class='failCase'><div class='testcase'>test_b_add_enterprise_50__A</div></td>
    <td colspan='5' align='center'>

    <!--css div popup start-->
    <a class="popup_link" onfocus='this.blur();' href="javascript:showTestDetail('div_ft1.52')" >
        fail</a>

    <div id='div_ft1.52' class="popup_window">
        <div style='text-align: right; color:red;cursor:pointer'>
        <a onfocus='this.blur();' onclick="document.getElementById('div_ft1.52').style.display = 'none' " >
           [x]</a>
        </div>
        <pre>
        
ft1.52: Traceback (most recent call last):
  File "D:\python\python36\lib\site-packages\parameterized\parameterized.py", line 518, in standalone_func
    return func(*(a + p.args), **p.kwargs)
  File "D:\python\yangle0103\woniuboss\bin\woniuboss_gui\corporate_test\corporate_test.py", line 59, in test_b_add_enterprise
    self.assertEqual(expect,actual)
AssertionError: 'test add corporate customer fail' != 'test add corporate customer pass'
- test add corporate customer fail
?                             ^ ^^
+ test add corporate customer pass
?                             ^ ^^

Traceback (most recent call last):
  File "D:\python\python36\lib\site-packages\parameterized\parameterized.py", line 518, in standalone_func
    return func(*(a + p.args), **p.kwargs)
  File "D:\python\yangle0103\woniuboss\bin\woniuboss_gui\corporate_test\corporate_test.py", line 59, in test_b_add_enterprise
    self.assertEqual(expect,actual)
AssertionError: 'test add corporate customer fail' != 'test add corporate customer pass'
- test add corporate customer fail
?                             ^ ^^
+ test add corporate customer pass
?                             ^ ^^



        </pre>
    </div>
    <!--css div popup end-->

    </td>
</tr>

<tr id='ft1.53' class='none'>
    <td class='failCase'><div class='testcase'>test_c_modify_enterprise_00__</div></td>
    <td colspan='5' align='center'>

    <!--css div popup start-->
    <a class="popup_link" onfocus='this.blur();' href="javascript:showTestDetail('div_ft1.53')" >
        fail</a>

    <div id='div_ft1.53' class="popup_window">
        <div style='text-align: right; color:red;cursor:pointer'>
        <a onfocus='this.blur();' onclick="document.getElementById('div_ft1.53').style.display = 'none' " >
           [x]</a>
        </div>
        <pre>
        
ft1.53: Traceback (most recent call last):
  File "D:\python\python36\lib\site-packages\parameterized\parameterized.py", line 518, in standalone_func
    return func(*(a + p.args), **p.kwargs)
  File "D:\python\yangle0103\woniuboss\bin\woniuboss_gui\corporate_test\corporate_test.py", line 74, in test_c_modify_enterprise
    self.assertEqual(expect,actual)
AssertionError: 'test modify corporate customer pass' != 'test modify corporate customer fail'
- test modify corporate customer pass
?                                ^ ^^
+ test modify corporate customer fail
?                                ^ ^^

Traceback (most recent call last):
  File "D:\python\python36\lib\site-packages\parameterized\parameterized.py", line 518, in standalone_func
    return func(*(a + p.args), **p.kwargs)
  File "D:\python\yangle0103\woniuboss\bin\woniuboss_gui\corporate_test\corporate_test.py", line 74, in test_c_modify_enterprise
    self.assertEqual(expect,actual)
AssertionError: 'test modify corporate customer pass' != 'test modify corporate customer fail'
- test modify corporate customer pass
?                                ^ ^^
+ test modify corporate customer fail
?                                ^ ^^



        </pre>
    </div>
    <!--css div popup end-->

    </td>
</tr>

<tr id='pt1.54' class='hiddenRow'>
    <td class='none'><div class='testcase'>test_c_modify_enterprise_01__</div></td>
    <td colspan='5' align='center'>pass</td>
</tr>

<tr id='ft1.55' class='none'>
    <td class='failCase'><div class='testcase'>test_c_modify_enterprise_02__</div></td>
    <td colspan='5' align='center'>

    <!--css div popup start-->
    <a class="popup_link" onfocus='this.blur();' href="javascript:showTestDetail('div_ft1.55')" >
        fail</a>

    <div id='div_ft1.55' class="popup_window">
        <div style='text-align: right; color:red;cursor:pointer'>
        <a onfocus='this.blur();' onclick="document.getElementById('div_ft1.55').style.display = 'none' " >
           [x]</a>
        </div>
        <pre>
        
ft1.55: Traceback (most recent call last):
  File "D:\python\python36\lib\site-packages\parameterized\parameterized.py", line 518, in standalone_func
    return func(*(a + p.args), **p.kwargs)
  File "D:\python\yangle0103\woniuboss\bin\woniuboss_gui\corporate_test\corporate_test.py", line 74, in test_c_modify_enterprise
    self.assertEqual(expect,actual)
AssertionError: 'test modify corporate customer pass' != 'test modify corporate customer fail'
- test modify corporate customer pass
?                                ^ ^^
+ test modify corporate customer fail
?                                ^ ^^

Traceback (most recent call last):
  File "D:\python\python36\lib\site-packages\parameterized\parameterized.py", line 518, in standalone_func
    return func(*(a + p.args), **p.kwargs)
  File "D:\python\yangle0103\woniuboss\bin\woniuboss_gui\corporate_test\corporate_test.py", line 74, in test_c_modify_enterprise
    self.assertEqual(expect,actual)
AssertionError: 'test modify corporate customer pass' != 'test modify corporate customer fail'
- test modify corporate customer pass
?                                ^ ^^
+ test modify corporate customer fail
?                                ^ ^^



        </pre>
    </div>
    <!--css div popup end-->

    </td>
</tr>

<tr id='pt1.56' class='hiddenRow'>
    <td class='none'><div class='testcase'>test_c_modify_enterprise_03__</div></td>
    <td colspan='5' align='center'>pass</td>
</tr>

<tr id='pt1.57' class='hiddenRow'>
    <td class='none'><div class='testcase'>test_c_modify_enterprise_04__</div></td>
    <td colspan='5' align='center'>pass</td>
</tr>

<tr id='pt1.58' class='hiddenRow'>
    <td class='none'><div class='testcase'>test_c_modify_enterprise_05__</div></td>
    <td colspan='5' align='center'>pass</td>
</tr>

<tr id='pt1.59' class='hiddenRow'>
    <td class='none'><div class='testcase'>test_c_modify_enterprise_06__</div></td>
    <td colspan='5' align='center'>pass</td>
</tr>

<tr id='pt1.60' class='hiddenRow'>
    <td class='none'><div class='testcase'>test_c_modify_enterprise_07__</div></td>
    <td colspan='5' align='center'>pass</td>
</tr>

<tr id='pt1.61' class='hiddenRow'>
    <td class='none'><div class='testcase'>test_c_modify_enterprise_08_</div></td>
    <td colspan='5' align='center'>pass</td>
</tr>

<tr id='pt1.62' class='hiddenRow'>
    <td class='none'><div class='testcase'>test_c_modify_enterprise_09__a</div></td>
    <td colspan='5' align='center'>pass</td>
</tr>

<tr id='pt1.63' class='hiddenRow'>
    <td class='none'><div class='testcase'>test_c_modify_enterprise_10__b</div></td>
    <td colspan='5' align='center'>pass</td>
</tr>

<tr id='pt1.64' class='hiddenRow'>
    <td class='none'><div class='testcase'>test_c_modify_enterprise_11__c</div></td>
    <td colspan='5' align='center'>pass</td>
</tr>

<tr id='pt1.65' class='hiddenRow'>
    <td class='none'><div class='testcase'>test_c_modify_enterprise_12__d</div></td>
    <td colspan='5' align='center'>pass</td>
</tr>

<tr id='pt1.66' class='hiddenRow'>
    <td class='none'><div class='testcase'>test_c_modify_enterprise_13__e</div></td>
    <td colspan='5' align='center'>pass</td>
</tr>

<tr id='pt1.67' class='hiddenRow'>
    <td class='none'><div class='testcase'>test_c_modify_enterprise_14__f</div></td>
    <td colspan='5' align='center'>pass</td>
</tr>

<tr id='pt1.68' class='hiddenRow'>
    <td class='none'><div class='testcase'>test_c_modify_enterprise_15__g</div></td>
    <td colspan='5' align='center'>pass</td>
</tr>

<tr id='ft1.69' class='none'>
    <td class='failCase'><div class='testcase'>test_c_modify_enterprise_16__h</div></td>
    <td colspan='5' align='center'>

    <!--css div popup start-->
    <a class="popup_link" onfocus='this.blur();' href="javascript:showTestDetail('div_ft1.69')" >
        fail</a>

    <div id='div_ft1.69' class="popup_window">
        <div style='text-align: right; color:red;cursor:pointer'>
        <a onfocus='this.blur();' onclick="document.getElementById('div_ft1.69').style.display = 'none' " >
           [x]</a>
        </div>
        <pre>
        
ft1.69: Traceback (most recent call last):
  File "D:\python\python36\lib\site-packages\parameterized\parameterized.py", line 518, in standalone_func
    return func(*(a + p.args), **p.kwargs)
  File "D:\python\yangle0103\woniuboss\bin\woniuboss_gui\corporate_test\corporate_test.py", line 74, in test_c_modify_enterprise
    self.assertEqual(expect,actual)
AssertionError: 'test modify corporate customer pass' != 'test modify corporate customer fail'
- test modify corporate customer pass
?                                ^ ^^
+ test modify corporate customer fail
?                                ^ ^^

Traceback (most recent call last):
  File "D:\python\python36\lib\site-packages\parameterized\parameterized.py", line 518, in standalone_func
    return func(*(a + p.args), **p.kwargs)
  File "D:\python\yangle0103\woniuboss\bin\woniuboss_gui\corporate_test\corporate_test.py", line 74, in test_c_modify_enterprise
    self.assertEqual(expect,actual)
AssertionError: 'test modify corporate customer pass' != 'test modify corporate customer fail'
- test modify corporate customer pass
?                                ^ ^^
+ test modify corporate customer fail
?                                ^ ^^



        </pre>
    </div>
    <!--css div popup end-->

    </td>
</tr>

<tr id='ft1.70' class='none'>
    <td class='failCase'><div class='testcase'>test_c_modify_enterprise_17__i</div></td>
    <td colspan='5' align='center'>

    <!--css div popup start-->
    <a class="popup_link" onfocus='this.blur();' href="javascript:showTestDetail('div_ft1.70')" >
        fail</a>

    <div id='div_ft1.70' class="popup_window">
        <div style='text-align: right; color:red;cursor:pointer'>
        <a onfocus='this.blur();' onclick="document.getElementById('div_ft1.70').style.display = 'none' " >
           [x]</a>
        </div>
        <pre>
        
ft1.70: Traceback (most recent call last):
  File "D:\python\python36\lib\site-packages\parameterized\parameterized.py", line 518, in standalone_func
    return func(*(a + p.args), **p.kwargs)
  File "D:\python\yangle0103\woniuboss\bin\woniuboss_gui\corporate_test\corporate_test.py", line 74, in test_c_modify_enterprise
    self.assertEqual(expect,actual)
AssertionError: 'test modify corporate customer pass' != 'test modify corporate customer fail'
- test modify corporate customer pass
?                                ^ ^^
+ test modify corporate customer fail
?                                ^ ^^

Traceback (most recent call last):
  File "D:\python\python36\lib\site-packages\parameterized\parameterized.py", line 518, in standalone_func
    return func(*(a + p.args), **p.kwargs)
  File "D:\python\yangle0103\woniuboss\bin\woniuboss_gui\corporate_test\corporate_test.py", line 74, in test_c_modify_enterprise
    self.assertEqual(expect,actual)
AssertionError: 'test modify corporate customer pass' != 'test modify corporate customer fail'
- test modify corporate customer pass
?                                ^ ^^
+ test modify corporate customer fail
?                                ^ ^^



        </pre>
    </div>
    <!--css div popup end-->

    </td>
</tr>

<tr id='pt1.71' class='hiddenRow'>
    <td class='none'><div class='testcase'>test_c_modify_enterprise_18__a</div></td>
    <td colspan='5' align='center'>pass</td>
</tr>

<tr id='ft1.72' class='none'>
    <td class='failCase'><div class='testcase'>test_c_modify_enterprise_19__b</div></td>
    <td colspan='5' align='center'>

    <!--css div popup start-->
    <a class="popup_link" onfocus='this.blur();' href="javascript:showTestDetail('div_ft1.72')" >
        fail</a>

    <div id='div_ft1.72' class="popup_window">
        <div style='text-align: right; color:red;cursor:pointer'>
        <a onfocus='this.blur();' onclick="document.getElementById('div_ft1.72').style.display = 'none' " >
           [x]</a>
        </div>
        <pre>
        
ft1.72: Traceback (most recent call last):
  File "D:\python\python36\lib\site-packages\parameterized\parameterized.py", line 518, in standalone_func
    return func(*(a + p.args), **p.kwargs)
  File "D:\python\yangle0103\woniuboss\bin\woniuboss_gui\corporate_test\corporate_test.py", line 74, in test_c_modify_enterprise
    self.assertEqual(expect,actual)
AssertionError: 'test modify corporate customer pass' != 'test modify corporate customer fail'
- test modify corporate customer pass
?                                ^ ^^
+ test modify corporate customer fail
?                                ^ ^^

Traceback (most recent call last):
  File "D:\python\python36\lib\site-packages\parameterized\parameterized.py", line 518, in standalone_func
    return func(*(a + p.args), **p.kwargs)
  File "D:\python\yangle0103\woniuboss\bin\woniuboss_gui\corporate_test\corporate_test.py", line 74, in test_c_modify_enterprise
    self.assertEqual(expect,actual)
AssertionError: 'test modify corporate customer pass' != 'test modify corporate customer fail'
- test modify corporate customer pass
?                                ^ ^^
+ test modify corporate customer fail
?                                ^ ^^



        </pre>
    </div>
    <!--css div popup end-->

    </td>
</tr>

<tr id='ft1.73' class='none'>
    <td class='failCase'><div class='testcase'>test_c_modify_enterprise_20__c</div></td>
    <td colspan='5' align='center'>

    <!--css div popup start-->
    <a class="popup_link" onfocus='this.blur();' href="javascript:showTestDetail('div_ft1.73')" >
        fail</a>

    <div id='div_ft1.73' class="popup_window">
        <div style='text-align: right; color:red;cursor:pointer'>
        <a onfocus='this.blur();' onclick="document.getElementById('div_ft1.73').style.display = 'none' " >
           [x]</a>
        </div>
        <pre>
        
ft1.73: Traceback (most recent call last):
  File "D:\python\python36\lib\site-packages\parameterized\parameterized.py", line 518, in standalone_func
    return func(*(a + p.args), **p.kwargs)
  File "D:\python\yangle0103\woniuboss\bin\woniuboss_gui\corporate_test\corporate_test.py", line 74, in test_c_modify_enterprise
    self.assertEqual(expect,actual)
AssertionError: 'test modify corporate customer pass' != 'test modify corporate customer fail'
- test modify corporate customer pass
?                                ^ ^^
+ test modify corporate customer fail
?                                ^ ^^

Traceback (most recent call last):
  File "D:\python\python36\lib\site-packages\parameterized\parameterized.py", line 518, in standalone_func
    return func(*(a + p.args), **p.kwargs)
  File "D:\python\yangle0103\woniuboss\bin\woniuboss_gui\corporate_test\corporate_test.py", line 74, in test_c_modify_enterprise
    self.assertEqual(expect,actual)
AssertionError: 'test modify corporate customer pass' != 'test modify corporate customer fail'
- test modify corporate customer pass
?                                ^ ^^
+ test modify corporate customer fail
?                                ^ ^^



        </pre>
    </div>
    <!--css div popup end-->

    </td>
</tr>

<tr id='pt1.74' class='hiddenRow'>
    <td class='none'><div class='testcase'>test_c_modify_enterprise_21__d</div></td>
    <td colspan='5' align='center'>pass</td>
</tr>

<tr id='pt1.75' class='hiddenRow'>
    <td class='none'><div class='testcase'>test_c_modify_enterprise_22__e</div></td>
    <td colspan='5' align='center'>pass</td>
</tr>

<tr id='pt1.76' class='hiddenRow'>
    <td class='none'><div class='testcase'>test_c_modify_enterprise_23__f</div></td>
    <td colspan='5' align='center'>pass</td>
</tr>

<tr id='ft1.77' class='none'>
    <td class='failCase'><div class='testcase'>test_c_modify_enterprise_24__g</div></td>
    <td colspan='5' align='center'>

    <!--css div popup start-->
    <a class="popup_link" onfocus='this.blur();' href="javascript:showTestDetail('div_ft1.77')" >
        fail</a>

    <div id='div_ft1.77' class="popup_window">
        <div style='text-align: right; color:red;cursor:pointer'>
        <a onfocus='this.blur();' onclick="document.getElementById('div_ft1.77').style.display = 'none' " >
           [x]</a>
        </div>
        <pre>
        
ft1.77: Traceback (most recent call last):
  File "D:\python\python36\lib\site-packages\parameterized\parameterized.py", line 518, in standalone_func
    return func(*(a + p.args), **p.kwargs)
  File "D:\python\yangle0103\woniuboss\bin\woniuboss_gui\corporate_test\corporate_test.py", line 74, in test_c_modify_enterprise
    self.assertEqual(expect,actual)
AssertionError: 'test modify corporate customer pass' != 'test modify corporate customer fail'
- test modify corporate customer pass
?                                ^ ^^
+ test modify corporate customer fail
?                                ^ ^^

Traceback (most recent call last):
  File "D:\python\python36\lib\site-packages\parameterized\parameterized.py", line 518, in standalone_func
    return func(*(a + p.args), **p.kwargs)
  File "D:\python\yangle0103\woniuboss\bin\woniuboss_gui\corporate_test\corporate_test.py", line 74, in test_c_modify_enterprise
    self.assertEqual(expect,actual)
AssertionError: 'test modify corporate customer pass' != 'test modify corporate customer fail'
- test modify corporate customer pass
?                                ^ ^^
+ test modify corporate customer fail
?                                ^ ^^



        </pre>
    </div>
    <!--css div popup end-->

    </td>
</tr>

<tr id='pt1.78' class='hiddenRow'>
    <td class='none'><div class='testcase'>test_c_modify_enterprise_25__a</div></td>
    <td colspan='5' align='center'>pass</td>
</tr>

<tr id='ft1.79' class='none'>
    <td class='failCase'><div class='testcase'>test_c_modify_enterprise_26__a</div></td>
    <td colspan='5' align='center'>

    <!--css div popup start-->
    <a class="popup_link" onfocus='this.blur();' href="javascript:showTestDetail('div_ft1.79')" >
        fail</a>

    <div id='div_ft1.79' class="popup_window">
        <div style='text-align: right; color:red;cursor:pointer'>
        <a onfocus='this.blur();' onclick="document.getElementById('div_ft1.79').style.display = 'none' " >
           [x]</a>
        </div>
        <pre>
        
ft1.79: Traceback (most recent call last):
  File "D:\python\python36\lib\site-packages\parameterized\parameterized.py", line 518, in standalone_func
    return func(*(a + p.args), **p.kwargs)
  File "D:\python\yangle0103\woniuboss\bin\woniuboss_gui\corporate_test\corporate_test.py", line 74, in test_c_modify_enterprise
    self.assertEqual(expect,actual)
AssertionError: 'test modify corporate customer pass' != 'test modify corporate customer fail'
- test modify corporate customer pass
?                                ^ ^^
+ test modify corporate customer fail
?                                ^ ^^

Traceback (most recent call last):
  File "D:\python\python36\lib\site-packages\parameterized\parameterized.py", line 518, in standalone_func
    return func(*(a + p.args), **p.kwargs)
  File "D:\python\yangle0103\woniuboss\bin\woniuboss_gui\corporate_test\corporate_test.py", line 74, in test_c_modify_enterprise
    self.assertEqual(expect,actual)
AssertionError: 'test modify corporate customer pass' != 'test modify corporate customer fail'
- test modify corporate customer pass
?                                ^ ^^
+ test modify corporate customer fail
?                                ^ ^^



        </pre>
    </div>
    <!--css div popup end-->

    </td>
</tr>

<tr id='ft1.80' class='none'>
    <td class='failCase'><div class='testcase'>test_c_modify_enterprise_27__b</div></td>
    <td colspan='5' align='center'>

    <!--css div popup start-->
    <a class="popup_link" onfocus='this.blur();' href="javascript:showTestDetail('div_ft1.80')" >
        fail</a>

    <div id='div_ft1.80' class="popup_window">
        <div style='text-align: right; color:red;cursor:pointer'>
        <a onfocus='this.blur();' onclick="document.getElementById('div_ft1.80').style.display = 'none' " >
           [x]</a>
        </div>
        <pre>
        
ft1.80: Traceback (most recent call last):
  File "D:\python\python36\lib\site-packages\parameterized\parameterized.py", line 518, in standalone_func
    return func(*(a + p.args), **p.kwargs)
  File "D:\python\yangle0103\woniuboss\bin\woniuboss_gui\corporate_test\corporate_test.py", line 74, in test_c_modify_enterprise
    self.assertEqual(expect,actual)
AssertionError: 'test modify corporate customer pass' != 'test modify corporate customer fail'
- test modify corporate customer pass
?                                ^ ^^
+ test modify corporate customer fail
?                                ^ ^^

Traceback (most recent call last):
  File "D:\python\python36\lib\site-packages\parameterized\parameterized.py", line 518, in standalone_func
    return func(*(a + p.args), **p.kwargs)
  File "D:\python\yangle0103\woniuboss\bin\woniuboss_gui\corporate_test\corporate_test.py", line 74, in test_c_modify_enterprise
    self.assertEqual(expect,actual)
AssertionError: 'test modify corporate customer pass' != 'test modify corporate customer fail'
- test modify corporate customer pass
?                                ^ ^^
+ test modify corporate customer fail
?                                ^ ^^



        </pre>
    </div>
    <!--css div popup end-->

    </td>
</tr>

<tr id='pt1.81' class='hiddenRow'>
    <td class='none'><div class='testcase'>test_c_modify_enterprise_28__c</div></td>
    <td colspan='5' align='center'>pass</td>
</tr>

<tr id='pt1.82' class='hiddenRow'>
    <td class='none'><div class='testcase'>test_c_modify_enterprise_29__d</div></td>
    <td colspan='5' align='center'>pass</td>
</tr>

<tr id='pt1.83' class='hiddenRow'>
    <td class='none'><div class='testcase'>test_c_modify_enterprise_30__e</div></td>
    <td colspan='5' align='center'>pass</td>
</tr>

<tr id='pt1.84' class='hiddenRow'>
    <td class='none'><div class='testcase'>test_c_modify_enterprise_31__f</div></td>
    <td colspan='5' align='center'>pass</td>
</tr>

<tr id='pt1.85' class='hiddenRow'>
    <td class='none'><div class='testcase'>test_c_modify_enterprise_32__g</div></td>
    <td colspan='5' align='center'>pass</td>
</tr>

<tr id='pt1.86' class='hiddenRow'>
    <td class='none'><div class='testcase'>test_c_modify_enterprise_33__M</div></td>
    <td colspan='5' align='center'>pass</td>
</tr>

<tr id='ft1.87' class='none'>
    <td class='failCase'><div class='testcase'>test_c_modify_enterprise_34__N</div></td>
    <td colspan='5' align='center'>

    <!--css div popup start-->
    <a class="popup_link" onfocus='this.blur();' href="javascript:showTestDetail('div_ft1.87')" >
        fail</a>

    <div id='div_ft1.87' class="popup_window">
        <div style='text-align: right; color:red;cursor:pointer'>
        <a onfocus='this.blur();' onclick="document.getElementById('div_ft1.87').style.display = 'none' " >
           [x]</a>
        </div>
        <pre>
        
ft1.87: Traceback (most recent call last):
  File "D:\python\python36\lib\site-packages\parameterized\parameterized.py", line 518, in standalone_func
    return func(*(a + p.args), **p.kwargs)
  File "D:\python\yangle0103\woniuboss\bin\woniuboss_gui\corporate_test\corporate_test.py", line 74, in test_c_modify_enterprise
    self.assertEqual(expect,actual)
AssertionError: 'test modify corporate customer pass' != 'test modify corporate customer fail'
- test modify corporate customer pass
?                                ^ ^^
+ test modify corporate customer fail
?                                ^ ^^

Traceback (most recent call last):
  File "D:\python\python36\lib\site-packages\parameterized\parameterized.py", line 518, in standalone_func
    return func(*(a + p.args), **p.kwargs)
  File "D:\python\yangle0103\woniuboss\bin\woniuboss_gui\corporate_test\corporate_test.py", line 74, in test_c_modify_enterprise
    self.assertEqual(expect,actual)
AssertionError: 'test modify corporate customer pass' != 'test modify corporate customer fail'
- test modify corporate customer pass
?                                ^ ^^
+ test modify corporate customer fail
?                                ^ ^^



        </pre>
    </div>
    <!--css div popup end-->

    </td>
</tr>

<tr id='pt1.88' class='hiddenRow'>
    <td class='none'><div class='testcase'>test_c_modify_enterprise_35__O</div></td>
    <td colspan='5' align='center'>pass</td>
</tr>

<tr id='pt1.89' class='hiddenRow'>
    <td class='none'><div class='testcase'>test_c_modify_enterprise_36__O</div></td>
    <td colspan='5' align='center'>pass</td>
</tr>

<tr id='pt1.90' class='hiddenRow'>
    <td class='none'><div class='testcase'>test_c_modify_enterprise_37__P</div></td>
    <td colspan='5' align='center'>pass</td>
</tr>

<tr id='pt1.91' class='hiddenRow'>
    <td class='none'><div class='testcase'>test_c_modify_enterprise_38__S</div></td>
    <td colspan='5' align='center'>pass</td>
</tr>

<tr id='pt1.92' class='hiddenRow'>
    <td class='none'><div class='testcase'>test_c_modify_enterprise_39__A</div></td>
    <td colspan='5' align='center'>pass</td>
</tr>

<tr id='pt1.93' class='hiddenRow'>
    <td class='none'><div class='testcase'>test_c_modify_enterprise_40__B</div></td>
    <td colspan='5' align='center'>pass</td>
</tr>

<tr id='pt1.94' class='hiddenRow'>
    <td class='none'><div class='testcase'>test_c_modify_enterprise_41__C</div></td>
    <td colspan='5' align='center'>pass</td>
</tr>

<tr id='pt1.95' class='hiddenRow'>
    <td class='none'><div class='testcase'>test_c_modify_enterprise_42__D</div></td>
    <td colspan='5' align='center'>pass</td>
</tr>

<tr id='pt1.96' class='hiddenRow'>
    <td class='none'><div class='testcase'>test_c_modify_enterprise_43__E</div></td>
    <td colspan='5' align='center'>pass</td>
</tr>

<tr id='pt1.97' class='hiddenRow'>
    <td class='none'><div class='testcase'>test_c_modify_enterprise_44__F</div></td>
    <td colspan='5' align='center'>pass</td>
</tr>

<tr id='ft1.98' class='none'>
    <td class='failCase'><div class='testcase'>test_c_modify_enterprise_45__G</div></td>
    <td colspan='5' align='center'>

    <!--css div popup start-->
    <a class="popup_link" onfocus='this.blur();' href="javascript:showTestDetail('div_ft1.98')" >
        fail</a>

    <div id='div_ft1.98' class="popup_window">
        <div style='text-align: right; color:red;cursor:pointer'>
        <a onfocus='this.blur();' onclick="document.getElementById('div_ft1.98').style.display = 'none' " >
           [x]</a>
        </div>
        <pre>
        
ft1.98: Traceback (most recent call last):
  File "D:\python\python36\lib\site-packages\parameterized\parameterized.py", line 518, in standalone_func
    return func(*(a + p.args), **p.kwargs)
  File "D:\python\yangle0103\woniuboss\bin\woniuboss_gui\corporate_test\corporate_test.py", line 74, in test_c_modify_enterprise
    self.assertEqual(expect,actual)
AssertionError: 'test modify corporate customer pass' != 'test modify corporate customer fail'
- test modify corporate customer pass
?                                ^ ^^
+ test modify corporate customer fail
?                                ^ ^^

Traceback (most recent call last):
  File "D:\python\python36\lib\site-packages\parameterized\parameterized.py", line 518, in standalone_func
    return func(*(a + p.args), **p.kwargs)
  File "D:\python\yangle0103\woniuboss\bin\woniuboss_gui\corporate_test\corporate_test.py", line 74, in test_c_modify_enterprise
    self.assertEqual(expect,actual)
AssertionError: 'test modify corporate customer pass' != 'test modify corporate customer fail'
- test modify corporate customer pass
?                                ^ ^^
+ test modify corporate customer fail
?                                ^ ^^



        </pre>
    </div>
    <!--css div popup end-->

    </td>
</tr>

<tr id='pt1.99' class='hiddenRow'>
    <td class='none'><div class='testcase'>test_c_modify_enterprise_46__H</div></td>
    <td colspan='5' align='center'>pass</td>
</tr>

<tr id='pt1.100' class='hiddenRow'>
    <td class='none'><div class='testcase'>test_c_modify_enterprise_47__I</div></td>
    <td colspan='5' align='center'>pass</td>
</tr>

<tr id='pt1.101' class='hiddenRow'>
    <td class='none'><div class='testcase'>test_c_modify_enterprise_48__J</div></td>
    <td colspan='5' align='center'>pass</td>
</tr>

<tr id='pt1.102' class='hiddenRow'>
    <td class='none'><div class='testcase'>test_c_modify_enterprise_49__K</div></td>
    <td colspan='5' align='center'>pass</td>
</tr>

<tr id='ft1.103' class='none'>
    <td class='failCase'><div class='testcase'>test_c_modify_enterprise_50__</div></td>
    <td colspan='5' align='center'>

    <!--css div popup start-->
    <a class="popup_link" onfocus='this.blur();' href="javascript:showTestDetail('div_ft1.103')" >
        fail</a>

    <div id='div_ft1.103' class="popup_window">
        <div style='text-align: right; color:red;cursor:pointer'>
        <a onfocus='this.blur();' onclick="document.getElementById('div_ft1.103').style.display = 'none' " >
           [x]</a>
        </div>
        <pre>
        
ft1.103: Traceback (most recent call last):
  File "D:\python\python36\lib\site-packages\parameterized\parameterized.py", line 518, in standalone_func
    return func(*(a + p.args), **p.kwargs)
  File "D:\python\yangle0103\woniuboss\bin\woniuboss_gui\corporate_test\corporate_test.py", line 74, in test_c_modify_enterprise
    self.assertEqual(expect,actual)
AssertionError: 'test modify corporate customer fail' != 'test modify corporate customer pass'
- test modify corporate customer fail
?                                ^ ^^
+ test modify corporate customer pass
?                                ^ ^^

Traceback (most recent call last):
  File "D:\python\python36\lib\site-packages\parameterized\parameterized.py", line 518, in standalone_func
    return func(*(a + p.args), **p.kwargs)
  File "D:\python\yangle0103\woniuboss\bin\woniuboss_gui\corporate_test\corporate_test.py", line 74, in test_c_modify_enterprise
    self.assertEqual(expect,actual)
AssertionError: 'test modify corporate customer fail' != 'test modify corporate customer pass'
- test modify corporate customer fail
?                                ^ ^^
+ test modify corporate customer pass
?                                ^ ^^



        </pre>
    </div>
    <!--css div popup end-->

    </td>
</tr>

<tr id='ft1.104' class='none'>
    <td class='failCase'><div class='testcase'>test_c_modify_enterprise_51__A</div></td>
    <td colspan='5' align='center'>

    <!--css div popup start-->
    <a class="popup_link" onfocus='this.blur();' href="javascript:showTestDetail('div_ft1.104')" >
        fail</a>

    <div id='div_ft1.104' class="popup_window">
        <div style='text-align: right; color:red;cursor:pointer'>
        <a onfocus='this.blur();' onclick="document.getElementById('div_ft1.104').style.display = 'none' " >
           [x]</a>
        </div>
        <pre>
        
ft1.104: Traceback (most recent call last):
  File "D:\python\python36\lib\site-packages\parameterized\parameterized.py", line 518, in standalone_func
    return func(*(a + p.args), **p.kwargs)
  File "D:\python\yangle0103\woniuboss\bin\woniuboss_gui\corporate_test\corporate_test.py", line 74, in test_c_modify_enterprise
    self.assertEqual(expect,actual)
AssertionError: 'test modify corporate customer fail' != 'test modify corporate customer pass'
- test modify corporate customer fail
?                                ^ ^^
+ test modify corporate customer pass
?                                ^ ^^

Traceback (most recent call last):
  File "D:\python\python36\lib\site-packages\parameterized\parameterized.py", line 518, in standalone_func
    return func(*(a + p.args), **p.kwargs)
  File "D:\python\yangle0103\woniuboss\bin\woniuboss_gui\corporate_test\corporate_test.py", line 74, in test_c_modify_enterprise
    self.assertEqual(expect,actual)
AssertionError: 'test modify corporate customer fail' != 'test modify corporate customer pass'
- test modify corporate customer fail
?                                ^ ^^
+ test modify corporate customer pass
?                                ^ ^^



        </pre>
    </div>
    <!--css div popup end-->

    </td>
</tr>

<tr id='total_row'>
    <td>Total</td>
    <td>104</td>
    <td>53</td>
    <td>51</td>
    <td>0</td>
    <td>&nbsp;</td>
</tr>
</table>

<div id='ending'>&nbsp;</div>

</body>
</html>
