<?xml version="1.0" encoding="UTF-8"?>
<!DOCTYPE html PUBLIC "-//W3C//DTD XHTML 1.0 Strict//EN" "http://www.w3.org/TR/xhtml1/DTD/xhtml1-strict.dtd">
<html xmlns="http://www.w3.org/1999/xhtml">
<head>
    <title>Unit Test Report</title>
    <meta name="generator" content="HTMLTestRunner 0.8.2"/>
    <meta http-equiv="Content-Type" content="text/html; charset=UTF-8"/>
    
<style type="text/css" media="screen">
body        { font-family: verdana, arial, helvetica, sans-serif; font-size: 80%; }
table       { font-size: 100%; }
pre         { }

/* -- heading ---------------------------------------------------------------------- */
h1 {
	font-size: 16pt;
	color: gray;
}
.heading {
    margin-top: 0ex;
    margin-bottom: 1ex;
}

.heading .attribute {
    margin-top: 1ex;
    margin-bottom: 0;
}

.heading .description {
    margin-top: 4ex;
    margin-bottom: 6ex;
}

/* -- css div popup ------------------------------------------------------------------------ */
a.popup_link {
}

a.popup_link:hover {
    color: red;
}

.popup_window {
    display: none;
    position: relative;
    left: 0px;
    top: 0px;
    /*border: solid #627173 1px; */
    padding: 10px;
    background-color: #E6E6D6;
    font-family: "Lucida Console", "Courier New", Courier, monospace;
    text-align: left;
    font-size: 8pt;
    width: 500px;
}

}
/* -- report ------------------------------------------------------------------------ */
#show_detail_line {
    margin-top: 3ex;
    margin-bottom: 1ex;
}
#result_table {
    width: 80%;
    border-collapse: collapse;
    border: 1px solid #777;
}
#header_row {
    font-weight: bold;
    color: white;
    background-color: #777;
}
#result_table td {
    border: 1px solid #777;
    padding: 2px;
}
#total_row  { font-weight: bold; }
.passClass  { background-color: #6c6; }
.failClass  { background-color: #c60; }
.errorClass { background-color: #c00; }
.passCase   { color: #6c6; }
.failCase   { color: #c60; font-weight: bold; }
.errorCase  { color: #c00; font-weight: bold; }
.hiddenRow  { display: none; }
.testcase   { margin-left: 2em; }


/* -- ending ---------------------------------------------------------------------- */
#ending {
}

</style>

</head>
<body>
<script language="javascript" type="text/javascript"><!--
output_list = Array();

/* level - 0:Summary; 1:Failed; 2:All */
function showCase(level) {
    trs = document.getElementsByTagName("tr");
    for (var i = 0; i < trs.length; i++) {
        tr = trs[i];
        id = tr.id;
        if (id.substr(0,2) == 'ft') {
            if (level < 1) {
                tr.className = 'hiddenRow';
            }
            else {
                tr.className = '';
            }
        }
        if (id.substr(0,2) == 'pt') {
            if (level > 1) {
                tr.className = '';
            }
            else {
                tr.className = 'hiddenRow';
            }
        }
    }
}


function showClassDetail(cid, count) {
    var id_list = Array(count);
    var toHide = 1;
    for (var i = 0; i < count; i++) {
        tid0 = 't' + cid.substr(1) + '.' + (i+1);
        tid = 'f' + tid0;
        tr = document.getElementById(tid);
        if (!tr) {
            tid = 'p' + tid0;
            tr = document.getElementById(tid);
        }
        id_list[i] = tid;
        if (tr.className) {
            toHide = 0;
        }
    }
    for (var i = 0; i < count; i++) {
        tid = id_list[i];
        if (toHide) {
            document.getElementById('div_'+tid).style.display = 'none'
            document.getElementById(tid).className = 'hiddenRow';
        }
        else {
            document.getElementById(tid).className = '';
        }
    }
}


function showTestDetail(div_id){
    var details_div = document.getElementById(div_id)
    var displayState = details_div.style.display
    // alert(displayState)
    if (displayState != 'block' ) {
        displayState = 'block'
        details_div.style.display = 'block'
    }
    else {
        details_div.style.display = 'none'
    }
}


function html_escape(s) {
    s = s.replace(/&/g,'&amp;');
    s = s.replace(/</g,'&lt;');
    s = s.replace(/>/g,'&gt;');
    return s;
}

/* obsoleted by detail in <div>
function showOutput(id, name) {
    var w = window.open("", //url
                    name,
                    "resizable,scrollbars,status,width=800,height=450");
    d = w.document;
    d.write("<pre>");
    d.write(html_escape(output_list[id]));
    d.write("\n");
    d.write("<a href='javascript:window.close()'>close</a>\n");
    d.write("</pre>\n");
    d.close();
}
*/
--></script>

<div class='heading'>
<h1>Unit Test Report</h1>
<p class='attribute'><strong>Start Time:</strong> 2020-04-07 18:14:10</p>
<p class='attribute'><strong>Duration:</strong> 0:02:58.240775</p>
<p class='attribute'><strong>Status:</strong> Pass 26 Failure 77</p>

<p class='description'></p>
</div>



<p id='show_detail_line'>Show
<a href='javascript:showCase(0)'>Summary</a>
<a href='javascript:showCase(1)'>Failed</a>
<a href='javascript:showCase(2)'>All</a>
</p>
<table id='result_table'>
<colgroup>
<col align='left' />
<col align='right' />
<col align='right' />
<col align='right' />
<col align='right' />
<col align='right' />
</colgroup>
<tr id='header_row'>
    <td>Test Group/Test case</td>
    <td>Count</td>
    <td>Pass</td>
    <td>Fail</td>
    <td>Error</td>
    <td>View</td>
</tr>

<tr class='failClass'>
    <td>woniuboss.bin.woniuboss_api.corporate_customers_test.test_corporate_customer.TestCorporateCustomers</td>
    <td>103</td>
    <td>26</td>
    <td>77</td>
    <td>0</td>
    <td><a href="javascript:showClassDetail('c1',103)">Detail</a></td>
</tr>

<tr id='pt1.1' class='hiddenRow'>
    <td class='none'><div class='testcase'>test_add_cor_cus_00_http_yangle4_8080_WoniuBoss2_5_enterprise_addEnterp</div></td>
    <td colspan='5' align='center'>pass</td>
</tr>

<tr id='ft1.2' class='none'>
    <td class='failCase'><div class='testcase'>test_add_cor_cus_01_http_yangle4_8080_WoniuBoss2_5_enterprise_addEnterp</div></td>
    <td colspan='5' align='center'>

    <!--css div popup start-->
    <a class="popup_link" onfocus='this.blur();' href="javascript:showTestDetail('div_ft1.2')" >
        fail</a>

    <div id='div_ft1.2' class="popup_window">
        <div style='text-align: right; color:red;cursor:pointer'>
        <a onfocus='this.blur();' onclick="document.getElementById('div_ft1.2').style.display = 'none' " >
           [x]</a>
        </div>
        <pre>
        
ft1.2: Traceback (most recent call last):
  File "D:\python\python36\lib\site-packages\parameterized\parameterized.py", line 518, in standalone_func
    return func(*(a + p.args), **p.kwargs)
  File "D:\python\yangle0103\woniuboss\bin\woniuboss_api\corporate_customers_test\test_corporate_customer.py", line 34, in test_add_cor_cus
    self.assertEqual(expect,actual)
AssertionError: 'test add corporate customer fail' != 'test add corporate customer pass'
- test add corporate customer fail
?                             ^ ^^
+ test add corporate customer pass
?                             ^ ^^

Traceback (most recent call last):
  File "D:\python\python36\lib\site-packages\parameterized\parameterized.py", line 518, in standalone_func
    return func(*(a + p.args), **p.kwargs)
  File "D:\python\yangle0103\woniuboss\bin\woniuboss_api\corporate_customers_test\test_corporate_customer.py", line 34, in test_add_cor_cus
    self.assertEqual(expect,actual)
AssertionError: 'test add corporate customer fail' != 'test add corporate customer pass'
- test add corporate customer fail
?                             ^ ^^
+ test add corporate customer pass
?                             ^ ^^



        </pre>
    </div>
    <!--css div popup end-->

    </td>
</tr>

<tr id='pt1.3' class='hiddenRow'>
    <td class='none'><div class='testcase'>test_add_cor_cus_02_http_yangle4_8080_WoniuBoss2_5_enterprise_addEnterp</div></td>
    <td colspan='5' align='center'>pass</td>
</tr>

<tr id='ft1.4' class='none'>
    <td class='failCase'><div class='testcase'>test_add_cor_cus_03_http_yangle4_8080_WoniuBoss2_5_enterprise_addEnterp</div></td>
    <td colspan='5' align='center'>

    <!--css div popup start-->
    <a class="popup_link" onfocus='this.blur();' href="javascript:showTestDetail('div_ft1.4')" >
        fail</a>

    <div id='div_ft1.4' class="popup_window">
        <div style='text-align: right; color:red;cursor:pointer'>
        <a onfocus='this.blur();' onclick="document.getElementById('div_ft1.4').style.display = 'none' " >
           [x]</a>
        </div>
        <pre>
        
ft1.4: Traceback (most recent call last):
  File "D:\python\python36\lib\site-packages\parameterized\parameterized.py", line 518, in standalone_func
    return func(*(a + p.args), **p.kwargs)
  File "D:\python\yangle0103\woniuboss\bin\woniuboss_api\corporate_customers_test\test_corporate_customer.py", line 34, in test_add_cor_cus
    self.assertEqual(expect,actual)
AssertionError: 'test add corporate customer fail' != 'test add corporate customer pass'
- test add corporate customer fail
?                             ^ ^^
+ test add corporate customer pass
?                             ^ ^^

Traceback (most recent call last):
  File "D:\python\python36\lib\site-packages\parameterized\parameterized.py", line 518, in standalone_func
    return func(*(a + p.args), **p.kwargs)
  File "D:\python\yangle0103\woniuboss\bin\woniuboss_api\corporate_customers_test\test_corporate_customer.py", line 34, in test_add_cor_cus
    self.assertEqual(expect,actual)
AssertionError: 'test add corporate customer fail' != 'test add corporate customer pass'
- test add corporate customer fail
?                             ^ ^^
+ test add corporate customer pass
?                             ^ ^^



        </pre>
    </div>
    <!--css div popup end-->

    </td>
</tr>

<tr id='ft1.5' class='none'>
    <td class='failCase'><div class='testcase'>test_add_cor_cus_04_http_yangle4_8080_WoniuBoss2_5_enterprise_addEnterp</div></td>
    <td colspan='5' align='center'>

    <!--css div popup start-->
    <a class="popup_link" onfocus='this.blur();' href="javascript:showTestDetail('div_ft1.5')" >
        fail</a>

    <div id='div_ft1.5' class="popup_window">
        <div style='text-align: right; color:red;cursor:pointer'>
        <a onfocus='this.blur();' onclick="document.getElementById('div_ft1.5').style.display = 'none' " >
           [x]</a>
        </div>
        <pre>
        
ft1.5: Traceback (most recent call last):
  File "D:\python\python36\lib\site-packages\parameterized\parameterized.py", line 518, in standalone_func
    return func(*(a + p.args), **p.kwargs)
  File "D:\python\yangle0103\woniuboss\bin\woniuboss_api\corporate_customers_test\test_corporate_customer.py", line 34, in test_add_cor_cus
    self.assertEqual(expect,actual)
AssertionError: '' != 'test add corporate customer pass'
+ test add corporate customer pass
Traceback (most recent call last):
  File "D:\python\python36\lib\site-packages\parameterized\parameterized.py", line 518, in standalone_func
    return func(*(a + p.args), **p.kwargs)
  File "D:\python\yangle0103\woniuboss\bin\woniuboss_api\corporate_customers_test\test_corporate_customer.py", line 34, in test_add_cor_cus
    self.assertEqual(expect,actual)
AssertionError: '' != 'test add corporate customer pass'
+ test add corporate customer pass


        </pre>
    </div>
    <!--css div popup end-->

    </td>
</tr>

<tr id='ft1.6' class='none'>
    <td class='failCase'><div class='testcase'>test_add_cor_cus_05_http_yangle4_8080_WoniuBoss2_5_enterprise_addEnterp</div></td>
    <td colspan='5' align='center'>

    <!--css div popup start-->
    <a class="popup_link" onfocus='this.blur();' href="javascript:showTestDetail('div_ft1.6')" >
        fail</a>

    <div id='div_ft1.6' class="popup_window">
        <div style='text-align: right; color:red;cursor:pointer'>
        <a onfocus='this.blur();' onclick="document.getElementById('div_ft1.6').style.display = 'none' " >
           [x]</a>
        </div>
        <pre>
        
ft1.6: Traceback (most recent call last):
  File "D:\python\python36\lib\site-packages\parameterized\parameterized.py", line 518, in standalone_func
    return func(*(a + p.args), **p.kwargs)
  File "D:\python\yangle0103\woniuboss\bin\woniuboss_api\corporate_customers_test\test_corporate_customer.py", line 34, in test_add_cor_cus
    self.assertEqual(expect,actual)
AssertionError: 'test add corporate customer fail' != 'test add corporate customer pass'
- test add corporate customer fail
?                             ^ ^^
+ test add corporate customer pass
?                             ^ ^^

Traceback (most recent call last):
  File "D:\python\python36\lib\site-packages\parameterized\parameterized.py", line 518, in standalone_func
    return func(*(a + p.args), **p.kwargs)
  File "D:\python\yangle0103\woniuboss\bin\woniuboss_api\corporate_customers_test\test_corporate_customer.py", line 34, in test_add_cor_cus
    self.assertEqual(expect,actual)
AssertionError: 'test add corporate customer fail' != 'test add corporate customer pass'
- test add corporate customer fail
?                             ^ ^^
+ test add corporate customer pass
?                             ^ ^^



        </pre>
    </div>
    <!--css div popup end-->

    </td>
</tr>

<tr id='ft1.7' class='none'>
    <td class='failCase'><div class='testcase'>test_add_cor_cus_06_http_yangle4_8080_WoniuBoss2_5_enterprise_addEnterp</div></td>
    <td colspan='5' align='center'>

    <!--css div popup start-->
    <a class="popup_link" onfocus='this.blur();' href="javascript:showTestDetail('div_ft1.7')" >
        fail</a>

    <div id='div_ft1.7' class="popup_window">
        <div style='text-align: right; color:red;cursor:pointer'>
        <a onfocus='this.blur();' onclick="document.getElementById('div_ft1.7').style.display = 'none' " >
           [x]</a>
        </div>
        <pre>
        
ft1.7: Traceback (most recent call last):
  File "D:\python\python36\lib\site-packages\parameterized\parameterized.py", line 518, in standalone_func
    return func(*(a + p.args), **p.kwargs)
  File "D:\python\yangle0103\woniuboss\bin\woniuboss_api\corporate_customers_test\test_corporate_customer.py", line 34, in test_add_cor_cus
    self.assertEqual(expect,actual)
AssertionError: 'test add corporate customer fail' != 'test add corporate customer pass'
- test add corporate customer fail
?                             ^ ^^
+ test add corporate customer pass
?                             ^ ^^

Traceback (most recent call last):
  File "D:\python\python36\lib\site-packages\parameterized\parameterized.py", line 518, in standalone_func
    return func(*(a + p.args), **p.kwargs)
  File "D:\python\yangle0103\woniuboss\bin\woniuboss_api\corporate_customers_test\test_corporate_customer.py", line 34, in test_add_cor_cus
    self.assertEqual(expect,actual)
AssertionError: 'test add corporate customer fail' != 'test add corporate customer pass'
- test add corporate customer fail
?                             ^ ^^
+ test add corporate customer pass
?                             ^ ^^



        </pre>
    </div>
    <!--css div popup end-->

    </td>
</tr>

<tr id='pt1.8' class='hiddenRow'>
    <td class='none'><div class='testcase'>test_add_cor_cus_07_http_yangle4_8080_WoniuBoss2_5_enterprise_addEnterp</div></td>
    <td colspan='5' align='center'>pass</td>
</tr>

<tr id='ft1.9' class='none'>
    <td class='failCase'><div class='testcase'>test_add_cor_cus_08_http_yangle4_8080_WoniuBoss2_5_enterprise_addEnterp</div></td>
    <td colspan='5' align='center'>

    <!--css div popup start-->
    <a class="popup_link" onfocus='this.blur();' href="javascript:showTestDetail('div_ft1.9')" >
        fail</a>

    <div id='div_ft1.9' class="popup_window">
        <div style='text-align: right; color:red;cursor:pointer'>
        <a onfocus='this.blur();' onclick="document.getElementById('div_ft1.9').style.display = 'none' " >
           [x]</a>
        </div>
        <pre>
        
ft1.9: Traceback (most recent call last):
  File "D:\python\python36\lib\site-packages\parameterized\parameterized.py", line 518, in standalone_func
    return func(*(a + p.args), **p.kwargs)
  File "D:\python\yangle0103\woniuboss\bin\woniuboss_api\corporate_customers_test\test_corporate_customer.py", line 34, in test_add_cor_cus
    self.assertEqual(expect,actual)
AssertionError: 'test add corporate customer fail' != 'test add corporate customer pass'
- test add corporate customer fail
?                             ^ ^^
+ test add corporate customer pass
?                             ^ ^^

Traceback (most recent call last):
  File "D:\python\python36\lib\site-packages\parameterized\parameterized.py", line 518, in standalone_func
    return func(*(a + p.args), **p.kwargs)
  File "D:\python\yangle0103\woniuboss\bin\woniuboss_api\corporate_customers_test\test_corporate_customer.py", line 34, in test_add_cor_cus
    self.assertEqual(expect,actual)
AssertionError: 'test add corporate customer fail' != 'test add corporate customer pass'
- test add corporate customer fail
?                             ^ ^^
+ test add corporate customer pass
?                             ^ ^^



        </pre>
    </div>
    <!--css div popup end-->

    </td>
</tr>

<tr id='pt1.10' class='hiddenRow'>
    <td class='none'><div class='testcase'>test_add_cor_cus_09_http_yangle4_8080_WoniuBoss2_5_enterprise_addEnterp</div></td>
    <td colspan='5' align='center'>pass</td>
</tr>

<tr id='ft1.11' class='none'>
    <td class='failCase'><div class='testcase'>test_add_cor_cus_10_http_yangle4_8080_WoniuBoss2_5_enterprise_addEnterp</div></td>
    <td colspan='5' align='center'>

    <!--css div popup start-->
    <a class="popup_link" onfocus='this.blur();' href="javascript:showTestDetail('div_ft1.11')" >
        fail</a>

    <div id='div_ft1.11' class="popup_window">
        <div style='text-align: right; color:red;cursor:pointer'>
        <a onfocus='this.blur();' onclick="document.getElementById('div_ft1.11').style.display = 'none' " >
           [x]</a>
        </div>
        <pre>
        
ft1.11: Traceback (most recent call last):
  File "D:\python\python36\lib\site-packages\parameterized\parameterized.py", line 518, in standalone_func
    return func(*(a + p.args), **p.kwargs)
  File "D:\python\yangle0103\woniuboss\bin\woniuboss_api\corporate_customers_test\test_corporate_customer.py", line 34, in test_add_cor_cus
    self.assertEqual(expect,actual)
AssertionError: 'test add corporate customer fail' != 'test add corporate customer pass'
- test add corporate customer fail
?                             ^ ^^
+ test add corporate customer pass
?                             ^ ^^

Traceback (most recent call last):
  File "D:\python\python36\lib\site-packages\parameterized\parameterized.py", line 518, in standalone_func
    return func(*(a + p.args), **p.kwargs)
  File "D:\python\yangle0103\woniuboss\bin\woniuboss_api\corporate_customers_test\test_corporate_customer.py", line 34, in test_add_cor_cus
    self.assertEqual(expect,actual)
AssertionError: 'test add corporate customer fail' != 'test add corporate customer pass'
- test add corporate customer fail
?                             ^ ^^
+ test add corporate customer pass
?                             ^ ^^



        </pre>
    </div>
    <!--css div popup end-->

    </td>
</tr>

<tr id='pt1.12' class='hiddenRow'>
    <td class='none'><div class='testcase'>test_add_cor_cus_11_http_yangle4_8080_WoniuBoss2_5_enterprise_addEnterp</div></td>
    <td colspan='5' align='center'>pass</td>
</tr>

<tr id='ft1.13' class='none'>
    <td class='failCase'><div class='testcase'>test_add_cor_cus_12_http_yangle4_8080_WoniuBoss2_5_enterprise_addEnterp</div></td>
    <td colspan='5' align='center'>

    <!--css div popup start-->
    <a class="popup_link" onfocus='this.blur();' href="javascript:showTestDetail('div_ft1.13')" >
        fail</a>

    <div id='div_ft1.13' class="popup_window">
        <div style='text-align: right; color:red;cursor:pointer'>
        <a onfocus='this.blur();' onclick="document.getElementById('div_ft1.13').style.display = 'none' " >
           [x]</a>
        </div>
        <pre>
        
ft1.13: Traceback (most recent call last):
  File "D:\python\python36\lib\site-packages\parameterized\parameterized.py", line 518, in standalone_func
    return func(*(a + p.args), **p.kwargs)
  File "D:\python\yangle0103\woniuboss\bin\woniuboss_api\corporate_customers_test\test_corporate_customer.py", line 34, in test_add_cor_cus
    self.assertEqual(expect,actual)
AssertionError: 'test add corporate customer fail' != 'test add corporate customer pass'
- test add corporate customer fail
?                             ^ ^^
+ test add corporate customer pass
?                             ^ ^^

Traceback (most recent call last):
  File "D:\python\python36\lib\site-packages\parameterized\parameterized.py", line 518, in standalone_func
    return func(*(a + p.args), **p.kwargs)
  File "D:\python\yangle0103\woniuboss\bin\woniuboss_api\corporate_customers_test\test_corporate_customer.py", line 34, in test_add_cor_cus
    self.assertEqual(expect,actual)
AssertionError: 'test add corporate customer fail' != 'test add corporate customer pass'
- test add corporate customer fail
?                             ^ ^^
+ test add corporate customer pass
?                             ^ ^^



        </pre>
    </div>
    <!--css div popup end-->

    </td>
</tr>

<tr id='ft1.14' class='none'>
    <td class='failCase'><div class='testcase'>test_add_cor_cus_13_http_yangle4_8080_WoniuBoss2_5_enterprise_addEnterp</div></td>
    <td colspan='5' align='center'>

    <!--css div popup start-->
    <a class="popup_link" onfocus='this.blur();' href="javascript:showTestDetail('div_ft1.14')" >
        fail</a>

    <div id='div_ft1.14' class="popup_window">
        <div style='text-align: right; color:red;cursor:pointer'>
        <a onfocus='this.blur();' onclick="document.getElementById('div_ft1.14').style.display = 'none' " >
           [x]</a>
        </div>
        <pre>
        
ft1.14: Traceback (most recent call last):
  File "D:\python\python36\lib\site-packages\parameterized\parameterized.py", line 518, in standalone_func
    return func(*(a + p.args), **p.kwargs)
  File "D:\python\yangle0103\woniuboss\bin\woniuboss_api\corporate_customers_test\test_corporate_customer.py", line 34, in test_add_cor_cus
    self.assertEqual(expect,actual)
AssertionError: '' != 'test add corporate customer pass'
+ test add corporate customer pass
Traceback (most recent call last):
  File "D:\python\python36\lib\site-packages\parameterized\parameterized.py", line 518, in standalone_func
    return func(*(a + p.args), **p.kwargs)
  File "D:\python\yangle0103\woniuboss\bin\woniuboss_api\corporate_customers_test\test_corporate_customer.py", line 34, in test_add_cor_cus
    self.assertEqual(expect,actual)
AssertionError: '' != 'test add corporate customer pass'
+ test add corporate customer pass


        </pre>
    </div>
    <!--css div popup end-->

    </td>
</tr>

<tr id='ft1.15' class='none'>
    <td class='failCase'><div class='testcase'>test_add_cor_cus_14_http_yangle4_8080_WoniuBoss2_5_enterprise_addEnterp</div></td>
    <td colspan='5' align='center'>

    <!--css div popup start-->
    <a class="popup_link" onfocus='this.blur();' href="javascript:showTestDetail('div_ft1.15')" >
        fail</a>

    <div id='div_ft1.15' class="popup_window">
        <div style='text-align: right; color:red;cursor:pointer'>
        <a onfocus='this.blur();' onclick="document.getElementById('div_ft1.15').style.display = 'none' " >
           [x]</a>
        </div>
        <pre>
        
ft1.15: Traceback (most recent call last):
  File "D:\python\python36\lib\site-packages\parameterized\parameterized.py", line 518, in standalone_func
    return func(*(a + p.args), **p.kwargs)
  File "D:\python\yangle0103\woniuboss\bin\woniuboss_api\corporate_customers_test\test_corporate_customer.py", line 34, in test_add_cor_cus
    self.assertEqual(expect,actual)
AssertionError: 'test add corporate customer fail' != 'test add corporate customer pass'
- test add corporate customer fail
?                             ^ ^^
+ test add corporate customer pass
?                             ^ ^^

Traceback (most recent call last):
  File "D:\python\python36\lib\site-packages\parameterized\parameterized.py", line 518, in standalone_func
    return func(*(a + p.args), **p.kwargs)
  File "D:\python\yangle0103\woniuboss\bin\woniuboss_api\corporate_customers_test\test_corporate_customer.py", line 34, in test_add_cor_cus
    self.assertEqual(expect,actual)
AssertionError: 'test add corporate customer fail' != 'test add corporate customer pass'
- test add corporate customer fail
?                             ^ ^^
+ test add corporate customer pass
?                             ^ ^^



        </pre>
    </div>
    <!--css div popup end-->

    </td>
</tr>

<tr id='ft1.16' class='none'>
    <td class='failCase'><div class='testcase'>test_add_cor_cus_15_http_yangle4_8080_WoniuBoss2_5_enterprise_addEnterp</div></td>
    <td colspan='5' align='center'>

    <!--css div popup start-->
    <a class="popup_link" onfocus='this.blur();' href="javascript:showTestDetail('div_ft1.16')" >
        fail</a>

    <div id='div_ft1.16' class="popup_window">
        <div style='text-align: right; color:red;cursor:pointer'>
        <a onfocus='this.blur();' onclick="document.getElementById('div_ft1.16').style.display = 'none' " >
           [x]</a>
        </div>
        <pre>
        
ft1.16: Traceback (most recent call last):
  File "D:\python\python36\lib\site-packages\parameterized\parameterized.py", line 518, in standalone_func
    return func(*(a + p.args), **p.kwargs)
  File "D:\python\yangle0103\woniuboss\bin\woniuboss_api\corporate_customers_test\test_corporate_customer.py", line 34, in test_add_cor_cus
    self.assertEqual(expect,actual)
AssertionError: 'test add corporate customer fail' != 'test add corporate customer pass'
- test add corporate customer fail
?                             ^ ^^
+ test add corporate customer pass
?                             ^ ^^

Traceback (most recent call last):
  File "D:\python\python36\lib\site-packages\parameterized\parameterized.py", line 518, in standalone_func
    return func(*(a + p.args), **p.kwargs)
  File "D:\python\yangle0103\woniuboss\bin\woniuboss_api\corporate_customers_test\test_corporate_customer.py", line 34, in test_add_cor_cus
    self.assertEqual(expect,actual)
AssertionError: 'test add corporate customer fail' != 'test add corporate customer pass'
- test add corporate customer fail
?                             ^ ^^
+ test add corporate customer pass
?                             ^ ^^



        </pre>
    </div>
    <!--css div popup end-->

    </td>
</tr>

<tr id='ft1.17' class='none'>
    <td class='failCase'><div class='testcase'>test_add_cor_cus_16_http_yangle4_8080_WoniuBoss2_5_enterprise_addEnterp</div></td>
    <td colspan='5' align='center'>

    <!--css div popup start-->
    <a class="popup_link" onfocus='this.blur();' href="javascript:showTestDetail('div_ft1.17')" >
        fail</a>

    <div id='div_ft1.17' class="popup_window">
        <div style='text-align: right; color:red;cursor:pointer'>
        <a onfocus='this.blur();' onclick="document.getElementById('div_ft1.17').style.display = 'none' " >
           [x]</a>
        </div>
        <pre>
        
ft1.17: Traceback (most recent call last):
  File "D:\python\python36\lib\site-packages\parameterized\parameterized.py", line 518, in standalone_func
    return func(*(a + p.args), **p.kwargs)
  File "D:\python\yangle0103\woniuboss\bin\woniuboss_api\corporate_customers_test\test_corporate_customer.py", line 34, in test_add_cor_cus
    self.assertEqual(expect,actual)
AssertionError: 'test add corporate customer fail' != 'test add corporate customer pass'
- test add corporate customer fail
?                             ^ ^^
+ test add corporate customer pass
?                             ^ ^^

Traceback (most recent call last):
  File "D:\python\python36\lib\site-packages\parameterized\parameterized.py", line 518, in standalone_func
    return func(*(a + p.args), **p.kwargs)
  File "D:\python\yangle0103\woniuboss\bin\woniuboss_api\corporate_customers_test\test_corporate_customer.py", line 34, in test_add_cor_cus
    self.assertEqual(expect,actual)
AssertionError: 'test add corporate customer fail' != 'test add corporate customer pass'
- test add corporate customer fail
?                             ^ ^^
+ test add corporate customer pass
?                             ^ ^^



        </pre>
    </div>
    <!--css div popup end-->

    </td>
</tr>

<tr id='pt1.18' class='hiddenRow'>
    <td class='none'><div class='testcase'>test_add_cor_cus_17_http_yangle4_8080_WoniuBoss2_5_enterprise_addEnterp</div></td>
    <td colspan='5' align='center'>pass</td>
</tr>

<tr id='pt1.19' class='hiddenRow'>
    <td class='none'><div class='testcase'>test_add_cor_cus_18_http_yangle4_8080_WoniuBoss2_5_enterprise_addEnterp</div></td>
    <td colspan='5' align='center'>pass</td>
</tr>

<tr id='ft1.20' class='none'>
    <td class='failCase'><div class='testcase'>test_add_cor_cus_19_http_yangle4_8080_WoniuBoss2_5_enterprise_addEnterp</div></td>
    <td colspan='5' align='center'>

    <!--css div popup start-->
    <a class="popup_link" onfocus='this.blur();' href="javascript:showTestDetail('div_ft1.20')" >
        fail</a>

    <div id='div_ft1.20' class="popup_window">
        <div style='text-align: right; color:red;cursor:pointer'>
        <a onfocus='this.blur();' onclick="document.getElementById('div_ft1.20').style.display = 'none' " >
           [x]</a>
        </div>
        <pre>
        
ft1.20: Traceback (most recent call last):
  File "D:\python\python36\lib\site-packages\parameterized\parameterized.py", line 518, in standalone_func
    return func(*(a + p.args), **p.kwargs)
  File "D:\python\yangle0103\woniuboss\bin\woniuboss_api\corporate_customers_test\test_corporate_customer.py", line 34, in test_add_cor_cus
    self.assertEqual(expect,actual)
AssertionError: 'test add corporate customer fail' != 'test add corporate customer pass'
- test add corporate customer fail
?                             ^ ^^
+ test add corporate customer pass
?                             ^ ^^

Traceback (most recent call last):
  File "D:\python\python36\lib\site-packages\parameterized\parameterized.py", line 518, in standalone_func
    return func(*(a + p.args), **p.kwargs)
  File "D:\python\yangle0103\woniuboss\bin\woniuboss_api\corporate_customers_test\test_corporate_customer.py", line 34, in test_add_cor_cus
    self.assertEqual(expect,actual)
AssertionError: 'test add corporate customer fail' != 'test add corporate customer pass'
- test add corporate customer fail
?                             ^ ^^
+ test add corporate customer pass
?                             ^ ^^



        </pre>
    </div>
    <!--css div popup end-->

    </td>
</tr>

<tr id='ft1.21' class='none'>
    <td class='failCase'><div class='testcase'>test_add_cor_cus_20_http_yangle4_8080_WoniuBoss2_5_enterprise_addEnterp</div></td>
    <td colspan='5' align='center'>

    <!--css div popup start-->
    <a class="popup_link" onfocus='this.blur();' href="javascript:showTestDetail('div_ft1.21')" >
        fail</a>

    <div id='div_ft1.21' class="popup_window">
        <div style='text-align: right; color:red;cursor:pointer'>
        <a onfocus='this.blur();' onclick="document.getElementById('div_ft1.21').style.display = 'none' " >
           [x]</a>
        </div>
        <pre>
        
ft1.21: Traceback (most recent call last):
  File "D:\python\python36\lib\site-packages\parameterized\parameterized.py", line 518, in standalone_func
    return func(*(a + p.args), **p.kwargs)
  File "D:\python\yangle0103\woniuboss\bin\woniuboss_api\corporate_customers_test\test_corporate_customer.py", line 34, in test_add_cor_cus
    self.assertEqual(expect,actual)
AssertionError: 'test add corporate customer fail' != 'test add corporate customer pass'
- test add corporate customer fail
?                             ^ ^^
+ test add corporate customer pass
?                             ^ ^^

Traceback (most recent call last):
  File "D:\python\python36\lib\site-packages\parameterized\parameterized.py", line 518, in standalone_func
    return func(*(a + p.args), **p.kwargs)
  File "D:\python\yangle0103\woniuboss\bin\woniuboss_api\corporate_customers_test\test_corporate_customer.py", line 34, in test_add_cor_cus
    self.assertEqual(expect,actual)
AssertionError: 'test add corporate customer fail' != 'test add corporate customer pass'
- test add corporate customer fail
?                             ^ ^^
+ test add corporate customer pass
?                             ^ ^^



        </pre>
    </div>
    <!--css div popup end-->

    </td>
</tr>

<tr id='ft1.22' class='none'>
    <td class='failCase'><div class='testcase'>test_add_cor_cus_21_http_yangle4_8080_WoniuBoss2_5_enterprise_addEnterp</div></td>
    <td colspan='5' align='center'>

    <!--css div popup start-->
    <a class="popup_link" onfocus='this.blur();' href="javascript:showTestDetail('div_ft1.22')" >
        fail</a>

    <div id='div_ft1.22' class="popup_window">
        <div style='text-align: right; color:red;cursor:pointer'>
        <a onfocus='this.blur();' onclick="document.getElementById('div_ft1.22').style.display = 'none' " >
           [x]</a>
        </div>
        <pre>
        
ft1.22: Traceback (most recent call last):
  File "D:\python\python36\lib\site-packages\parameterized\parameterized.py", line 518, in standalone_func
    return func(*(a + p.args), **p.kwargs)
  File "D:\python\yangle0103\woniuboss\bin\woniuboss_api\corporate_customers_test\test_corporate_customer.py", line 34, in test_add_cor_cus
    self.assertEqual(expect,actual)
AssertionError: 'test add corporate customer fail' != 'test add corporate customer pass'
- test add corporate customer fail
?                             ^ ^^
+ test add corporate customer pass
?                             ^ ^^

Traceback (most recent call last):
  File "D:\python\python36\lib\site-packages\parameterized\parameterized.py", line 518, in standalone_func
    return func(*(a + p.args), **p.kwargs)
  File "D:\python\yangle0103\woniuboss\bin\woniuboss_api\corporate_customers_test\test_corporate_customer.py", line 34, in test_add_cor_cus
    self.assertEqual(expect,actual)
AssertionError: 'test add corporate customer fail' != 'test add corporate customer pass'
- test add corporate customer fail
?                             ^ ^^
+ test add corporate customer pass
?                             ^ ^^



        </pre>
    </div>
    <!--css div popup end-->

    </td>
</tr>

<tr id='pt1.23' class='hiddenRow'>
    <td class='none'><div class='testcase'>test_add_cor_cus_22_http_yangle4_8080_WoniuBoss2_5_enterprise_addEnterp</div></td>
    <td colspan='5' align='center'>pass</td>
</tr>

<tr id='ft1.24' class='none'>
    <td class='failCase'><div class='testcase'>test_add_cor_cus_23_http_yangle4_8080_WoniuBoss2_5_enterprise_addEnterp</div></td>
    <td colspan='5' align='center'>

    <!--css div popup start-->
    <a class="popup_link" onfocus='this.blur();' href="javascript:showTestDetail('div_ft1.24')" >
        fail</a>

    <div id='div_ft1.24' class="popup_window">
        <div style='text-align: right; color:red;cursor:pointer'>
        <a onfocus='this.blur();' onclick="document.getElementById('div_ft1.24').style.display = 'none' " >
           [x]</a>
        </div>
        <pre>
        
ft1.24: Traceback (most recent call last):
  File "D:\python\python36\lib\site-packages\parameterized\parameterized.py", line 518, in standalone_func
    return func(*(a + p.args), **p.kwargs)
  File "D:\python\yangle0103\woniuboss\bin\woniuboss_api\corporate_customers_test\test_corporate_customer.py", line 34, in test_add_cor_cus
    self.assertEqual(expect,actual)
AssertionError: 'test add corporate customer fail' != 'test add corporate customer pass'
- test add corporate customer fail
?                             ^ ^^
+ test add corporate customer pass
?                             ^ ^^

Traceback (most recent call last):
  File "D:\python\python36\lib\site-packages\parameterized\parameterized.py", line 518, in standalone_func
    return func(*(a + p.args), **p.kwargs)
  File "D:\python\yangle0103\woniuboss\bin\woniuboss_api\corporate_customers_test\test_corporate_customer.py", line 34, in test_add_cor_cus
    self.assertEqual(expect,actual)
AssertionError: 'test add corporate customer fail' != 'test add corporate customer pass'
- test add corporate customer fail
?                             ^ ^^
+ test add corporate customer pass
?                             ^ ^^



        </pre>
    </div>
    <!--css div popup end-->

    </td>
</tr>

<tr id='pt1.25' class='hiddenRow'>
    <td class='none'><div class='testcase'>test_add_cor_cus_24_http_yangle4_8080_WoniuBoss2_5_enterprise_addEnterp</div></td>
    <td colspan='5' align='center'>pass</td>
</tr>

<tr id='pt1.26' class='hiddenRow'>
    <td class='none'><div class='testcase'>test_add_cor_cus_25_http_yangle4_8080_WoniuBoss2_5_enterprise_addEnterp</div></td>
    <td colspan='5' align='center'>pass</td>
</tr>

<tr id='ft1.27' class='none'>
    <td class='failCase'><div class='testcase'>test_add_cor_cus_26_http_yangle4_8080_WoniuBoss2_5_enterprise_addEnterp</div></td>
    <td colspan='5' align='center'>

    <!--css div popup start-->
    <a class="popup_link" onfocus='this.blur();' href="javascript:showTestDetail('div_ft1.27')" >
        fail</a>

    <div id='div_ft1.27' class="popup_window">
        <div style='text-align: right; color:red;cursor:pointer'>
        <a onfocus='this.blur();' onclick="document.getElementById('div_ft1.27').style.display = 'none' " >
           [x]</a>
        </div>
        <pre>
        
ft1.27: Traceback (most recent call last):
  File "D:\python\python36\lib\site-packages\parameterized\parameterized.py", line 518, in standalone_func
    return func(*(a + p.args), **p.kwargs)
  File "D:\python\yangle0103\woniuboss\bin\woniuboss_api\corporate_customers_test\test_corporate_customer.py", line 34, in test_add_cor_cus
    self.assertEqual(expect,actual)
AssertionError: 'test add corporate customer fail' != 'test add corporate customer pass'
- test add corporate customer fail
?                             ^ ^^
+ test add corporate customer pass
?                             ^ ^^

Traceback (most recent call last):
  File "D:\python\python36\lib\site-packages\parameterized\parameterized.py", line 518, in standalone_func
    return func(*(a + p.args), **p.kwargs)
  File "D:\python\yangle0103\woniuboss\bin\woniuboss_api\corporate_customers_test\test_corporate_customer.py", line 34, in test_add_cor_cus
    self.assertEqual(expect,actual)
AssertionError: 'test add corporate customer fail' != 'test add corporate customer pass'
- test add corporate customer fail
?                             ^ ^^
+ test add corporate customer pass
?                             ^ ^^



        </pre>
    </div>
    <!--css div popup end-->

    </td>
</tr>

<tr id='ft1.28' class='none'>
    <td class='failCase'><div class='testcase'>test_add_cor_cus_27_http_yangle4_8080_WoniuBoss2_5_enterprise_addEnterp</div></td>
    <td colspan='5' align='center'>

    <!--css div popup start-->
    <a class="popup_link" onfocus='this.blur();' href="javascript:showTestDetail('div_ft1.28')" >
        fail</a>

    <div id='div_ft1.28' class="popup_window">
        <div style='text-align: right; color:red;cursor:pointer'>
        <a onfocus='this.blur();' onclick="document.getElementById('div_ft1.28').style.display = 'none' " >
           [x]</a>
        </div>
        <pre>
        
ft1.28: Traceback (most recent call last):
  File "D:\python\python36\lib\site-packages\parameterized\parameterized.py", line 518, in standalone_func
    return func(*(a + p.args), **p.kwargs)
  File "D:\python\yangle0103\woniuboss\bin\woniuboss_api\corporate_customers_test\test_corporate_customer.py", line 34, in test_add_cor_cus
    self.assertEqual(expect,actual)
AssertionError: 'test add corporate customer fail' != 'test add corporate customer pass'
- test add corporate customer fail
?                             ^ ^^
+ test add corporate customer pass
?                             ^ ^^

Traceback (most recent call last):
  File "D:\python\python36\lib\site-packages\parameterized\parameterized.py", line 518, in standalone_func
    return func(*(a + p.args), **p.kwargs)
  File "D:\python\yangle0103\woniuboss\bin\woniuboss_api\corporate_customers_test\test_corporate_customer.py", line 34, in test_add_cor_cus
    self.assertEqual(expect,actual)
AssertionError: 'test add corporate customer fail' != 'test add corporate customer pass'
- test add corporate customer fail
?                             ^ ^^
+ test add corporate customer pass
?                             ^ ^^



        </pre>
    </div>
    <!--css div popup end-->

    </td>
</tr>

<tr id='ft1.29' class='none'>
    <td class='failCase'><div class='testcase'>test_add_cor_cus_28_http_yangle4_8080_WoniuBoss2_5_enterprise_addEnterp</div></td>
    <td colspan='5' align='center'>

    <!--css div popup start-->
    <a class="popup_link" onfocus='this.blur();' href="javascript:showTestDetail('div_ft1.29')" >
        fail</a>

    <div id='div_ft1.29' class="popup_window">
        <div style='text-align: right; color:red;cursor:pointer'>
        <a onfocus='this.blur();' onclick="document.getElementById('div_ft1.29').style.display = 'none' " >
           [x]</a>
        </div>
        <pre>
        
ft1.29: Traceback (most recent call last):
  File "D:\python\python36\lib\site-packages\parameterized\parameterized.py", line 518, in standalone_func
    return func(*(a + p.args), **p.kwargs)
  File "D:\python\yangle0103\woniuboss\bin\woniuboss_api\corporate_customers_test\test_corporate_customer.py", line 34, in test_add_cor_cus
    self.assertEqual(expect,actual)
AssertionError: 'test add corporate customer fail' != 'test add corporate customer pass'
- test add corporate customer fail
?                             ^ ^^
+ test add corporate customer pass
?                             ^ ^^

Traceback (most recent call last):
  File "D:\python\python36\lib\site-packages\parameterized\parameterized.py", line 518, in standalone_func
    return func(*(a + p.args), **p.kwargs)
  File "D:\python\yangle0103\woniuboss\bin\woniuboss_api\corporate_customers_test\test_corporate_customer.py", line 34, in test_add_cor_cus
    self.assertEqual(expect,actual)
AssertionError: 'test add corporate customer fail' != 'test add corporate customer pass'
- test add corporate customer fail
?                             ^ ^^
+ test add corporate customer pass
?                             ^ ^^



        </pre>
    </div>
    <!--css div popup end-->

    </td>
</tr>

<tr id='ft1.30' class='none'>
    <td class='failCase'><div class='testcase'>test_add_cor_cus_29_http_yangle4_8080_WoniuBoss2_5_enterprise_addEnterp</div></td>
    <td colspan='5' align='center'>

    <!--css div popup start-->
    <a class="popup_link" onfocus='this.blur();' href="javascript:showTestDetail('div_ft1.30')" >
        fail</a>

    <div id='div_ft1.30' class="popup_window">
        <div style='text-align: right; color:red;cursor:pointer'>
        <a onfocus='this.blur();' onclick="document.getElementById('div_ft1.30').style.display = 'none' " >
           [x]</a>
        </div>
        <pre>
        
ft1.30: Traceback (most recent call last):
  File "D:\python\python36\lib\site-packages\parameterized\parameterized.py", line 518, in standalone_func
    return func(*(a + p.args), **p.kwargs)
  File "D:\python\yangle0103\woniuboss\bin\woniuboss_api\corporate_customers_test\test_corporate_customer.py", line 34, in test_add_cor_cus
    self.assertEqual(expect,actual)
AssertionError: 'test add corporate customer fail' != 'test add corporate customer pass'
- test add corporate customer fail
?                             ^ ^^
+ test add corporate customer pass
?                             ^ ^^

Traceback (most recent call last):
  File "D:\python\python36\lib\site-packages\parameterized\parameterized.py", line 518, in standalone_func
    return func(*(a + p.args), **p.kwargs)
  File "D:\python\yangle0103\woniuboss\bin\woniuboss_api\corporate_customers_test\test_corporate_customer.py", line 34, in test_add_cor_cus
    self.assertEqual(expect,actual)
AssertionError: 'test add corporate customer fail' != 'test add corporate customer pass'
- test add corporate customer fail
?                             ^ ^^
+ test add corporate customer pass
?                             ^ ^^



        </pre>
    </div>
    <!--css div popup end-->

    </td>
</tr>

<tr id='ft1.31' class='none'>
    <td class='failCase'><div class='testcase'>test_add_cor_cus_30_http_yangle4_8080_WoniuBoss2_5_enterprise_addEnterp</div></td>
    <td colspan='5' align='center'>

    <!--css div popup start-->
    <a class="popup_link" onfocus='this.blur();' href="javascript:showTestDetail('div_ft1.31')" >
        fail</a>

    <div id='div_ft1.31' class="popup_window">
        <div style='text-align: right; color:red;cursor:pointer'>
        <a onfocus='this.blur();' onclick="document.getElementById('div_ft1.31').style.display = 'none' " >
           [x]</a>
        </div>
        <pre>
        
ft1.31: Traceback (most recent call last):
  File "D:\python\python36\lib\site-packages\parameterized\parameterized.py", line 518, in standalone_func
    return func(*(a + p.args), **p.kwargs)
  File "D:\python\yangle0103\woniuboss\bin\woniuboss_api\corporate_customers_test\test_corporate_customer.py", line 34, in test_add_cor_cus
    self.assertEqual(expect,actual)
AssertionError: 'test add corporate customer fail' != 'test add corporate customer pass'
- test add corporate customer fail
?                             ^ ^^
+ test add corporate customer pass
?                             ^ ^^

Traceback (most recent call last):
  File "D:\python\python36\lib\site-packages\parameterized\parameterized.py", line 518, in standalone_func
    return func(*(a + p.args), **p.kwargs)
  File "D:\python\yangle0103\woniuboss\bin\woniuboss_api\corporate_customers_test\test_corporate_customer.py", line 34, in test_add_cor_cus
    self.assertEqual(expect,actual)
AssertionError: 'test add corporate customer fail' != 'test add corporate customer pass'
- test add corporate customer fail
?                             ^ ^^
+ test add corporate customer pass
?                             ^ ^^



        </pre>
    </div>
    <!--css div popup end-->

    </td>
</tr>

<tr id='ft1.32' class='none'>
    <td class='failCase'><div class='testcase'>test_add_cor_cus_31_http_yangle4_8080_WoniuBoss2_5_enterprise_addEnterp</div></td>
    <td colspan='5' align='center'>

    <!--css div popup start-->
    <a class="popup_link" onfocus='this.blur();' href="javascript:showTestDetail('div_ft1.32')" >
        fail</a>

    <div id='div_ft1.32' class="popup_window">
        <div style='text-align: right; color:red;cursor:pointer'>
        <a onfocus='this.blur();' onclick="document.getElementById('div_ft1.32').style.display = 'none' " >
           [x]</a>
        </div>
        <pre>
        
ft1.32: Traceback (most recent call last):
  File "D:\python\python36\lib\site-packages\parameterized\parameterized.py", line 518, in standalone_func
    return func(*(a + p.args), **p.kwargs)
  File "D:\python\yangle0103\woniuboss\bin\woniuboss_api\corporate_customers_test\test_corporate_customer.py", line 34, in test_add_cor_cus
    self.assertEqual(expect,actual)
AssertionError: 'test add corporate customer fail' != 'test add corporate customer pass'
- test add corporate customer fail
?                             ^ ^^
+ test add corporate customer pass
?                             ^ ^^

Traceback (most recent call last):
  File "D:\python\python36\lib\site-packages\parameterized\parameterized.py", line 518, in standalone_func
    return func(*(a + p.args), **p.kwargs)
  File "D:\python\yangle0103\woniuboss\bin\woniuboss_api\corporate_customers_test\test_corporate_customer.py", line 34, in test_add_cor_cus
    self.assertEqual(expect,actual)
AssertionError: 'test add corporate customer fail' != 'test add corporate customer pass'
- test add corporate customer fail
?                             ^ ^^
+ test add corporate customer pass
?                             ^ ^^



        </pre>
    </div>
    <!--css div popup end-->

    </td>
</tr>

<tr id='pt1.33' class='hiddenRow'>
    <td class='none'><div class='testcase'>test_add_cor_cus_32_http_yangle4_8080_WoniuBoss2_5_enterprise_addEnterp</div></td>
    <td colspan='5' align='center'>pass</td>
</tr>

<tr id='ft1.34' class='none'>
    <td class='failCase'><div class='testcase'>test_add_cor_cus_33_http_yangle4_8080_WoniuBoss2_5_enterprise_addEnterp</div></td>
    <td colspan='5' align='center'>

    <!--css div popup start-->
    <a class="popup_link" onfocus='this.blur();' href="javascript:showTestDetail('div_ft1.34')" >
        fail</a>

    <div id='div_ft1.34' class="popup_window">
        <div style='text-align: right; color:red;cursor:pointer'>
        <a onfocus='this.blur();' onclick="document.getElementById('div_ft1.34').style.display = 'none' " >
           [x]</a>
        </div>
        <pre>
        
ft1.34: Traceback (most recent call last):
  File "D:\python\python36\lib\site-packages\parameterized\parameterized.py", line 518, in standalone_func
    return func(*(a + p.args), **p.kwargs)
  File "D:\python\yangle0103\woniuboss\bin\woniuboss_api\corporate_customers_test\test_corporate_customer.py", line 34, in test_add_cor_cus
    self.assertEqual(expect,actual)
AssertionError: 'test add corporate customer fail' != 'test add corporate customer pass'
- test add corporate customer fail
?                             ^ ^^
+ test add corporate customer pass
?                             ^ ^^

Traceback (most recent call last):
  File "D:\python\python36\lib\site-packages\parameterized\parameterized.py", line 518, in standalone_func
    return func(*(a + p.args), **p.kwargs)
  File "D:\python\yangle0103\woniuboss\bin\woniuboss_api\corporate_customers_test\test_corporate_customer.py", line 34, in test_add_cor_cus
    self.assertEqual(expect,actual)
AssertionError: 'test add corporate customer fail' != 'test add corporate customer pass'
- test add corporate customer fail
?                             ^ ^^
+ test add corporate customer pass
?                             ^ ^^



        </pre>
    </div>
    <!--css div popup end-->

    </td>
</tr>

<tr id='ft1.35' class='none'>
    <td class='failCase'><div class='testcase'>test_add_cor_cus_34_http_yangle4_8080_WoniuBoss2_5_enterprise_addEnterp</div></td>
    <td colspan='5' align='center'>

    <!--css div popup start-->
    <a class="popup_link" onfocus='this.blur();' href="javascript:showTestDetail('div_ft1.35')" >
        fail</a>

    <div id='div_ft1.35' class="popup_window">
        <div style='text-align: right; color:red;cursor:pointer'>
        <a onfocus='this.blur();' onclick="document.getElementById('div_ft1.35').style.display = 'none' " >
           [x]</a>
        </div>
        <pre>
        
ft1.35: Traceback (most recent call last):
  File "D:\python\python36\lib\site-packages\parameterized\parameterized.py", line 518, in standalone_func
    return func(*(a + p.args), **p.kwargs)
  File "D:\python\yangle0103\woniuboss\bin\woniuboss_api\corporate_customers_test\test_corporate_customer.py", line 34, in test_add_cor_cus
    self.assertEqual(expect,actual)
AssertionError: 'test add corporate customer fail' != 'test add corporate customer pass'
- test add corporate customer fail
?                             ^ ^^
+ test add corporate customer pass
?                             ^ ^^

Traceback (most recent call last):
  File "D:\python\python36\lib\site-packages\parameterized\parameterized.py", line 518, in standalone_func
    return func(*(a + p.args), **p.kwargs)
  File "D:\python\yangle0103\woniuboss\bin\woniuboss_api\corporate_customers_test\test_corporate_customer.py", line 34, in test_add_cor_cus
    self.assertEqual(expect,actual)
AssertionError: 'test add corporate customer fail' != 'test add corporate customer pass'
- test add corporate customer fail
?                             ^ ^^
+ test add corporate customer pass
?                             ^ ^^



        </pre>
    </div>
    <!--css div popup end-->

    </td>
</tr>

<tr id='ft1.36' class='none'>
    <td class='failCase'><div class='testcase'>test_add_cor_cus_35_http_yangle4_8080_WoniuBoss2_5_enterprise_addEnterp</div></td>
    <td colspan='5' align='center'>

    <!--css div popup start-->
    <a class="popup_link" onfocus='this.blur();' href="javascript:showTestDetail('div_ft1.36')" >
        fail</a>

    <div id='div_ft1.36' class="popup_window">
        <div style='text-align: right; color:red;cursor:pointer'>
        <a onfocus='this.blur();' onclick="document.getElementById('div_ft1.36').style.display = 'none' " >
           [x]</a>
        </div>
        <pre>
        
ft1.36: Traceback (most recent call last):
  File "D:\python\python36\lib\site-packages\parameterized\parameterized.py", line 518, in standalone_func
    return func(*(a + p.args), **p.kwargs)
  File "D:\python\yangle0103\woniuboss\bin\woniuboss_api\corporate_customers_test\test_corporate_customer.py", line 34, in test_add_cor_cus
    self.assertEqual(expect,actual)
AssertionError: 'test add corporate customer fail' != 'test add corporate customer pass'
- test add corporate customer fail
?                             ^ ^^
+ test add corporate customer pass
?                             ^ ^^

Traceback (most recent call last):
  File "D:\python\python36\lib\site-packages\parameterized\parameterized.py", line 518, in standalone_func
    return func(*(a + p.args), **p.kwargs)
  File "D:\python\yangle0103\woniuboss\bin\woniuboss_api\corporate_customers_test\test_corporate_customer.py", line 34, in test_add_cor_cus
    self.assertEqual(expect,actual)
AssertionError: 'test add corporate customer fail' != 'test add corporate customer pass'
- test add corporate customer fail
?                             ^ ^^
+ test add corporate customer pass
?                             ^ ^^



        </pre>
    </div>
    <!--css div popup end-->

    </td>
</tr>

<tr id='ft1.37' class='none'>
    <td class='failCase'><div class='testcase'>test_add_cor_cus_36_http_yangle4_8080_WoniuBoss2_5_enterprise_addEnterp</div></td>
    <td colspan='5' align='center'>

    <!--css div popup start-->
    <a class="popup_link" onfocus='this.blur();' href="javascript:showTestDetail('div_ft1.37')" >
        fail</a>

    <div id='div_ft1.37' class="popup_window">
        <div style='text-align: right; color:red;cursor:pointer'>
        <a onfocus='this.blur();' onclick="document.getElementById('div_ft1.37').style.display = 'none' " >
           [x]</a>
        </div>
        <pre>
        
ft1.37: Traceback (most recent call last):
  File "D:\python\python36\lib\site-packages\parameterized\parameterized.py", line 518, in standalone_func
    return func(*(a + p.args), **p.kwargs)
  File "D:\python\yangle0103\woniuboss\bin\woniuboss_api\corporate_customers_test\test_corporate_customer.py", line 34, in test_add_cor_cus
    self.assertEqual(expect,actual)
AssertionError: 'test add corporate customer fail' != 'test add corporate customer pass'
- test add corporate customer fail
?                             ^ ^^
+ test add corporate customer pass
?                             ^ ^^

Traceback (most recent call last):
  File "D:\python\python36\lib\site-packages\parameterized\parameterized.py", line 518, in standalone_func
    return func(*(a + p.args), **p.kwargs)
  File "D:\python\yangle0103\woniuboss\bin\woniuboss_api\corporate_customers_test\test_corporate_customer.py", line 34, in test_add_cor_cus
    self.assertEqual(expect,actual)
AssertionError: 'test add corporate customer fail' != 'test add corporate customer pass'
- test add corporate customer fail
?                             ^ ^^
+ test add corporate customer pass
?                             ^ ^^



        </pre>
    </div>
    <!--css div popup end-->

    </td>
</tr>

<tr id='ft1.38' class='none'>
    <td class='failCase'><div class='testcase'>test_add_cor_cus_37_http_yangle4_8080_WoniuBoss2_5_enterprise_addEnterp</div></td>
    <td colspan='5' align='center'>

    <!--css div popup start-->
    <a class="popup_link" onfocus='this.blur();' href="javascript:showTestDetail('div_ft1.38')" >
        fail</a>

    <div id='div_ft1.38' class="popup_window">
        <div style='text-align: right; color:red;cursor:pointer'>
        <a onfocus='this.blur();' onclick="document.getElementById('div_ft1.38').style.display = 'none' " >
           [x]</a>
        </div>
        <pre>
        
ft1.38: Traceback (most recent call last):
  File "D:\python\python36\lib\site-packages\parameterized\parameterized.py", line 518, in standalone_func
    return func(*(a + p.args), **p.kwargs)
  File "D:\python\yangle0103\woniuboss\bin\woniuboss_api\corporate_customers_test\test_corporate_customer.py", line 34, in test_add_cor_cus
    self.assertEqual(expect,actual)
AssertionError: 'test add corporate customer fail' != 'test add corporate customer pass'
- test add corporate customer fail
?                             ^ ^^
+ test add corporate customer pass
?                             ^ ^^

Traceback (most recent call last):
  File "D:\python\python36\lib\site-packages\parameterized\parameterized.py", line 518, in standalone_func
    return func(*(a + p.args), **p.kwargs)
  File "D:\python\yangle0103\woniuboss\bin\woniuboss_api\corporate_customers_test\test_corporate_customer.py", line 34, in test_add_cor_cus
    self.assertEqual(expect,actual)
AssertionError: 'test add corporate customer fail' != 'test add corporate customer pass'
- test add corporate customer fail
?                             ^ ^^
+ test add corporate customer pass
?                             ^ ^^



        </pre>
    </div>
    <!--css div popup end-->

    </td>
</tr>

<tr id='ft1.39' class='none'>
    <td class='failCase'><div class='testcase'>test_add_cor_cus_38_http_yangle4_8080_WoniuBoss2_5_enterprise_addEnterp</div></td>
    <td colspan='5' align='center'>

    <!--css div popup start-->
    <a class="popup_link" onfocus='this.blur();' href="javascript:showTestDetail('div_ft1.39')" >
        fail</a>

    <div id='div_ft1.39' class="popup_window">
        <div style='text-align: right; color:red;cursor:pointer'>
        <a onfocus='this.blur();' onclick="document.getElementById('div_ft1.39').style.display = 'none' " >
           [x]</a>
        </div>
        <pre>
        
ft1.39: Traceback (most recent call last):
  File "D:\python\python36\lib\site-packages\parameterized\parameterized.py", line 518, in standalone_func
    return func(*(a + p.args), **p.kwargs)
  File "D:\python\yangle0103\woniuboss\bin\woniuboss_api\corporate_customers_test\test_corporate_customer.py", line 34, in test_add_cor_cus
    self.assertEqual(expect,actual)
AssertionError: 'test add corporate customer fail' != 'test add corporate customer pass'
- test add corporate customer fail
?                             ^ ^^
+ test add corporate customer pass
?                             ^ ^^

Traceback (most recent call last):
  File "D:\python\python36\lib\site-packages\parameterized\parameterized.py", line 518, in standalone_func
    return func(*(a + p.args), **p.kwargs)
  File "D:\python\yangle0103\woniuboss\bin\woniuboss_api\corporate_customers_test\test_corporate_customer.py", line 34, in test_add_cor_cus
    self.assertEqual(expect,actual)
AssertionError: 'test add corporate customer fail' != 'test add corporate customer pass'
- test add corporate customer fail
?                             ^ ^^
+ test add corporate customer pass
?                             ^ ^^



        </pre>
    </div>
    <!--css div popup end-->

    </td>
</tr>

<tr id='ft1.40' class='none'>
    <td class='failCase'><div class='testcase'>test_add_cor_cus_39_http_yangle4_8080_WoniuBoss2_5_enterprise_addEnterp</div></td>
    <td colspan='5' align='center'>

    <!--css div popup start-->
    <a class="popup_link" onfocus='this.blur();' href="javascript:showTestDetail('div_ft1.40')" >
        fail</a>

    <div id='div_ft1.40' class="popup_window">
        <div style='text-align: right; color:red;cursor:pointer'>
        <a onfocus='this.blur();' onclick="document.getElementById('div_ft1.40').style.display = 'none' " >
           [x]</a>
        </div>
        <pre>
        
ft1.40: Traceback (most recent call last):
  File "D:\python\python36\lib\site-packages\parameterized\parameterized.py", line 518, in standalone_func
    return func(*(a + p.args), **p.kwargs)
  File "D:\python\yangle0103\woniuboss\bin\woniuboss_api\corporate_customers_test\test_corporate_customer.py", line 34, in test_add_cor_cus
    self.assertEqual(expect,actual)
AssertionError: 'test add corporate customer fail' != 'test add corporate customer pass'
- test add corporate customer fail
?                             ^ ^^
+ test add corporate customer pass
?                             ^ ^^

Traceback (most recent call last):
  File "D:\python\python36\lib\site-packages\parameterized\parameterized.py", line 518, in standalone_func
    return func(*(a + p.args), **p.kwargs)
  File "D:\python\yangle0103\woniuboss\bin\woniuboss_api\corporate_customers_test\test_corporate_customer.py", line 34, in test_add_cor_cus
    self.assertEqual(expect,actual)
AssertionError: 'test add corporate customer fail' != 'test add corporate customer pass'
- test add corporate customer fail
?                             ^ ^^
+ test add corporate customer pass
?                             ^ ^^



        </pre>
    </div>
    <!--css div popup end-->

    </td>
</tr>

<tr id='ft1.41' class='none'>
    <td class='failCase'><div class='testcase'>test_add_cor_cus_40_http_yangle4_8080_WoniuBoss2_5_enterprise_addEnterp</div></td>
    <td colspan='5' align='center'>

    <!--css div popup start-->
    <a class="popup_link" onfocus='this.blur();' href="javascript:showTestDetail('div_ft1.41')" >
        fail</a>

    <div id='div_ft1.41' class="popup_window">
        <div style='text-align: right; color:red;cursor:pointer'>
        <a onfocus='this.blur();' onclick="document.getElementById('div_ft1.41').style.display = 'none' " >
           [x]</a>
        </div>
        <pre>
        
ft1.41: Traceback (most recent call last):
  File "D:\python\python36\lib\site-packages\parameterized\parameterized.py", line 518, in standalone_func
    return func(*(a + p.args), **p.kwargs)
  File "D:\python\yangle0103\woniuboss\bin\woniuboss_api\corporate_customers_test\test_corporate_customer.py", line 34, in test_add_cor_cus
    self.assertEqual(expect,actual)
AssertionError: 'test add corporate customer fail' != 'test add corporate customer pass'
- test add corporate customer fail
?                             ^ ^^
+ test add corporate customer pass
?                             ^ ^^

Traceback (most recent call last):
  File "D:\python\python36\lib\site-packages\parameterized\parameterized.py", line 518, in standalone_func
    return func(*(a + p.args), **p.kwargs)
  File "D:\python\yangle0103\woniuboss\bin\woniuboss_api\corporate_customers_test\test_corporate_customer.py", line 34, in test_add_cor_cus
    self.assertEqual(expect,actual)
AssertionError: 'test add corporate customer fail' != 'test add corporate customer pass'
- test add corporate customer fail
?                             ^ ^^
+ test add corporate customer pass
?                             ^ ^^



        </pre>
    </div>
    <!--css div popup end-->

    </td>
</tr>

<tr id='ft1.42' class='none'>
    <td class='failCase'><div class='testcase'>test_add_cor_cus_41_http_yangle4_8080_WoniuBoss2_5_enterprise_addEnterp</div></td>
    <td colspan='5' align='center'>

    <!--css div popup start-->
    <a class="popup_link" onfocus='this.blur();' href="javascript:showTestDetail('div_ft1.42')" >
        fail</a>

    <div id='div_ft1.42' class="popup_window">
        <div style='text-align: right; color:red;cursor:pointer'>
        <a onfocus='this.blur();' onclick="document.getElementById('div_ft1.42').style.display = 'none' " >
           [x]</a>
        </div>
        <pre>
        
ft1.42: Traceback (most recent call last):
  File "D:\python\python36\lib\site-packages\parameterized\parameterized.py", line 518, in standalone_func
    return func(*(a + p.args), **p.kwargs)
  File "D:\python\yangle0103\woniuboss\bin\woniuboss_api\corporate_customers_test\test_corporate_customer.py", line 34, in test_add_cor_cus
    self.assertEqual(expect,actual)
AssertionError: 'test add corporate customer fail' != 'test add corporate customer pass'
- test add corporate customer fail
?                             ^ ^^
+ test add corporate customer pass
?                             ^ ^^

Traceback (most recent call last):
  File "D:\python\python36\lib\site-packages\parameterized\parameterized.py", line 518, in standalone_func
    return func(*(a + p.args), **p.kwargs)
  File "D:\python\yangle0103\woniuboss\bin\woniuboss_api\corporate_customers_test\test_corporate_customer.py", line 34, in test_add_cor_cus
    self.assertEqual(expect,actual)
AssertionError: 'test add corporate customer fail' != 'test add corporate customer pass'
- test add corporate customer fail
?                             ^ ^^
+ test add corporate customer pass
?                             ^ ^^



        </pre>
    </div>
    <!--css div popup end-->

    </td>
</tr>

<tr id='pt1.43' class='hiddenRow'>
    <td class='none'><div class='testcase'>test_add_cor_cus_42_http_yangle4_8080_WoniuBoss2_5_enterprise_addEnterp</div></td>
    <td colspan='5' align='center'>pass</td>
</tr>

<tr id='pt1.44' class='hiddenRow'>
    <td class='none'><div class='testcase'>test_add_cor_cus_43_http_yangle4_8080_WoniuBoss2_5_enterprise_addEnterp</div></td>
    <td colspan='5' align='center'>pass</td>
</tr>

<tr id='ft1.45' class='none'>
    <td class='failCase'><div class='testcase'>test_add_cor_cus_44_http_yangle4_8080_WoniuBoss2_5_enterprise_addEnterp</div></td>
    <td colspan='5' align='center'>

    <!--css div popup start-->
    <a class="popup_link" onfocus='this.blur();' href="javascript:showTestDetail('div_ft1.45')" >
        fail</a>

    <div id='div_ft1.45' class="popup_window">
        <div style='text-align: right; color:red;cursor:pointer'>
        <a onfocus='this.blur();' onclick="document.getElementById('div_ft1.45').style.display = 'none' " >
           [x]</a>
        </div>
        <pre>
        
ft1.45: Traceback (most recent call last):
  File "D:\python\python36\lib\site-packages\parameterized\parameterized.py", line 518, in standalone_func
    return func(*(a + p.args), **p.kwargs)
  File "D:\python\yangle0103\woniuboss\bin\woniuboss_api\corporate_customers_test\test_corporate_customer.py", line 34, in test_add_cor_cus
    self.assertEqual(expect,actual)
AssertionError: 'test add corporate customer fail' != 'test add corporate customer pass'
- test add corporate customer fail
?                             ^ ^^
+ test add corporate customer pass
?                             ^ ^^

Traceback (most recent call last):
  File "D:\python\python36\lib\site-packages\parameterized\parameterized.py", line 518, in standalone_func
    return func(*(a + p.args), **p.kwargs)
  File "D:\python\yangle0103\woniuboss\bin\woniuboss_api\corporate_customers_test\test_corporate_customer.py", line 34, in test_add_cor_cus
    self.assertEqual(expect,actual)
AssertionError: 'test add corporate customer fail' != 'test add corporate customer pass'
- test add corporate customer fail
?                             ^ ^^
+ test add corporate customer pass
?                             ^ ^^



        </pre>
    </div>
    <!--css div popup end-->

    </td>
</tr>

<tr id='ft1.46' class='none'>
    <td class='failCase'><div class='testcase'>test_add_cor_cus_45_http_yangle4_8080_WoniuBoss2_5_enterprise_addEnterp</div></td>
    <td colspan='5' align='center'>

    <!--css div popup start-->
    <a class="popup_link" onfocus='this.blur();' href="javascript:showTestDetail('div_ft1.46')" >
        fail</a>

    <div id='div_ft1.46' class="popup_window">
        <div style='text-align: right; color:red;cursor:pointer'>
        <a onfocus='this.blur();' onclick="document.getElementById('div_ft1.46').style.display = 'none' " >
           [x]</a>
        </div>
        <pre>
        
ft1.46: Traceback (most recent call last):
  File "D:\python\python36\lib\site-packages\parameterized\parameterized.py", line 518, in standalone_func
    return func(*(a + p.args), **p.kwargs)
  File "D:\python\yangle0103\woniuboss\bin\woniuboss_api\corporate_customers_test\test_corporate_customer.py", line 34, in test_add_cor_cus
    self.assertEqual(expect,actual)
AssertionError: 'test add corporate customer fail' != 'test add corporate customer pass'
- test add corporate customer fail
?                             ^ ^^
+ test add corporate customer pass
?                             ^ ^^

Traceback (most recent call last):
  File "D:\python\python36\lib\site-packages\parameterized\parameterized.py", line 518, in standalone_func
    return func(*(a + p.args), **p.kwargs)
  File "D:\python\yangle0103\woniuboss\bin\woniuboss_api\corporate_customers_test\test_corporate_customer.py", line 34, in test_add_cor_cus
    self.assertEqual(expect,actual)
AssertionError: 'test add corporate customer fail' != 'test add corporate customer pass'
- test add corporate customer fail
?                             ^ ^^
+ test add corporate customer pass
?                             ^ ^^



        </pre>
    </div>
    <!--css div popup end-->

    </td>
</tr>

<tr id='ft1.47' class='none'>
    <td class='failCase'><div class='testcase'>test_add_cor_cus_46_http_yangle4_8080_WoniuBoss2_5_enterprise_addEnterp</div></td>
    <td colspan='5' align='center'>

    <!--css div popup start-->
    <a class="popup_link" onfocus='this.blur();' href="javascript:showTestDetail('div_ft1.47')" >
        fail</a>

    <div id='div_ft1.47' class="popup_window">
        <div style='text-align: right; color:red;cursor:pointer'>
        <a onfocus='this.blur();' onclick="document.getElementById('div_ft1.47').style.display = 'none' " >
           [x]</a>
        </div>
        <pre>
        
ft1.47: Traceback (most recent call last):
  File "D:\python\python36\lib\site-packages\parameterized\parameterized.py", line 518, in standalone_func
    return func(*(a + p.args), **p.kwargs)
  File "D:\python\yangle0103\woniuboss\bin\woniuboss_api\corporate_customers_test\test_corporate_customer.py", line 34, in test_add_cor_cus
    self.assertEqual(expect,actual)
AssertionError: 'test add corporate customer fail' != 'test add corporate customer pass'
- test add corporate customer fail
?                             ^ ^^
+ test add corporate customer pass
?                             ^ ^^

Traceback (most recent call last):
  File "D:\python\python36\lib\site-packages\parameterized\parameterized.py", line 518, in standalone_func
    return func(*(a + p.args), **p.kwargs)
  File "D:\python\yangle0103\woniuboss\bin\woniuboss_api\corporate_customers_test\test_corporate_customer.py", line 34, in test_add_cor_cus
    self.assertEqual(expect,actual)
AssertionError: 'test add corporate customer fail' != 'test add corporate customer pass'
- test add corporate customer fail
?                             ^ ^^
+ test add corporate customer pass
?                             ^ ^^



        </pre>
    </div>
    <!--css div popup end-->

    </td>
</tr>

<tr id='ft1.48' class='none'>
    <td class='failCase'><div class='testcase'>test_add_cor_cus_47_http_yangle4_8080_WoniuBoss2_5_enterprise_addEnterp</div></td>
    <td colspan='5' align='center'>

    <!--css div popup start-->
    <a class="popup_link" onfocus='this.blur();' href="javascript:showTestDetail('div_ft1.48')" >
        fail</a>

    <div id='div_ft1.48' class="popup_window">
        <div style='text-align: right; color:red;cursor:pointer'>
        <a onfocus='this.blur();' onclick="document.getElementById('div_ft1.48').style.display = 'none' " >
           [x]</a>
        </div>
        <pre>
        
ft1.48: Traceback (most recent call last):
  File "D:\python\python36\lib\site-packages\parameterized\parameterized.py", line 518, in standalone_func
    return func(*(a + p.args), **p.kwargs)
  File "D:\python\yangle0103\woniuboss\bin\woniuboss_api\corporate_customers_test\test_corporate_customer.py", line 34, in test_add_cor_cus
    self.assertEqual(expect,actual)
AssertionError: 'test add corporate customer fail' != 'test add corporate customer pass'
- test add corporate customer fail
?                             ^ ^^
+ test add corporate customer pass
?                             ^ ^^

Traceback (most recent call last):
  File "D:\python\python36\lib\site-packages\parameterized\parameterized.py", line 518, in standalone_func
    return func(*(a + p.args), **p.kwargs)
  File "D:\python\yangle0103\woniuboss\bin\woniuboss_api\corporate_customers_test\test_corporate_customer.py", line 34, in test_add_cor_cus
    self.assertEqual(expect,actual)
AssertionError: 'test add corporate customer fail' != 'test add corporate customer pass'
- test add corporate customer fail
?                             ^ ^^
+ test add corporate customer pass
?                             ^ ^^



        </pre>
    </div>
    <!--css div popup end-->

    </td>
</tr>

<tr id='ft1.49' class='none'>
    <td class='failCase'><div class='testcase'>test_add_cor_cus_48_http_yangle4_8080_WoniuBoss2_5_enterprise_addEnterp</div></td>
    <td colspan='5' align='center'>

    <!--css div popup start-->
    <a class="popup_link" onfocus='this.blur();' href="javascript:showTestDetail('div_ft1.49')" >
        fail</a>

    <div id='div_ft1.49' class="popup_window">
        <div style='text-align: right; color:red;cursor:pointer'>
        <a onfocus='this.blur();' onclick="document.getElementById('div_ft1.49').style.display = 'none' " >
           [x]</a>
        </div>
        <pre>
        
ft1.49: Traceback (most recent call last):
  File "D:\python\python36\lib\site-packages\parameterized\parameterized.py", line 518, in standalone_func
    return func(*(a + p.args), **p.kwargs)
  File "D:\python\yangle0103\woniuboss\bin\woniuboss_api\corporate_customers_test\test_corporate_customer.py", line 34, in test_add_cor_cus
    self.assertEqual(expect,actual)
AssertionError: 'test add corporate customer fail' != 'test add corporate customer pass'
- test add corporate customer fail
?                             ^ ^^
+ test add corporate customer pass
?                             ^ ^^

Traceback (most recent call last):
  File "D:\python\python36\lib\site-packages\parameterized\parameterized.py", line 518, in standalone_func
    return func(*(a + p.args), **p.kwargs)
  File "D:\python\yangle0103\woniuboss\bin\woniuboss_api\corporate_customers_test\test_corporate_customer.py", line 34, in test_add_cor_cus
    self.assertEqual(expect,actual)
AssertionError: 'test add corporate customer fail' != 'test add corporate customer pass'
- test add corporate customer fail
?                             ^ ^^
+ test add corporate customer pass
?                             ^ ^^



        </pre>
    </div>
    <!--css div popup end-->

    </td>
</tr>

<tr id='ft1.50' class='none'>
    <td class='failCase'><div class='testcase'>test_add_cor_cus_49_http_yangle4_8080_WoniuBoss2_5_enterprise_addEnterp</div></td>
    <td colspan='5' align='center'>

    <!--css div popup start-->
    <a class="popup_link" onfocus='this.blur();' href="javascript:showTestDetail('div_ft1.50')" >
        fail</a>

    <div id='div_ft1.50' class="popup_window">
        <div style='text-align: right; color:red;cursor:pointer'>
        <a onfocus='this.blur();' onclick="document.getElementById('div_ft1.50').style.display = 'none' " >
           [x]</a>
        </div>
        <pre>
        
ft1.50: Traceback (most recent call last):
  File "D:\python\python36\lib\site-packages\parameterized\parameterized.py", line 518, in standalone_func
    return func(*(a + p.args), **p.kwargs)
  File "D:\python\yangle0103\woniuboss\bin\woniuboss_api\corporate_customers_test\test_corporate_customer.py", line 34, in test_add_cor_cus
    self.assertEqual(expect,actual)
AssertionError: 'test add corporate customer fail' != 'test add corporate customer pass'
- test add corporate customer fail
?                             ^ ^^
+ test add corporate customer pass
?                             ^ ^^

Traceback (most recent call last):
  File "D:\python\python36\lib\site-packages\parameterized\parameterized.py", line 518, in standalone_func
    return func(*(a + p.args), **p.kwargs)
  File "D:\python\yangle0103\woniuboss\bin\woniuboss_api\corporate_customers_test\test_corporate_customer.py", line 34, in test_add_cor_cus
    self.assertEqual(expect,actual)
AssertionError: 'test add corporate customer fail' != 'test add corporate customer pass'
- test add corporate customer fail
?                             ^ ^^
+ test add corporate customer pass
?                             ^ ^^



        </pre>
    </div>
    <!--css div popup end-->

    </td>
</tr>

<tr id='pt1.51' class='hiddenRow'>
    <td class='none'><div class='testcase'>test_modify_cor_cus_00_http_yangle4_8080_WoniuBoss2_5_enterprise_updateEnterp</div></td>
    <td colspan='5' align='center'>pass</td>
</tr>

<tr id='ft1.52' class='none'>
    <td class='failCase'><div class='testcase'>test_modify_cor_cus_01_http_yangle4_8080_WoniuBoss2_5_enterprise_updateEnterp</div></td>
    <td colspan='5' align='center'>

    <!--css div popup start-->
    <a class="popup_link" onfocus='this.blur();' href="javascript:showTestDetail('div_ft1.52')" >
        fail</a>

    <div id='div_ft1.52' class="popup_window">
        <div style='text-align: right; color:red;cursor:pointer'>
        <a onfocus='this.blur();' onclick="document.getElementById('div_ft1.52').style.display = 'none' " >
           [x]</a>
        </div>
        <pre>
        
ft1.52: Traceback (most recent call last):
  File "D:\python\python36\lib\site-packages\parameterized\parameterized.py", line 518, in standalone_func
    return func(*(a + p.args), **p.kwargs)
  File "D:\python\yangle0103\woniuboss\bin\woniuboss_api\corporate_customers_test\test_corporate_customer.py", line 42, in test_modify_cor_cus
    self.assertEqual(expect,actual)
AssertionError: 'test modify corporate customer fail' != 'test modify corporate customer pass'
- test modify corporate customer fail
?                                ^ ^^
+ test modify corporate customer pass
?                                ^ ^^

Traceback (most recent call last):
  File "D:\python\python36\lib\site-packages\parameterized\parameterized.py", line 518, in standalone_func
    return func(*(a + p.args), **p.kwargs)
  File "D:\python\yangle0103\woniuboss\bin\woniuboss_api\corporate_customers_test\test_corporate_customer.py", line 42, in test_modify_cor_cus
    self.assertEqual(expect,actual)
AssertionError: 'test modify corporate customer fail' != 'test modify corporate customer pass'
- test modify corporate customer fail
?                                ^ ^^
+ test modify corporate customer pass
?                                ^ ^^



        </pre>
    </div>
    <!--css div popup end-->

    </td>
</tr>

<tr id='pt1.53' class='hiddenRow'>
    <td class='none'><div class='testcase'>test_modify_cor_cus_02_http_yangle4_8080_WoniuBoss2_5_enterprise_updateEnterp</div></td>
    <td colspan='5' align='center'>pass</td>
</tr>

<tr id='ft1.54' class='none'>
    <td class='failCase'><div class='testcase'>test_modify_cor_cus_03_http_yangle4_8080_WoniuBoss2_5_enterprise_updateEnterp</div></td>
    <td colspan='5' align='center'>

    <!--css div popup start-->
    <a class="popup_link" onfocus='this.blur();' href="javascript:showTestDetail('div_ft1.54')" >
        fail</a>

    <div id='div_ft1.54' class="popup_window">
        <div style='text-align: right; color:red;cursor:pointer'>
        <a onfocus='this.blur();' onclick="document.getElementById('div_ft1.54').style.display = 'none' " >
           [x]</a>
        </div>
        <pre>
        
ft1.54: Traceback (most recent call last):
  File "D:\python\python36\lib\site-packages\parameterized\parameterized.py", line 518, in standalone_func
    return func(*(a + p.args), **p.kwargs)
  File "D:\python\yangle0103\woniuboss\bin\woniuboss_api\corporate_customers_test\test_corporate_customer.py", line 42, in test_modify_cor_cus
    self.assertEqual(expect,actual)
AssertionError: 'test modify corporate customer fail' != 'test modify corporate customer pass'
- test modify corporate customer fail
?                                ^ ^^
+ test modify corporate customer pass
?                                ^ ^^

Traceback (most recent call last):
  File "D:\python\python36\lib\site-packages\parameterized\parameterized.py", line 518, in standalone_func
    return func(*(a + p.args), **p.kwargs)
  File "D:\python\yangle0103\woniuboss\bin\woniuboss_api\corporate_customers_test\test_corporate_customer.py", line 42, in test_modify_cor_cus
    self.assertEqual(expect,actual)
AssertionError: 'test modify corporate customer fail' != 'test modify corporate customer pass'
- test modify corporate customer fail
?                                ^ ^^
+ test modify corporate customer pass
?                                ^ ^^



        </pre>
    </div>
    <!--css div popup end-->

    </td>
</tr>

<tr id='ft1.55' class='none'>
    <td class='failCase'><div class='testcase'>test_modify_cor_cus_04_http_yangle4_8080_WoniuBoss2_5_enterprise_updateEnterp</div></td>
    <td colspan='5' align='center'>

    <!--css div popup start-->
    <a class="popup_link" onfocus='this.blur();' href="javascript:showTestDetail('div_ft1.55')" >
        fail</a>

    <div id='div_ft1.55' class="popup_window">
        <div style='text-align: right; color:red;cursor:pointer'>
        <a onfocus='this.blur();' onclick="document.getElementById('div_ft1.55').style.display = 'none' " >
           [x]</a>
        </div>
        <pre>
        
ft1.55: Traceback (most recent call last):
  File "D:\python\python36\lib\site-packages\parameterized\parameterized.py", line 518, in standalone_func
    return func(*(a + p.args), **p.kwargs)
  File "D:\python\yangle0103\woniuboss\bin\woniuboss_api\corporate_customers_test\test_corporate_customer.py", line 42, in test_modify_cor_cus
    self.assertEqual(expect,actual)
AssertionError: 'test modify corporate customer fail' != 'test modify corporate customer pass'
- test modify corporate customer fail
?                                ^ ^^
+ test modify corporate customer pass
?                                ^ ^^

Traceback (most recent call last):
  File "D:\python\python36\lib\site-packages\parameterized\parameterized.py", line 518, in standalone_func
    return func(*(a + p.args), **p.kwargs)
  File "D:\python\yangle0103\woniuboss\bin\woniuboss_api\corporate_customers_test\test_corporate_customer.py", line 42, in test_modify_cor_cus
    self.assertEqual(expect,actual)
AssertionError: 'test modify corporate customer fail' != 'test modify corporate customer pass'
- test modify corporate customer fail
?                                ^ ^^
+ test modify corporate customer pass
?                                ^ ^^



        </pre>
    </div>
    <!--css div popup end-->

    </td>
</tr>

<tr id='ft1.56' class='none'>
    <td class='failCase'><div class='testcase'>test_modify_cor_cus_05_http_yangle4_8080_WoniuBoss2_5_enterprise_updateEnterp</div></td>
    <td colspan='5' align='center'>

    <!--css div popup start-->
    <a class="popup_link" onfocus='this.blur();' href="javascript:showTestDetail('div_ft1.56')" >
        fail</a>

    <div id='div_ft1.56' class="popup_window">
        <div style='text-align: right; color:red;cursor:pointer'>
        <a onfocus='this.blur();' onclick="document.getElementById('div_ft1.56').style.display = 'none' " >
           [x]</a>
        </div>
        <pre>
        
ft1.56: Traceback (most recent call last):
  File "D:\python\python36\lib\site-packages\parameterized\parameterized.py", line 518, in standalone_func
    return func(*(a + p.args), **p.kwargs)
  File "D:\python\yangle0103\woniuboss\bin\woniuboss_api\corporate_customers_test\test_corporate_customer.py", line 42, in test_modify_cor_cus
    self.assertEqual(expect,actual)
AssertionError: 'test modify corporate customer fail' != 'test modify corporate customer pass'
- test modify corporate customer fail
?                                ^ ^^
+ test modify corporate customer pass
?                                ^ ^^

Traceback (most recent call last):
  File "D:\python\python36\lib\site-packages\parameterized\parameterized.py", line 518, in standalone_func
    return func(*(a + p.args), **p.kwargs)
  File "D:\python\yangle0103\woniuboss\bin\woniuboss_api\corporate_customers_test\test_corporate_customer.py", line 42, in test_modify_cor_cus
    self.assertEqual(expect,actual)
AssertionError: 'test modify corporate customer fail' != 'test modify corporate customer pass'
- test modify corporate customer fail
?                                ^ ^^
+ test modify corporate customer pass
?                                ^ ^^



        </pre>
    </div>
    <!--css div popup end-->

    </td>
</tr>

<tr id='ft1.57' class='none'>
    <td class='failCase'><div class='testcase'>test_modify_cor_cus_06_http_yangle4_8080_WoniuBoss2_5_enterprise_updateEnterp</div></td>
    <td colspan='5' align='center'>

    <!--css div popup start-->
    <a class="popup_link" onfocus='this.blur();' href="javascript:showTestDetail('div_ft1.57')" >
        fail</a>

    <div id='div_ft1.57' class="popup_window">
        <div style='text-align: right; color:red;cursor:pointer'>
        <a onfocus='this.blur();' onclick="document.getElementById('div_ft1.57').style.display = 'none' " >
           [x]</a>
        </div>
        <pre>
        
ft1.57: Traceback (most recent call last):
  File "D:\python\python36\lib\site-packages\parameterized\parameterized.py", line 518, in standalone_func
    return func(*(a + p.args), **p.kwargs)
  File "D:\python\yangle0103\woniuboss\bin\woniuboss_api\corporate_customers_test\test_corporate_customer.py", line 42, in test_modify_cor_cus
    self.assertEqual(expect,actual)
AssertionError: 'test modify corporate customer fail' != 'test modify corporate customer pass'
- test modify corporate customer fail
?                                ^ ^^
+ test modify corporate customer pass
?                                ^ ^^

Traceback (most recent call last):
  File "D:\python\python36\lib\site-packages\parameterized\parameterized.py", line 518, in standalone_func
    return func(*(a + p.args), **p.kwargs)
  File "D:\python\yangle0103\woniuboss\bin\woniuboss_api\corporate_customers_test\test_corporate_customer.py", line 42, in test_modify_cor_cus
    self.assertEqual(expect,actual)
AssertionError: 'test modify corporate customer fail' != 'test modify corporate customer pass'
- test modify corporate customer fail
?                                ^ ^^
+ test modify corporate customer pass
?                                ^ ^^



        </pre>
    </div>
    <!--css div popup end-->

    </td>
</tr>

<tr id='ft1.58' class='none'>
    <td class='failCase'><div class='testcase'>test_modify_cor_cus_07_http_yangle4_8080_WoniuBoss2_5_enterprise_updateEnterp</div></td>
    <td colspan='5' align='center'>

    <!--css div popup start-->
    <a class="popup_link" onfocus='this.blur();' href="javascript:showTestDetail('div_ft1.58')" >
        fail</a>

    <div id='div_ft1.58' class="popup_window">
        <div style='text-align: right; color:red;cursor:pointer'>
        <a onfocus='this.blur();' onclick="document.getElementById('div_ft1.58').style.display = 'none' " >
           [x]</a>
        </div>
        <pre>
        
ft1.58: Traceback (most recent call last):
  File "D:\python\python36\lib\site-packages\parameterized\parameterized.py", line 518, in standalone_func
    return func(*(a + p.args), **p.kwargs)
  File "D:\python\yangle0103\woniuboss\bin\woniuboss_api\corporate_customers_test\test_corporate_customer.py", line 42, in test_modify_cor_cus
    self.assertEqual(expect,actual)
AssertionError: 'test modify corporate customer fail' != 'test modify corporate customer pass'
- test modify corporate customer fail
?                                ^ ^^
+ test modify corporate customer pass
?                                ^ ^^

Traceback (most recent call last):
  File "D:\python\python36\lib\site-packages\parameterized\parameterized.py", line 518, in standalone_func
    return func(*(a + p.args), **p.kwargs)
  File "D:\python\yangle0103\woniuboss\bin\woniuboss_api\corporate_customers_test\test_corporate_customer.py", line 42, in test_modify_cor_cus
    self.assertEqual(expect,actual)
AssertionError: 'test modify corporate customer fail' != 'test modify corporate customer pass'
- test modify corporate customer fail
?                                ^ ^^
+ test modify corporate customer pass
?                                ^ ^^



        </pre>
    </div>
    <!--css div popup end-->

    </td>
</tr>

<tr id='ft1.59' class='none'>
    <td class='failCase'><div class='testcase'>test_modify_cor_cus_08_http_yangle4_8080_WoniuBoss2_5_enterprise_updateEnterp</div></td>
    <td colspan='5' align='center'>

    <!--css div popup start-->
    <a class="popup_link" onfocus='this.blur();' href="javascript:showTestDetail('div_ft1.59')" >
        fail</a>

    <div id='div_ft1.59' class="popup_window">
        <div style='text-align: right; color:red;cursor:pointer'>
        <a onfocus='this.blur();' onclick="document.getElementById('div_ft1.59').style.display = 'none' " >
           [x]</a>
        </div>
        <pre>
        
ft1.59: Traceback (most recent call last):
  File "D:\python\python36\lib\site-packages\parameterized\parameterized.py", line 518, in standalone_func
    return func(*(a + p.args), **p.kwargs)
  File "D:\python\yangle0103\woniuboss\bin\woniuboss_api\corporate_customers_test\test_corporate_customer.py", line 42, in test_modify_cor_cus
    self.assertEqual(expect,actual)
AssertionError: 'test modify corporate customer fail' != 'test modify corporate customer pass'
- test modify corporate customer fail
?                                ^ ^^
+ test modify corporate customer pass
?                                ^ ^^

Traceback (most recent call last):
  File "D:\python\python36\lib\site-packages\parameterized\parameterized.py", line 518, in standalone_func
    return func(*(a + p.args), **p.kwargs)
  File "D:\python\yangle0103\woniuboss\bin\woniuboss_api\corporate_customers_test\test_corporate_customer.py", line 42, in test_modify_cor_cus
    self.assertEqual(expect,actual)
AssertionError: 'test modify corporate customer fail' != 'test modify corporate customer pass'
- test modify corporate customer fail
?                                ^ ^^
+ test modify corporate customer pass
?                                ^ ^^



        </pre>
    </div>
    <!--css div popup end-->

    </td>
</tr>

<tr id='ft1.60' class='none'>
    <td class='failCase'><div class='testcase'>test_modify_cor_cus_09_http_yangle4_8080_WoniuBoss2_5_enterprise_updateEnterp</div></td>
    <td colspan='5' align='center'>

    <!--css div popup start-->
    <a class="popup_link" onfocus='this.blur();' href="javascript:showTestDetail('div_ft1.60')" >
        fail</a>

    <div id='div_ft1.60' class="popup_window">
        <div style='text-align: right; color:red;cursor:pointer'>
        <a onfocus='this.blur();' onclick="document.getElementById('div_ft1.60').style.display = 'none' " >
           [x]</a>
        </div>
        <pre>
        
ft1.60: Traceback (most recent call last):
  File "D:\python\python36\lib\site-packages\parameterized\parameterized.py", line 518, in standalone_func
    return func(*(a + p.args), **p.kwargs)
  File "D:\python\yangle0103\woniuboss\bin\woniuboss_api\corporate_customers_test\test_corporate_customer.py", line 42, in test_modify_cor_cus
    self.assertEqual(expect,actual)
AssertionError: 'test modify corporate customer fail' != 'test modify corporate customer pass'
- test modify corporate customer fail
?                                ^ ^^
+ test modify corporate customer pass
?                                ^ ^^

Traceback (most recent call last):
  File "D:\python\python36\lib\site-packages\parameterized\parameterized.py", line 518, in standalone_func
    return func(*(a + p.args), **p.kwargs)
  File "D:\python\yangle0103\woniuboss\bin\woniuboss_api\corporate_customers_test\test_corporate_customer.py", line 42, in test_modify_cor_cus
    self.assertEqual(expect,actual)
AssertionError: 'test modify corporate customer fail' != 'test modify corporate customer pass'
- test modify corporate customer fail
?                                ^ ^^
+ test modify corporate customer pass
?                                ^ ^^



        </pre>
    </div>
    <!--css div popup end-->

    </td>
</tr>

<tr id='ft1.61' class='none'>
    <td class='failCase'><div class='testcase'>test_modify_cor_cus_10_http_yangle4_8080_WoniuBoss2_5_enterprise_updateEnterp</div></td>
    <td colspan='5' align='center'>

    <!--css div popup start-->
    <a class="popup_link" onfocus='this.blur();' href="javascript:showTestDetail('div_ft1.61')" >
        fail</a>

    <div id='div_ft1.61' class="popup_window">
        <div style='text-align: right; color:red;cursor:pointer'>
        <a onfocus='this.blur();' onclick="document.getElementById('div_ft1.61').style.display = 'none' " >
           [x]</a>
        </div>
        <pre>
        
ft1.61: Traceback (most recent call last):
  File "D:\python\python36\lib\site-packages\parameterized\parameterized.py", line 518, in standalone_func
    return func(*(a + p.args), **p.kwargs)
  File "D:\python\yangle0103\woniuboss\bin\woniuboss_api\corporate_customers_test\test_corporate_customer.py", line 42, in test_modify_cor_cus
    self.assertEqual(expect,actual)
AssertionError: 'test modify corporate customer fail' != 'test modify corporate customer pass'
- test modify corporate customer fail
?                                ^ ^^
+ test modify corporate customer pass
?                                ^ ^^

Traceback (most recent call last):
  File "D:\python\python36\lib\site-packages\parameterized\parameterized.py", line 518, in standalone_func
    return func(*(a + p.args), **p.kwargs)
  File "D:\python\yangle0103\woniuboss\bin\woniuboss_api\corporate_customers_test\test_corporate_customer.py", line 42, in test_modify_cor_cus
    self.assertEqual(expect,actual)
AssertionError: 'test modify corporate customer fail' != 'test modify corporate customer pass'
- test modify corporate customer fail
?                                ^ ^^
+ test modify corporate customer pass
?                                ^ ^^



        </pre>
    </div>
    <!--css div popup end-->

    </td>
</tr>

<tr id='ft1.62' class='none'>
    <td class='failCase'><div class='testcase'>test_modify_cor_cus_11_http_yangle4_8080_WoniuBoss2_5_enterprise_updateEnterp</div></td>
    <td colspan='5' align='center'>

    <!--css div popup start-->
    <a class="popup_link" onfocus='this.blur();' href="javascript:showTestDetail('div_ft1.62')" >
        fail</a>

    <div id='div_ft1.62' class="popup_window">
        <div style='text-align: right; color:red;cursor:pointer'>
        <a onfocus='this.blur();' onclick="document.getElementById('div_ft1.62').style.display = 'none' " >
           [x]</a>
        </div>
        <pre>
        
ft1.62: Traceback (most recent call last):
  File "D:\python\python36\lib\site-packages\parameterized\parameterized.py", line 518, in standalone_func
    return func(*(a + p.args), **p.kwargs)
  File "D:\python\yangle0103\woniuboss\bin\woniuboss_api\corporate_customers_test\test_corporate_customer.py", line 42, in test_modify_cor_cus
    self.assertEqual(expect,actual)
AssertionError: 'test modify corporate customer fail' != 'test modify corporate customer pass'
- test modify corporate customer fail
?                                ^ ^^
+ test modify corporate customer pass
?                                ^ ^^

Traceback (most recent call last):
  File "D:\python\python36\lib\site-packages\parameterized\parameterized.py", line 518, in standalone_func
    return func(*(a + p.args), **p.kwargs)
  File "D:\python\yangle0103\woniuboss\bin\woniuboss_api\corporate_customers_test\test_corporate_customer.py", line 42, in test_modify_cor_cus
    self.assertEqual(expect,actual)
AssertionError: 'test modify corporate customer fail' != 'test modify corporate customer pass'
- test modify corporate customer fail
?                                ^ ^^
+ test modify corporate customer pass
?                                ^ ^^



        </pre>
    </div>
    <!--css div popup end-->

    </td>
</tr>

<tr id='ft1.63' class='none'>
    <td class='failCase'><div class='testcase'>test_modify_cor_cus_12_http_yangle4_8080_WoniuBoss2_5_enterprise_updateEnterp</div></td>
    <td colspan='5' align='center'>

    <!--css div popup start-->
    <a class="popup_link" onfocus='this.blur();' href="javascript:showTestDetail('div_ft1.63')" >
        fail</a>

    <div id='div_ft1.63' class="popup_window">
        <div style='text-align: right; color:red;cursor:pointer'>
        <a onfocus='this.blur();' onclick="document.getElementById('div_ft1.63').style.display = 'none' " >
           [x]</a>
        </div>
        <pre>
        
ft1.63: Traceback (most recent call last):
  File "D:\python\python36\lib\site-packages\parameterized\parameterized.py", line 518, in standalone_func
    return func(*(a + p.args), **p.kwargs)
  File "D:\python\yangle0103\woniuboss\bin\woniuboss_api\corporate_customers_test\test_corporate_customer.py", line 42, in test_modify_cor_cus
    self.assertEqual(expect,actual)
AssertionError: 'test modify corporate customer fail' != 'test modify corporate customer pass'
- test modify corporate customer fail
?                                ^ ^^
+ test modify corporate customer pass
?                                ^ ^^

Traceback (most recent call last):
  File "D:\python\python36\lib\site-packages\parameterized\parameterized.py", line 518, in standalone_func
    return func(*(a + p.args), **p.kwargs)
  File "D:\python\yangle0103\woniuboss\bin\woniuboss_api\corporate_customers_test\test_corporate_customer.py", line 42, in test_modify_cor_cus
    self.assertEqual(expect,actual)
AssertionError: 'test modify corporate customer fail' != 'test modify corporate customer pass'
- test modify corporate customer fail
?                                ^ ^^
+ test modify corporate customer pass
?                                ^ ^^



        </pre>
    </div>
    <!--css div popup end-->

    </td>
</tr>

<tr id='ft1.64' class='none'>
    <td class='failCase'><div class='testcase'>test_modify_cor_cus_13_http_yangle4_8080_WoniuBoss2_5_enterprise_updateEnterp</div></td>
    <td colspan='5' align='center'>

    <!--css div popup start-->
    <a class="popup_link" onfocus='this.blur();' href="javascript:showTestDetail('div_ft1.64')" >
        fail</a>

    <div id='div_ft1.64' class="popup_window">
        <div style='text-align: right; color:red;cursor:pointer'>
        <a onfocus='this.blur();' onclick="document.getElementById('div_ft1.64').style.display = 'none' " >
           [x]</a>
        </div>
        <pre>
        
ft1.64: Traceback (most recent call last):
  File "D:\python\python36\lib\site-packages\parameterized\parameterized.py", line 518, in standalone_func
    return func(*(a + p.args), **p.kwargs)
  File "D:\python\yangle0103\woniuboss\bin\woniuboss_api\corporate_customers_test\test_corporate_customer.py", line 42, in test_modify_cor_cus
    self.assertEqual(expect,actual)
AssertionError: 'test modify corporate customer fail' != 'test modify corporate customer pass'
- test modify corporate customer fail
?                                ^ ^^
+ test modify corporate customer pass
?                                ^ ^^

Traceback (most recent call last):
  File "D:\python\python36\lib\site-packages\parameterized\parameterized.py", line 518, in standalone_func
    return func(*(a + p.args), **p.kwargs)
  File "D:\python\yangle0103\woniuboss\bin\woniuboss_api\corporate_customers_test\test_corporate_customer.py", line 42, in test_modify_cor_cus
    self.assertEqual(expect,actual)
AssertionError: 'test modify corporate customer fail' != 'test modify corporate customer pass'
- test modify corporate customer fail
?                                ^ ^^
+ test modify corporate customer pass
?                                ^ ^^



        </pre>
    </div>
    <!--css div popup end-->

    </td>
</tr>

<tr id='ft1.65' class='none'>
    <td class='failCase'><div class='testcase'>test_modify_cor_cus_14_http_yangle4_8080_WoniuBoss2_5_enterprise_updateEnterp</div></td>
    <td colspan='5' align='center'>

    <!--css div popup start-->
    <a class="popup_link" onfocus='this.blur();' href="javascript:showTestDetail('div_ft1.65')" >
        fail</a>

    <div id='div_ft1.65' class="popup_window">
        <div style='text-align: right; color:red;cursor:pointer'>
        <a onfocus='this.blur();' onclick="document.getElementById('div_ft1.65').style.display = 'none' " >
           [x]</a>
        </div>
        <pre>
        
ft1.65: Traceback (most recent call last):
  File "D:\python\python36\lib\site-packages\parameterized\parameterized.py", line 518, in standalone_func
    return func(*(a + p.args), **p.kwargs)
  File "D:\python\yangle0103\woniuboss\bin\woniuboss_api\corporate_customers_test\test_corporate_customer.py", line 42, in test_modify_cor_cus
    self.assertEqual(expect,actual)
AssertionError: 'test modify corporate customer fail' != 'test modify corporate customer pass'
- test modify corporate customer fail
?                                ^ ^^
+ test modify corporate customer pass
?                                ^ ^^

Traceback (most recent call last):
  File "D:\python\python36\lib\site-packages\parameterized\parameterized.py", line 518, in standalone_func
    return func(*(a + p.args), **p.kwargs)
  File "D:\python\yangle0103\woniuboss\bin\woniuboss_api\corporate_customers_test\test_corporate_customer.py", line 42, in test_modify_cor_cus
    self.assertEqual(expect,actual)
AssertionError: 'test modify corporate customer fail' != 'test modify corporate customer pass'
- test modify corporate customer fail
?                                ^ ^^
+ test modify corporate customer pass
?                                ^ ^^



        </pre>
    </div>
    <!--css div popup end-->

    </td>
</tr>

<tr id='ft1.66' class='none'>
    <td class='failCase'><div class='testcase'>test_modify_cor_cus_15_http_yangle4_8080_WoniuBoss2_5_enterprise_updateEnterp</div></td>
    <td colspan='5' align='center'>

    <!--css div popup start-->
    <a class="popup_link" onfocus='this.blur();' href="javascript:showTestDetail('div_ft1.66')" >
        fail</a>

    <div id='div_ft1.66' class="popup_window">
        <div style='text-align: right; color:red;cursor:pointer'>
        <a onfocus='this.blur();' onclick="document.getElementById('div_ft1.66').style.display = 'none' " >
           [x]</a>
        </div>
        <pre>
        
ft1.66: Traceback (most recent call last):
  File "D:\python\python36\lib\site-packages\parameterized\parameterized.py", line 518, in standalone_func
    return func(*(a + p.args), **p.kwargs)
  File "D:\python\yangle0103\woniuboss\bin\woniuboss_api\corporate_customers_test\test_corporate_customer.py", line 42, in test_modify_cor_cus
    self.assertEqual(expect,actual)
AssertionError: 'test modify corporate customer fail' != 'test modify corporate customer pass'
- test modify corporate customer fail
?                                ^ ^^
+ test modify corporate customer pass
?                                ^ ^^

Traceback (most recent call last):
  File "D:\python\python36\lib\site-packages\parameterized\parameterized.py", line 518, in standalone_func
    return func(*(a + p.args), **p.kwargs)
  File "D:\python\yangle0103\woniuboss\bin\woniuboss_api\corporate_customers_test\test_corporate_customer.py", line 42, in test_modify_cor_cus
    self.assertEqual(expect,actual)
AssertionError: 'test modify corporate customer fail' != 'test modify corporate customer pass'
- test modify corporate customer fail
?                                ^ ^^
+ test modify corporate customer pass
?                                ^ ^^



        </pre>
    </div>
    <!--css div popup end-->

    </td>
</tr>

<tr id='pt1.67' class='hiddenRow'>
    <td class='none'><div class='testcase'>test_modify_cor_cus_16_http_yangle4_8080_WoniuBoss2_5_enterprise_updateEnterp</div></td>
    <td colspan='5' align='center'>pass</td>
</tr>

<tr id='pt1.68' class='hiddenRow'>
    <td class='none'><div class='testcase'>test_modify_cor_cus_17_http_yangle4_8080_WoniuBoss2_5_enterprise_updateEnterp</div></td>
    <td colspan='5' align='center'>pass</td>
</tr>

<tr id='ft1.69' class='none'>
    <td class='failCase'><div class='testcase'>test_modify_cor_cus_18_http_yangle4_8080_WoniuBoss2_5_enterprise_updateEnterp</div></td>
    <td colspan='5' align='center'>

    <!--css div popup start-->
    <a class="popup_link" onfocus='this.blur();' href="javascript:showTestDetail('div_ft1.69')" >
        fail</a>

    <div id='div_ft1.69' class="popup_window">
        <div style='text-align: right; color:red;cursor:pointer'>
        <a onfocus='this.blur();' onclick="document.getElementById('div_ft1.69').style.display = 'none' " >
           [x]</a>
        </div>
        <pre>
        
ft1.69: Traceback (most recent call last):
  File "D:\python\python36\lib\site-packages\parameterized\parameterized.py", line 518, in standalone_func
    return func(*(a + p.args), **p.kwargs)
  File "D:\python\yangle0103\woniuboss\bin\woniuboss_api\corporate_customers_test\test_corporate_customer.py", line 42, in test_modify_cor_cus
    self.assertEqual(expect,actual)
AssertionError: 'test modify corporate customer fail' != 'test modify corporate customer pass'
- test modify corporate customer fail
?                                ^ ^^
+ test modify corporate customer pass
?                                ^ ^^

Traceback (most recent call last):
  File "D:\python\python36\lib\site-packages\parameterized\parameterized.py", line 518, in standalone_func
    return func(*(a + p.args), **p.kwargs)
  File "D:\python\yangle0103\woniuboss\bin\woniuboss_api\corporate_customers_test\test_corporate_customer.py", line 42, in test_modify_cor_cus
    self.assertEqual(expect,actual)
AssertionError: 'test modify corporate customer fail' != 'test modify corporate customer pass'
- test modify corporate customer fail
?                                ^ ^^
+ test modify corporate customer pass
?                                ^ ^^



        </pre>
    </div>
    <!--css div popup end-->

    </td>
</tr>

<tr id='pt1.70' class='hiddenRow'>
    <td class='none'><div class='testcase'>test_modify_cor_cus_19_http_yangle4_8080_WoniuBoss2_5_enterprise_updateEnterp</div></td>
    <td colspan='5' align='center'>pass</td>
</tr>

<tr id='pt1.71' class='hiddenRow'>
    <td class='none'><div class='testcase'>test_modify_cor_cus_20_http_yangle4_8080_WoniuBoss2_5_enterprise_updateEnterp</div></td>
    <td colspan='5' align='center'>pass</td>
</tr>

<tr id='ft1.72' class='none'>
    <td class='failCase'><div class='testcase'>test_modify_cor_cus_21_http_yangle4_8080_WoniuBoss2_5_enterprise_updateEnterp</div></td>
    <td colspan='5' align='center'>

    <!--css div popup start-->
    <a class="popup_link" onfocus='this.blur();' href="javascript:showTestDetail('div_ft1.72')" >
        fail</a>

    <div id='div_ft1.72' class="popup_window">
        <div style='text-align: right; color:red;cursor:pointer'>
        <a onfocus='this.blur();' onclick="document.getElementById('div_ft1.72').style.display = 'none' " >
           [x]</a>
        </div>
        <pre>
        
ft1.72: Traceback (most recent call last):
  File "D:\python\python36\lib\site-packages\parameterized\parameterized.py", line 518, in standalone_func
    return func(*(a + p.args), **p.kwargs)
  File "D:\python\yangle0103\woniuboss\bin\woniuboss_api\corporate_customers_test\test_corporate_customer.py", line 42, in test_modify_cor_cus
    self.assertEqual(expect,actual)
AssertionError: 'test modify corporate customer fail' != 'test modify corporate customer pass'
- test modify corporate customer fail
?                                ^ ^^
+ test modify corporate customer pass
?                                ^ ^^

Traceback (most recent call last):
  File "D:\python\python36\lib\site-packages\parameterized\parameterized.py", line 518, in standalone_func
    return func(*(a + p.args), **p.kwargs)
  File "D:\python\yangle0103\woniuboss\bin\woniuboss_api\corporate_customers_test\test_corporate_customer.py", line 42, in test_modify_cor_cus
    self.assertEqual(expect,actual)
AssertionError: 'test modify corporate customer fail' != 'test modify corporate customer pass'
- test modify corporate customer fail
?                                ^ ^^
+ test modify corporate customer pass
?                                ^ ^^



        </pre>
    </div>
    <!--css div popup end-->

    </td>
</tr>

<tr id='ft1.73' class='none'>
    <td class='failCase'><div class='testcase'>test_modify_cor_cus_22_http_yangle4_8080_WoniuBoss2_5_enterprise_updateEnterp</div></td>
    <td colspan='5' align='center'>

    <!--css div popup start-->
    <a class="popup_link" onfocus='this.blur();' href="javascript:showTestDetail('div_ft1.73')" >
        fail</a>

    <div id='div_ft1.73' class="popup_window">
        <div style='text-align: right; color:red;cursor:pointer'>
        <a onfocus='this.blur();' onclick="document.getElementById('div_ft1.73').style.display = 'none' " >
           [x]</a>
        </div>
        <pre>
        
ft1.73: Traceback (most recent call last):
  File "D:\python\python36\lib\site-packages\parameterized\parameterized.py", line 518, in standalone_func
    return func(*(a + p.args), **p.kwargs)
  File "D:\python\yangle0103\woniuboss\bin\woniuboss_api\corporate_customers_test\test_corporate_customer.py", line 42, in test_modify_cor_cus
    self.assertEqual(expect,actual)
AssertionError: 'test modify corporate customer fail' != 'test modify corporate customer pass'
- test modify corporate customer fail
?                                ^ ^^
+ test modify corporate customer pass
?                                ^ ^^

Traceback (most recent call last):
  File "D:\python\python36\lib\site-packages\parameterized\parameterized.py", line 518, in standalone_func
    return func(*(a + p.args), **p.kwargs)
  File "D:\python\yangle0103\woniuboss\bin\woniuboss_api\corporate_customers_test\test_corporate_customer.py", line 42, in test_modify_cor_cus
    self.assertEqual(expect,actual)
AssertionError: 'test modify corporate customer fail' != 'test modify corporate customer pass'
- test modify corporate customer fail
?                                ^ ^^
+ test modify corporate customer pass
?                                ^ ^^



        </pre>
    </div>
    <!--css div popup end-->

    </td>
</tr>

<tr id='ft1.74' class='none'>
    <td class='failCase'><div class='testcase'>test_modify_cor_cus_23_http_yangle4_8080_WoniuBoss2_5_enterprise_updateEnterp</div></td>
    <td colspan='5' align='center'>

    <!--css div popup start-->
    <a class="popup_link" onfocus='this.blur();' href="javascript:showTestDetail('div_ft1.74')" >
        fail</a>

    <div id='div_ft1.74' class="popup_window">
        <div style='text-align: right; color:red;cursor:pointer'>
        <a onfocus='this.blur();' onclick="document.getElementById('div_ft1.74').style.display = 'none' " >
           [x]</a>
        </div>
        <pre>
        
ft1.74: Traceback (most recent call last):
  File "D:\python\python36\lib\site-packages\parameterized\parameterized.py", line 518, in standalone_func
    return func(*(a + p.args), **p.kwargs)
  File "D:\python\yangle0103\woniuboss\bin\woniuboss_api\corporate_customers_test\test_corporate_customer.py", line 42, in test_modify_cor_cus
    self.assertEqual(expect,actual)
AssertionError: 'test modify corporate customer fail' != 'test modify corporate customer pass'
- test modify corporate customer fail
?                                ^ ^^
+ test modify corporate customer pass
?                                ^ ^^

Traceback (most recent call last):
  File "D:\python\python36\lib\site-packages\parameterized\parameterized.py", line 518, in standalone_func
    return func(*(a + p.args), **p.kwargs)
  File "D:\python\yangle0103\woniuboss\bin\woniuboss_api\corporate_customers_test\test_corporate_customer.py", line 42, in test_modify_cor_cus
    self.assertEqual(expect,actual)
AssertionError: 'test modify corporate customer fail' != 'test modify corporate customer pass'
- test modify corporate customer fail
?                                ^ ^^
+ test modify corporate customer pass
?                                ^ ^^



        </pre>
    </div>
    <!--css div popup end-->

    </td>
</tr>

<tr id='pt1.75' class='hiddenRow'>
    <td class='none'><div class='testcase'>test_modify_cor_cus_24_http_yangle4_8080_WoniuBoss2_5_enterprise_updateEnterp</div></td>
    <td colspan='5' align='center'>pass</td>
</tr>

<tr id='ft1.76' class='none'>
    <td class='failCase'><div class='testcase'>test_modify_cor_cus_25_http_yangle4_8080_WoniuBoss2_5_enterprise_updateEnterp</div></td>
    <td colspan='5' align='center'>

    <!--css div popup start-->
    <a class="popup_link" onfocus='this.blur();' href="javascript:showTestDetail('div_ft1.76')" >
        fail</a>

    <div id='div_ft1.76' class="popup_window">
        <div style='text-align: right; color:red;cursor:pointer'>
        <a onfocus='this.blur();' onclick="document.getElementById('div_ft1.76').style.display = 'none' " >
           [x]</a>
        </div>
        <pre>
        
ft1.76: Traceback (most recent call last):
  File "D:\python\python36\lib\site-packages\parameterized\parameterized.py", line 518, in standalone_func
    return func(*(a + p.args), **p.kwargs)
  File "D:\python\yangle0103\woniuboss\bin\woniuboss_api\corporate_customers_test\test_corporate_customer.py", line 42, in test_modify_cor_cus
    self.assertEqual(expect,actual)
AssertionError: 'test modify corporate customer fail' != 'test modify corporate customer pass'
- test modify corporate customer fail
?                                ^ ^^
+ test modify corporate customer pass
?                                ^ ^^

Traceback (most recent call last):
  File "D:\python\python36\lib\site-packages\parameterized\parameterized.py", line 518, in standalone_func
    return func(*(a + p.args), **p.kwargs)
  File "D:\python\yangle0103\woniuboss\bin\woniuboss_api\corporate_customers_test\test_corporate_customer.py", line 42, in test_modify_cor_cus
    self.assertEqual(expect,actual)
AssertionError: 'test modify corporate customer fail' != 'test modify corporate customer pass'
- test modify corporate customer fail
?                                ^ ^^
+ test modify corporate customer pass
?                                ^ ^^



        </pre>
    </div>
    <!--css div popup end-->

    </td>
</tr>

<tr id='pt1.77' class='hiddenRow'>
    <td class='none'><div class='testcase'>test_modify_cor_cus_26_http_yangle4_8080_WoniuBoss2_5_enterprise_updateEnterp</div></td>
    <td colspan='5' align='center'>pass</td>
</tr>

<tr id='pt1.78' class='hiddenRow'>
    <td class='none'><div class='testcase'>test_modify_cor_cus_27_http_yangle4_8080_WoniuBoss2_5_enterprise_updateEnterp</div></td>
    <td colspan='5' align='center'>pass</td>
</tr>

<tr id='ft1.79' class='none'>
    <td class='failCase'><div class='testcase'>test_modify_cor_cus_28_http_yangle4_8080_WoniuBoss2_5_enterprise_updateEnterp</div></td>
    <td colspan='5' align='center'>

    <!--css div popup start-->
    <a class="popup_link" onfocus='this.blur();' href="javascript:showTestDetail('div_ft1.79')" >
        fail</a>

    <div id='div_ft1.79' class="popup_window">
        <div style='text-align: right; color:red;cursor:pointer'>
        <a onfocus='this.blur();' onclick="document.getElementById('div_ft1.79').style.display = 'none' " >
           [x]</a>
        </div>
        <pre>
        
ft1.79: Traceback (most recent call last):
  File "D:\python\python36\lib\site-packages\parameterized\parameterized.py", line 518, in standalone_func
    return func(*(a + p.args), **p.kwargs)
  File "D:\python\yangle0103\woniuboss\bin\woniuboss_api\corporate_customers_test\test_corporate_customer.py", line 42, in test_modify_cor_cus
    self.assertEqual(expect,actual)
AssertionError: 'test modify corporate customer fail' != 'test modify corporate customer pass'
- test modify corporate customer fail
?                                ^ ^^
+ test modify corporate customer pass
?                                ^ ^^

Traceback (most recent call last):
  File "D:\python\python36\lib\site-packages\parameterized\parameterized.py", line 518, in standalone_func
    return func(*(a + p.args), **p.kwargs)
  File "D:\python\yangle0103\woniuboss\bin\woniuboss_api\corporate_customers_test\test_corporate_customer.py", line 42, in test_modify_cor_cus
    self.assertEqual(expect,actual)
AssertionError: 'test modify corporate customer fail' != 'test modify corporate customer pass'
- test modify corporate customer fail
?                                ^ ^^
+ test modify corporate customer pass
?                                ^ ^^



        </pre>
    </div>
    <!--css div popup end-->

    </td>
</tr>

<tr id='ft1.80' class='none'>
    <td class='failCase'><div class='testcase'>test_modify_cor_cus_29_http_yangle4_8080_WoniuBoss2_5_enterprise_updateEnterp</div></td>
    <td colspan='5' align='center'>

    <!--css div popup start-->
    <a class="popup_link" onfocus='this.blur();' href="javascript:showTestDetail('div_ft1.80')" >
        fail</a>

    <div id='div_ft1.80' class="popup_window">
        <div style='text-align: right; color:red;cursor:pointer'>
        <a onfocus='this.blur();' onclick="document.getElementById('div_ft1.80').style.display = 'none' " >
           [x]</a>
        </div>
        <pre>
        
ft1.80: Traceback (most recent call last):
  File "D:\python\python36\lib\site-packages\parameterized\parameterized.py", line 518, in standalone_func
    return func(*(a + p.args), **p.kwargs)
  File "D:\python\yangle0103\woniuboss\bin\woniuboss_api\corporate_customers_test\test_corporate_customer.py", line 42, in test_modify_cor_cus
    self.assertEqual(expect,actual)
AssertionError: 'test modify corporate customer fail' != 'test modify corporate customer pass'
- test modify corporate customer fail
?                                ^ ^^
+ test modify corporate customer pass
?                                ^ ^^

Traceback (most recent call last):
  File "D:\python\python36\lib\site-packages\parameterized\parameterized.py", line 518, in standalone_func
    return func(*(a + p.args), **p.kwargs)
  File "D:\python\yangle0103\woniuboss\bin\woniuboss_api\corporate_customers_test\test_corporate_customer.py", line 42, in test_modify_cor_cus
    self.assertEqual(expect,actual)
AssertionError: 'test modify corporate customer fail' != 'test modify corporate customer pass'
- test modify corporate customer fail
?                                ^ ^^
+ test modify corporate customer pass
?                                ^ ^^



        </pre>
    </div>
    <!--css div popup end-->

    </td>
</tr>

<tr id='ft1.81' class='none'>
    <td class='failCase'><div class='testcase'>test_modify_cor_cus_30_http_yangle4_8080_WoniuBoss2_5_enterprise_updateEnterp</div></td>
    <td colspan='5' align='center'>

    <!--css div popup start-->
    <a class="popup_link" onfocus='this.blur();' href="javascript:showTestDetail('div_ft1.81')" >
        fail</a>

    <div id='div_ft1.81' class="popup_window">
        <div style='text-align: right; color:red;cursor:pointer'>
        <a onfocus='this.blur();' onclick="document.getElementById('div_ft1.81').style.display = 'none' " >
           [x]</a>
        </div>
        <pre>
        
ft1.81: Traceback (most recent call last):
  File "D:\python\python36\lib\site-packages\parameterized\parameterized.py", line 518, in standalone_func
    return func(*(a + p.args), **p.kwargs)
  File "D:\python\yangle0103\woniuboss\bin\woniuboss_api\corporate_customers_test\test_corporate_customer.py", line 42, in test_modify_cor_cus
    self.assertEqual(expect,actual)
AssertionError: 'test modify corporate customer fail' != 'test modify corporate customer pass'
- test modify corporate customer fail
?                                ^ ^^
+ test modify corporate customer pass
?                                ^ ^^

Traceback (most recent call last):
  File "D:\python\python36\lib\site-packages\parameterized\parameterized.py", line 518, in standalone_func
    return func(*(a + p.args), **p.kwargs)
  File "D:\python\yangle0103\woniuboss\bin\woniuboss_api\corporate_customers_test\test_corporate_customer.py", line 42, in test_modify_cor_cus
    self.assertEqual(expect,actual)
AssertionError: 'test modify corporate customer fail' != 'test modify corporate customer pass'
- test modify corporate customer fail
?                                ^ ^^
+ test modify corporate customer pass
?                                ^ ^^



        </pre>
    </div>
    <!--css div popup end-->

    </td>
</tr>

<tr id='ft1.82' class='none'>
    <td class='failCase'><div class='testcase'>test_modify_cor_cus_31_http_yangle4_8080_WoniuBoss2_5_enterprise_updateEnterp</div></td>
    <td colspan='5' align='center'>

    <!--css div popup start-->
    <a class="popup_link" onfocus='this.blur();' href="javascript:showTestDetail('div_ft1.82')" >
        fail</a>

    <div id='div_ft1.82' class="popup_window">
        <div style='text-align: right; color:red;cursor:pointer'>
        <a onfocus='this.blur();' onclick="document.getElementById('div_ft1.82').style.display = 'none' " >
           [x]</a>
        </div>
        <pre>
        
ft1.82: Traceback (most recent call last):
  File "D:\python\python36\lib\site-packages\parameterized\parameterized.py", line 518, in standalone_func
    return func(*(a + p.args), **p.kwargs)
  File "D:\python\yangle0103\woniuboss\bin\woniuboss_api\corporate_customers_test\test_corporate_customer.py", line 42, in test_modify_cor_cus
    self.assertEqual(expect,actual)
AssertionError: 'test modify corporate customer fail' != 'test modify corporate customer pass'
- test modify corporate customer fail
?                                ^ ^^
+ test modify corporate customer pass
?                                ^ ^^

Traceback (most recent call last):
  File "D:\python\python36\lib\site-packages\parameterized\parameterized.py", line 518, in standalone_func
    return func(*(a + p.args), **p.kwargs)
  File "D:\python\yangle0103\woniuboss\bin\woniuboss_api\corporate_customers_test\test_corporate_customer.py", line 42, in test_modify_cor_cus
    self.assertEqual(expect,actual)
AssertionError: 'test modify corporate customer fail' != 'test modify corporate customer pass'
- test modify corporate customer fail
?                                ^ ^^
+ test modify corporate customer pass
?                                ^ ^^



        </pre>
    </div>
    <!--css div popup end-->

    </td>
</tr>

<tr id='ft1.83' class='none'>
    <td class='failCase'><div class='testcase'>test_modify_cor_cus_32_http_yangle4_8080_WoniuBoss2_5_enterprise_updateEnterp</div></td>
    <td colspan='5' align='center'>

    <!--css div popup start-->
    <a class="popup_link" onfocus='this.blur();' href="javascript:showTestDetail('div_ft1.83')" >
        fail</a>

    <div id='div_ft1.83' class="popup_window">
        <div style='text-align: right; color:red;cursor:pointer'>
        <a onfocus='this.blur();' onclick="document.getElementById('div_ft1.83').style.display = 'none' " >
           [x]</a>
        </div>
        <pre>
        
ft1.83: Traceback (most recent call last):
  File "D:\python\python36\lib\site-packages\parameterized\parameterized.py", line 518, in standalone_func
    return func(*(a + p.args), **p.kwargs)
  File "D:\python\yangle0103\woniuboss\bin\woniuboss_api\corporate_customers_test\test_corporate_customer.py", line 42, in test_modify_cor_cus
    self.assertEqual(expect,actual)
AssertionError: 'test modify corporate customer fail' != 'test modify corporate customer pass'
- test modify corporate customer fail
?                                ^ ^^
+ test modify corporate customer pass
?                                ^ ^^

Traceback (most recent call last):
  File "D:\python\python36\lib\site-packages\parameterized\parameterized.py", line 518, in standalone_func
    return func(*(a + p.args), **p.kwargs)
  File "D:\python\yangle0103\woniuboss\bin\woniuboss_api\corporate_customers_test\test_corporate_customer.py", line 42, in test_modify_cor_cus
    self.assertEqual(expect,actual)
AssertionError: 'test modify corporate customer fail' != 'test modify corporate customer pass'
- test modify corporate customer fail
?                                ^ ^^
+ test modify corporate customer pass
?                                ^ ^^



        </pre>
    </div>
    <!--css div popup end-->

    </td>
</tr>

<tr id='ft1.84' class='none'>
    <td class='failCase'><div class='testcase'>test_modify_cor_cus_33_http_yangle4_8080_WoniuBoss2_5_enterprise_updateEnterp</div></td>
    <td colspan='5' align='center'>

    <!--css div popup start-->
    <a class="popup_link" onfocus='this.blur();' href="javascript:showTestDetail('div_ft1.84')" >
        fail</a>

    <div id='div_ft1.84' class="popup_window">
        <div style='text-align: right; color:red;cursor:pointer'>
        <a onfocus='this.blur();' onclick="document.getElementById('div_ft1.84').style.display = 'none' " >
           [x]</a>
        </div>
        <pre>
        
ft1.84: Traceback (most recent call last):
  File "D:\python\python36\lib\site-packages\parameterized\parameterized.py", line 518, in standalone_func
    return func(*(a + p.args), **p.kwargs)
  File "D:\python\yangle0103\woniuboss\bin\woniuboss_api\corporate_customers_test\test_corporate_customer.py", line 42, in test_modify_cor_cus
    self.assertEqual(expect,actual)
AssertionError: 'test modify corporate customer fail' != 'test modify corporate customer pass'
- test modify corporate customer fail
?                                ^ ^^
+ test modify corporate customer pass
?                                ^ ^^

Traceback (most recent call last):
  File "D:\python\python36\lib\site-packages\parameterized\parameterized.py", line 518, in standalone_func
    return func(*(a + p.args), **p.kwargs)
  File "D:\python\yangle0103\woniuboss\bin\woniuboss_api\corporate_customers_test\test_corporate_customer.py", line 42, in test_modify_cor_cus
    self.assertEqual(expect,actual)
AssertionError: 'test modify corporate customer fail' != 'test modify corporate customer pass'
- test modify corporate customer fail
?                                ^ ^^
+ test modify corporate customer pass
?                                ^ ^^



        </pre>
    </div>
    <!--css div popup end-->

    </td>
</tr>

<tr id='pt1.85' class='hiddenRow'>
    <td class='none'><div class='testcase'>test_modify_cor_cus_34_http_yangle4_8080_WoniuBoss2_5_enterprise_updateEnterp</div></td>
    <td colspan='5' align='center'>pass</td>
</tr>

<tr id='ft1.86' class='none'>
    <td class='failCase'><div class='testcase'>test_modify_cor_cus_35_http_yangle4_8080_WoniuBoss2_5_enterprise_updateEnterp</div></td>
    <td colspan='5' align='center'>

    <!--css div popup start-->
    <a class="popup_link" onfocus='this.blur();' href="javascript:showTestDetail('div_ft1.86')" >
        fail</a>

    <div id='div_ft1.86' class="popup_window">
        <div style='text-align: right; color:red;cursor:pointer'>
        <a onfocus='this.blur();' onclick="document.getElementById('div_ft1.86').style.display = 'none' " >
           [x]</a>
        </div>
        <pre>
        
ft1.86: Traceback (most recent call last):
  File "D:\python\python36\lib\site-packages\parameterized\parameterized.py", line 518, in standalone_func
    return func(*(a + p.args), **p.kwargs)
  File "D:\python\yangle0103\woniuboss\bin\woniuboss_api\corporate_customers_test\test_corporate_customer.py", line 42, in test_modify_cor_cus
    self.assertEqual(expect,actual)
AssertionError: 'test modify corporate customer fail' != 'test modify corporate customer pass'
- test modify corporate customer fail
?                                ^ ^^
+ test modify corporate customer pass
?                                ^ ^^

Traceback (most recent call last):
  File "D:\python\python36\lib\site-packages\parameterized\parameterized.py", line 518, in standalone_func
    return func(*(a + p.args), **p.kwargs)
  File "D:\python\yangle0103\woniuboss\bin\woniuboss_api\corporate_customers_test\test_corporate_customer.py", line 42, in test_modify_cor_cus
    self.assertEqual(expect,actual)
AssertionError: 'test modify corporate customer fail' != 'test modify corporate customer pass'
- test modify corporate customer fail
?                                ^ ^^
+ test modify corporate customer pass
?                                ^ ^^



        </pre>
    </div>
    <!--css div popup end-->

    </td>
</tr>

<tr id='ft1.87' class='none'>
    <td class='failCase'><div class='testcase'>test_modify_cor_cus_36_http_yangle4_8080_WoniuBoss2_5_enterprise_updateEnterp</div></td>
    <td colspan='5' align='center'>

    <!--css div popup start-->
    <a class="popup_link" onfocus='this.blur();' href="javascript:showTestDetail('div_ft1.87')" >
        fail</a>

    <div id='div_ft1.87' class="popup_window">
        <div style='text-align: right; color:red;cursor:pointer'>
        <a onfocus='this.blur();' onclick="document.getElementById('div_ft1.87').style.display = 'none' " >
           [x]</a>
        </div>
        <pre>
        
ft1.87: Traceback (most recent call last):
  File "D:\python\python36\lib\site-packages\parameterized\parameterized.py", line 518, in standalone_func
    return func(*(a + p.args), **p.kwargs)
  File "D:\python\yangle0103\woniuboss\bin\woniuboss_api\corporate_customers_test\test_corporate_customer.py", line 42, in test_modify_cor_cus
    self.assertEqual(expect,actual)
AssertionError: 'test modify corporate customer fail' != 'test modify corporate customer pass'
- test modify corporate customer fail
?                                ^ ^^
+ test modify corporate customer pass
?                                ^ ^^

Traceback (most recent call last):
  File "D:\python\python36\lib\site-packages\parameterized\parameterized.py", line 518, in standalone_func
    return func(*(a + p.args), **p.kwargs)
  File "D:\python\yangle0103\woniuboss\bin\woniuboss_api\corporate_customers_test\test_corporate_customer.py", line 42, in test_modify_cor_cus
    self.assertEqual(expect,actual)
AssertionError: 'test modify corporate customer fail' != 'test modify corporate customer pass'
- test modify corporate customer fail
?                                ^ ^^
+ test modify corporate customer pass
?                                ^ ^^



        </pre>
    </div>
    <!--css div popup end-->

    </td>
</tr>

<tr id='ft1.88' class='none'>
    <td class='failCase'><div class='testcase'>test_modify_cor_cus_37_http_yangle4_8080_WoniuBoss2_5_enterprise_updateEnterp</div></td>
    <td colspan='5' align='center'>

    <!--css div popup start-->
    <a class="popup_link" onfocus='this.blur();' href="javascript:showTestDetail('div_ft1.88')" >
        fail</a>

    <div id='div_ft1.88' class="popup_window">
        <div style='text-align: right; color:red;cursor:pointer'>
        <a onfocus='this.blur();' onclick="document.getElementById('div_ft1.88').style.display = 'none' " >
           [x]</a>
        </div>
        <pre>
        
ft1.88: Traceback (most recent call last):
  File "D:\python\python36\lib\site-packages\parameterized\parameterized.py", line 518, in standalone_func
    return func(*(a + p.args), **p.kwargs)
  File "D:\python\yangle0103\woniuboss\bin\woniuboss_api\corporate_customers_test\test_corporate_customer.py", line 42, in test_modify_cor_cus
    self.assertEqual(expect,actual)
AssertionError: 'test modify corporate customer fail' != 'test modify corporate customer pass'
- test modify corporate customer fail
?                                ^ ^^
+ test modify corporate customer pass
?                                ^ ^^

Traceback (most recent call last):
  File "D:\python\python36\lib\site-packages\parameterized\parameterized.py", line 518, in standalone_func
    return func(*(a + p.args), **p.kwargs)
  File "D:\python\yangle0103\woniuboss\bin\woniuboss_api\corporate_customers_test\test_corporate_customer.py", line 42, in test_modify_cor_cus
    self.assertEqual(expect,actual)
AssertionError: 'test modify corporate customer fail' != 'test modify corporate customer pass'
- test modify corporate customer fail
?                                ^ ^^
+ test modify corporate customer pass
?                                ^ ^^



        </pre>
    </div>
    <!--css div popup end-->

    </td>
</tr>

<tr id='ft1.89' class='none'>
    <td class='failCase'><div class='testcase'>test_modify_cor_cus_38_http_yangle4_8080_WoniuBoss2_5_enterprise_updateEnterp</div></td>
    <td colspan='5' align='center'>

    <!--css div popup start-->
    <a class="popup_link" onfocus='this.blur();' href="javascript:showTestDetail('div_ft1.89')" >
        fail</a>

    <div id='div_ft1.89' class="popup_window">
        <div style='text-align: right; color:red;cursor:pointer'>
        <a onfocus='this.blur();' onclick="document.getElementById('div_ft1.89').style.display = 'none' " >
           [x]</a>
        </div>
        <pre>
        
ft1.89: Traceback (most recent call last):
  File "D:\python\python36\lib\site-packages\parameterized\parameterized.py", line 518, in standalone_func
    return func(*(a + p.args), **p.kwargs)
  File "D:\python\yangle0103\woniuboss\bin\woniuboss_api\corporate_customers_test\test_corporate_customer.py", line 42, in test_modify_cor_cus
    self.assertEqual(expect,actual)
AssertionError: 'test modify corporate customer fail' != 'test modify corporate customer pass'
- test modify corporate customer fail
?                                ^ ^^
+ test modify corporate customer pass
?                                ^ ^^

Traceback (most recent call last):
  File "D:\python\python36\lib\site-packages\parameterized\parameterized.py", line 518, in standalone_func
    return func(*(a + p.args), **p.kwargs)
  File "D:\python\yangle0103\woniuboss\bin\woniuboss_api\corporate_customers_test\test_corporate_customer.py", line 42, in test_modify_cor_cus
    self.assertEqual(expect,actual)
AssertionError: 'test modify corporate customer fail' != 'test modify corporate customer pass'
- test modify corporate customer fail
?                                ^ ^^
+ test modify corporate customer pass
?                                ^ ^^



        </pre>
    </div>
    <!--css div popup end-->

    </td>
</tr>

<tr id='ft1.90' class='none'>
    <td class='failCase'><div class='testcase'>test_modify_cor_cus_39_http_yangle4_8080_WoniuBoss2_5_enterprise_updateEnterp</div></td>
    <td colspan='5' align='center'>

    <!--css div popup start-->
    <a class="popup_link" onfocus='this.blur();' href="javascript:showTestDetail('div_ft1.90')" >
        fail</a>

    <div id='div_ft1.90' class="popup_window">
        <div style='text-align: right; color:red;cursor:pointer'>
        <a onfocus='this.blur();' onclick="document.getElementById('div_ft1.90').style.display = 'none' " >
           [x]</a>
        </div>
        <pre>
        
ft1.90: Traceback (most recent call last):
  File "D:\python\python36\lib\site-packages\parameterized\parameterized.py", line 518, in standalone_func
    return func(*(a + p.args), **p.kwargs)
  File "D:\python\yangle0103\woniuboss\bin\woniuboss_api\corporate_customers_test\test_corporate_customer.py", line 42, in test_modify_cor_cus
    self.assertEqual(expect,actual)
AssertionError: 'test modify corporate customer fail' != 'test modify corporate customer pass'
- test modify corporate customer fail
?                                ^ ^^
+ test modify corporate customer pass
?                                ^ ^^

Traceback (most recent call last):
  File "D:\python\python36\lib\site-packages\parameterized\parameterized.py", line 518, in standalone_func
    return func(*(a + p.args), **p.kwargs)
  File "D:\python\yangle0103\woniuboss\bin\woniuboss_api\corporate_customers_test\test_corporate_customer.py", line 42, in test_modify_cor_cus
    self.assertEqual(expect,actual)
AssertionError: 'test modify corporate customer fail' != 'test modify corporate customer pass'
- test modify corporate customer fail
?                                ^ ^^
+ test modify corporate customer pass
?                                ^ ^^



        </pre>
    </div>
    <!--css div popup end-->

    </td>
</tr>

<tr id='ft1.91' class='none'>
    <td class='failCase'><div class='testcase'>test_modify_cor_cus_40_http_yangle4_8080_WoniuBoss2_5_enterprise_updateEnterp</div></td>
    <td colspan='5' align='center'>

    <!--css div popup start-->
    <a class="popup_link" onfocus='this.blur();' href="javascript:showTestDetail('div_ft1.91')" >
        fail</a>

    <div id='div_ft1.91' class="popup_window">
        <div style='text-align: right; color:red;cursor:pointer'>
        <a onfocus='this.blur();' onclick="document.getElementById('div_ft1.91').style.display = 'none' " >
           [x]</a>
        </div>
        <pre>
        
ft1.91: Traceback (most recent call last):
  File "D:\python\python36\lib\site-packages\parameterized\parameterized.py", line 518, in standalone_func
    return func(*(a + p.args), **p.kwargs)
  File "D:\python\yangle0103\woniuboss\bin\woniuboss_api\corporate_customers_test\test_corporate_customer.py", line 42, in test_modify_cor_cus
    self.assertEqual(expect,actual)
AssertionError: 'test modify corporate customer fail' != 'test modify corporate customer pass'
- test modify corporate customer fail
?                                ^ ^^
+ test modify corporate customer pass
?                                ^ ^^

Traceback (most recent call last):
  File "D:\python\python36\lib\site-packages\parameterized\parameterized.py", line 518, in standalone_func
    return func(*(a + p.args), **p.kwargs)
  File "D:\python\yangle0103\woniuboss\bin\woniuboss_api\corporate_customers_test\test_corporate_customer.py", line 42, in test_modify_cor_cus
    self.assertEqual(expect,actual)
AssertionError: 'test modify corporate customer fail' != 'test modify corporate customer pass'
- test modify corporate customer fail
?                                ^ ^^
+ test modify corporate customer pass
?                                ^ ^^



        </pre>
    </div>
    <!--css div popup end-->

    </td>
</tr>

<tr id='ft1.92' class='none'>
    <td class='failCase'><div class='testcase'>test_modify_cor_cus_41_http_yangle4_8080_WoniuBoss2_5_enterprise_updateEnterp</div></td>
    <td colspan='5' align='center'>

    <!--css div popup start-->
    <a class="popup_link" onfocus='this.blur();' href="javascript:showTestDetail('div_ft1.92')" >
        fail</a>

    <div id='div_ft1.92' class="popup_window">
        <div style='text-align: right; color:red;cursor:pointer'>
        <a onfocus='this.blur();' onclick="document.getElementById('div_ft1.92').style.display = 'none' " >
           [x]</a>
        </div>
        <pre>
        
ft1.92: Traceback (most recent call last):
  File "D:\python\python36\lib\site-packages\parameterized\parameterized.py", line 518, in standalone_func
    return func(*(a + p.args), **p.kwargs)
  File "D:\python\yangle0103\woniuboss\bin\woniuboss_api\corporate_customers_test\test_corporate_customer.py", line 42, in test_modify_cor_cus
    self.assertEqual(expect,actual)
AssertionError: 'test modify corporate customer fail' != 'test modify corporate customer pass'
- test modify corporate customer fail
?                                ^ ^^
+ test modify corporate customer pass
?                                ^ ^^

Traceback (most recent call last):
  File "D:\python\python36\lib\site-packages\parameterized\parameterized.py", line 518, in standalone_func
    return func(*(a + p.args), **p.kwargs)
  File "D:\python\yangle0103\woniuboss\bin\woniuboss_api\corporate_customers_test\test_corporate_customer.py", line 42, in test_modify_cor_cus
    self.assertEqual(expect,actual)
AssertionError: 'test modify corporate customer fail' != 'test modify corporate customer pass'
- test modify corporate customer fail
?                                ^ ^^
+ test modify corporate customer pass
?                                ^ ^^



        </pre>
    </div>
    <!--css div popup end-->

    </td>
</tr>

<tr id='ft1.93' class='none'>
    <td class='failCase'><div class='testcase'>test_modify_cor_cus_42_http_yangle4_8080_WoniuBoss2_5_enterprise_updateEnterp</div></td>
    <td colspan='5' align='center'>

    <!--css div popup start-->
    <a class="popup_link" onfocus='this.blur();' href="javascript:showTestDetail('div_ft1.93')" >
        fail</a>

    <div id='div_ft1.93' class="popup_window">
        <div style='text-align: right; color:red;cursor:pointer'>
        <a onfocus='this.blur();' onclick="document.getElementById('div_ft1.93').style.display = 'none' " >
           [x]</a>
        </div>
        <pre>
        
ft1.93: Traceback (most recent call last):
  File "D:\python\python36\lib\site-packages\parameterized\parameterized.py", line 518, in standalone_func
    return func(*(a + p.args), **p.kwargs)
  File "D:\python\yangle0103\woniuboss\bin\woniuboss_api\corporate_customers_test\test_corporate_customer.py", line 42, in test_modify_cor_cus
    self.assertEqual(expect,actual)
AssertionError: 'test modify corporate customer fail' != 'test modify corporate customer pass'
- test modify corporate customer fail
?                                ^ ^^
+ test modify corporate customer pass
?                                ^ ^^

Traceback (most recent call last):
  File "D:\python\python36\lib\site-packages\parameterized\parameterized.py", line 518, in standalone_func
    return func(*(a + p.args), **p.kwargs)
  File "D:\python\yangle0103\woniuboss\bin\woniuboss_api\corporate_customers_test\test_corporate_customer.py", line 42, in test_modify_cor_cus
    self.assertEqual(expect,actual)
AssertionError: 'test modify corporate customer fail' != 'test modify corporate customer pass'
- test modify corporate customer fail
?                                ^ ^^
+ test modify corporate customer pass
?                                ^ ^^



        </pre>
    </div>
    <!--css div popup end-->

    </td>
</tr>

<tr id='ft1.94' class='none'>
    <td class='failCase'><div class='testcase'>test_modify_cor_cus_43_http_yangle4_8080_WoniuBoss2_5_enterprise_updateEnterp</div></td>
    <td colspan='5' align='center'>

    <!--css div popup start-->
    <a class="popup_link" onfocus='this.blur();' href="javascript:showTestDetail('div_ft1.94')" >
        fail</a>

    <div id='div_ft1.94' class="popup_window">
        <div style='text-align: right; color:red;cursor:pointer'>
        <a onfocus='this.blur();' onclick="document.getElementById('div_ft1.94').style.display = 'none' " >
           [x]</a>
        </div>
        <pre>
        
ft1.94: Traceback (most recent call last):
  File "D:\python\python36\lib\site-packages\parameterized\parameterized.py", line 518, in standalone_func
    return func(*(a + p.args), **p.kwargs)
  File "D:\python\yangle0103\woniuboss\bin\woniuboss_api\corporate_customers_test\test_corporate_customer.py", line 42, in test_modify_cor_cus
    self.assertEqual(expect,actual)
AssertionError: 'test modify corporate customer fail' != 'test modify corporate customer pass'
- test modify corporate customer fail
?                                ^ ^^
+ test modify corporate customer pass
?                                ^ ^^

Traceback (most recent call last):
  File "D:\python\python36\lib\site-packages\parameterized\parameterized.py", line 518, in standalone_func
    return func(*(a + p.args), **p.kwargs)
  File "D:\python\yangle0103\woniuboss\bin\woniuboss_api\corporate_customers_test\test_corporate_customer.py", line 42, in test_modify_cor_cus
    self.assertEqual(expect,actual)
AssertionError: 'test modify corporate customer fail' != 'test modify corporate customer pass'
- test modify corporate customer fail
?                                ^ ^^
+ test modify corporate customer pass
?                                ^ ^^



        </pre>
    </div>
    <!--css div popup end-->

    </td>
</tr>

<tr id='pt1.95' class='hiddenRow'>
    <td class='none'><div class='testcase'>test_modify_cor_cus_44_http_yangle4_8080_WoniuBoss2_5_enterprise_updateEnterp</div></td>
    <td colspan='5' align='center'>pass</td>
</tr>

<tr id='pt1.96' class='hiddenRow'>
    <td class='none'><div class='testcase'>test_modify_cor_cus_45_http_yangle4_8080_WoniuBoss2_5_enterprise_updateEnterp</div></td>
    <td colspan='5' align='center'>pass</td>
</tr>

<tr id='ft1.97' class='none'>
    <td class='failCase'><div class='testcase'>test_modify_cor_cus_46_http_yangle4_8080_WoniuBoss2_5_enterprise_updateEnterp</div></td>
    <td colspan='5' align='center'>

    <!--css div popup start-->
    <a class="popup_link" onfocus='this.blur();' href="javascript:showTestDetail('div_ft1.97')" >
        fail</a>

    <div id='div_ft1.97' class="popup_window">
        <div style='text-align: right; color:red;cursor:pointer'>
        <a onfocus='this.blur();' onclick="document.getElementById('div_ft1.97').style.display = 'none' " >
           [x]</a>
        </div>
        <pre>
        
ft1.97: Traceback (most recent call last):
  File "D:\python\python36\lib\site-packages\parameterized\parameterized.py", line 518, in standalone_func
    return func(*(a + p.args), **p.kwargs)
  File "D:\python\yangle0103\woniuboss\bin\woniuboss_api\corporate_customers_test\test_corporate_customer.py", line 42, in test_modify_cor_cus
    self.assertEqual(expect,actual)
AssertionError: 'test modify corporate customer fail' != 'test modify corporate customer pass'
- test modify corporate customer fail
?                                ^ ^^
+ test modify corporate customer pass
?                                ^ ^^

Traceback (most recent call last):
  File "D:\python\python36\lib\site-packages\parameterized\parameterized.py", line 518, in standalone_func
    return func(*(a + p.args), **p.kwargs)
  File "D:\python\yangle0103\woniuboss\bin\woniuboss_api\corporate_customers_test\test_corporate_customer.py", line 42, in test_modify_cor_cus
    self.assertEqual(expect,actual)
AssertionError: 'test modify corporate customer fail' != 'test modify corporate customer pass'
- test modify corporate customer fail
?                                ^ ^^
+ test modify corporate customer pass
?                                ^ ^^



        </pre>
    </div>
    <!--css div popup end-->

    </td>
</tr>

<tr id='ft1.98' class='none'>
    <td class='failCase'><div class='testcase'>test_modify_cor_cus_47_http_yangle4_8080_WoniuBoss2_5_enterprise_updateEnterp</div></td>
    <td colspan='5' align='center'>

    <!--css div popup start-->
    <a class="popup_link" onfocus='this.blur();' href="javascript:showTestDetail('div_ft1.98')" >
        fail</a>

    <div id='div_ft1.98' class="popup_window">
        <div style='text-align: right; color:red;cursor:pointer'>
        <a onfocus='this.blur();' onclick="document.getElementById('div_ft1.98').style.display = 'none' " >
           [x]</a>
        </div>
        <pre>
        
ft1.98: Traceback (most recent call last):
  File "D:\python\python36\lib\site-packages\parameterized\parameterized.py", line 518, in standalone_func
    return func(*(a + p.args), **p.kwargs)
  File "D:\python\yangle0103\woniuboss\bin\woniuboss_api\corporate_customers_test\test_corporate_customer.py", line 42, in test_modify_cor_cus
    self.assertEqual(expect,actual)
AssertionError: 'test modify corporate customer fail' != 'test modify corporate customer pass'
- test modify corporate customer fail
?                                ^ ^^
+ test modify corporate customer pass
?                                ^ ^^

Traceback (most recent call last):
  File "D:\python\python36\lib\site-packages\parameterized\parameterized.py", line 518, in standalone_func
    return func(*(a + p.args), **p.kwargs)
  File "D:\python\yangle0103\woniuboss\bin\woniuboss_api\corporate_customers_test\test_corporate_customer.py", line 42, in test_modify_cor_cus
    self.assertEqual(expect,actual)
AssertionError: 'test modify corporate customer fail' != 'test modify corporate customer pass'
- test modify corporate customer fail
?                                ^ ^^
+ test modify corporate customer pass
?                                ^ ^^



        </pre>
    </div>
    <!--css div popup end-->

    </td>
</tr>

<tr id='ft1.99' class='none'>
    <td class='failCase'><div class='testcase'>test_modify_cor_cus_48_http_yangle4_8080_WoniuBoss2_5_enterprise_updateEnterp</div></td>
    <td colspan='5' align='center'>

    <!--css div popup start-->
    <a class="popup_link" onfocus='this.blur();' href="javascript:showTestDetail('div_ft1.99')" >
        fail</a>

    <div id='div_ft1.99' class="popup_window">
        <div style='text-align: right; color:red;cursor:pointer'>
        <a onfocus='this.blur();' onclick="document.getElementById('div_ft1.99').style.display = 'none' " >
           [x]</a>
        </div>
        <pre>
        
ft1.99: Traceback (most recent call last):
  File "D:\python\python36\lib\site-packages\parameterized\parameterized.py", line 518, in standalone_func
    return func(*(a + p.args), **p.kwargs)
  File "D:\python\yangle0103\woniuboss\bin\woniuboss_api\corporate_customers_test\test_corporate_customer.py", line 42, in test_modify_cor_cus
    self.assertEqual(expect,actual)
AssertionError: 'test modify corporate customer fail' != 'test modify corporate customer pass'
- test modify corporate customer fail
?                                ^ ^^
+ test modify corporate customer pass
?                                ^ ^^

Traceback (most recent call last):
  File "D:\python\python36\lib\site-packages\parameterized\parameterized.py", line 518, in standalone_func
    return func(*(a + p.args), **p.kwargs)
  File "D:\python\yangle0103\woniuboss\bin\woniuboss_api\corporate_customers_test\test_corporate_customer.py", line 42, in test_modify_cor_cus
    self.assertEqual(expect,actual)
AssertionError: 'test modify corporate customer fail' != 'test modify corporate customer pass'
- test modify corporate customer fail
?                                ^ ^^
+ test modify corporate customer pass
?                                ^ ^^



        </pre>
    </div>
    <!--css div popup end-->

    </td>
</tr>

<tr id='ft1.100' class='none'>
    <td class='failCase'><div class='testcase'>test_modify_cor_cus_49_http_yangle4_8080_WoniuBoss2_5_enterprise_updateEnterp</div></td>
    <td colspan='5' align='center'>

    <!--css div popup start-->
    <a class="popup_link" onfocus='this.blur();' href="javascript:showTestDetail('div_ft1.100')" >
        fail</a>

    <div id='div_ft1.100' class="popup_window">
        <div style='text-align: right; color:red;cursor:pointer'>
        <a onfocus='this.blur();' onclick="document.getElementById('div_ft1.100').style.display = 'none' " >
           [x]</a>
        </div>
        <pre>
        
ft1.100: Traceback (most recent call last):
  File "D:\python\python36\lib\site-packages\parameterized\parameterized.py", line 518, in standalone_func
    return func(*(a + p.args), **p.kwargs)
  File "D:\python\yangle0103\woniuboss\bin\woniuboss_api\corporate_customers_test\test_corporate_customer.py", line 42, in test_modify_cor_cus
    self.assertEqual(expect,actual)
AssertionError: 'test modify corporate customer fail' != 'test modify corporate customer pass'
- test modify corporate customer fail
?                                ^ ^^
+ test modify corporate customer pass
?                                ^ ^^

Traceback (most recent call last):
  File "D:\python\python36\lib\site-packages\parameterized\parameterized.py", line 518, in standalone_func
    return func(*(a + p.args), **p.kwargs)
  File "D:\python\yangle0103\woniuboss\bin\woniuboss_api\corporate_customers_test\test_corporate_customer.py", line 42, in test_modify_cor_cus
    self.assertEqual(expect,actual)
AssertionError: 'test modify corporate customer fail' != 'test modify corporate customer pass'
- test modify corporate customer fail
?                                ^ ^^
+ test modify corporate customer pass
?                                ^ ^^



        </pre>
    </div>
    <!--css div popup end-->

    </td>
</tr>

<tr id='ft1.101' class='none'>
    <td class='failCase'><div class='testcase'>test_modify_cor_cus_50_http_yangle4_8080_WoniuBoss2_5_enterprise_updateEnterp</div></td>
    <td colspan='5' align='center'>

    <!--css div popup start-->
    <a class="popup_link" onfocus='this.blur();' href="javascript:showTestDetail('div_ft1.101')" >
        fail</a>

    <div id='div_ft1.101' class="popup_window">
        <div style='text-align: right; color:red;cursor:pointer'>
        <a onfocus='this.blur();' onclick="document.getElementById('div_ft1.101').style.display = 'none' " >
           [x]</a>
        </div>
        <pre>
        
ft1.101: Traceback (most recent call last):
  File "D:\python\python36\lib\site-packages\parameterized\parameterized.py", line 518, in standalone_func
    return func(*(a + p.args), **p.kwargs)
  File "D:\python\yangle0103\woniuboss\bin\woniuboss_api\corporate_customers_test\test_corporate_customer.py", line 42, in test_modify_cor_cus
    self.assertEqual(expect,actual)
AssertionError: 'test modify corporate customer fail' != 'test modify corporate customer pass'
- test modify corporate customer fail
?                                ^ ^^
+ test modify corporate customer pass
?                                ^ ^^

Traceback (most recent call last):
  File "D:\python\python36\lib\site-packages\parameterized\parameterized.py", line 518, in standalone_func
    return func(*(a + p.args), **p.kwargs)
  File "D:\python\yangle0103\woniuboss\bin\woniuboss_api\corporate_customers_test\test_corporate_customer.py", line 42, in test_modify_cor_cus
    self.assertEqual(expect,actual)
AssertionError: 'test modify corporate customer fail' != 'test modify corporate customer pass'
- test modify corporate customer fail
?                                ^ ^^
+ test modify corporate customer pass
?                                ^ ^^



        </pre>
    </div>
    <!--css div popup end-->

    </td>
</tr>

<tr id='ft1.102' class='none'>
    <td class='failCase'><div class='testcase'>test_modify_cor_cus_51_http_yangle4_8080_WoniuBoss2_5_enterprise_updateEnterp</div></td>
    <td colspan='5' align='center'>

    <!--css div popup start-->
    <a class="popup_link" onfocus='this.blur();' href="javascript:showTestDetail('div_ft1.102')" >
        fail</a>

    <div id='div_ft1.102' class="popup_window">
        <div style='text-align: right; color:red;cursor:pointer'>
        <a onfocus='this.blur();' onclick="document.getElementById('div_ft1.102').style.display = 'none' " >
           [x]</a>
        </div>
        <pre>
        
ft1.102: Traceback (most recent call last):
  File "D:\python\python36\lib\site-packages\parameterized\parameterized.py", line 518, in standalone_func
    return func(*(a + p.args), **p.kwargs)
  File "D:\python\yangle0103\woniuboss\bin\woniuboss_api\corporate_customers_test\test_corporate_customer.py", line 42, in test_modify_cor_cus
    self.assertEqual(expect,actual)
AssertionError: 'test modify corporate customer fail' != 'test modify corporate customer pass'
- test modify corporate customer fail
?                                ^ ^^
+ test modify corporate customer pass
?                                ^ ^^

Traceback (most recent call last):
  File "D:\python\python36\lib\site-packages\parameterized\parameterized.py", line 518, in standalone_func
    return func(*(a + p.args), **p.kwargs)
  File "D:\python\yangle0103\woniuboss\bin\woniuboss_api\corporate_customers_test\test_corporate_customer.py", line 42, in test_modify_cor_cus
    self.assertEqual(expect,actual)
AssertionError: 'test modify corporate customer fail' != 'test modify corporate customer pass'
- test modify corporate customer fail
?                                ^ ^^
+ test modify corporate customer pass
?                                ^ ^^



        </pre>
    </div>
    <!--css div popup end-->

    </td>
</tr>

<tr id='pt1.103' class='hiddenRow'>
    <td class='none'><div class='testcase'>test_query_cor_cus_0_http_yangle4_8080_WoniuBoss2_5_enterprise_queryEnterprise</div></td>
    <td colspan='5' align='center'>pass</td>
</tr>

<tr id='total_row'>
    <td>Total</td>
    <td>103</td>
    <td>26</td>
    <td>77</td>
    <td>0</td>
    <td>&nbsp;</td>
</tr>
</table>

<div id='ending'>&nbsp;</div>

</body>
</html>
