<?xml version="1.0" encoding="UTF-8"?>
<!DOCTYPE html PUBLIC "-//W3C//DTD XHTML 1.0 Strict//EN" "http://www.w3.org/TR/xhtml1/DTD/xhtml1-strict.dtd">
<html xmlns="http://www.w3.org/1999/xhtml">
<head>
    <title>Unit Test Report</title>
    <meta name="generator" content="HTMLTestRunner 0.8.2"/>
    <meta http-equiv="Content-Type" content="text/html; charset=UTF-8"/>
    
<style type="text/css" media="screen">
body        { font-family: verdana, arial, helvetica, sans-serif; font-size: 80%; }
table       { font-size: 100%; }
pre         { }

/* -- heading ---------------------------------------------------------------------- */
h1 {
	font-size: 16pt;
	color: gray;
}
.heading {
    margin-top: 0ex;
    margin-bottom: 1ex;
}

.heading .attribute {
    margin-top: 1ex;
    margin-bottom: 0;
}

.heading .description {
    margin-top: 4ex;
    margin-bottom: 6ex;
}

/* -- css div popup ------------------------------------------------------------------------ */
a.popup_link {
}

a.popup_link:hover {
    color: red;
}

.popup_window {
    display: none;
    position: relative;
    left: 0px;
    top: 0px;
    /*border: solid #627173 1px; */
    padding: 10px;
    background-color: #E6E6D6;
    font-family: "Lucida Console", "Courier New", Courier, monospace;
    text-align: left;
    font-size: 8pt;
    width: 500px;
}

}
/* -- report ------------------------------------------------------------------------ */
#show_detail_line {
    margin-top: 3ex;
    margin-bottom: 1ex;
}
#result_table {
    width: 80%;
    border-collapse: collapse;
    border: 1px solid #777;
}
#header_row {
    font-weight: bold;
    color: white;
    background-color: #777;
}
#result_table td {
    border: 1px solid #777;
    padding: 2px;
}
#total_row  { font-weight: bold; }
.passClass  { background-color: #6c6; }
.failClass  { background-color: #c60; }
.errorClass { background-color: #c00; }
.passCase   { color: #6c6; }
.failCase   { color: #c60; font-weight: bold; }
.errorCase  { color: #c00; font-weight: bold; }
.hiddenRow  { display: none; }
.testcase   { margin-left: 2em; }


/* -- ending ---------------------------------------------------------------------- */
#ending {
}

</style>

</head>
<body>
<script language="javascript" type="text/javascript"><!--
output_list = Array();

/* level - 0:Summary; 1:Failed; 2:All */
function showCase(level) {
    trs = document.getElementsByTagName("tr");
    for (var i = 0; i < trs.length; i++) {
        tr = trs[i];
        id = tr.id;
        if (id.substr(0,2) == 'ft') {
            if (level < 1) {
                tr.className = 'hiddenRow';
            }
            else {
                tr.className = '';
            }
        }
        if (id.substr(0,2) == 'pt') {
            if (level > 1) {
                tr.className = '';
            }
            else {
                tr.className = 'hiddenRow';
            }
        }
    }
}


function showClassDetail(cid, count) {
    var id_list = Array(count);
    var toHide = 1;
    for (var i = 0; i < count; i++) {
        tid0 = 't' + cid.substr(1) + '.' + (i+1);
        tid = 'f' + tid0;
        tr = document.getElementById(tid);
        if (!tr) {
            tid = 'p' + tid0;
            tr = document.getElementById(tid);
        }
        id_list[i] = tid;
        if (tr.className) {
            toHide = 0;
        }
    }
    for (var i = 0; i < count; i++) {
        tid = id_list[i];
        if (toHide) {
            document.getElementById('div_'+tid).style.display = 'none'
            document.getElementById(tid).className = 'hiddenRow';
        }
        else {
            document.getElementById(tid).className = '';
        }
    }
}


function showTestDetail(div_id){
    var details_div = document.getElementById(div_id)
    var displayState = details_div.style.display
    // alert(displayState)
    if (displayState != 'block' ) {
        displayState = 'block'
        details_div.style.display = 'block'
    }
    else {
        details_div.style.display = 'none'
    }
}


function html_escape(s) {
    s = s.replace(/&/g,'&amp;');
    s = s.replace(/</g,'&lt;');
    s = s.replace(/>/g,'&gt;');
    return s;
}

/* obsoleted by detail in <div>
function showOutput(id, name) {
    var w = window.open("", //url
                    name,
                    "resizable,scrollbars,status,width=800,height=450");
    d = w.document;
    d.write("<pre>");
    d.write(html_escape(output_list[id]));
    d.write("\n");
    d.write("<a href='javascript:window.close()'>close</a>\n");
    d.write("</pre>\n");
    d.close();
}
*/
--></script>

<div class='heading'>
<h1>Unit Test Report</h1>
<p class='attribute'><strong>Start Time:</strong> 2020-04-07 17:54:00</p>
<p class='attribute'><strong>Duration:</strong> 0:04:01.729820</p>
<p class='attribute'><strong>Status:</strong> Pass 45 Failure 102</p>

<p class='description'></p>
</div>



<p id='show_detail_line'>Show
<a href='javascript:showCase(0)'>Summary</a>
<a href='javascript:showCase(1)'>Failed</a>
<a href='javascript:showCase(2)'>All</a>
</p>
<table id='result_table'>
<colgroup>
<col align='left' />
<col align='right' />
<col align='right' />
<col align='right' />
<col align='right' />
<col align='right' />
</colgroup>
<tr id='header_row'>
    <td>Test Group/Test case</td>
    <td>Count</td>
    <td>Pass</td>
    <td>Fail</td>
    <td>Error</td>
    <td>View</td>
</tr>

<tr class='failClass'>
    <td>woniuboss.bin.woniuboss_api.student_manage_test.test_a_basic_info.BasicInfoTest</td>
    <td>43</td>
    <td>4</td>
    <td>39</td>
    <td>0</td>
    <td><a href="javascript:showClassDetail('c1',43)">Detail</a></td>
</tr>

<tr id='ft1.1' class='none'>
    <td class='failCase'><div class='testcase'>test_a_query_all_0_http_yangle4_8080_WoniuBoss2_5_student_queryStuByInfo</div></td>
    <td colspan='5' align='center'>

    <!--css div popup start-->
    <a class="popup_link" onfocus='this.blur();' href="javascript:showTestDetail('div_ft1.1')" >
        fail</a>

    <div id='div_ft1.1' class="popup_window">
        <div style='text-align: right; color:red;cursor:pointer'>
        <a onfocus='this.blur();' onclick="document.getElementById('div_ft1.1').style.display = 'none' " >
           [x]</a>
        </div>
        <pre>
        
ft1.1: Traceback (most recent call last):
  File "D:\python\python36\lib\site-packages\parameterized\parameterized.py", line 518, in standalone_func
    return func(*(a + p.args), **p.kwargs)
  File "D:\python\yangle0103\woniuboss\bin\woniuboss_api\student_manage_test\test_a_basic_info.py", line 25, in test_a_query_all
    self.assertEqual(expect,actual)
AssertionError: 'query all pass' != 'query all fail'
- query all pass
?           ^ ^^
+ query all fail
?           ^ ^^

Traceback (most recent call last):
  File "D:\python\python36\lib\site-packages\parameterized\parameterized.py", line 518, in standalone_func
    return func(*(a + p.args), **p.kwargs)
  File "D:\python\yangle0103\woniuboss\bin\woniuboss_api\student_manage_test\test_a_basic_info.py", line 25, in test_a_query_all
    self.assertEqual(expect,actual)
AssertionError: 'query all pass' != 'query all fail'
- query all pass
?           ^ ^^
+ query all fail
?           ^ ^^



        </pre>
    </div>
    <!--css div popup end-->

    </td>
</tr>

<tr id='pt1.2' class='hiddenRow'>
    <td class='none'><div class='testcase'>test_b_view_one_student_0_http_yangle4_8080_WoniuBoss2_5_select_getSelectValue</div></td>
    <td colspan='5' align='center'>pass</td>
</tr>

<tr id='ft1.3' class='none'>
    <td class='failCase'><div class='testcase'>test_b_view_one_student_1_http_yangle4_8080_WoniuBoss2_5_select_getSelectValue</div></td>
    <td colspan='5' align='center'>

    <!--css div popup start-->
    <a class="popup_link" onfocus='this.blur();' href="javascript:showTestDetail('div_ft1.3')" >
        fail</a>

    <div id='div_ft1.3' class="popup_window">
        <div style='text-align: right; color:red;cursor:pointer'>
        <a onfocus='this.blur();' onclick="document.getElementById('div_ft1.3').style.display = 'none' " >
           [x]</a>
        </div>
        <pre>
        
ft1.3: Traceback (most recent call last):
  File "D:\python\python36\lib\site-packages\parameterized\parameterized.py", line 518, in standalone_func
    return func(*(a + p.args), **p.kwargs)
  File "D:\python\yangle0103\woniuboss\bin\woniuboss_api\student_manage_test\test_a_basic_info.py", line 36, in test_b_view_one_student
    self.assertEqual(expect,actual)
AssertionError: 'query one fail' != 'query one pass'
- query one fail
?           ^ ^^
+ query one pass
?           ^ ^^

Traceback (most recent call last):
  File "D:\python\python36\lib\site-packages\parameterized\parameterized.py", line 518, in standalone_func
    return func(*(a + p.args), **p.kwargs)
  File "D:\python\yangle0103\woniuboss\bin\woniuboss_api\student_manage_test\test_a_basic_info.py", line 36, in test_b_view_one_student
    self.assertEqual(expect,actual)
AssertionError: 'query one fail' != 'query one pass'
- query one fail
?           ^ ^^
+ query one pass
?           ^ ^^



        </pre>
    </div>
    <!--css div popup end-->

    </td>
</tr>

<tr id='pt1.4' class='hiddenRow'>
    <td class='none'><div class='testcase'>test_b_view_one_student_2_http_yangle4_8080_WoniuBoss2_5_select_getSelectValue</div></td>
    <td colspan='5' align='center'>pass</td>
</tr>

<tr id='pt1.5' class='hiddenRow'>
    <td class='none'><div class='testcase'>test_c_modify_student_info_00_http_yangle4_8080_WoniuBoss2_5_student_saveNewInfo</div></td>
    <td colspan='5' align='center'>pass</td>
</tr>

<tr id='pt1.6' class='hiddenRow'>
    <td class='none'><div class='testcase'>test_c_modify_student_info_01_http_yangle4_8080_WoniuBoss2_5_student_saveNewInfo</div></td>
    <td colspan='5' align='center'>pass</td>
</tr>

<tr id='ft1.7' class='none'>
    <td class='failCase'><div class='testcase'>test_c_modify_student_info_02_http_yangle4_8080_WoniuBoss2_5_student_saveNewInfo</div></td>
    <td colspan='5' align='center'>

    <!--css div popup start-->
    <a class="popup_link" onfocus='this.blur();' href="javascript:showTestDetail('div_ft1.7')" >
        fail</a>

    <div id='div_ft1.7' class="popup_window">
        <div style='text-align: right; color:red;cursor:pointer'>
        <a onfocus='this.blur();' onclick="document.getElementById('div_ft1.7').style.display = 'none' " >
           [x]</a>
        </div>
        <pre>
        
ft1.7: Traceback (most recent call last):
  File "D:\python\python36\lib\site-packages\parameterized\parameterized.py", line 518, in standalone_func
    return func(*(a + p.args), **p.kwargs)
  File "D:\python\yangle0103\woniuboss\bin\woniuboss_api\student_manage_test\test_a_basic_info.py", line 66, in test_c_modify_student_info
    self.assertEqual(expect,actual)
AssertionError: 'test modify student fail' != 'test modify student pass'
- test modify student fail
?                     ^ ^^
+ test modify student pass
?                     ^ ^^

Traceback (most recent call last):
  File "D:\python\python36\lib\site-packages\parameterized\parameterized.py", line 518, in standalone_func
    return func(*(a + p.args), **p.kwargs)
  File "D:\python\yangle0103\woniuboss\bin\woniuboss_api\student_manage_test\test_a_basic_info.py", line 66, in test_c_modify_student_info
    self.assertEqual(expect,actual)
AssertionError: 'test modify student fail' != 'test modify student pass'
- test modify student fail
?                     ^ ^^
+ test modify student pass
?                     ^ ^^



        </pre>
    </div>
    <!--css div popup end-->

    </td>
</tr>

<tr id='ft1.8' class='none'>
    <td class='failCase'><div class='testcase'>test_c_modify_student_info_03_http_yangle4_8080_WoniuBoss2_5_student_saveNewInfo</div></td>
    <td colspan='5' align='center'>

    <!--css div popup start-->
    <a class="popup_link" onfocus='this.blur();' href="javascript:showTestDetail('div_ft1.8')" >
        fail</a>

    <div id='div_ft1.8' class="popup_window">
        <div style='text-align: right; color:red;cursor:pointer'>
        <a onfocus='this.blur();' onclick="document.getElementById('div_ft1.8').style.display = 'none' " >
           [x]</a>
        </div>
        <pre>
        
ft1.8: Traceback (most recent call last):
  File "D:\python\python36\lib\site-packages\parameterized\parameterized.py", line 518, in standalone_func
    return func(*(a + p.args), **p.kwargs)
  File "D:\python\yangle0103\woniuboss\bin\woniuboss_api\student_manage_test\test_a_basic_info.py", line 66, in test_c_modify_student_info
    self.assertEqual(expect,actual)
AssertionError: 'test modify student fail' != 'test modify student pass'
- test modify student fail
?                     ^ ^^
+ test modify student pass
?                     ^ ^^

Traceback (most recent call last):
  File "D:\python\python36\lib\site-packages\parameterized\parameterized.py", line 518, in standalone_func
    return func(*(a + p.args), **p.kwargs)
  File "D:\python\yangle0103\woniuboss\bin\woniuboss_api\student_manage_test\test_a_basic_info.py", line 66, in test_c_modify_student_info
    self.assertEqual(expect,actual)
AssertionError: 'test modify student fail' != 'test modify student pass'
- test modify student fail
?                     ^ ^^
+ test modify student pass
?                     ^ ^^



        </pre>
    </div>
    <!--css div popup end-->

    </td>
</tr>

<tr id='ft1.9' class='none'>
    <td class='failCase'><div class='testcase'>test_c_modify_student_info_04_http_yangle4_8080_WoniuBoss2_5_student_saveNewInfo</div></td>
    <td colspan='5' align='center'>

    <!--css div popup start-->
    <a class="popup_link" onfocus='this.blur();' href="javascript:showTestDetail('div_ft1.9')" >
        fail</a>

    <div id='div_ft1.9' class="popup_window">
        <div style='text-align: right; color:red;cursor:pointer'>
        <a onfocus='this.blur();' onclick="document.getElementById('div_ft1.9').style.display = 'none' " >
           [x]</a>
        </div>
        <pre>
        
ft1.9: Traceback (most recent call last):
  File "D:\python\python36\lib\site-packages\parameterized\parameterized.py", line 518, in standalone_func
    return func(*(a + p.args), **p.kwargs)
  File "D:\python\yangle0103\woniuboss\bin\woniuboss_api\student_manage_test\test_a_basic_info.py", line 66, in test_c_modify_student_info
    self.assertEqual(expect,actual)
AssertionError: 'test modify student fail' != 'test modify student pass'
- test modify student fail
?                     ^ ^^
+ test modify student pass
?                     ^ ^^

Traceback (most recent call last):
  File "D:\python\python36\lib\site-packages\parameterized\parameterized.py", line 518, in standalone_func
    return func(*(a + p.args), **p.kwargs)
  File "D:\python\yangle0103\woniuboss\bin\woniuboss_api\student_manage_test\test_a_basic_info.py", line 66, in test_c_modify_student_info
    self.assertEqual(expect,actual)
AssertionError: 'test modify student fail' != 'test modify student pass'
- test modify student fail
?                     ^ ^^
+ test modify student pass
?                     ^ ^^



        </pre>
    </div>
    <!--css div popup end-->

    </td>
</tr>

<tr id='ft1.10' class='none'>
    <td class='failCase'><div class='testcase'>test_c_modify_student_info_05_http_yangle4_8080_WoniuBoss2_5_student_saveNewInfo</div></td>
    <td colspan='5' align='center'>

    <!--css div popup start-->
    <a class="popup_link" onfocus='this.blur();' href="javascript:showTestDetail('div_ft1.10')" >
        fail</a>

    <div id='div_ft1.10' class="popup_window">
        <div style='text-align: right; color:red;cursor:pointer'>
        <a onfocus='this.blur();' onclick="document.getElementById('div_ft1.10').style.display = 'none' " >
           [x]</a>
        </div>
        <pre>
        
ft1.10: Traceback (most recent call last):
  File "D:\python\python36\lib\site-packages\parameterized\parameterized.py", line 518, in standalone_func
    return func(*(a + p.args), **p.kwargs)
  File "D:\python\yangle0103\woniuboss\bin\woniuboss_api\student_manage_test\test_a_basic_info.py", line 66, in test_c_modify_student_info
    self.assertEqual(expect,actual)
AssertionError: 'test modify student fail' != 'test modify student pass'
- test modify student fail
?                     ^ ^^
+ test modify student pass
?                     ^ ^^

Traceback (most recent call last):
  File "D:\python\python36\lib\site-packages\parameterized\parameterized.py", line 518, in standalone_func
    return func(*(a + p.args), **p.kwargs)
  File "D:\python\yangle0103\woniuboss\bin\woniuboss_api\student_manage_test\test_a_basic_info.py", line 66, in test_c_modify_student_info
    self.assertEqual(expect,actual)
AssertionError: 'test modify student fail' != 'test modify student pass'
- test modify student fail
?                     ^ ^^
+ test modify student pass
?                     ^ ^^



        </pre>
    </div>
    <!--css div popup end-->

    </td>
</tr>

<tr id='ft1.11' class='none'>
    <td class='failCase'><div class='testcase'>test_c_modify_student_info_06_http_yangle4_8080_WoniuBoss2_5_student_saveNewInfo</div></td>
    <td colspan='5' align='center'>

    <!--css div popup start-->
    <a class="popup_link" onfocus='this.blur();' href="javascript:showTestDetail('div_ft1.11')" >
        fail</a>

    <div id='div_ft1.11' class="popup_window">
        <div style='text-align: right; color:red;cursor:pointer'>
        <a onfocus='this.blur();' onclick="document.getElementById('div_ft1.11').style.display = 'none' " >
           [x]</a>
        </div>
        <pre>
        
ft1.11: Traceback (most recent call last):
  File "D:\python\python36\lib\site-packages\parameterized\parameterized.py", line 518, in standalone_func
    return func(*(a + p.args), **p.kwargs)
  File "D:\python\yangle0103\woniuboss\bin\woniuboss_api\student_manage_test\test_a_basic_info.py", line 66, in test_c_modify_student_info
    self.assertEqual(expect,actual)
AssertionError: 'test modify student fail' != 'test modify student pass'
- test modify student fail
?                     ^ ^^
+ test modify student pass
?                     ^ ^^

Traceback (most recent call last):
  File "D:\python\python36\lib\site-packages\parameterized\parameterized.py", line 518, in standalone_func
    return func(*(a + p.args), **p.kwargs)
  File "D:\python\yangle0103\woniuboss\bin\woniuboss_api\student_manage_test\test_a_basic_info.py", line 66, in test_c_modify_student_info
    self.assertEqual(expect,actual)
AssertionError: 'test modify student fail' != 'test modify student pass'
- test modify student fail
?                     ^ ^^
+ test modify student pass
?                     ^ ^^



        </pre>
    </div>
    <!--css div popup end-->

    </td>
</tr>

<tr id='ft1.12' class='none'>
    <td class='failCase'><div class='testcase'>test_c_modify_student_info_07_http_yangle4_8080_WoniuBoss2_5_student_saveNewInfo</div></td>
    <td colspan='5' align='center'>

    <!--css div popup start-->
    <a class="popup_link" onfocus='this.blur();' href="javascript:showTestDetail('div_ft1.12')" >
        fail</a>

    <div id='div_ft1.12' class="popup_window">
        <div style='text-align: right; color:red;cursor:pointer'>
        <a onfocus='this.blur();' onclick="document.getElementById('div_ft1.12').style.display = 'none' " >
           [x]</a>
        </div>
        <pre>
        
ft1.12: Traceback (most recent call last):
  File "D:\python\python36\lib\site-packages\parameterized\parameterized.py", line 518, in standalone_func
    return func(*(a + p.args), **p.kwargs)
  File "D:\python\yangle0103\woniuboss\bin\woniuboss_api\student_manage_test\test_a_basic_info.py", line 66, in test_c_modify_student_info
    self.assertEqual(expect,actual)
AssertionError: 'test modify student fail' != 'test modify student pass'
- test modify student fail
?                     ^ ^^
+ test modify student pass
?                     ^ ^^

Traceback (most recent call last):
  File "D:\python\python36\lib\site-packages\parameterized\parameterized.py", line 518, in standalone_func
    return func(*(a + p.args), **p.kwargs)
  File "D:\python\yangle0103\woniuboss\bin\woniuboss_api\student_manage_test\test_a_basic_info.py", line 66, in test_c_modify_student_info
    self.assertEqual(expect,actual)
AssertionError: 'test modify student fail' != 'test modify student pass'
- test modify student fail
?                     ^ ^^
+ test modify student pass
?                     ^ ^^



        </pre>
    </div>
    <!--css div popup end-->

    </td>
</tr>

<tr id='ft1.13' class='none'>
    <td class='failCase'><div class='testcase'>test_c_modify_student_info_08_http_yangle4_8080_WoniuBoss2_5_student_saveNewInfo</div></td>
    <td colspan='5' align='center'>

    <!--css div popup start-->
    <a class="popup_link" onfocus='this.blur();' href="javascript:showTestDetail('div_ft1.13')" >
        fail</a>

    <div id='div_ft1.13' class="popup_window">
        <div style='text-align: right; color:red;cursor:pointer'>
        <a onfocus='this.blur();' onclick="document.getElementById('div_ft1.13').style.display = 'none' " >
           [x]</a>
        </div>
        <pre>
        
ft1.13: Traceback (most recent call last):
  File "D:\python\python36\lib\site-packages\parameterized\parameterized.py", line 518, in standalone_func
    return func(*(a + p.args), **p.kwargs)
  File "D:\python\yangle0103\woniuboss\bin\woniuboss_api\student_manage_test\test_a_basic_info.py", line 66, in test_c_modify_student_info
    self.assertEqual(expect,actual)
AssertionError: 'test modify student fail' != 'test modify student pass'
- test modify student fail
?                     ^ ^^
+ test modify student pass
?                     ^ ^^

Traceback (most recent call last):
  File "D:\python\python36\lib\site-packages\parameterized\parameterized.py", line 518, in standalone_func
    return func(*(a + p.args), **p.kwargs)
  File "D:\python\yangle0103\woniuboss\bin\woniuboss_api\student_manage_test\test_a_basic_info.py", line 66, in test_c_modify_student_info
    self.assertEqual(expect,actual)
AssertionError: 'test modify student fail' != 'test modify student pass'
- test modify student fail
?                     ^ ^^
+ test modify student pass
?                     ^ ^^



        </pre>
    </div>
    <!--css div popup end-->

    </td>
</tr>

<tr id='ft1.14' class='none'>
    <td class='failCase'><div class='testcase'>test_c_modify_student_info_09_http_yangle4_8080_WoniuBoss2_5_student_saveNewInfo</div></td>
    <td colspan='5' align='center'>

    <!--css div popup start-->
    <a class="popup_link" onfocus='this.blur();' href="javascript:showTestDetail('div_ft1.14')" >
        fail</a>

    <div id='div_ft1.14' class="popup_window">
        <div style='text-align: right; color:red;cursor:pointer'>
        <a onfocus='this.blur();' onclick="document.getElementById('div_ft1.14').style.display = 'none' " >
           [x]</a>
        </div>
        <pre>
        
ft1.14: Traceback (most recent call last):
  File "D:\python\python36\lib\site-packages\parameterized\parameterized.py", line 518, in standalone_func
    return func(*(a + p.args), **p.kwargs)
  File "D:\python\yangle0103\woniuboss\bin\woniuboss_api\student_manage_test\test_a_basic_info.py", line 66, in test_c_modify_student_info
    self.assertEqual(expect,actual)
AssertionError: 'test modify student fail' != 'test modify student pass'
- test modify student fail
?                     ^ ^^
+ test modify student pass
?                     ^ ^^

Traceback (most recent call last):
  File "D:\python\python36\lib\site-packages\parameterized\parameterized.py", line 518, in standalone_func
    return func(*(a + p.args), **p.kwargs)
  File "D:\python\yangle0103\woniuboss\bin\woniuboss_api\student_manage_test\test_a_basic_info.py", line 66, in test_c_modify_student_info
    self.assertEqual(expect,actual)
AssertionError: 'test modify student fail' != 'test modify student pass'
- test modify student fail
?                     ^ ^^
+ test modify student pass
?                     ^ ^^



        </pre>
    </div>
    <!--css div popup end-->

    </td>
</tr>

<tr id='ft1.15' class='none'>
    <td class='failCase'><div class='testcase'>test_c_modify_student_info_10_http_yangle4_8080_WoniuBoss2_5_student_saveNewInfo</div></td>
    <td colspan='5' align='center'>

    <!--css div popup start-->
    <a class="popup_link" onfocus='this.blur();' href="javascript:showTestDetail('div_ft1.15')" >
        fail</a>

    <div id='div_ft1.15' class="popup_window">
        <div style='text-align: right; color:red;cursor:pointer'>
        <a onfocus='this.blur();' onclick="document.getElementById('div_ft1.15').style.display = 'none' " >
           [x]</a>
        </div>
        <pre>
        
ft1.15: Traceback (most recent call last):
  File "D:\python\python36\lib\site-packages\parameterized\parameterized.py", line 518, in standalone_func
    return func(*(a + p.args), **p.kwargs)
  File "D:\python\yangle0103\woniuboss\bin\woniuboss_api\student_manage_test\test_a_basic_info.py", line 66, in test_c_modify_student_info
    self.assertEqual(expect,actual)
AssertionError: 'test modify student fail' != 'test modify student pass'
- test modify student fail
?                     ^ ^^
+ test modify student pass
?                     ^ ^^

Traceback (most recent call last):
  File "D:\python\python36\lib\site-packages\parameterized\parameterized.py", line 518, in standalone_func
    return func(*(a + p.args), **p.kwargs)
  File "D:\python\yangle0103\woniuboss\bin\woniuboss_api\student_manage_test\test_a_basic_info.py", line 66, in test_c_modify_student_info
    self.assertEqual(expect,actual)
AssertionError: 'test modify student fail' != 'test modify student pass'
- test modify student fail
?                     ^ ^^
+ test modify student pass
?                     ^ ^^



        </pre>
    </div>
    <!--css div popup end-->

    </td>
</tr>

<tr id='ft1.16' class='none'>
    <td class='failCase'><div class='testcase'>test_c_modify_student_info_11_http_yangle4_8080_WoniuBoss2_5_student_saveNewInfo</div></td>
    <td colspan='5' align='center'>

    <!--css div popup start-->
    <a class="popup_link" onfocus='this.blur();' href="javascript:showTestDetail('div_ft1.16')" >
        fail</a>

    <div id='div_ft1.16' class="popup_window">
        <div style='text-align: right; color:red;cursor:pointer'>
        <a onfocus='this.blur();' onclick="document.getElementById('div_ft1.16').style.display = 'none' " >
           [x]</a>
        </div>
        <pre>
        
ft1.16: Traceback (most recent call last):
  File "D:\python\python36\lib\site-packages\parameterized\parameterized.py", line 518, in standalone_func
    return func(*(a + p.args), **p.kwargs)
  File "D:\python\yangle0103\woniuboss\bin\woniuboss_api\student_manage_test\test_a_basic_info.py", line 66, in test_c_modify_student_info
    self.assertEqual(expect,actual)
AssertionError: 'test modify student fail' != 'test modify student pass'
- test modify student fail
?                     ^ ^^
+ test modify student pass
?                     ^ ^^

Traceback (most recent call last):
  File "D:\python\python36\lib\site-packages\parameterized\parameterized.py", line 518, in standalone_func
    return func(*(a + p.args), **p.kwargs)
  File "D:\python\yangle0103\woniuboss\bin\woniuboss_api\student_manage_test\test_a_basic_info.py", line 66, in test_c_modify_student_info
    self.assertEqual(expect,actual)
AssertionError: 'test modify student fail' != 'test modify student pass'
- test modify student fail
?                     ^ ^^
+ test modify student pass
?                     ^ ^^



        </pre>
    </div>
    <!--css div popup end-->

    </td>
</tr>

<tr id='ft1.17' class='none'>
    <td class='failCase'><div class='testcase'>test_c_modify_student_info_12_http_yangle4_8080_WoniuBoss2_5_student_saveNewInfo</div></td>
    <td colspan='5' align='center'>

    <!--css div popup start-->
    <a class="popup_link" onfocus='this.blur();' href="javascript:showTestDetail('div_ft1.17')" >
        fail</a>

    <div id='div_ft1.17' class="popup_window">
        <div style='text-align: right; color:red;cursor:pointer'>
        <a onfocus='this.blur();' onclick="document.getElementById('div_ft1.17').style.display = 'none' " >
           [x]</a>
        </div>
        <pre>
        
ft1.17: Traceback (most recent call last):
  File "D:\python\python36\lib\site-packages\parameterized\parameterized.py", line 518, in standalone_func
    return func(*(a + p.args), **p.kwargs)
  File "D:\python\yangle0103\woniuboss\bin\woniuboss_api\student_manage_test\test_a_basic_info.py", line 66, in test_c_modify_student_info
    self.assertEqual(expect,actual)
AssertionError: 'test modify student fail' != 'test modify student pass'
- test modify student fail
?                     ^ ^^
+ test modify student pass
?                     ^ ^^

Traceback (most recent call last):
  File "D:\python\python36\lib\site-packages\parameterized\parameterized.py", line 518, in standalone_func
    return func(*(a + p.args), **p.kwargs)
  File "D:\python\yangle0103\woniuboss\bin\woniuboss_api\student_manage_test\test_a_basic_info.py", line 66, in test_c_modify_student_info
    self.assertEqual(expect,actual)
AssertionError: 'test modify student fail' != 'test modify student pass'
- test modify student fail
?                     ^ ^^
+ test modify student pass
?                     ^ ^^



        </pre>
    </div>
    <!--css div popup end-->

    </td>
</tr>

<tr id='ft1.18' class='none'>
    <td class='failCase'><div class='testcase'>test_c_modify_student_info_13_http_yangle4_8080_WoniuBoss2_5_student_saveNewInfo</div></td>
    <td colspan='5' align='center'>

    <!--css div popup start-->
    <a class="popup_link" onfocus='this.blur();' href="javascript:showTestDetail('div_ft1.18')" >
        fail</a>

    <div id='div_ft1.18' class="popup_window">
        <div style='text-align: right; color:red;cursor:pointer'>
        <a onfocus='this.blur();' onclick="document.getElementById('div_ft1.18').style.display = 'none' " >
           [x]</a>
        </div>
        <pre>
        
ft1.18: Traceback (most recent call last):
  File "D:\python\python36\lib\site-packages\parameterized\parameterized.py", line 518, in standalone_func
    return func(*(a + p.args), **p.kwargs)
  File "D:\python\yangle0103\woniuboss\bin\woniuboss_api\student_manage_test\test_a_basic_info.py", line 66, in test_c_modify_student_info
    self.assertEqual(expect,actual)
AssertionError: 'test modify student fail' != 'test modify student pass'
- test modify student fail
?                     ^ ^^
+ test modify student pass
?                     ^ ^^

Traceback (most recent call last):
  File "D:\python\python36\lib\site-packages\parameterized\parameterized.py", line 518, in standalone_func
    return func(*(a + p.args), **p.kwargs)
  File "D:\python\yangle0103\woniuboss\bin\woniuboss_api\student_manage_test\test_a_basic_info.py", line 66, in test_c_modify_student_info
    self.assertEqual(expect,actual)
AssertionError: 'test modify student fail' != 'test modify student pass'
- test modify student fail
?                     ^ ^^
+ test modify student pass
?                     ^ ^^



        </pre>
    </div>
    <!--css div popup end-->

    </td>
</tr>

<tr id='ft1.19' class='none'>
    <td class='failCase'><div class='testcase'>test_c_modify_student_info_14_http_yangle4_8080_WoniuBoss2_5_student_saveNewInfo</div></td>
    <td colspan='5' align='center'>

    <!--css div popup start-->
    <a class="popup_link" onfocus='this.blur();' href="javascript:showTestDetail('div_ft1.19')" >
        fail</a>

    <div id='div_ft1.19' class="popup_window">
        <div style='text-align: right; color:red;cursor:pointer'>
        <a onfocus='this.blur();' onclick="document.getElementById('div_ft1.19').style.display = 'none' " >
           [x]</a>
        </div>
        <pre>
        
ft1.19: Traceback (most recent call last):
  File "D:\python\python36\lib\site-packages\parameterized\parameterized.py", line 518, in standalone_func
    return func(*(a + p.args), **p.kwargs)
  File "D:\python\yangle0103\woniuboss\bin\woniuboss_api\student_manage_test\test_a_basic_info.py", line 66, in test_c_modify_student_info
    self.assertEqual(expect,actual)
AssertionError: 'test modify student fail' != 'test modify student pass'
- test modify student fail
?                     ^ ^^
+ test modify student pass
?                     ^ ^^

Traceback (most recent call last):
  File "D:\python\python36\lib\site-packages\parameterized\parameterized.py", line 518, in standalone_func
    return func(*(a + p.args), **p.kwargs)
  File "D:\python\yangle0103\woniuboss\bin\woniuboss_api\student_manage_test\test_a_basic_info.py", line 66, in test_c_modify_student_info
    self.assertEqual(expect,actual)
AssertionError: 'test modify student fail' != 'test modify student pass'
- test modify student fail
?                     ^ ^^
+ test modify student pass
?                     ^ ^^



        </pre>
    </div>
    <!--css div popup end-->

    </td>
</tr>

<tr id='ft1.20' class='none'>
    <td class='failCase'><div class='testcase'>test_c_modify_student_info_15_http_yangle4_8080_WoniuBoss2_5_student_saveNewInfo</div></td>
    <td colspan='5' align='center'>

    <!--css div popup start-->
    <a class="popup_link" onfocus='this.blur();' href="javascript:showTestDetail('div_ft1.20')" >
        fail</a>

    <div id='div_ft1.20' class="popup_window">
        <div style='text-align: right; color:red;cursor:pointer'>
        <a onfocus='this.blur();' onclick="document.getElementById('div_ft1.20').style.display = 'none' " >
           [x]</a>
        </div>
        <pre>
        
ft1.20: Traceback (most recent call last):
  File "D:\python\python36\lib\site-packages\parameterized\parameterized.py", line 518, in standalone_func
    return func(*(a + p.args), **p.kwargs)
  File "D:\python\yangle0103\woniuboss\bin\woniuboss_api\student_manage_test\test_a_basic_info.py", line 66, in test_c_modify_student_info
    self.assertEqual(expect,actual)
AssertionError: 'test modify student fail' != 'test modify student pass'
- test modify student fail
?                     ^ ^^
+ test modify student pass
?                     ^ ^^

Traceback (most recent call last):
  File "D:\python\python36\lib\site-packages\parameterized\parameterized.py", line 518, in standalone_func
    return func(*(a + p.args), **p.kwargs)
  File "D:\python\yangle0103\woniuboss\bin\woniuboss_api\student_manage_test\test_a_basic_info.py", line 66, in test_c_modify_student_info
    self.assertEqual(expect,actual)
AssertionError: 'test modify student fail' != 'test modify student pass'
- test modify student fail
?                     ^ ^^
+ test modify student pass
?                     ^ ^^



        </pre>
    </div>
    <!--css div popup end-->

    </td>
</tr>

<tr id='ft1.21' class='none'>
    <td class='failCase'><div class='testcase'>test_c_modify_student_info_16_http_yangle4_8080_WoniuBoss2_5_student_saveNewInfo</div></td>
    <td colspan='5' align='center'>

    <!--css div popup start-->
    <a class="popup_link" onfocus='this.blur();' href="javascript:showTestDetail('div_ft1.21')" >
        fail</a>

    <div id='div_ft1.21' class="popup_window">
        <div style='text-align: right; color:red;cursor:pointer'>
        <a onfocus='this.blur();' onclick="document.getElementById('div_ft1.21').style.display = 'none' " >
           [x]</a>
        </div>
        <pre>
        
ft1.21: Traceback (most recent call last):
  File "D:\python\python36\lib\site-packages\parameterized\parameterized.py", line 518, in standalone_func
    return func(*(a + p.args), **p.kwargs)
  File "D:\python\yangle0103\woniuboss\bin\woniuboss_api\student_manage_test\test_a_basic_info.py", line 66, in test_c_modify_student_info
    self.assertEqual(expect,actual)
AssertionError: 'test modify student fail' != 'test modify student pass'
- test modify student fail
?                     ^ ^^
+ test modify student pass
?                     ^ ^^

Traceback (most recent call last):
  File "D:\python\python36\lib\site-packages\parameterized\parameterized.py", line 518, in standalone_func
    return func(*(a + p.args), **p.kwargs)
  File "D:\python\yangle0103\woniuboss\bin\woniuboss_api\student_manage_test\test_a_basic_info.py", line 66, in test_c_modify_student_info
    self.assertEqual(expect,actual)
AssertionError: 'test modify student fail' != 'test modify student pass'
- test modify student fail
?                     ^ ^^
+ test modify student pass
?                     ^ ^^



        </pre>
    </div>
    <!--css div popup end-->

    </td>
</tr>

<tr id='ft1.22' class='none'>
    <td class='failCase'><div class='testcase'>test_c_modify_student_info_17_http_yangle4_8080_WoniuBoss2_5_student_saveNewInfo</div></td>
    <td colspan='5' align='center'>

    <!--css div popup start-->
    <a class="popup_link" onfocus='this.blur();' href="javascript:showTestDetail('div_ft1.22')" >
        fail</a>

    <div id='div_ft1.22' class="popup_window">
        <div style='text-align: right; color:red;cursor:pointer'>
        <a onfocus='this.blur();' onclick="document.getElementById('div_ft1.22').style.display = 'none' " >
           [x]</a>
        </div>
        <pre>
        
ft1.22: Traceback (most recent call last):
  File "D:\python\python36\lib\site-packages\parameterized\parameterized.py", line 518, in standalone_func
    return func(*(a + p.args), **p.kwargs)
  File "D:\python\yangle0103\woniuboss\bin\woniuboss_api\student_manage_test\test_a_basic_info.py", line 66, in test_c_modify_student_info
    self.assertEqual(expect,actual)
AssertionError: 'test modify student fail' != 'test modify student pass'
- test modify student fail
?                     ^ ^^
+ test modify student pass
?                     ^ ^^

Traceback (most recent call last):
  File "D:\python\python36\lib\site-packages\parameterized\parameterized.py", line 518, in standalone_func
    return func(*(a + p.args), **p.kwargs)
  File "D:\python\yangle0103\woniuboss\bin\woniuboss_api\student_manage_test\test_a_basic_info.py", line 66, in test_c_modify_student_info
    self.assertEqual(expect,actual)
AssertionError: 'test modify student fail' != 'test modify student pass'
- test modify student fail
?                     ^ ^^
+ test modify student pass
?                     ^ ^^



        </pre>
    </div>
    <!--css div popup end-->

    </td>
</tr>

<tr id='ft1.23' class='none'>
    <td class='failCase'><div class='testcase'>test_c_modify_student_info_18_http_yangle4_8080_WoniuBoss2_5_student_saveNewInfo</div></td>
    <td colspan='5' align='center'>

    <!--css div popup start-->
    <a class="popup_link" onfocus='this.blur();' href="javascript:showTestDetail('div_ft1.23')" >
        fail</a>

    <div id='div_ft1.23' class="popup_window">
        <div style='text-align: right; color:red;cursor:pointer'>
        <a onfocus='this.blur();' onclick="document.getElementById('div_ft1.23').style.display = 'none' " >
           [x]</a>
        </div>
        <pre>
        
ft1.23: Traceback (most recent call last):
  File "D:\python\python36\lib\site-packages\parameterized\parameterized.py", line 518, in standalone_func
    return func(*(a + p.args), **p.kwargs)
  File "D:\python\yangle0103\woniuboss\bin\woniuboss_api\student_manage_test\test_a_basic_info.py", line 66, in test_c_modify_student_info
    self.assertEqual(expect,actual)
AssertionError: 'test modify student fail' != 'test modify student pass'
- test modify student fail
?                     ^ ^^
+ test modify student pass
?                     ^ ^^

Traceback (most recent call last):
  File "D:\python\python36\lib\site-packages\parameterized\parameterized.py", line 518, in standalone_func
    return func(*(a + p.args), **p.kwargs)
  File "D:\python\yangle0103\woniuboss\bin\woniuboss_api\student_manage_test\test_a_basic_info.py", line 66, in test_c_modify_student_info
    self.assertEqual(expect,actual)
AssertionError: 'test modify student fail' != 'test modify student pass'
- test modify student fail
?                     ^ ^^
+ test modify student pass
?                     ^ ^^



        </pre>
    </div>
    <!--css div popup end-->

    </td>
</tr>

<tr id='ft1.24' class='none'>
    <td class='failCase'><div class='testcase'>test_c_modify_student_info_19_http_yangle4_8080_WoniuBoss2_5_student_saveNewInfo</div></td>
    <td colspan='5' align='center'>

    <!--css div popup start-->
    <a class="popup_link" onfocus='this.blur();' href="javascript:showTestDetail('div_ft1.24')" >
        fail</a>

    <div id='div_ft1.24' class="popup_window">
        <div style='text-align: right; color:red;cursor:pointer'>
        <a onfocus='this.blur();' onclick="document.getElementById('div_ft1.24').style.display = 'none' " >
           [x]</a>
        </div>
        <pre>
        
ft1.24: Traceback (most recent call last):
  File "D:\python\python36\lib\site-packages\parameterized\parameterized.py", line 518, in standalone_func
    return func(*(a + p.args), **p.kwargs)
  File "D:\python\yangle0103\woniuboss\bin\woniuboss_api\student_manage_test\test_a_basic_info.py", line 66, in test_c_modify_student_info
    self.assertEqual(expect,actual)
AssertionError: 'test modify student fail' != 'test modify student pass'
- test modify student fail
?                     ^ ^^
+ test modify student pass
?                     ^ ^^

Traceback (most recent call last):
  File "D:\python\python36\lib\site-packages\parameterized\parameterized.py", line 518, in standalone_func
    return func(*(a + p.args), **p.kwargs)
  File "D:\python\yangle0103\woniuboss\bin\woniuboss_api\student_manage_test\test_a_basic_info.py", line 66, in test_c_modify_student_info
    self.assertEqual(expect,actual)
AssertionError: 'test modify student fail' != 'test modify student pass'
- test modify student fail
?                     ^ ^^
+ test modify student pass
?                     ^ ^^



        </pre>
    </div>
    <!--css div popup end-->

    </td>
</tr>

<tr id='ft1.25' class='none'>
    <td class='failCase'><div class='testcase'>test_c_modify_student_info_20_http_yangle4_8080_WoniuBoss2_5_student_saveNewInfo</div></td>
    <td colspan='5' align='center'>

    <!--css div popup start-->
    <a class="popup_link" onfocus='this.blur();' href="javascript:showTestDetail('div_ft1.25')" >
        fail</a>

    <div id='div_ft1.25' class="popup_window">
        <div style='text-align: right; color:red;cursor:pointer'>
        <a onfocus='this.blur();' onclick="document.getElementById('div_ft1.25').style.display = 'none' " >
           [x]</a>
        </div>
        <pre>
        
ft1.25: Traceback (most recent call last):
  File "D:\python\python36\lib\site-packages\parameterized\parameterized.py", line 518, in standalone_func
    return func(*(a + p.args), **p.kwargs)
  File "D:\python\yangle0103\woniuboss\bin\woniuboss_api\student_manage_test\test_a_basic_info.py", line 66, in test_c_modify_student_info
    self.assertEqual(expect,actual)
AssertionError: 'test modify student fail' != 'test modify student pass'
- test modify student fail
?                     ^ ^^
+ test modify student pass
?                     ^ ^^

Traceback (most recent call last):
  File "D:\python\python36\lib\site-packages\parameterized\parameterized.py", line 518, in standalone_func
    return func(*(a + p.args), **p.kwargs)
  File "D:\python\yangle0103\woniuboss\bin\woniuboss_api\student_manage_test\test_a_basic_info.py", line 66, in test_c_modify_student_info
    self.assertEqual(expect,actual)
AssertionError: 'test modify student fail' != 'test modify student pass'
- test modify student fail
?                     ^ ^^
+ test modify student pass
?                     ^ ^^



        </pre>
    </div>
    <!--css div popup end-->

    </td>
</tr>

<tr id='ft1.26' class='none'>
    <td class='failCase'><div class='testcase'>test_c_modify_student_info_21_http_yangle4_8080_WoniuBoss2_5_student_saveNewInfo</div></td>
    <td colspan='5' align='center'>

    <!--css div popup start-->
    <a class="popup_link" onfocus='this.blur();' href="javascript:showTestDetail('div_ft1.26')" >
        fail</a>

    <div id='div_ft1.26' class="popup_window">
        <div style='text-align: right; color:red;cursor:pointer'>
        <a onfocus='this.blur();' onclick="document.getElementById('div_ft1.26').style.display = 'none' " >
           [x]</a>
        </div>
        <pre>
        
ft1.26: Traceback (most recent call last):
  File "D:\python\python36\lib\site-packages\parameterized\parameterized.py", line 518, in standalone_func
    return func(*(a + p.args), **p.kwargs)
  File "D:\python\yangle0103\woniuboss\bin\woniuboss_api\student_manage_test\test_a_basic_info.py", line 66, in test_c_modify_student_info
    self.assertEqual(expect,actual)
AssertionError: 'test modify student fail' != 'test modify student pass'
- test modify student fail
?                     ^ ^^
+ test modify student pass
?                     ^ ^^

Traceback (most recent call last):
  File "D:\python\python36\lib\site-packages\parameterized\parameterized.py", line 518, in standalone_func
    return func(*(a + p.args), **p.kwargs)
  File "D:\python\yangle0103\woniuboss\bin\woniuboss_api\student_manage_test\test_a_basic_info.py", line 66, in test_c_modify_student_info
    self.assertEqual(expect,actual)
AssertionError: 'test modify student fail' != 'test modify student pass'
- test modify student fail
?                     ^ ^^
+ test modify student pass
?                     ^ ^^



        </pre>
    </div>
    <!--css div popup end-->

    </td>
</tr>

<tr id='ft1.27' class='none'>
    <td class='failCase'><div class='testcase'>test_c_modify_student_info_22_http_yangle4_8080_WoniuBoss2_5_student_saveNewInfo</div></td>
    <td colspan='5' align='center'>

    <!--css div popup start-->
    <a class="popup_link" onfocus='this.blur();' href="javascript:showTestDetail('div_ft1.27')" >
        fail</a>

    <div id='div_ft1.27' class="popup_window">
        <div style='text-align: right; color:red;cursor:pointer'>
        <a onfocus='this.blur();' onclick="document.getElementById('div_ft1.27').style.display = 'none' " >
           [x]</a>
        </div>
        <pre>
        
ft1.27: Traceback (most recent call last):
  File "D:\python\python36\lib\site-packages\parameterized\parameterized.py", line 518, in standalone_func
    return func(*(a + p.args), **p.kwargs)
  File "D:\python\yangle0103\woniuboss\bin\woniuboss_api\student_manage_test\test_a_basic_info.py", line 66, in test_c_modify_student_info
    self.assertEqual(expect,actual)
AssertionError: 'test modify student fail' != 'test modify student pass'
- test modify student fail
?                     ^ ^^
+ test modify student pass
?                     ^ ^^

Traceback (most recent call last):
  File "D:\python\python36\lib\site-packages\parameterized\parameterized.py", line 518, in standalone_func
    return func(*(a + p.args), **p.kwargs)
  File "D:\python\yangle0103\woniuboss\bin\woniuboss_api\student_manage_test\test_a_basic_info.py", line 66, in test_c_modify_student_info
    self.assertEqual(expect,actual)
AssertionError: 'test modify student fail' != 'test modify student pass'
- test modify student fail
?                     ^ ^^
+ test modify student pass
?                     ^ ^^



        </pre>
    </div>
    <!--css div popup end-->

    </td>
</tr>

<tr id='ft1.28' class='none'>
    <td class='failCase'><div class='testcase'>test_c_modify_student_info_23_http_yangle4_8080_WoniuBoss2_5_student_saveNewInfo</div></td>
    <td colspan='5' align='center'>

    <!--css div popup start-->
    <a class="popup_link" onfocus='this.blur();' href="javascript:showTestDetail('div_ft1.28')" >
        fail</a>

    <div id='div_ft1.28' class="popup_window">
        <div style='text-align: right; color:red;cursor:pointer'>
        <a onfocus='this.blur();' onclick="document.getElementById('div_ft1.28').style.display = 'none' " >
           [x]</a>
        </div>
        <pre>
        
ft1.28: Traceback (most recent call last):
  File "D:\python\python36\lib\site-packages\parameterized\parameterized.py", line 518, in standalone_func
    return func(*(a + p.args), **p.kwargs)
  File "D:\python\yangle0103\woniuboss\bin\woniuboss_api\student_manage_test\test_a_basic_info.py", line 66, in test_c_modify_student_info
    self.assertEqual(expect,actual)
AssertionError: 'test modify student fail' != 'test modify student pass'
- test modify student fail
?                     ^ ^^
+ test modify student pass
?                     ^ ^^

Traceback (most recent call last):
  File "D:\python\python36\lib\site-packages\parameterized\parameterized.py", line 518, in standalone_func
    return func(*(a + p.args), **p.kwargs)
  File "D:\python\yangle0103\woniuboss\bin\woniuboss_api\student_manage_test\test_a_basic_info.py", line 66, in test_c_modify_student_info
    self.assertEqual(expect,actual)
AssertionError: 'test modify student fail' != 'test modify student pass'
- test modify student fail
?                     ^ ^^
+ test modify student pass
?                     ^ ^^



        </pre>
    </div>
    <!--css div popup end-->

    </td>
</tr>

<tr id='ft1.29' class='none'>
    <td class='failCase'><div class='testcase'>test_c_modify_student_info_24_http_yangle4_8080_WoniuBoss2_5_student_saveNewInfo</div></td>
    <td colspan='5' align='center'>

    <!--css div popup start-->
    <a class="popup_link" onfocus='this.blur();' href="javascript:showTestDetail('div_ft1.29')" >
        fail</a>

    <div id='div_ft1.29' class="popup_window">
        <div style='text-align: right; color:red;cursor:pointer'>
        <a onfocus='this.blur();' onclick="document.getElementById('div_ft1.29').style.display = 'none' " >
           [x]</a>
        </div>
        <pre>
        
ft1.29: Traceback (most recent call last):
  File "D:\python\python36\lib\site-packages\parameterized\parameterized.py", line 518, in standalone_func
    return func(*(a + p.args), **p.kwargs)
  File "D:\python\yangle0103\woniuboss\bin\woniuboss_api\student_manage_test\test_a_basic_info.py", line 66, in test_c_modify_student_info
    self.assertEqual(expect,actual)
AssertionError: 'test modify student fail' != 'test modify student pass'
- test modify student fail
?                     ^ ^^
+ test modify student pass
?                     ^ ^^

Traceback (most recent call last):
  File "D:\python\python36\lib\site-packages\parameterized\parameterized.py", line 518, in standalone_func
    return func(*(a + p.args), **p.kwargs)
  File "D:\python\yangle0103\woniuboss\bin\woniuboss_api\student_manage_test\test_a_basic_info.py", line 66, in test_c_modify_student_info
    self.assertEqual(expect,actual)
AssertionError: 'test modify student fail' != 'test modify student pass'
- test modify student fail
?                     ^ ^^
+ test modify student pass
?                     ^ ^^



        </pre>
    </div>
    <!--css div popup end-->

    </td>
</tr>

<tr id='ft1.30' class='none'>
    <td class='failCase'><div class='testcase'>test_c_modify_student_info_25_http_yangle4_8080_WoniuBoss2_5_student_saveNewInfo</div></td>
    <td colspan='5' align='center'>

    <!--css div popup start-->
    <a class="popup_link" onfocus='this.blur();' href="javascript:showTestDetail('div_ft1.30')" >
        fail</a>

    <div id='div_ft1.30' class="popup_window">
        <div style='text-align: right; color:red;cursor:pointer'>
        <a onfocus='this.blur();' onclick="document.getElementById('div_ft1.30').style.display = 'none' " >
           [x]</a>
        </div>
        <pre>
        
ft1.30: Traceback (most recent call last):
  File "D:\python\python36\lib\site-packages\parameterized\parameterized.py", line 518, in standalone_func
    return func(*(a + p.args), **p.kwargs)
  File "D:\python\yangle0103\woniuboss\bin\woniuboss_api\student_manage_test\test_a_basic_info.py", line 66, in test_c_modify_student_info
    self.assertEqual(expect,actual)
AssertionError: 'test modify student fail' != 'test modify student pass'
- test modify student fail
?                     ^ ^^
+ test modify student pass
?                     ^ ^^

Traceback (most recent call last):
  File "D:\python\python36\lib\site-packages\parameterized\parameterized.py", line 518, in standalone_func
    return func(*(a + p.args), **p.kwargs)
  File "D:\python\yangle0103\woniuboss\bin\woniuboss_api\student_manage_test\test_a_basic_info.py", line 66, in test_c_modify_student_info
    self.assertEqual(expect,actual)
AssertionError: 'test modify student fail' != 'test modify student pass'
- test modify student fail
?                     ^ ^^
+ test modify student pass
?                     ^ ^^



        </pre>
    </div>
    <!--css div popup end-->

    </td>
</tr>

<tr id='ft1.31' class='none'>
    <td class='failCase'><div class='testcase'>test_c_modify_student_info_26_http_yangle4_8080_WoniuBoss2_5_student_saveNewInfo</div></td>
    <td colspan='5' align='center'>

    <!--css div popup start-->
    <a class="popup_link" onfocus='this.blur();' href="javascript:showTestDetail('div_ft1.31')" >
        fail</a>

    <div id='div_ft1.31' class="popup_window">
        <div style='text-align: right; color:red;cursor:pointer'>
        <a onfocus='this.blur();' onclick="document.getElementById('div_ft1.31').style.display = 'none' " >
           [x]</a>
        </div>
        <pre>
        
ft1.31: Traceback (most recent call last):
  File "D:\python\python36\lib\site-packages\parameterized\parameterized.py", line 518, in standalone_func
    return func(*(a + p.args), **p.kwargs)
  File "D:\python\yangle0103\woniuboss\bin\woniuboss_api\student_manage_test\test_a_basic_info.py", line 66, in test_c_modify_student_info
    self.assertEqual(expect,actual)
AssertionError: 'test modify student fail' != 'test modify student pass'
- test modify student fail
?                     ^ ^^
+ test modify student pass
?                     ^ ^^

Traceback (most recent call last):
  File "D:\python\python36\lib\site-packages\parameterized\parameterized.py", line 518, in standalone_func
    return func(*(a + p.args), **p.kwargs)
  File "D:\python\yangle0103\woniuboss\bin\woniuboss_api\student_manage_test\test_a_basic_info.py", line 66, in test_c_modify_student_info
    self.assertEqual(expect,actual)
AssertionError: 'test modify student fail' != 'test modify student pass'
- test modify student fail
?                     ^ ^^
+ test modify student pass
?                     ^ ^^



        </pre>
    </div>
    <!--css div popup end-->

    </td>
</tr>

<tr id='ft1.32' class='none'>
    <td class='failCase'><div class='testcase'>test_c_modify_student_info_27_http_yangle4_8080_WoniuBoss2_5_student_saveNewInfo</div></td>
    <td colspan='5' align='center'>

    <!--css div popup start-->
    <a class="popup_link" onfocus='this.blur();' href="javascript:showTestDetail('div_ft1.32')" >
        fail</a>

    <div id='div_ft1.32' class="popup_window">
        <div style='text-align: right; color:red;cursor:pointer'>
        <a onfocus='this.blur();' onclick="document.getElementById('div_ft1.32').style.display = 'none' " >
           [x]</a>
        </div>
        <pre>
        
ft1.32: Traceback (most recent call last):
  File "D:\python\python36\lib\site-packages\parameterized\parameterized.py", line 518, in standalone_func
    return func(*(a + p.args), **p.kwargs)
  File "D:\python\yangle0103\woniuboss\bin\woniuboss_api\student_manage_test\test_a_basic_info.py", line 66, in test_c_modify_student_info
    self.assertEqual(expect,actual)
AssertionError: 'test modify student fail' != 'test modify student pass'
- test modify student fail
?                     ^ ^^
+ test modify student pass
?                     ^ ^^

Traceback (most recent call last):
  File "D:\python\python36\lib\site-packages\parameterized\parameterized.py", line 518, in standalone_func
    return func(*(a + p.args), **p.kwargs)
  File "D:\python\yangle0103\woniuboss\bin\woniuboss_api\student_manage_test\test_a_basic_info.py", line 66, in test_c_modify_student_info
    self.assertEqual(expect,actual)
AssertionError: 'test modify student fail' != 'test modify student pass'
- test modify student fail
?                     ^ ^^
+ test modify student pass
?                     ^ ^^



        </pre>
    </div>
    <!--css div popup end-->

    </td>
</tr>

<tr id='ft1.33' class='none'>
    <td class='failCase'><div class='testcase'>test_c_modify_student_info_28_http_yangle4_8080_WoniuBoss2_5_student_saveNewInfo</div></td>
    <td colspan='5' align='center'>

    <!--css div popup start-->
    <a class="popup_link" onfocus='this.blur();' href="javascript:showTestDetail('div_ft1.33')" >
        fail</a>

    <div id='div_ft1.33' class="popup_window">
        <div style='text-align: right; color:red;cursor:pointer'>
        <a onfocus='this.blur();' onclick="document.getElementById('div_ft1.33').style.display = 'none' " >
           [x]</a>
        </div>
        <pre>
        
ft1.33: Traceback (most recent call last):
  File "D:\python\python36\lib\site-packages\parameterized\parameterized.py", line 518, in standalone_func
    return func(*(a + p.args), **p.kwargs)
  File "D:\python\yangle0103\woniuboss\bin\woniuboss_api\student_manage_test\test_a_basic_info.py", line 66, in test_c_modify_student_info
    self.assertEqual(expect,actual)
AssertionError: 'test modify student fail' != 'test modify student pass'
- test modify student fail
?                     ^ ^^
+ test modify student pass
?                     ^ ^^

Traceback (most recent call last):
  File "D:\python\python36\lib\site-packages\parameterized\parameterized.py", line 518, in standalone_func
    return func(*(a + p.args), **p.kwargs)
  File "D:\python\yangle0103\woniuboss\bin\woniuboss_api\student_manage_test\test_a_basic_info.py", line 66, in test_c_modify_student_info
    self.assertEqual(expect,actual)
AssertionError: 'test modify student fail' != 'test modify student pass'
- test modify student fail
?                     ^ ^^
+ test modify student pass
?                     ^ ^^



        </pre>
    </div>
    <!--css div popup end-->

    </td>
</tr>

<tr id='ft1.34' class='none'>
    <td class='failCase'><div class='testcase'>test_c_modify_student_info_29_http_yangle4_8080_WoniuBoss2_5_student_saveNewInfo</div></td>
    <td colspan='5' align='center'>

    <!--css div popup start-->
    <a class="popup_link" onfocus='this.blur();' href="javascript:showTestDetail('div_ft1.34')" >
        fail</a>

    <div id='div_ft1.34' class="popup_window">
        <div style='text-align: right; color:red;cursor:pointer'>
        <a onfocus='this.blur();' onclick="document.getElementById('div_ft1.34').style.display = 'none' " >
           [x]</a>
        </div>
        <pre>
        
ft1.34: Traceback (most recent call last):
  File "D:\python\python36\lib\site-packages\parameterized\parameterized.py", line 518, in standalone_func
    return func(*(a + p.args), **p.kwargs)
  File "D:\python\yangle0103\woniuboss\bin\woniuboss_api\student_manage_test\test_a_basic_info.py", line 66, in test_c_modify_student_info
    self.assertEqual(expect,actual)
AssertionError: 'test modify student fail' != 'test modify student pass'
- test modify student fail
?                     ^ ^^
+ test modify student pass
?                     ^ ^^

Traceback (most recent call last):
  File "D:\python\python36\lib\site-packages\parameterized\parameterized.py", line 518, in standalone_func
    return func(*(a + p.args), **p.kwargs)
  File "D:\python\yangle0103\woniuboss\bin\woniuboss_api\student_manage_test\test_a_basic_info.py", line 66, in test_c_modify_student_info
    self.assertEqual(expect,actual)
AssertionError: 'test modify student fail' != 'test modify student pass'
- test modify student fail
?                     ^ ^^
+ test modify student pass
?                     ^ ^^



        </pre>
    </div>
    <!--css div popup end-->

    </td>
</tr>

<tr id='ft1.35' class='none'>
    <td class='failCase'><div class='testcase'>test_c_modify_student_info_30_http_yangle4_8080_WoniuBoss2_5_student_saveNewInfo</div></td>
    <td colspan='5' align='center'>

    <!--css div popup start-->
    <a class="popup_link" onfocus='this.blur();' href="javascript:showTestDetail('div_ft1.35')" >
        fail</a>

    <div id='div_ft1.35' class="popup_window">
        <div style='text-align: right; color:red;cursor:pointer'>
        <a onfocus='this.blur();' onclick="document.getElementById('div_ft1.35').style.display = 'none' " >
           [x]</a>
        </div>
        <pre>
        
ft1.35: Traceback (most recent call last):
  File "D:\python\python36\lib\site-packages\parameterized\parameterized.py", line 518, in standalone_func
    return func(*(a + p.args), **p.kwargs)
  File "D:\python\yangle0103\woniuboss\bin\woniuboss_api\student_manage_test\test_a_basic_info.py", line 66, in test_c_modify_student_info
    self.assertEqual(expect,actual)
AssertionError: 'test modify student fail' != 'test modify student pass'
- test modify student fail
?                     ^ ^^
+ test modify student pass
?                     ^ ^^

Traceback (most recent call last):
  File "D:\python\python36\lib\site-packages\parameterized\parameterized.py", line 518, in standalone_func
    return func(*(a + p.args), **p.kwargs)
  File "D:\python\yangle0103\woniuboss\bin\woniuboss_api\student_manage_test\test_a_basic_info.py", line 66, in test_c_modify_student_info
    self.assertEqual(expect,actual)
AssertionError: 'test modify student fail' != 'test modify student pass'
- test modify student fail
?                     ^ ^^
+ test modify student pass
?                     ^ ^^



        </pre>
    </div>
    <!--css div popup end-->

    </td>
</tr>

<tr id='ft1.36' class='none'>
    <td class='failCase'><div class='testcase'>test_c_modify_student_info_31_http_yangle4_8080_WoniuBoss2_5_student_saveNewInfo</div></td>
    <td colspan='5' align='center'>

    <!--css div popup start-->
    <a class="popup_link" onfocus='this.blur();' href="javascript:showTestDetail('div_ft1.36')" >
        fail</a>

    <div id='div_ft1.36' class="popup_window">
        <div style='text-align: right; color:red;cursor:pointer'>
        <a onfocus='this.blur();' onclick="document.getElementById('div_ft1.36').style.display = 'none' " >
           [x]</a>
        </div>
        <pre>
        
ft1.36: Traceback (most recent call last):
  File "D:\python\python36\lib\site-packages\parameterized\parameterized.py", line 518, in standalone_func
    return func(*(a + p.args), **p.kwargs)
  File "D:\python\yangle0103\woniuboss\bin\woniuboss_api\student_manage_test\test_a_basic_info.py", line 66, in test_c_modify_student_info
    self.assertEqual(expect,actual)
AssertionError: 'test modify student fail' != 'test modify student pass'
- test modify student fail
?                     ^ ^^
+ test modify student pass
?                     ^ ^^

Traceback (most recent call last):
  File "D:\python\python36\lib\site-packages\parameterized\parameterized.py", line 518, in standalone_func
    return func(*(a + p.args), **p.kwargs)
  File "D:\python\yangle0103\woniuboss\bin\woniuboss_api\student_manage_test\test_a_basic_info.py", line 66, in test_c_modify_student_info
    self.assertEqual(expect,actual)
AssertionError: 'test modify student fail' != 'test modify student pass'
- test modify student fail
?                     ^ ^^
+ test modify student pass
?                     ^ ^^



        </pre>
    </div>
    <!--css div popup end-->

    </td>
</tr>

<tr id='ft1.37' class='none'>
    <td class='failCase'><div class='testcase'>test_c_modify_student_info_32_http_yangle4_8080_WoniuBoss2_5_student_saveNewInfo</div></td>
    <td colspan='5' align='center'>

    <!--css div popup start-->
    <a class="popup_link" onfocus='this.blur();' href="javascript:showTestDetail('div_ft1.37')" >
        fail</a>

    <div id='div_ft1.37' class="popup_window">
        <div style='text-align: right; color:red;cursor:pointer'>
        <a onfocus='this.blur();' onclick="document.getElementById('div_ft1.37').style.display = 'none' " >
           [x]</a>
        </div>
        <pre>
        
ft1.37: Traceback (most recent call last):
  File "D:\python\python36\lib\site-packages\parameterized\parameterized.py", line 518, in standalone_func
    return func(*(a + p.args), **p.kwargs)
  File "D:\python\yangle0103\woniuboss\bin\woniuboss_api\student_manage_test\test_a_basic_info.py", line 66, in test_c_modify_student_info
    self.assertEqual(expect,actual)
AssertionError: 'test modify student fail' != 'test modify student pass'
- test modify student fail
?                     ^ ^^
+ test modify student pass
?                     ^ ^^

Traceback (most recent call last):
  File "D:\python\python36\lib\site-packages\parameterized\parameterized.py", line 518, in standalone_func
    return func(*(a + p.args), **p.kwargs)
  File "D:\python\yangle0103\woniuboss\bin\woniuboss_api\student_manage_test\test_a_basic_info.py", line 66, in test_c_modify_student_info
    self.assertEqual(expect,actual)
AssertionError: 'test modify student fail' != 'test modify student pass'
- test modify student fail
?                     ^ ^^
+ test modify student pass
?                     ^ ^^



        </pre>
    </div>
    <!--css div popup end-->

    </td>
</tr>

<tr id='ft1.38' class='none'>
    <td class='failCase'><div class='testcase'>test_c_modify_student_info_33_http_yangle4_8080_WoniuBoss2_5_student_saveNewInfo</div></td>
    <td colspan='5' align='center'>

    <!--css div popup start-->
    <a class="popup_link" onfocus='this.blur();' href="javascript:showTestDetail('div_ft1.38')" >
        fail</a>

    <div id='div_ft1.38' class="popup_window">
        <div style='text-align: right; color:red;cursor:pointer'>
        <a onfocus='this.blur();' onclick="document.getElementById('div_ft1.38').style.display = 'none' " >
           [x]</a>
        </div>
        <pre>
        
ft1.38: Traceback (most recent call last):
  File "D:\python\python36\lib\site-packages\parameterized\parameterized.py", line 518, in standalone_func
    return func(*(a + p.args), **p.kwargs)
  File "D:\python\yangle0103\woniuboss\bin\woniuboss_api\student_manage_test\test_a_basic_info.py", line 66, in test_c_modify_student_info
    self.assertEqual(expect,actual)
AssertionError: 'test modify student fail' != 'test modify student pass'
- test modify student fail
?                     ^ ^^
+ test modify student pass
?                     ^ ^^

Traceback (most recent call last):
  File "D:\python\python36\lib\site-packages\parameterized\parameterized.py", line 518, in standalone_func
    return func(*(a + p.args), **p.kwargs)
  File "D:\python\yangle0103\woniuboss\bin\woniuboss_api\student_manage_test\test_a_basic_info.py", line 66, in test_c_modify_student_info
    self.assertEqual(expect,actual)
AssertionError: 'test modify student fail' != 'test modify student pass'
- test modify student fail
?                     ^ ^^
+ test modify student pass
?                     ^ ^^



        </pre>
    </div>
    <!--css div popup end-->

    </td>
</tr>

<tr id='ft1.39' class='none'>
    <td class='failCase'><div class='testcase'>test_c_modify_student_info_34_http_yangle4_8080_WoniuBoss2_5_student_saveNewInfo</div></td>
    <td colspan='5' align='center'>

    <!--css div popup start-->
    <a class="popup_link" onfocus='this.blur();' href="javascript:showTestDetail('div_ft1.39')" >
        fail</a>

    <div id='div_ft1.39' class="popup_window">
        <div style='text-align: right; color:red;cursor:pointer'>
        <a onfocus='this.blur();' onclick="document.getElementById('div_ft1.39').style.display = 'none' " >
           [x]</a>
        </div>
        <pre>
        
ft1.39: Traceback (most recent call last):
  File "D:\python\python36\lib\site-packages\parameterized\parameterized.py", line 518, in standalone_func
    return func(*(a + p.args), **p.kwargs)
  File "D:\python\yangle0103\woniuboss\bin\woniuboss_api\student_manage_test\test_a_basic_info.py", line 66, in test_c_modify_student_info
    self.assertEqual(expect,actual)
AssertionError: 'test modify student fail' != 'test modify student pass'
- test modify student fail
?                     ^ ^^
+ test modify student pass
?                     ^ ^^

Traceback (most recent call last):
  File "D:\python\python36\lib\site-packages\parameterized\parameterized.py", line 518, in standalone_func
    return func(*(a + p.args), **p.kwargs)
  File "D:\python\yangle0103\woniuboss\bin\woniuboss_api\student_manage_test\test_a_basic_info.py", line 66, in test_c_modify_student_info
    self.assertEqual(expect,actual)
AssertionError: 'test modify student fail' != 'test modify student pass'
- test modify student fail
?                     ^ ^^
+ test modify student pass
?                     ^ ^^



        </pre>
    </div>
    <!--css div popup end-->

    </td>
</tr>

<tr id='ft1.40' class='none'>
    <td class='failCase'><div class='testcase'>test_c_modify_student_info_35_http_yangle4_8080_WoniuBoss2_5_student_saveNewInfo</div></td>
    <td colspan='5' align='center'>

    <!--css div popup start-->
    <a class="popup_link" onfocus='this.blur();' href="javascript:showTestDetail('div_ft1.40')" >
        fail</a>

    <div id='div_ft1.40' class="popup_window">
        <div style='text-align: right; color:red;cursor:pointer'>
        <a onfocus='this.blur();' onclick="document.getElementById('div_ft1.40').style.display = 'none' " >
           [x]</a>
        </div>
        <pre>
        
ft1.40: Traceback (most recent call last):
  File "D:\python\python36\lib\site-packages\parameterized\parameterized.py", line 518, in standalone_func
    return func(*(a + p.args), **p.kwargs)
  File "D:\python\yangle0103\woniuboss\bin\woniuboss_api\student_manage_test\test_a_basic_info.py", line 66, in test_c_modify_student_info
    self.assertEqual(expect,actual)
AssertionError: 'test modify student fail' != 'test modify student pass'
- test modify student fail
?                     ^ ^^
+ test modify student pass
?                     ^ ^^

Traceback (most recent call last):
  File "D:\python\python36\lib\site-packages\parameterized\parameterized.py", line 518, in standalone_func
    return func(*(a + p.args), **p.kwargs)
  File "D:\python\yangle0103\woniuboss\bin\woniuboss_api\student_manage_test\test_a_basic_info.py", line 66, in test_c_modify_student_info
    self.assertEqual(expect,actual)
AssertionError: 'test modify student fail' != 'test modify student pass'
- test modify student fail
?                     ^ ^^
+ test modify student pass
?                     ^ ^^



        </pre>
    </div>
    <!--css div popup end-->

    </td>
</tr>

<tr id='ft1.41' class='none'>
    <td class='failCase'><div class='testcase'>test_c_modify_student_info_36_http_yangle4_8080_WoniuBoss2_5_student_saveNewInfo</div></td>
    <td colspan='5' align='center'>

    <!--css div popup start-->
    <a class="popup_link" onfocus='this.blur();' href="javascript:showTestDetail('div_ft1.41')" >
        fail</a>

    <div id='div_ft1.41' class="popup_window">
        <div style='text-align: right; color:red;cursor:pointer'>
        <a onfocus='this.blur();' onclick="document.getElementById('div_ft1.41').style.display = 'none' " >
           [x]</a>
        </div>
        <pre>
        
ft1.41: Traceback (most recent call last):
  File "D:\python\python36\lib\site-packages\parameterized\parameterized.py", line 518, in standalone_func
    return func(*(a + p.args), **p.kwargs)
  File "D:\python\yangle0103\woniuboss\bin\woniuboss_api\student_manage_test\test_a_basic_info.py", line 66, in test_c_modify_student_info
    self.assertEqual(expect,actual)
AssertionError: 'test modify student fail' != 'test modify student pass'
- test modify student fail
?                     ^ ^^
+ test modify student pass
?                     ^ ^^

Traceback (most recent call last):
  File "D:\python\python36\lib\site-packages\parameterized\parameterized.py", line 518, in standalone_func
    return func(*(a + p.args), **p.kwargs)
  File "D:\python\yangle0103\woniuboss\bin\woniuboss_api\student_manage_test\test_a_basic_info.py", line 66, in test_c_modify_student_info
    self.assertEqual(expect,actual)
AssertionError: 'test modify student fail' != 'test modify student pass'
- test modify student fail
?                     ^ ^^
+ test modify student pass
?                     ^ ^^



        </pre>
    </div>
    <!--css div popup end-->

    </td>
</tr>

<tr id='ft1.42' class='none'>
    <td class='failCase'><div class='testcase'>test_c_modify_student_info_37_http_yangle4_8080_WoniuBoss2_5_student_saveNewInfo</div></td>
    <td colspan='5' align='center'>

    <!--css div popup start-->
    <a class="popup_link" onfocus='this.blur();' href="javascript:showTestDetail('div_ft1.42')" >
        fail</a>

    <div id='div_ft1.42' class="popup_window">
        <div style='text-align: right; color:red;cursor:pointer'>
        <a onfocus='this.blur();' onclick="document.getElementById('div_ft1.42').style.display = 'none' " >
           [x]</a>
        </div>
        <pre>
        
ft1.42: Traceback (most recent call last):
  File "D:\python\python36\lib\site-packages\parameterized\parameterized.py", line 518, in standalone_func
    return func(*(a + p.args), **p.kwargs)
  File "D:\python\yangle0103\woniuboss\bin\woniuboss_api\student_manage_test\test_a_basic_info.py", line 66, in test_c_modify_student_info
    self.assertEqual(expect,actual)
AssertionError: 'test modify student fail' != 'test modify student pass'
- test modify student fail
?                     ^ ^^
+ test modify student pass
?                     ^ ^^

Traceback (most recent call last):
  File "D:\python\python36\lib\site-packages\parameterized\parameterized.py", line 518, in standalone_func
    return func(*(a + p.args), **p.kwargs)
  File "D:\python\yangle0103\woniuboss\bin\woniuboss_api\student_manage_test\test_a_basic_info.py", line 66, in test_c_modify_student_info
    self.assertEqual(expect,actual)
AssertionError: 'test modify student fail' != 'test modify student pass'
- test modify student fail
?                     ^ ^^
+ test modify student pass
?                     ^ ^^



        </pre>
    </div>
    <!--css div popup end-->

    </td>
</tr>

<tr id='ft1.43' class='none'>
    <td class='failCase'><div class='testcase'>test_c_modify_student_info_38_http_yangle4_8080_WoniuBoss2_5_student_saveNewInfo</div></td>
    <td colspan='5' align='center'>

    <!--css div popup start-->
    <a class="popup_link" onfocus='this.blur();' href="javascript:showTestDetail('div_ft1.43')" >
        fail</a>

    <div id='div_ft1.43' class="popup_window">
        <div style='text-align: right; color:red;cursor:pointer'>
        <a onfocus='this.blur();' onclick="document.getElementById('div_ft1.43').style.display = 'none' " >
           [x]</a>
        </div>
        <pre>
        
ft1.43: Traceback (most recent call last):
  File "D:\python\python36\lib\site-packages\parameterized\parameterized.py", line 518, in standalone_func
    return func(*(a + p.args), **p.kwargs)
  File "D:\python\yangle0103\woniuboss\bin\woniuboss_api\student_manage_test\test_a_basic_info.py", line 66, in test_c_modify_student_info
    self.assertEqual(expect,actual)
AssertionError: 'test modify student fail' != 'test modify student pass'
- test modify student fail
?                     ^ ^^
+ test modify student pass
?                     ^ ^^

Traceback (most recent call last):
  File "D:\python\python36\lib\site-packages\parameterized\parameterized.py", line 518, in standalone_func
    return func(*(a + p.args), **p.kwargs)
  File "D:\python\yangle0103\woniuboss\bin\woniuboss_api\student_manage_test\test_a_basic_info.py", line 66, in test_c_modify_student_info
    self.assertEqual(expect,actual)
AssertionError: 'test modify student fail' != 'test modify student pass'
- test modify student fail
?                     ^ ^^
+ test modify student pass
?                     ^ ^^



        </pre>
    </div>
    <!--css div popup end-->

    </td>
</tr>

<tr class='failClass'>
    <td>woniuboss.bin.woniuboss_api.student_manage_test.test_b_today_attendance.TestTodayAttendance</td>
    <td>4</td>
    <td>3</td>
    <td>1</td>
    <td>0</td>
    <td><a href="javascript:showClassDetail('c2',4)">Detail</a></td>
</tr>

<tr id='pt2.1' class='hiddenRow'>
    <td class='none'><div class='testcase'>test_a_do_one_attendance_0_http_yangle4_8080_WoniuBoss2_5_student_saveOneAtten</div></td>
    <td colspan='5' align='center'>

    <!--css div popup start-->
    <a class="popup_link" onfocus='this.blur();' href="javascript:showTestDetail('div_pt2.1')" >
        pass</a>

    <div id='div_pt2.1' class="popup_window">
        <div style='text-align: right; color:red;cursor:pointer'>
        <a onfocus='this.blur();' onclick="document.getElementById('div_pt2.1').style.display = 'none' " >
           [x]</a>
        </div>
        <pre>
        
pt2.1: 

        </pre>
    </div>
    <!--css div popup end-->

    </td>
</tr>

<tr id='pt2.2' class='hiddenRow'>
    <td class='none'><div class='testcase'>test_b_search_student_0_http_yangle4_8080_WoniuBoss2_5_student_queryStuOfAtten</div></td>
    <td colspan='5' align='center'>pass</td>
</tr>

<tr id='pt2.3' class='hiddenRow'>
    <td class='none'><div class='testcase'>test_b_search_student_1_http_yangle4_8080_WoniuBoss2_5_student_queryStuOfAtten</div></td>
    <td colspan='5' align='center'>pass</td>
</tr>

<tr id='ft2.4' class='none'>
    <td class='failCase'><div class='testcase'>test_c_do_all_attendance_0_http_yangle4_8080_WoniuBoss2_5_student_saveAttendance</div></td>
    <td colspan='5' align='center'>

    <!--css div popup start-->
    <a class="popup_link" onfocus='this.blur();' href="javascript:showTestDetail('div_ft2.4')" >
        fail</a>

    <div id='div_ft2.4' class="popup_window">
        <div style='text-align: right; color:red;cursor:pointer'>
        <a onfocus='this.blur();' onclick="document.getElementById('div_ft2.4').style.display = 'none' " >
           [x]</a>
        </div>
        <pre>
        
ft2.4: Traceback (most recent call last):
  File "D:\python\python36\lib\site-packages\parameterized\parameterized.py", line 518, in standalone_func
    return func(*(a + p.args), **p.kwargs)
  File "D:\python\yangle0103\woniuboss\bin\woniuboss_api\student_manage_test\test_b_today_attendance.py", line 50, in test_c_do_all_attendance
    self.assertEqual(expect,actual)
AssertionError: 'test all attendance pass' != 'test all attendance fail'
- test all attendance pass
?                     ^ ^^
+ test all attendance fail
?                     ^ ^^

Traceback (most recent call last):
  File "D:\python\python36\lib\site-packages\parameterized\parameterized.py", line 518, in standalone_func
    return func(*(a + p.args), **p.kwargs)
  File "D:\python\yangle0103\woniuboss\bin\woniuboss_api\student_manage_test\test_b_today_attendance.py", line 50, in test_c_do_all_attendance
    self.assertEqual(expect,actual)
AssertionError: 'test all attendance pass' != 'test all attendance fail'
- test all attendance pass
?                     ^ ^^
+ test all attendance fail
?                     ^ ^^



        </pre>
    </div>
    <!--css div popup end-->

    </td>
</tr>

<tr class='failClass'>
    <td>woniuboss.bin.woniuboss_api.student_manage_test.test_c_today_morning_exam.TestTodayMorningExam</td>
    <td>8</td>
    <td>7</td>
    <td>1</td>
    <td>0</td>
    <td><a href="javascript:showClassDetail('c3',8)">Detail</a></td>
</tr>

<tr id='pt3.1' class='hiddenRow'>
    <td class='none'><div class='testcase'>test_a_query_student_0_http_yangle4_8080_WoniuBoss2_5_student_queryStuOfMornExam</div></td>
    <td colspan='5' align='center'>pass</td>
</tr>

<tr id='ft3.2' class='none'>
    <td class='failCase'><div class='testcase'>test_b_do_moring_exam_0_http_yangle4_8080_WoniuBoss2_5_student_saveMornExam</div></td>
    <td colspan='5' align='center'>

    <!--css div popup start-->
    <a class="popup_link" onfocus='this.blur();' href="javascript:showTestDetail('div_ft3.2')" >
        fail</a>

    <div id='div_ft3.2' class="popup_window">
        <div style='text-align: right; color:red;cursor:pointer'>
        <a onfocus='this.blur();' onclick="document.getElementById('div_ft3.2').style.display = 'none' " >
           [x]</a>
        </div>
        <pre>
        
ft3.2: Traceback (most recent call last):
  File "D:\python\python36\lib\site-packages\parameterized\parameterized.py", line 518, in standalone_func
    return func(*(a + p.args), **p.kwargs)
  File "D:\python\yangle0103\woniuboss\bin\woniuboss_api\student_manage_test\test_c_today_morning_exam.py", line 38, in test_b_do_moring_exam
    self.assertEqual(expect,actual)
AssertionError: 'test do morning exam pass' != 'test do morning exam fail'
- test do morning exam pass
?                      ^ ^^
+ test do morning exam fail
?                      ^ ^^

Traceback (most recent call last):
  File "D:\python\python36\lib\site-packages\parameterized\parameterized.py", line 518, in standalone_func
    return func(*(a + p.args), **p.kwargs)
  File "D:\python\yangle0103\woniuboss\bin\woniuboss_api\student_manage_test\test_c_today_morning_exam.py", line 38, in test_b_do_moring_exam
    self.assertEqual(expect,actual)
AssertionError: 'test do morning exam pass' != 'test do morning exam fail'
- test do morning exam pass
?                      ^ ^^
+ test do morning exam fail
?                      ^ ^^



        </pre>
    </div>
    <!--css div popup end-->

    </td>
</tr>

<tr id='pt3.3' class='hiddenRow'>
    <td class='none'><div class='testcase'>test_b_do_moring_exam_1_http_yangle4_8080_WoniuBoss2_5_student_saveMornExam</div></td>
    <td colspan='5' align='center'>pass</td>
</tr>

<tr id='pt3.4' class='hiddenRow'>
    <td class='none'><div class='testcase'>test_b_do_moring_exam_2_http_yangle4_8080_WoniuBoss2_5_student_saveMornExam</div></td>
    <td colspan='5' align='center'>pass</td>
</tr>

<tr id='pt3.5' class='hiddenRow'>
    <td class='none'><div class='testcase'>test_b_do_moring_exam_3_http_yangle4_8080_WoniuBoss2_5_student_saveMornExam</div></td>
    <td colspan='5' align='center'>pass</td>
</tr>

<tr id='pt3.6' class='hiddenRow'>
    <td class='none'><div class='testcase'>test_b_do_moring_exam_4_http_yangle4_8080_WoniuBoss2_5_student_saveMornExam</div></td>
    <td colspan='5' align='center'>pass</td>
</tr>

<tr id='pt3.7' class='hiddenRow'>
    <td class='none'><div class='testcase'>test_b_do_moring_exam_5_http_yangle4_8080_WoniuBoss2_5_student_saveMornExam</div></td>
    <td colspan='5' align='center'>pass</td>
</tr>

<tr id='pt3.8' class='hiddenRow'>
    <td class='none'><div class='testcase'>test_b_do_moring_exam_6_http_yangle4_8080_WoniuBoss2_5_student_saveMornExam</div></td>
    <td colspan='5' align='center'>pass</td>
</tr>

<tr class='failClass'>
    <td>woniuboss.bin.woniuboss_api.student_manage_test.test_d_take_leave.TestTakeLeave</td>
    <td>48</td>
    <td>6</td>
    <td>42</td>
    <td>0</td>
    <td><a href="javascript:showClassDetail('c4',48)">Detail</a></td>
</tr>

<tr id='pt4.1' class='hiddenRow'>
    <td class='none'><div class='testcase'>test_a_query_take_leave_0_http_yangle4_8080_WoniuBoss2_5_student_queryLeave</div></td>
    <td colspan='5' align='center'>pass</td>
</tr>

<tr id='pt4.2' class='hiddenRow'>
    <td class='none'><div class='testcase'>test_b_add_take_leave_00_http_yangle4_8080_WoniuBoss2_5_student_saveLeave</div></td>
    <td colspan='5' align='center'>pass</td>
</tr>

<tr id='ft4.3' class='none'>
    <td class='failCase'><div class='testcase'>test_b_add_take_leave_01_http_yangle4_8080_WoniuBoss2_5_student_saveLeave</div></td>
    <td colspan='5' align='center'>

    <!--css div popup start-->
    <a class="popup_link" onfocus='this.blur();' href="javascript:showTestDetail('div_ft4.3')" >
        fail</a>

    <div id='div_ft4.3' class="popup_window">
        <div style='text-align: right; color:red;cursor:pointer'>
        <a onfocus='this.blur();' onclick="document.getElementById('div_ft4.3').style.display = 'none' " >
           [x]</a>
        </div>
        <pre>
        
ft4.3: Traceback (most recent call last):
  File "D:\python\python36\lib\site-packages\parameterized\parameterized.py", line 518, in standalone_func
    return func(*(a + p.args), **p.kwargs)
  File "D:\python\yangle0103\woniuboss\bin\woniuboss_api\student_manage_test\test_d_take_leave.py", line 33, in test_b_add_take_leave
    self.assertEqual(expect,actual)
AssertionError: 'test add take leave fail' != 'test add take leave pass'
- test add take leave fail
?                     ^ ^^
+ test add take leave pass
?                     ^ ^^

Traceback (most recent call last):
  File "D:\python\python36\lib\site-packages\parameterized\parameterized.py", line 518, in standalone_func
    return func(*(a + p.args), **p.kwargs)
  File "D:\python\yangle0103\woniuboss\bin\woniuboss_api\student_manage_test\test_d_take_leave.py", line 33, in test_b_add_take_leave
    self.assertEqual(expect,actual)
AssertionError: 'test add take leave fail' != 'test add take leave pass'
- test add take leave fail
?                     ^ ^^
+ test add take leave pass
?                     ^ ^^



        </pre>
    </div>
    <!--css div popup end-->

    </td>
</tr>

<tr id='pt4.4' class='hiddenRow'>
    <td class='none'><div class='testcase'>test_b_add_take_leave_02_http_yangle4_8080_WoniuBoss2_5_student_saveLeave</div></td>
    <td colspan='5' align='center'>pass</td>
</tr>

<tr id='ft4.5' class='none'>
    <td class='failCase'><div class='testcase'>test_b_add_take_leave_03_http_yangle4_8080_WoniuBoss2_5_student_saveLeave</div></td>
    <td colspan='5' align='center'>

    <!--css div popup start-->
    <a class="popup_link" onfocus='this.blur();' href="javascript:showTestDetail('div_ft4.5')" >
        fail</a>

    <div id='div_ft4.5' class="popup_window">
        <div style='text-align: right; color:red;cursor:pointer'>
        <a onfocus='this.blur();' onclick="document.getElementById('div_ft4.5').style.display = 'none' " >
           [x]</a>
        </div>
        <pre>
        
ft4.5: Traceback (most recent call last):
  File "D:\python\python36\lib\site-packages\parameterized\parameterized.py", line 518, in standalone_func
    return func(*(a + p.args), **p.kwargs)
  File "D:\python\yangle0103\woniuboss\bin\woniuboss_api\student_manage_test\test_d_take_leave.py", line 33, in test_b_add_take_leave
    self.assertEqual(expect,actual)
AssertionError: 'test add take leave fail' != 'test add take leave pass'
- test add take leave fail
?                     ^ ^^
+ test add take leave pass
?                     ^ ^^

Traceback (most recent call last):
  File "D:\python\python36\lib\site-packages\parameterized\parameterized.py", line 518, in standalone_func
    return func(*(a + p.args), **p.kwargs)
  File "D:\python\yangle0103\woniuboss\bin\woniuboss_api\student_manage_test\test_d_take_leave.py", line 33, in test_b_add_take_leave
    self.assertEqual(expect,actual)
AssertionError: 'test add take leave fail' != 'test add take leave pass'
- test add take leave fail
?                     ^ ^^
+ test add take leave pass
?                     ^ ^^



        </pre>
    </div>
    <!--css div popup end-->

    </td>
</tr>

<tr id='ft4.6' class='none'>
    <td class='failCase'><div class='testcase'>test_b_add_take_leave_04_http_yangle4_8080_WoniuBoss2_5_student_saveLeave</div></td>
    <td colspan='5' align='center'>

    <!--css div popup start-->
    <a class="popup_link" onfocus='this.blur();' href="javascript:showTestDetail('div_ft4.6')" >
        fail</a>

    <div id='div_ft4.6' class="popup_window">
        <div style='text-align: right; color:red;cursor:pointer'>
        <a onfocus='this.blur();' onclick="document.getElementById('div_ft4.6').style.display = 'none' " >
           [x]</a>
        </div>
        <pre>
        
ft4.6: Traceback (most recent call last):
  File "D:\python\python36\lib\site-packages\parameterized\parameterized.py", line 518, in standalone_func
    return func(*(a + p.args), **p.kwargs)
  File "D:\python\yangle0103\woniuboss\bin\woniuboss_api\student_manage_test\test_d_take_leave.py", line 33, in test_b_add_take_leave
    self.assertEqual(expect,actual)
AssertionError: 'test add take leave fail' != 'test add take leave pass'
- test add take leave fail
?                     ^ ^^
+ test add take leave pass
?                     ^ ^^

Traceback (most recent call last):
  File "D:\python\python36\lib\site-packages\parameterized\parameterized.py", line 518, in standalone_func
    return func(*(a + p.args), **p.kwargs)
  File "D:\python\yangle0103\woniuboss\bin\woniuboss_api\student_manage_test\test_d_take_leave.py", line 33, in test_b_add_take_leave
    self.assertEqual(expect,actual)
AssertionError: 'test add take leave fail' != 'test add take leave pass'
- test add take leave fail
?                     ^ ^^
+ test add take leave pass
?                     ^ ^^



        </pre>
    </div>
    <!--css div popup end-->

    </td>
</tr>

<tr id='ft4.7' class='none'>
    <td class='failCase'><div class='testcase'>test_b_add_take_leave_05_http_yangle4_8080_WoniuBoss2_5_student_saveLeave</div></td>
    <td colspan='5' align='center'>

    <!--css div popup start-->
    <a class="popup_link" onfocus='this.blur();' href="javascript:showTestDetail('div_ft4.7')" >
        fail</a>

    <div id='div_ft4.7' class="popup_window">
        <div style='text-align: right; color:red;cursor:pointer'>
        <a onfocus='this.blur();' onclick="document.getElementById('div_ft4.7').style.display = 'none' " >
           [x]</a>
        </div>
        <pre>
        
ft4.7: Traceback (most recent call last):
  File "D:\python\python36\lib\site-packages\parameterized\parameterized.py", line 518, in standalone_func
    return func(*(a + p.args), **p.kwargs)
  File "D:\python\yangle0103\woniuboss\bin\woniuboss_api\student_manage_test\test_d_take_leave.py", line 33, in test_b_add_take_leave
    self.assertEqual(expect,actual)
AssertionError: 'test add take leave fail' != 'test add take leave pass'
- test add take leave fail
?                     ^ ^^
+ test add take leave pass
?                     ^ ^^

Traceback (most recent call last):
  File "D:\python\python36\lib\site-packages\parameterized\parameterized.py", line 518, in standalone_func
    return func(*(a + p.args), **p.kwargs)
  File "D:\python\yangle0103\woniuboss\bin\woniuboss_api\student_manage_test\test_d_take_leave.py", line 33, in test_b_add_take_leave
    self.assertEqual(expect,actual)
AssertionError: 'test add take leave fail' != 'test add take leave pass'
- test add take leave fail
?                     ^ ^^
+ test add take leave pass
?                     ^ ^^



        </pre>
    </div>
    <!--css div popup end-->

    </td>
</tr>

<tr id='ft4.8' class='none'>
    <td class='failCase'><div class='testcase'>test_b_add_take_leave_06_http_yangle4_8080_WoniuBoss2_5_student_saveLeave</div></td>
    <td colspan='5' align='center'>

    <!--css div popup start-->
    <a class="popup_link" onfocus='this.blur();' href="javascript:showTestDetail('div_ft4.8')" >
        fail</a>

    <div id='div_ft4.8' class="popup_window">
        <div style='text-align: right; color:red;cursor:pointer'>
        <a onfocus='this.blur();' onclick="document.getElementById('div_ft4.8').style.display = 'none' " >
           [x]</a>
        </div>
        <pre>
        
ft4.8: Traceback (most recent call last):
  File "D:\python\python36\lib\site-packages\parameterized\parameterized.py", line 518, in standalone_func
    return func(*(a + p.args), **p.kwargs)
  File "D:\python\yangle0103\woniuboss\bin\woniuboss_api\student_manage_test\test_d_take_leave.py", line 33, in test_b_add_take_leave
    self.assertEqual(expect,actual)
AssertionError: 'test add take leave fail' != 'test add take leave pass'
- test add take leave fail
?                     ^ ^^
+ test add take leave pass
?                     ^ ^^

Traceback (most recent call last):
  File "D:\python\python36\lib\site-packages\parameterized\parameterized.py", line 518, in standalone_func
    return func(*(a + p.args), **p.kwargs)
  File "D:\python\yangle0103\woniuboss\bin\woniuboss_api\student_manage_test\test_d_take_leave.py", line 33, in test_b_add_take_leave
    self.assertEqual(expect,actual)
AssertionError: 'test add take leave fail' != 'test add take leave pass'
- test add take leave fail
?                     ^ ^^
+ test add take leave pass
?                     ^ ^^



        </pre>
    </div>
    <!--css div popup end-->

    </td>
</tr>

<tr id='ft4.9' class='none'>
    <td class='failCase'><div class='testcase'>test_b_add_take_leave_07_http_yangle4_8080_WoniuBoss2_5_student_saveLeave</div></td>
    <td colspan='5' align='center'>

    <!--css div popup start-->
    <a class="popup_link" onfocus='this.blur();' href="javascript:showTestDetail('div_ft4.9')" >
        fail</a>

    <div id='div_ft4.9' class="popup_window">
        <div style='text-align: right; color:red;cursor:pointer'>
        <a onfocus='this.blur();' onclick="document.getElementById('div_ft4.9').style.display = 'none' " >
           [x]</a>
        </div>
        <pre>
        
ft4.9: Traceback (most recent call last):
  File "D:\python\python36\lib\site-packages\parameterized\parameterized.py", line 518, in standalone_func
    return func(*(a + p.args), **p.kwargs)
  File "D:\python\yangle0103\woniuboss\bin\woniuboss_api\student_manage_test\test_d_take_leave.py", line 33, in test_b_add_take_leave
    self.assertEqual(expect,actual)
AssertionError: 'test add take leave fail' != 'test add take leave pass'
- test add take leave fail
?                     ^ ^^
+ test add take leave pass
?                     ^ ^^

Traceback (most recent call last):
  File "D:\python\python36\lib\site-packages\parameterized\parameterized.py", line 518, in standalone_func
    return func(*(a + p.args), **p.kwargs)
  File "D:\python\yangle0103\woniuboss\bin\woniuboss_api\student_manage_test\test_d_take_leave.py", line 33, in test_b_add_take_leave
    self.assertEqual(expect,actual)
AssertionError: 'test add take leave fail' != 'test add take leave pass'
- test add take leave fail
?                     ^ ^^
+ test add take leave pass
?                     ^ ^^



        </pre>
    </div>
    <!--css div popup end-->

    </td>
</tr>

<tr id='ft4.10' class='none'>
    <td class='failCase'><div class='testcase'>test_b_add_take_leave_08_http_yangle4_8080_WoniuBoss2_5_student_saveLeave</div></td>
    <td colspan='5' align='center'>

    <!--css div popup start-->
    <a class="popup_link" onfocus='this.blur();' href="javascript:showTestDetail('div_ft4.10')" >
        fail</a>

    <div id='div_ft4.10' class="popup_window">
        <div style='text-align: right; color:red;cursor:pointer'>
        <a onfocus='this.blur();' onclick="document.getElementById('div_ft4.10').style.display = 'none' " >
           [x]</a>
        </div>
        <pre>
        
ft4.10: Traceback (most recent call last):
  File "D:\python\python36\lib\site-packages\parameterized\parameterized.py", line 518, in standalone_func
    return func(*(a + p.args), **p.kwargs)
  File "D:\python\yangle0103\woniuboss\bin\woniuboss_api\student_manage_test\test_d_take_leave.py", line 33, in test_b_add_take_leave
    self.assertEqual(expect,actual)
AssertionError: 'test add take leave fail' != 'test add take leave pass'
- test add take leave fail
?                     ^ ^^
+ test add take leave pass
?                     ^ ^^

Traceback (most recent call last):
  File "D:\python\python36\lib\site-packages\parameterized\parameterized.py", line 518, in standalone_func
    return func(*(a + p.args), **p.kwargs)
  File "D:\python\yangle0103\woniuboss\bin\woniuboss_api\student_manage_test\test_d_take_leave.py", line 33, in test_b_add_take_leave
    self.assertEqual(expect,actual)
AssertionError: 'test add take leave fail' != 'test add take leave pass'
- test add take leave fail
?                     ^ ^^
+ test add take leave pass
?                     ^ ^^



        </pre>
    </div>
    <!--css div popup end-->

    </td>
</tr>

<tr id='ft4.11' class='none'>
    <td class='failCase'><div class='testcase'>test_b_add_take_leave_09_http_yangle4_8080_WoniuBoss2_5_student_saveLeave</div></td>
    <td colspan='5' align='center'>

    <!--css div popup start-->
    <a class="popup_link" onfocus='this.blur();' href="javascript:showTestDetail('div_ft4.11')" >
        fail</a>

    <div id='div_ft4.11' class="popup_window">
        <div style='text-align: right; color:red;cursor:pointer'>
        <a onfocus='this.blur();' onclick="document.getElementById('div_ft4.11').style.display = 'none' " >
           [x]</a>
        </div>
        <pre>
        
ft4.11: Traceback (most recent call last):
  File "D:\python\python36\lib\site-packages\parameterized\parameterized.py", line 518, in standalone_func
    return func(*(a + p.args), **p.kwargs)
  File "D:\python\yangle0103\woniuboss\bin\woniuboss_api\student_manage_test\test_d_take_leave.py", line 33, in test_b_add_take_leave
    self.assertEqual(expect,actual)
AssertionError: 'test add take leave fail' != 'test add take leave pass'
- test add take leave fail
?                     ^ ^^
+ test add take leave pass
?                     ^ ^^

Traceback (most recent call last):
  File "D:\python\python36\lib\site-packages\parameterized\parameterized.py", line 518, in standalone_func
    return func(*(a + p.args), **p.kwargs)
  File "D:\python\yangle0103\woniuboss\bin\woniuboss_api\student_manage_test\test_d_take_leave.py", line 33, in test_b_add_take_leave
    self.assertEqual(expect,actual)
AssertionError: 'test add take leave fail' != 'test add take leave pass'
- test add take leave fail
?                     ^ ^^
+ test add take leave pass
?                     ^ ^^



        </pre>
    </div>
    <!--css div popup end-->

    </td>
</tr>

<tr id='ft4.12' class='none'>
    <td class='failCase'><div class='testcase'>test_b_add_take_leave_10_http_yangle4_8080_WoniuBoss2_5_student_saveLeave</div></td>
    <td colspan='5' align='center'>

    <!--css div popup start-->
    <a class="popup_link" onfocus='this.blur();' href="javascript:showTestDetail('div_ft4.12')" >
        fail</a>

    <div id='div_ft4.12' class="popup_window">
        <div style='text-align: right; color:red;cursor:pointer'>
        <a onfocus='this.blur();' onclick="document.getElementById('div_ft4.12').style.display = 'none' " >
           [x]</a>
        </div>
        <pre>
        
ft4.12: Traceback (most recent call last):
  File "D:\python\python36\lib\site-packages\parameterized\parameterized.py", line 518, in standalone_func
    return func(*(a + p.args), **p.kwargs)
  File "D:\python\yangle0103\woniuboss\bin\woniuboss_api\student_manage_test\test_d_take_leave.py", line 33, in test_b_add_take_leave
    self.assertEqual(expect,actual)
AssertionError: 'test add take leave fail' != 'test add take leave pass'
- test add take leave fail
?                     ^ ^^
+ test add take leave pass
?                     ^ ^^

Traceback (most recent call last):
  File "D:\python\python36\lib\site-packages\parameterized\parameterized.py", line 518, in standalone_func
    return func(*(a + p.args), **p.kwargs)
  File "D:\python\yangle0103\woniuboss\bin\woniuboss_api\student_manage_test\test_d_take_leave.py", line 33, in test_b_add_take_leave
    self.assertEqual(expect,actual)
AssertionError: 'test add take leave fail' != 'test add take leave pass'
- test add take leave fail
?                     ^ ^^
+ test add take leave pass
?                     ^ ^^



        </pre>
    </div>
    <!--css div popup end-->

    </td>
</tr>

<tr id='ft4.13' class='none'>
    <td class='failCase'><div class='testcase'>test_b_add_take_leave_11_http_yangle4_8080_WoniuBoss2_5_student_saveLeave</div></td>
    <td colspan='5' align='center'>

    <!--css div popup start-->
    <a class="popup_link" onfocus='this.blur();' href="javascript:showTestDetail('div_ft4.13')" >
        fail</a>

    <div id='div_ft4.13' class="popup_window">
        <div style='text-align: right; color:red;cursor:pointer'>
        <a onfocus='this.blur();' onclick="document.getElementById('div_ft4.13').style.display = 'none' " >
           [x]</a>
        </div>
        <pre>
        
ft4.13: Traceback (most recent call last):
  File "D:\python\python36\lib\site-packages\parameterized\parameterized.py", line 518, in standalone_func
    return func(*(a + p.args), **p.kwargs)
  File "D:\python\yangle0103\woniuboss\bin\woniuboss_api\student_manage_test\test_d_take_leave.py", line 33, in test_b_add_take_leave
    self.assertEqual(expect,actual)
AssertionError: 'test add take leave fail' != 'test add take leave pass'
- test add take leave fail
?                     ^ ^^
+ test add take leave pass
?                     ^ ^^

Traceback (most recent call last):
  File "D:\python\python36\lib\site-packages\parameterized\parameterized.py", line 518, in standalone_func
    return func(*(a + p.args), **p.kwargs)
  File "D:\python\yangle0103\woniuboss\bin\woniuboss_api\student_manage_test\test_d_take_leave.py", line 33, in test_b_add_take_leave
    self.assertEqual(expect,actual)
AssertionError: 'test add take leave fail' != 'test add take leave pass'
- test add take leave fail
?                     ^ ^^
+ test add take leave pass
?                     ^ ^^



        </pre>
    </div>
    <!--css div popup end-->

    </td>
</tr>

<tr id='ft4.14' class='none'>
    <td class='failCase'><div class='testcase'>test_b_add_take_leave_12_http_yangle4_8080_WoniuBoss2_5_student_saveLeave</div></td>
    <td colspan='5' align='center'>

    <!--css div popup start-->
    <a class="popup_link" onfocus='this.blur();' href="javascript:showTestDetail('div_ft4.14')" >
        fail</a>

    <div id='div_ft4.14' class="popup_window">
        <div style='text-align: right; color:red;cursor:pointer'>
        <a onfocus='this.blur();' onclick="document.getElementById('div_ft4.14').style.display = 'none' " >
           [x]</a>
        </div>
        <pre>
        
ft4.14: Traceback (most recent call last):
  File "D:\python\python36\lib\site-packages\parameterized\parameterized.py", line 518, in standalone_func
    return func(*(a + p.args), **p.kwargs)
  File "D:\python\yangle0103\woniuboss\bin\woniuboss_api\student_manage_test\test_d_take_leave.py", line 33, in test_b_add_take_leave
    self.assertEqual(expect,actual)
AssertionError: 'test add take leave fail' != 'test add take leave pass'
- test add take leave fail
?                     ^ ^^
+ test add take leave pass
?                     ^ ^^

Traceback (most recent call last):
  File "D:\python\python36\lib\site-packages\parameterized\parameterized.py", line 518, in standalone_func
    return func(*(a + p.args), **p.kwargs)
  File "D:\python\yangle0103\woniuboss\bin\woniuboss_api\student_manage_test\test_d_take_leave.py", line 33, in test_b_add_take_leave
    self.assertEqual(expect,actual)
AssertionError: 'test add take leave fail' != 'test add take leave pass'
- test add take leave fail
?                     ^ ^^
+ test add take leave pass
?                     ^ ^^



        </pre>
    </div>
    <!--css div popup end-->

    </td>
</tr>

<tr id='ft4.15' class='none'>
    <td class='failCase'><div class='testcase'>test_b_add_take_leave_13_http_yangle4_8080_WoniuBoss2_5_student_saveLeave</div></td>
    <td colspan='5' align='center'>

    <!--css div popup start-->
    <a class="popup_link" onfocus='this.blur();' href="javascript:showTestDetail('div_ft4.15')" >
        fail</a>

    <div id='div_ft4.15' class="popup_window">
        <div style='text-align: right; color:red;cursor:pointer'>
        <a onfocus='this.blur();' onclick="document.getElementById('div_ft4.15').style.display = 'none' " >
           [x]</a>
        </div>
        <pre>
        
ft4.15: Traceback (most recent call last):
  File "D:\python\python36\lib\site-packages\parameterized\parameterized.py", line 518, in standalone_func
    return func(*(a + p.args), **p.kwargs)
  File "D:\python\yangle0103\woniuboss\bin\woniuboss_api\student_manage_test\test_d_take_leave.py", line 33, in test_b_add_take_leave
    self.assertEqual(expect,actual)
AssertionError: 'test add take leave fail' != 'test add take leave pass'
- test add take leave fail
?                     ^ ^^
+ test add take leave pass
?                     ^ ^^

Traceback (most recent call last):
  File "D:\python\python36\lib\site-packages\parameterized\parameterized.py", line 518, in standalone_func
    return func(*(a + p.args), **p.kwargs)
  File "D:\python\yangle0103\woniuboss\bin\woniuboss_api\student_manage_test\test_d_take_leave.py", line 33, in test_b_add_take_leave
    self.assertEqual(expect,actual)
AssertionError: 'test add take leave fail' != 'test add take leave pass'
- test add take leave fail
?                     ^ ^^
+ test add take leave pass
?                     ^ ^^



        </pre>
    </div>
    <!--css div popup end-->

    </td>
</tr>

<tr id='ft4.16' class='none'>
    <td class='failCase'><div class='testcase'>test_b_add_take_leave_14_http_yangle4_8080_WoniuBoss2_5_student_saveLeave</div></td>
    <td colspan='5' align='center'>

    <!--css div popup start-->
    <a class="popup_link" onfocus='this.blur();' href="javascript:showTestDetail('div_ft4.16')" >
        fail</a>

    <div id='div_ft4.16' class="popup_window">
        <div style='text-align: right; color:red;cursor:pointer'>
        <a onfocus='this.blur();' onclick="document.getElementById('div_ft4.16').style.display = 'none' " >
           [x]</a>
        </div>
        <pre>
        
ft4.16: Traceback (most recent call last):
  File "D:\python\python36\lib\site-packages\parameterized\parameterized.py", line 518, in standalone_func
    return func(*(a + p.args), **p.kwargs)
  File "D:\python\yangle0103\woniuboss\bin\woniuboss_api\student_manage_test\test_d_take_leave.py", line 33, in test_b_add_take_leave
    self.assertEqual(expect,actual)
AssertionError: 'test add take leave fail' != 'test add take leave pass'
- test add take leave fail
?                     ^ ^^
+ test add take leave pass
?                     ^ ^^

Traceback (most recent call last):
  File "D:\python\python36\lib\site-packages\parameterized\parameterized.py", line 518, in standalone_func
    return func(*(a + p.args), **p.kwargs)
  File "D:\python\yangle0103\woniuboss\bin\woniuboss_api\student_manage_test\test_d_take_leave.py", line 33, in test_b_add_take_leave
    self.assertEqual(expect,actual)
AssertionError: 'test add take leave fail' != 'test add take leave pass'
- test add take leave fail
?                     ^ ^^
+ test add take leave pass
?                     ^ ^^



        </pre>
    </div>
    <!--css div popup end-->

    </td>
</tr>

<tr id='ft4.17' class='none'>
    <td class='failCase'><div class='testcase'>test_b_add_take_leave_15_http_yangle4_8080_WoniuBoss2_5_student_saveLeave</div></td>
    <td colspan='5' align='center'>

    <!--css div popup start-->
    <a class="popup_link" onfocus='this.blur();' href="javascript:showTestDetail('div_ft4.17')" >
        fail</a>

    <div id='div_ft4.17' class="popup_window">
        <div style='text-align: right; color:red;cursor:pointer'>
        <a onfocus='this.blur();' onclick="document.getElementById('div_ft4.17').style.display = 'none' " >
           [x]</a>
        </div>
        <pre>
        
ft4.17: Traceback (most recent call last):
  File "D:\python\python36\lib\site-packages\parameterized\parameterized.py", line 518, in standalone_func
    return func(*(a + p.args), **p.kwargs)
  File "D:\python\yangle0103\woniuboss\bin\woniuboss_api\student_manage_test\test_d_take_leave.py", line 33, in test_b_add_take_leave
    self.assertEqual(expect,actual)
AssertionError: 'test add take leave fail' != 'test add take leave pass'
- test add take leave fail
?                     ^ ^^
+ test add take leave pass
?                     ^ ^^

Traceback (most recent call last):
  File "D:\python\python36\lib\site-packages\parameterized\parameterized.py", line 518, in standalone_func
    return func(*(a + p.args), **p.kwargs)
  File "D:\python\yangle0103\woniuboss\bin\woniuboss_api\student_manage_test\test_d_take_leave.py", line 33, in test_b_add_take_leave
    self.assertEqual(expect,actual)
AssertionError: 'test add take leave fail' != 'test add take leave pass'
- test add take leave fail
?                     ^ ^^
+ test add take leave pass
?                     ^ ^^



        </pre>
    </div>
    <!--css div popup end-->

    </td>
</tr>

<tr id='ft4.18' class='none'>
    <td class='failCase'><div class='testcase'>test_b_add_take_leave_16_http_yangle4_8080_WoniuBoss2_5_student_saveLeave</div></td>
    <td colspan='5' align='center'>

    <!--css div popup start-->
    <a class="popup_link" onfocus='this.blur();' href="javascript:showTestDetail('div_ft4.18')" >
        fail</a>

    <div id='div_ft4.18' class="popup_window">
        <div style='text-align: right; color:red;cursor:pointer'>
        <a onfocus='this.blur();' onclick="document.getElementById('div_ft4.18').style.display = 'none' " >
           [x]</a>
        </div>
        <pre>
        
ft4.18: Traceback (most recent call last):
  File "D:\python\python36\lib\site-packages\parameterized\parameterized.py", line 518, in standalone_func
    return func(*(a + p.args), **p.kwargs)
  File "D:\python\yangle0103\woniuboss\bin\woniuboss_api\student_manage_test\test_d_take_leave.py", line 33, in test_b_add_take_leave
    self.assertEqual(expect,actual)
AssertionError: 'test add take leave fail' != 'test add take leave pass'
- test add take leave fail
?                     ^ ^^
+ test add take leave pass
?                     ^ ^^

Traceback (most recent call last):
  File "D:\python\python36\lib\site-packages\parameterized\parameterized.py", line 518, in standalone_func
    return func(*(a + p.args), **p.kwargs)
  File "D:\python\yangle0103\woniuboss\bin\woniuboss_api\student_manage_test\test_d_take_leave.py", line 33, in test_b_add_take_leave
    self.assertEqual(expect,actual)
AssertionError: 'test add take leave fail' != 'test add take leave pass'
- test add take leave fail
?                     ^ ^^
+ test add take leave pass
?                     ^ ^^



        </pre>
    </div>
    <!--css div popup end-->

    </td>
</tr>

<tr id='pt4.19' class='hiddenRow'>
    <td class='none'><div class='testcase'>test_c_modify_take_leave_00_http_yangle4_8080_WoniuBoss2_5_student_saveModLeave</div></td>
    <td colspan='5' align='center'>pass</td>
</tr>

<tr id='ft4.20' class='none'>
    <td class='failCase'><div class='testcase'>test_c_modify_take_leave_01_http_yangle4_8080_WoniuBoss2_5_student_saveModLeave</div></td>
    <td colspan='5' align='center'>

    <!--css div popup start-->
    <a class="popup_link" onfocus='this.blur();' href="javascript:showTestDetail('div_ft4.20')" >
        fail</a>

    <div id='div_ft4.20' class="popup_window">
        <div style='text-align: right; color:red;cursor:pointer'>
        <a onfocus='this.blur();' onclick="document.getElementById('div_ft4.20').style.display = 'none' " >
           [x]</a>
        </div>
        <pre>
        
ft4.20: Traceback (most recent call last):
  File "D:\python\python36\lib\site-packages\parameterized\parameterized.py", line 518, in standalone_func
    return func(*(a + p.args), **p.kwargs)
  File "D:\python\yangle0103\woniuboss\bin\woniuboss_api\student_manage_test\test_d_take_leave.py", line 42, in test_c_modify_take_leave
    self.assertEqual(expect,actual)
AssertionError: 'test modify take leave fail' != 'test modify take leave pass'
- test modify take leave fail
?                        ^ ^^
+ test modify take leave pass
?                        ^ ^^

Traceback (most recent call last):
  File "D:\python\python36\lib\site-packages\parameterized\parameterized.py", line 518, in standalone_func
    return func(*(a + p.args), **p.kwargs)
  File "D:\python\yangle0103\woniuboss\bin\woniuboss_api\student_manage_test\test_d_take_leave.py", line 42, in test_c_modify_take_leave
    self.assertEqual(expect,actual)
AssertionError: 'test modify take leave fail' != 'test modify take leave pass'
- test modify take leave fail
?                        ^ ^^
+ test modify take leave pass
?                        ^ ^^



        </pre>
    </div>
    <!--css div popup end-->

    </td>
</tr>

<tr id='ft4.21' class='none'>
    <td class='failCase'><div class='testcase'>test_c_modify_take_leave_02_http_yangle4_8080_WoniuBoss2_5_student_saveModLeave</div></td>
    <td colspan='5' align='center'>

    <!--css div popup start-->
    <a class="popup_link" onfocus='this.blur();' href="javascript:showTestDetail('div_ft4.21')" >
        fail</a>

    <div id='div_ft4.21' class="popup_window">
        <div style='text-align: right; color:red;cursor:pointer'>
        <a onfocus='this.blur();' onclick="document.getElementById('div_ft4.21').style.display = 'none' " >
           [x]</a>
        </div>
        <pre>
        
ft4.21: Traceback (most recent call last):
  File "D:\python\python36\lib\site-packages\parameterized\parameterized.py", line 518, in standalone_func
    return func(*(a + p.args), **p.kwargs)
  File "D:\python\yangle0103\woniuboss\bin\woniuboss_api\student_manage_test\test_d_take_leave.py", line 42, in test_c_modify_take_leave
    self.assertEqual(expect,actual)
AssertionError: 'test modify take leave fail' != 'test modify take leave pass'
- test modify take leave fail
?                        ^ ^^
+ test modify take leave pass
?                        ^ ^^

Traceback (most recent call last):
  File "D:\python\python36\lib\site-packages\parameterized\parameterized.py", line 518, in standalone_func
    return func(*(a + p.args), **p.kwargs)
  File "D:\python\yangle0103\woniuboss\bin\woniuboss_api\student_manage_test\test_d_take_leave.py", line 42, in test_c_modify_take_leave
    self.assertEqual(expect,actual)
AssertionError: 'test modify take leave fail' != 'test modify take leave pass'
- test modify take leave fail
?                        ^ ^^
+ test modify take leave pass
?                        ^ ^^



        </pre>
    </div>
    <!--css div popup end-->

    </td>
</tr>

<tr id='ft4.22' class='none'>
    <td class='failCase'><div class='testcase'>test_c_modify_take_leave_03_http_yangle4_8080_WoniuBoss2_5_student_saveModLeave</div></td>
    <td colspan='5' align='center'>

    <!--css div popup start-->
    <a class="popup_link" onfocus='this.blur();' href="javascript:showTestDetail('div_ft4.22')" >
        fail</a>

    <div id='div_ft4.22' class="popup_window">
        <div style='text-align: right; color:red;cursor:pointer'>
        <a onfocus='this.blur();' onclick="document.getElementById('div_ft4.22').style.display = 'none' " >
           [x]</a>
        </div>
        <pre>
        
ft4.22: Traceback (most recent call last):
  File "D:\python\python36\lib\site-packages\parameterized\parameterized.py", line 518, in standalone_func
    return func(*(a + p.args), **p.kwargs)
  File "D:\python\yangle0103\woniuboss\bin\woniuboss_api\student_manage_test\test_d_take_leave.py", line 42, in test_c_modify_take_leave
    self.assertEqual(expect,actual)
AssertionError: 'test modify take leave fail' != 'test modify take leave pass'
- test modify take leave fail
?                        ^ ^^
+ test modify take leave pass
?                        ^ ^^

Traceback (most recent call last):
  File "D:\python\python36\lib\site-packages\parameterized\parameterized.py", line 518, in standalone_func
    return func(*(a + p.args), **p.kwargs)
  File "D:\python\yangle0103\woniuboss\bin\woniuboss_api\student_manage_test\test_d_take_leave.py", line 42, in test_c_modify_take_leave
    self.assertEqual(expect,actual)
AssertionError: 'test modify take leave fail' != 'test modify take leave pass'
- test modify take leave fail
?                        ^ ^^
+ test modify take leave pass
?                        ^ ^^



        </pre>
    </div>
    <!--css div popup end-->

    </td>
</tr>

<tr id='ft4.23' class='none'>
    <td class='failCase'><div class='testcase'>test_c_modify_take_leave_04_http_yangle4_8080_WoniuBoss2_5_student_saveModLeave</div></td>
    <td colspan='5' align='center'>

    <!--css div popup start-->
    <a class="popup_link" onfocus='this.blur();' href="javascript:showTestDetail('div_ft4.23')" >
        fail</a>

    <div id='div_ft4.23' class="popup_window">
        <div style='text-align: right; color:red;cursor:pointer'>
        <a onfocus='this.blur();' onclick="document.getElementById('div_ft4.23').style.display = 'none' " >
           [x]</a>
        </div>
        <pre>
        
ft4.23: Traceback (most recent call last):
  File "D:\python\python36\lib\site-packages\parameterized\parameterized.py", line 518, in standalone_func
    return func(*(a + p.args), **p.kwargs)
  File "D:\python\yangle0103\woniuboss\bin\woniuboss_api\student_manage_test\test_d_take_leave.py", line 42, in test_c_modify_take_leave
    self.assertEqual(expect,actual)
AssertionError: 'test modify take leave fail' != 'test modify take leave pass'
- test modify take leave fail
?                        ^ ^^
+ test modify take leave pass
?                        ^ ^^

Traceback (most recent call last):
  File "D:\python\python36\lib\site-packages\parameterized\parameterized.py", line 518, in standalone_func
    return func(*(a + p.args), **p.kwargs)
  File "D:\python\yangle0103\woniuboss\bin\woniuboss_api\student_manage_test\test_d_take_leave.py", line 42, in test_c_modify_take_leave
    self.assertEqual(expect,actual)
AssertionError: 'test modify take leave fail' != 'test modify take leave pass'
- test modify take leave fail
?                        ^ ^^
+ test modify take leave pass
?                        ^ ^^



        </pre>
    </div>
    <!--css div popup end-->

    </td>
</tr>

<tr id='ft4.24' class='none'>
    <td class='failCase'><div class='testcase'>test_c_modify_take_leave_05_http_yangle4_8080_WoniuBoss2_5_student_saveModLeave</div></td>
    <td colspan='5' align='center'>

    <!--css div popup start-->
    <a class="popup_link" onfocus='this.blur();' href="javascript:showTestDetail('div_ft4.24')" >
        fail</a>

    <div id='div_ft4.24' class="popup_window">
        <div style='text-align: right; color:red;cursor:pointer'>
        <a onfocus='this.blur();' onclick="document.getElementById('div_ft4.24').style.display = 'none' " >
           [x]</a>
        </div>
        <pre>
        
ft4.24: Traceback (most recent call last):
  File "D:\python\python36\lib\site-packages\parameterized\parameterized.py", line 518, in standalone_func
    return func(*(a + p.args), **p.kwargs)
  File "D:\python\yangle0103\woniuboss\bin\woniuboss_api\student_manage_test\test_d_take_leave.py", line 42, in test_c_modify_take_leave
    self.assertEqual(expect,actual)
AssertionError: 'test modify take leave fail' != 'test modify take leave pass'
- test modify take leave fail
?                        ^ ^^
+ test modify take leave pass
?                        ^ ^^

Traceback (most recent call last):
  File "D:\python\python36\lib\site-packages\parameterized\parameterized.py", line 518, in standalone_func
    return func(*(a + p.args), **p.kwargs)
  File "D:\python\yangle0103\woniuboss\bin\woniuboss_api\student_manage_test\test_d_take_leave.py", line 42, in test_c_modify_take_leave
    self.assertEqual(expect,actual)
AssertionError: 'test modify take leave fail' != 'test modify take leave pass'
- test modify take leave fail
?                        ^ ^^
+ test modify take leave pass
?                        ^ ^^



        </pre>
    </div>
    <!--css div popup end-->

    </td>
</tr>

<tr id='ft4.25' class='none'>
    <td class='failCase'><div class='testcase'>test_c_modify_take_leave_06_http_yangle4_8080_WoniuBoss2_5_student_saveModLeave</div></td>
    <td colspan='5' align='center'>

    <!--css div popup start-->
    <a class="popup_link" onfocus='this.blur();' href="javascript:showTestDetail('div_ft4.25')" >
        fail</a>

    <div id='div_ft4.25' class="popup_window">
        <div style='text-align: right; color:red;cursor:pointer'>
        <a onfocus='this.blur();' onclick="document.getElementById('div_ft4.25').style.display = 'none' " >
           [x]</a>
        </div>
        <pre>
        
ft4.25: Traceback (most recent call last):
  File "D:\python\python36\lib\site-packages\parameterized\parameterized.py", line 518, in standalone_func
    return func(*(a + p.args), **p.kwargs)
  File "D:\python\yangle0103\woniuboss\bin\woniuboss_api\student_manage_test\test_d_take_leave.py", line 42, in test_c_modify_take_leave
    self.assertEqual(expect,actual)
AssertionError: 'test modify take leave fail' != 'test modify take leave pass'
- test modify take leave fail
?                        ^ ^^
+ test modify take leave pass
?                        ^ ^^

Traceback (most recent call last):
  File "D:\python\python36\lib\site-packages\parameterized\parameterized.py", line 518, in standalone_func
    return func(*(a + p.args), **p.kwargs)
  File "D:\python\yangle0103\woniuboss\bin\woniuboss_api\student_manage_test\test_d_take_leave.py", line 42, in test_c_modify_take_leave
    self.assertEqual(expect,actual)
AssertionError: 'test modify take leave fail' != 'test modify take leave pass'
- test modify take leave fail
?                        ^ ^^
+ test modify take leave pass
?                        ^ ^^



        </pre>
    </div>
    <!--css div popup end-->

    </td>
</tr>

<tr id='ft4.26' class='none'>
    <td class='failCase'><div class='testcase'>test_c_modify_take_leave_07_http_yangle4_8080_WoniuBoss2_5_student_saveModLeave</div></td>
    <td colspan='5' align='center'>

    <!--css div popup start-->
    <a class="popup_link" onfocus='this.blur();' href="javascript:showTestDetail('div_ft4.26')" >
        fail</a>

    <div id='div_ft4.26' class="popup_window">
        <div style='text-align: right; color:red;cursor:pointer'>
        <a onfocus='this.blur();' onclick="document.getElementById('div_ft4.26').style.display = 'none' " >
           [x]</a>
        </div>
        <pre>
        
ft4.26: Traceback (most recent call last):
  File "D:\python\python36\lib\site-packages\parameterized\parameterized.py", line 518, in standalone_func
    return func(*(a + p.args), **p.kwargs)
  File "D:\python\yangle0103\woniuboss\bin\woniuboss_api\student_manage_test\test_d_take_leave.py", line 42, in test_c_modify_take_leave
    self.assertEqual(expect,actual)
AssertionError: 'test modify take leave fail' != 'test modify take leave pass'
- test modify take leave fail
?                        ^ ^^
+ test modify take leave pass
?                        ^ ^^

Traceback (most recent call last):
  File "D:\python\python36\lib\site-packages\parameterized\parameterized.py", line 518, in standalone_func
    return func(*(a + p.args), **p.kwargs)
  File "D:\python\yangle0103\woniuboss\bin\woniuboss_api\student_manage_test\test_d_take_leave.py", line 42, in test_c_modify_take_leave
    self.assertEqual(expect,actual)
AssertionError: 'test modify take leave fail' != 'test modify take leave pass'
- test modify take leave fail
?                        ^ ^^
+ test modify take leave pass
?                        ^ ^^



        </pre>
    </div>
    <!--css div popup end-->

    </td>
</tr>

<tr id='ft4.27' class='none'>
    <td class='failCase'><div class='testcase'>test_c_modify_take_leave_08_http_yangle4_8080_WoniuBoss2_5_student_saveModLeave</div></td>
    <td colspan='5' align='center'>

    <!--css div popup start-->
    <a class="popup_link" onfocus='this.blur();' href="javascript:showTestDetail('div_ft4.27')" >
        fail</a>

    <div id='div_ft4.27' class="popup_window">
        <div style='text-align: right; color:red;cursor:pointer'>
        <a onfocus='this.blur();' onclick="document.getElementById('div_ft4.27').style.display = 'none' " >
           [x]</a>
        </div>
        <pre>
        
ft4.27: Traceback (most recent call last):
  File "D:\python\python36\lib\site-packages\parameterized\parameterized.py", line 518, in standalone_func
    return func(*(a + p.args), **p.kwargs)
  File "D:\python\yangle0103\woniuboss\bin\woniuboss_api\student_manage_test\test_d_take_leave.py", line 42, in test_c_modify_take_leave
    self.assertEqual(expect,actual)
AssertionError: 'test modify take leave fail' != 'test modify take leave pass'
- test modify take leave fail
?                        ^ ^^
+ test modify take leave pass
?                        ^ ^^

Traceback (most recent call last):
  File "D:\python\python36\lib\site-packages\parameterized\parameterized.py", line 518, in standalone_func
    return func(*(a + p.args), **p.kwargs)
  File "D:\python\yangle0103\woniuboss\bin\woniuboss_api\student_manage_test\test_d_take_leave.py", line 42, in test_c_modify_take_leave
    self.assertEqual(expect,actual)
AssertionError: 'test modify take leave fail' != 'test modify take leave pass'
- test modify take leave fail
?                        ^ ^^
+ test modify take leave pass
?                        ^ ^^



        </pre>
    </div>
    <!--css div popup end-->

    </td>
</tr>

<tr id='ft4.28' class='none'>
    <td class='failCase'><div class='testcase'>test_c_modify_take_leave_09_http_yangle4_8080_WoniuBoss2_5_student_saveModLeave</div></td>
    <td colspan='5' align='center'>

    <!--css div popup start-->
    <a class="popup_link" onfocus='this.blur();' href="javascript:showTestDetail('div_ft4.28')" >
        fail</a>

    <div id='div_ft4.28' class="popup_window">
        <div style='text-align: right; color:red;cursor:pointer'>
        <a onfocus='this.blur();' onclick="document.getElementById('div_ft4.28').style.display = 'none' " >
           [x]</a>
        </div>
        <pre>
        
ft4.28: Traceback (most recent call last):
  File "D:\python\python36\lib\site-packages\parameterized\parameterized.py", line 518, in standalone_func
    return func(*(a + p.args), **p.kwargs)
  File "D:\python\yangle0103\woniuboss\bin\woniuboss_api\student_manage_test\test_d_take_leave.py", line 42, in test_c_modify_take_leave
    self.assertEqual(expect,actual)
AssertionError: 'test modify take leave fail' != 'test modify take leave pass'
- test modify take leave fail
?                        ^ ^^
+ test modify take leave pass
?                        ^ ^^

Traceback (most recent call last):
  File "D:\python\python36\lib\site-packages\parameterized\parameterized.py", line 518, in standalone_func
    return func(*(a + p.args), **p.kwargs)
  File "D:\python\yangle0103\woniuboss\bin\woniuboss_api\student_manage_test\test_d_take_leave.py", line 42, in test_c_modify_take_leave
    self.assertEqual(expect,actual)
AssertionError: 'test modify take leave fail' != 'test modify take leave pass'
- test modify take leave fail
?                        ^ ^^
+ test modify take leave pass
?                        ^ ^^



        </pre>
    </div>
    <!--css div popup end-->

    </td>
</tr>

<tr id='ft4.29' class='none'>
    <td class='failCase'><div class='testcase'>test_c_modify_take_leave_10_http_yangle4_8080_WoniuBoss2_5_student_saveModLeave</div></td>
    <td colspan='5' align='center'>

    <!--css div popup start-->
    <a class="popup_link" onfocus='this.blur();' href="javascript:showTestDetail('div_ft4.29')" >
        fail</a>

    <div id='div_ft4.29' class="popup_window">
        <div style='text-align: right; color:red;cursor:pointer'>
        <a onfocus='this.blur();' onclick="document.getElementById('div_ft4.29').style.display = 'none' " >
           [x]</a>
        </div>
        <pre>
        
ft4.29: Traceback (most recent call last):
  File "D:\python\python36\lib\site-packages\parameterized\parameterized.py", line 518, in standalone_func
    return func(*(a + p.args), **p.kwargs)
  File "D:\python\yangle0103\woniuboss\bin\woniuboss_api\student_manage_test\test_d_take_leave.py", line 42, in test_c_modify_take_leave
    self.assertEqual(expect,actual)
AssertionError: 'test modify take leave fail' != 'test modify take leave pass'
- test modify take leave fail
?                        ^ ^^
+ test modify take leave pass
?                        ^ ^^

Traceback (most recent call last):
  File "D:\python\python36\lib\site-packages\parameterized\parameterized.py", line 518, in standalone_func
    return func(*(a + p.args), **p.kwargs)
  File "D:\python\yangle0103\woniuboss\bin\woniuboss_api\student_manage_test\test_d_take_leave.py", line 42, in test_c_modify_take_leave
    self.assertEqual(expect,actual)
AssertionError: 'test modify take leave fail' != 'test modify take leave pass'
- test modify take leave fail
?                        ^ ^^
+ test modify take leave pass
?                        ^ ^^



        </pre>
    </div>
    <!--css div popup end-->

    </td>
</tr>

<tr id='ft4.30' class='none'>
    <td class='failCase'><div class='testcase'>test_c_modify_take_leave_11_http_yangle4_8080_WoniuBoss2_5_student_saveModLeave</div></td>
    <td colspan='5' align='center'>

    <!--css div popup start-->
    <a class="popup_link" onfocus='this.blur();' href="javascript:showTestDetail('div_ft4.30')" >
        fail</a>

    <div id='div_ft4.30' class="popup_window">
        <div style='text-align: right; color:red;cursor:pointer'>
        <a onfocus='this.blur();' onclick="document.getElementById('div_ft4.30').style.display = 'none' " >
           [x]</a>
        </div>
        <pre>
        
ft4.30: Traceback (most recent call last):
  File "D:\python\python36\lib\site-packages\parameterized\parameterized.py", line 518, in standalone_func
    return func(*(a + p.args), **p.kwargs)
  File "D:\python\yangle0103\woniuboss\bin\woniuboss_api\student_manage_test\test_d_take_leave.py", line 42, in test_c_modify_take_leave
    self.assertEqual(expect,actual)
AssertionError: 'test modify take leave fail' != 'test modify take leave pass'
- test modify take leave fail
?                        ^ ^^
+ test modify take leave pass
?                        ^ ^^

Traceback (most recent call last):
  File "D:\python\python36\lib\site-packages\parameterized\parameterized.py", line 518, in standalone_func
    return func(*(a + p.args), **p.kwargs)
  File "D:\python\yangle0103\woniuboss\bin\woniuboss_api\student_manage_test\test_d_take_leave.py", line 42, in test_c_modify_take_leave
    self.assertEqual(expect,actual)
AssertionError: 'test modify take leave fail' != 'test modify take leave pass'
- test modify take leave fail
?                        ^ ^^
+ test modify take leave pass
?                        ^ ^^



        </pre>
    </div>
    <!--css div popup end-->

    </td>
</tr>

<tr id='ft4.31' class='none'>
    <td class='failCase'><div class='testcase'>test_c_modify_take_leave_12_http_yangle4_8080_WoniuBoss2_5_student_saveModLeave</div></td>
    <td colspan='5' align='center'>

    <!--css div popup start-->
    <a class="popup_link" onfocus='this.blur();' href="javascript:showTestDetail('div_ft4.31')" >
        fail</a>

    <div id='div_ft4.31' class="popup_window">
        <div style='text-align: right; color:red;cursor:pointer'>
        <a onfocus='this.blur();' onclick="document.getElementById('div_ft4.31').style.display = 'none' " >
           [x]</a>
        </div>
        <pre>
        
ft4.31: Traceback (most recent call last):
  File "D:\python\python36\lib\site-packages\parameterized\parameterized.py", line 518, in standalone_func
    return func(*(a + p.args), **p.kwargs)
  File "D:\python\yangle0103\woniuboss\bin\woniuboss_api\student_manage_test\test_d_take_leave.py", line 42, in test_c_modify_take_leave
    self.assertEqual(expect,actual)
AssertionError: 'test modify take leave fail' != 'test modify take leave pass'
- test modify take leave fail
?                        ^ ^^
+ test modify take leave pass
?                        ^ ^^

Traceback (most recent call last):
  File "D:\python\python36\lib\site-packages\parameterized\parameterized.py", line 518, in standalone_func
    return func(*(a + p.args), **p.kwargs)
  File "D:\python\yangle0103\woniuboss\bin\woniuboss_api\student_manage_test\test_d_take_leave.py", line 42, in test_c_modify_take_leave
    self.assertEqual(expect,actual)
AssertionError: 'test modify take leave fail' != 'test modify take leave pass'
- test modify take leave fail
?                        ^ ^^
+ test modify take leave pass
?                        ^ ^^



        </pre>
    </div>
    <!--css div popup end-->

    </td>
</tr>

<tr id='ft4.32' class='none'>
    <td class='failCase'><div class='testcase'>test_c_modify_take_leave_13_http_yangle4_8080_WoniuBoss2_5_student_saveModLeave</div></td>
    <td colspan='5' align='center'>

    <!--css div popup start-->
    <a class="popup_link" onfocus='this.blur();' href="javascript:showTestDetail('div_ft4.32')" >
        fail</a>

    <div id='div_ft4.32' class="popup_window">
        <div style='text-align: right; color:red;cursor:pointer'>
        <a onfocus='this.blur();' onclick="document.getElementById('div_ft4.32').style.display = 'none' " >
           [x]</a>
        </div>
        <pre>
        
ft4.32: Traceback (most recent call last):
  File "D:\python\python36\lib\site-packages\parameterized\parameterized.py", line 518, in standalone_func
    return func(*(a + p.args), **p.kwargs)
  File "D:\python\yangle0103\woniuboss\bin\woniuboss_api\student_manage_test\test_d_take_leave.py", line 42, in test_c_modify_take_leave
    self.assertEqual(expect,actual)
AssertionError: 'test modify take leave fail' != 'test modify take leave pass'
- test modify take leave fail
?                        ^ ^^
+ test modify take leave pass
?                        ^ ^^

Traceback (most recent call last):
  File "D:\python\python36\lib\site-packages\parameterized\parameterized.py", line 518, in standalone_func
    return func(*(a + p.args), **p.kwargs)
  File "D:\python\yangle0103\woniuboss\bin\woniuboss_api\student_manage_test\test_d_take_leave.py", line 42, in test_c_modify_take_leave
    self.assertEqual(expect,actual)
AssertionError: 'test modify take leave fail' != 'test modify take leave pass'
- test modify take leave fail
?                        ^ ^^
+ test modify take leave pass
?                        ^ ^^



        </pre>
    </div>
    <!--css div popup end-->

    </td>
</tr>

<tr id='ft4.33' class='none'>
    <td class='failCase'><div class='testcase'>test_c_modify_take_leave_14_http_yangle4_8080_WoniuBoss2_5_student_saveModLeave</div></td>
    <td colspan='5' align='center'>

    <!--css div popup start-->
    <a class="popup_link" onfocus='this.blur();' href="javascript:showTestDetail('div_ft4.33')" >
        fail</a>

    <div id='div_ft4.33' class="popup_window">
        <div style='text-align: right; color:red;cursor:pointer'>
        <a onfocus='this.blur();' onclick="document.getElementById('div_ft4.33').style.display = 'none' " >
           [x]</a>
        </div>
        <pre>
        
ft4.33: Traceback (most recent call last):
  File "D:\python\python36\lib\site-packages\parameterized\parameterized.py", line 518, in standalone_func
    return func(*(a + p.args), **p.kwargs)
  File "D:\python\yangle0103\woniuboss\bin\woniuboss_api\student_manage_test\test_d_take_leave.py", line 42, in test_c_modify_take_leave
    self.assertEqual(expect,actual)
AssertionError: 'test modify take leave fail' != 'test modify take leave pass'
- test modify take leave fail
?                        ^ ^^
+ test modify take leave pass
?                        ^ ^^

Traceback (most recent call last):
  File "D:\python\python36\lib\site-packages\parameterized\parameterized.py", line 518, in standalone_func
    return func(*(a + p.args), **p.kwargs)
  File "D:\python\yangle0103\woniuboss\bin\woniuboss_api\student_manage_test\test_d_take_leave.py", line 42, in test_c_modify_take_leave
    self.assertEqual(expect,actual)
AssertionError: 'test modify take leave fail' != 'test modify take leave pass'
- test modify take leave fail
?                        ^ ^^
+ test modify take leave pass
?                        ^ ^^



        </pre>
    </div>
    <!--css div popup end-->

    </td>
</tr>

<tr id='ft4.34' class='none'>
    <td class='failCase'><div class='testcase'>test_c_modify_take_leave_15_http_yangle4_8080_WoniuBoss2_5_student_saveModLeave</div></td>
    <td colspan='5' align='center'>

    <!--css div popup start-->
    <a class="popup_link" onfocus='this.blur();' href="javascript:showTestDetail('div_ft4.34')" >
        fail</a>

    <div id='div_ft4.34' class="popup_window">
        <div style='text-align: right; color:red;cursor:pointer'>
        <a onfocus='this.blur();' onclick="document.getElementById('div_ft4.34').style.display = 'none' " >
           [x]</a>
        </div>
        <pre>
        
ft4.34: Traceback (most recent call last):
  File "D:\python\python36\lib\site-packages\parameterized\parameterized.py", line 518, in standalone_func
    return func(*(a + p.args), **p.kwargs)
  File "D:\python\yangle0103\woniuboss\bin\woniuboss_api\student_manage_test\test_d_take_leave.py", line 42, in test_c_modify_take_leave
    self.assertEqual(expect,actual)
AssertionError: 'test modify take leave fail' != 'test modify take leave pass'
- test modify take leave fail
?                        ^ ^^
+ test modify take leave pass
?                        ^ ^^

Traceback (most recent call last):
  File "D:\python\python36\lib\site-packages\parameterized\parameterized.py", line 518, in standalone_func
    return func(*(a + p.args), **p.kwargs)
  File "D:\python\yangle0103\woniuboss\bin\woniuboss_api\student_manage_test\test_d_take_leave.py", line 42, in test_c_modify_take_leave
    self.assertEqual(expect,actual)
AssertionError: 'test modify take leave fail' != 'test modify take leave pass'
- test modify take leave fail
?                        ^ ^^
+ test modify take leave pass
?                        ^ ^^



        </pre>
    </div>
    <!--css div popup end-->

    </td>
</tr>

<tr id='ft4.35' class='none'>
    <td class='failCase'><div class='testcase'>test_c_modify_take_leave_16_http_yangle4_8080_WoniuBoss2_5_student_saveModLeave</div></td>
    <td colspan='5' align='center'>

    <!--css div popup start-->
    <a class="popup_link" onfocus='this.blur();' href="javascript:showTestDetail('div_ft4.35')" >
        fail</a>

    <div id='div_ft4.35' class="popup_window">
        <div style='text-align: right; color:red;cursor:pointer'>
        <a onfocus='this.blur();' onclick="document.getElementById('div_ft4.35').style.display = 'none' " >
           [x]</a>
        </div>
        <pre>
        
ft4.35: Traceback (most recent call last):
  File "D:\python\python36\lib\site-packages\parameterized\parameterized.py", line 518, in standalone_func
    return func(*(a + p.args), **p.kwargs)
  File "D:\python\yangle0103\woniuboss\bin\woniuboss_api\student_manage_test\test_d_take_leave.py", line 42, in test_c_modify_take_leave
    self.assertEqual(expect,actual)
AssertionError: 'test modify take leave fail' != 'test modify take leave pass'
- test modify take leave fail
?                        ^ ^^
+ test modify take leave pass
?                        ^ ^^

Traceback (most recent call last):
  File "D:\python\python36\lib\site-packages\parameterized\parameterized.py", line 518, in standalone_func
    return func(*(a + p.args), **p.kwargs)
  File "D:\python\yangle0103\woniuboss\bin\woniuboss_api\student_manage_test\test_d_take_leave.py", line 42, in test_c_modify_take_leave
    self.assertEqual(expect,actual)
AssertionError: 'test modify take leave fail' != 'test modify take leave pass'
- test modify take leave fail
?                        ^ ^^
+ test modify take leave pass
?                        ^ ^^



        </pre>
    </div>
    <!--css div popup end-->

    </td>
</tr>

<tr id='ft4.36' class='none'>
    <td class='failCase'><div class='testcase'>test_c_modify_take_leave_17_http_yangle4_8080_WoniuBoss2_5_student_saveModLeave</div></td>
    <td colspan='5' align='center'>

    <!--css div popup start-->
    <a class="popup_link" onfocus='this.blur();' href="javascript:showTestDetail('div_ft4.36')" >
        fail</a>

    <div id='div_ft4.36' class="popup_window">
        <div style='text-align: right; color:red;cursor:pointer'>
        <a onfocus='this.blur();' onclick="document.getElementById('div_ft4.36').style.display = 'none' " >
           [x]</a>
        </div>
        <pre>
        
ft4.36: Traceback (most recent call last):
  File "D:\python\python36\lib\site-packages\parameterized\parameterized.py", line 518, in standalone_func
    return func(*(a + p.args), **p.kwargs)
  File "D:\python\yangle0103\woniuboss\bin\woniuboss_api\student_manage_test\test_d_take_leave.py", line 42, in test_c_modify_take_leave
    self.assertEqual(expect,actual)
AssertionError: 'test modify take leave fail' != 'test modify take leave pass'
- test modify take leave fail
?                        ^ ^^
+ test modify take leave pass
?                        ^ ^^

Traceback (most recent call last):
  File "D:\python\python36\lib\site-packages\parameterized\parameterized.py", line 518, in standalone_func
    return func(*(a + p.args), **p.kwargs)
  File "D:\python\yangle0103\woniuboss\bin\woniuboss_api\student_manage_test\test_d_take_leave.py", line 42, in test_c_modify_take_leave
    self.assertEqual(expect,actual)
AssertionError: 'test modify take leave fail' != 'test modify take leave pass'
- test modify take leave fail
?                        ^ ^^
+ test modify take leave pass
?                        ^ ^^



        </pre>
    </div>
    <!--css div popup end-->

    </td>
</tr>

<tr id='ft4.37' class='none'>
    <td class='failCase'><div class='testcase'>test_c_modify_take_leave_18_http_yangle4_8080_WoniuBoss2_5_student_saveModLeave</div></td>
    <td colspan='5' align='center'>

    <!--css div popup start-->
    <a class="popup_link" onfocus='this.blur();' href="javascript:showTestDetail('div_ft4.37')" >
        fail</a>

    <div id='div_ft4.37' class="popup_window">
        <div style='text-align: right; color:red;cursor:pointer'>
        <a onfocus='this.blur();' onclick="document.getElementById('div_ft4.37').style.display = 'none' " >
           [x]</a>
        </div>
        <pre>
        
ft4.37: Traceback (most recent call last):
  File "D:\python\python36\lib\site-packages\parameterized\parameterized.py", line 518, in standalone_func
    return func(*(a + p.args), **p.kwargs)
  File "D:\python\yangle0103\woniuboss\bin\woniuboss_api\student_manage_test\test_d_take_leave.py", line 42, in test_c_modify_take_leave
    self.assertEqual(expect,actual)
AssertionError: 'test modify take leave fail' != 'test modify take leave pass'
- test modify take leave fail
?                        ^ ^^
+ test modify take leave pass
?                        ^ ^^

Traceback (most recent call last):
  File "D:\python\python36\lib\site-packages\parameterized\parameterized.py", line 518, in standalone_func
    return func(*(a + p.args), **p.kwargs)
  File "D:\python\yangle0103\woniuboss\bin\woniuboss_api\student_manage_test\test_d_take_leave.py", line 42, in test_c_modify_take_leave
    self.assertEqual(expect,actual)
AssertionError: 'test modify take leave fail' != 'test modify take leave pass'
- test modify take leave fail
?                        ^ ^^
+ test modify take leave pass
?                        ^ ^^



        </pre>
    </div>
    <!--css div popup end-->

    </td>
</tr>

<tr id='pt4.38' class='hiddenRow'>
    <td class='none'><div class='testcase'>test_d_upload_permit_0_http_yangle4_8080_WoniuBoss2_5_student_saveUpLeave</div></td>
    <td colspan='5' align='center'>pass</td>
</tr>

<tr id='ft4.39' class='none'>
    <td class='failCase'><div class='testcase'>test_d_upload_permit_1_http_yangle4_8080_WoniuBoss2_5_student_saveUpLeave</div></td>
    <td colspan='5' align='center'>

    <!--css div popup start-->
    <a class="popup_link" onfocus='this.blur();' href="javascript:showTestDetail('div_ft4.39')" >
        fail</a>

    <div id='div_ft4.39' class="popup_window">
        <div style='text-align: right; color:red;cursor:pointer'>
        <a onfocus='this.blur();' onclick="document.getElementById('div_ft4.39').style.display = 'none' " >
           [x]</a>
        </div>
        <pre>
        
ft4.39: Traceback (most recent call last):
  File "D:\python\python36\lib\site-packages\parameterized\parameterized.py", line 518, in standalone_func
    return func(*(a + p.args), **p.kwargs)
  File "D:\python\yangle0103\woniuboss\bin\woniuboss_api\student_manage_test\test_d_take_leave.py", line 55, in test_d_upload_permit
    self.assertEqual(expect,actual)
AssertionError: 'test upload permit fail' != 'test upload permit pass'
- test upload permit fail
?                    ^ ^^
+ test upload permit pass
?                    ^ ^^

Traceback (most recent call last):
  File "D:\python\python36\lib\site-packages\parameterized\parameterized.py", line 518, in standalone_func
    return func(*(a + p.args), **p.kwargs)
  File "D:\python\yangle0103\woniuboss\bin\woniuboss_api\student_manage_test\test_d_take_leave.py", line 55, in test_d_upload_permit
    self.assertEqual(expect,actual)
AssertionError: 'test upload permit fail' != 'test upload permit pass'
- test upload permit fail
?                    ^ ^^
+ test upload permit pass
?                    ^ ^^



        </pre>
    </div>
    <!--css div popup end-->

    </td>
</tr>

<tr id='ft4.40' class='none'>
    <td class='failCase'><div class='testcase'>test_d_upload_permit_2_http_yangle4_8080_WoniuBoss2_5_student_saveUpLeave</div></td>
    <td colspan='5' align='center'>

    <!--css div popup start-->
    <a class="popup_link" onfocus='this.blur();' href="javascript:showTestDetail('div_ft4.40')" >
        fail</a>

    <div id='div_ft4.40' class="popup_window">
        <div style='text-align: right; color:red;cursor:pointer'>
        <a onfocus='this.blur();' onclick="document.getElementById('div_ft4.40').style.display = 'none' " >
           [x]</a>
        </div>
        <pre>
        
ft4.40: Traceback (most recent call last):
  File "D:\python\python36\lib\site-packages\parameterized\parameterized.py", line 518, in standalone_func
    return func(*(a + p.args), **p.kwargs)
  File "D:\python\yangle0103\woniuboss\bin\woniuboss_api\student_manage_test\test_d_take_leave.py", line 55, in test_d_upload_permit
    self.assertEqual(expect,actual)
AssertionError: 'test upload permit fail' != 'test upload permit pass'
- test upload permit fail
?                    ^ ^^
+ test upload permit pass
?                    ^ ^^

Traceback (most recent call last):
  File "D:\python\python36\lib\site-packages\parameterized\parameterized.py", line 518, in standalone_func
    return func(*(a + p.args), **p.kwargs)
  File "D:\python\yangle0103\woniuboss\bin\woniuboss_api\student_manage_test\test_d_take_leave.py", line 55, in test_d_upload_permit
    self.assertEqual(expect,actual)
AssertionError: 'test upload permit fail' != 'test upload permit pass'
- test upload permit fail
?                    ^ ^^
+ test upload permit pass
?                    ^ ^^



        </pre>
    </div>
    <!--css div popup end-->

    </td>
</tr>

<tr id='ft4.41' class='none'>
    <td class='failCase'><div class='testcase'>test_d_upload_permit_3_http_yangle4_8080_WoniuBoss2_5_student_saveUpLeave</div></td>
    <td colspan='5' align='center'>

    <!--css div popup start-->
    <a class="popup_link" onfocus='this.blur();' href="javascript:showTestDetail('div_ft4.41')" >
        fail</a>

    <div id='div_ft4.41' class="popup_window">
        <div style='text-align: right; color:red;cursor:pointer'>
        <a onfocus='this.blur();' onclick="document.getElementById('div_ft4.41').style.display = 'none' " >
           [x]</a>
        </div>
        <pre>
        
ft4.41: Traceback (most recent call last):
  File "D:\python\python36\lib\site-packages\parameterized\parameterized.py", line 518, in standalone_func
    return func(*(a + p.args), **p.kwargs)
  File "D:\python\yangle0103\woniuboss\bin\woniuboss_api\student_manage_test\test_d_take_leave.py", line 55, in test_d_upload_permit
    self.assertEqual(expect,actual)
AssertionError: 'test upload permit fail' != 'test upload permit pass'
- test upload permit fail
?                    ^ ^^
+ test upload permit pass
?                    ^ ^^

Traceback (most recent call last):
  File "D:\python\python36\lib\site-packages\parameterized\parameterized.py", line 518, in standalone_func
    return func(*(a + p.args), **p.kwargs)
  File "D:\python\yangle0103\woniuboss\bin\woniuboss_api\student_manage_test\test_d_take_leave.py", line 55, in test_d_upload_permit
    self.assertEqual(expect,actual)
AssertionError: 'test upload permit fail' != 'test upload permit pass'
- test upload permit fail
?                    ^ ^^
+ test upload permit pass
?                    ^ ^^



        </pre>
    </div>
    <!--css div popup end-->

    </td>
</tr>

<tr id='ft4.42' class='none'>
    <td class='failCase'><div class='testcase'>test_d_upload_permit_4_http_yangle4_8080_WoniuBoss2_5_student_saveUpLeave</div></td>
    <td colspan='5' align='center'>

    <!--css div popup start-->
    <a class="popup_link" onfocus='this.blur();' href="javascript:showTestDetail('div_ft4.42')" >
        fail</a>

    <div id='div_ft4.42' class="popup_window">
        <div style='text-align: right; color:red;cursor:pointer'>
        <a onfocus='this.blur();' onclick="document.getElementById('div_ft4.42').style.display = 'none' " >
           [x]</a>
        </div>
        <pre>
        
ft4.42: Traceback (most recent call last):
  File "D:\python\python36\lib\site-packages\parameterized\parameterized.py", line 518, in standalone_func
    return func(*(a + p.args), **p.kwargs)
  File "D:\python\yangle0103\woniuboss\bin\woniuboss_api\student_manage_test\test_d_take_leave.py", line 55, in test_d_upload_permit
    self.assertEqual(expect,actual)
AssertionError: 'test upload permit fail' != 'test upload permit pass'
- test upload permit fail
?                    ^ ^^
+ test upload permit pass
?                    ^ ^^

Traceback (most recent call last):
  File "D:\python\python36\lib\site-packages\parameterized\parameterized.py", line 518, in standalone_func
    return func(*(a + p.args), **p.kwargs)
  File "D:\python\yangle0103\woniuboss\bin\woniuboss_api\student_manage_test\test_d_take_leave.py", line 55, in test_d_upload_permit
    self.assertEqual(expect,actual)
AssertionError: 'test upload permit fail' != 'test upload permit pass'
- test upload permit fail
?                    ^ ^^
+ test upload permit pass
?                    ^ ^^



        </pre>
    </div>
    <!--css div popup end-->

    </td>
</tr>

<tr id='ft4.43' class='none'>
    <td class='failCase'><div class='testcase'>test_d_upload_permit_5_http_yangle4_8080_WoniuBoss2_5_student_saveUpLeave</div></td>
    <td colspan='5' align='center'>

    <!--css div popup start-->
    <a class="popup_link" onfocus='this.blur();' href="javascript:showTestDetail('div_ft4.43')" >
        fail</a>

    <div id='div_ft4.43' class="popup_window">
        <div style='text-align: right; color:red;cursor:pointer'>
        <a onfocus='this.blur();' onclick="document.getElementById('div_ft4.43').style.display = 'none' " >
           [x]</a>
        </div>
        <pre>
        
ft4.43: Traceback (most recent call last):
  File "D:\python\python36\lib\site-packages\parameterized\parameterized.py", line 518, in standalone_func
    return func(*(a + p.args), **p.kwargs)
  File "D:\python\yangle0103\woniuboss\bin\woniuboss_api\student_manage_test\test_d_take_leave.py", line 55, in test_d_upload_permit
    self.assertEqual(expect,actual)
AssertionError: 'test upload permit fail' != 'test upload permit pass'
- test upload permit fail
?                    ^ ^^
+ test upload permit pass
?                    ^ ^^

Traceback (most recent call last):
  File "D:\python\python36\lib\site-packages\parameterized\parameterized.py", line 518, in standalone_func
    return func(*(a + p.args), **p.kwargs)
  File "D:\python\yangle0103\woniuboss\bin\woniuboss_api\student_manage_test\test_d_take_leave.py", line 55, in test_d_upload_permit
    self.assertEqual(expect,actual)
AssertionError: 'test upload permit fail' != 'test upload permit pass'
- test upload permit fail
?                    ^ ^^
+ test upload permit pass
?                    ^ ^^



        </pre>
    </div>
    <!--css div popup end-->

    </td>
</tr>

<tr id='ft4.44' class='none'>
    <td class='failCase'><div class='testcase'>test_d_upload_permit_6_http_yangle4_8080_WoniuBoss2_5_student_saveUpLeave</div></td>
    <td colspan='5' align='center'>

    <!--css div popup start-->
    <a class="popup_link" onfocus='this.blur();' href="javascript:showTestDetail('div_ft4.44')" >
        fail</a>

    <div id='div_ft4.44' class="popup_window">
        <div style='text-align: right; color:red;cursor:pointer'>
        <a onfocus='this.blur();' onclick="document.getElementById('div_ft4.44').style.display = 'none' " >
           [x]</a>
        </div>
        <pre>
        
ft4.44: Traceback (most recent call last):
  File "D:\python\python36\lib\site-packages\parameterized\parameterized.py", line 518, in standalone_func
    return func(*(a + p.args), **p.kwargs)
  File "D:\python\yangle0103\woniuboss\bin\woniuboss_api\student_manage_test\test_d_take_leave.py", line 55, in test_d_upload_permit
    self.assertEqual(expect,actual)
AssertionError: 'test upload permit fail' != 'test upload permit pass'
- test upload permit fail
?                    ^ ^^
+ test upload permit pass
?                    ^ ^^

Traceback (most recent call last):
  File "D:\python\python36\lib\site-packages\parameterized\parameterized.py", line 518, in standalone_func
    return func(*(a + p.args), **p.kwargs)
  File "D:\python\yangle0103\woniuboss\bin\woniuboss_api\student_manage_test\test_d_take_leave.py", line 55, in test_d_upload_permit
    self.assertEqual(expect,actual)
AssertionError: 'test upload permit fail' != 'test upload permit pass'
- test upload permit fail
?                    ^ ^^
+ test upload permit pass
?                    ^ ^^



        </pre>
    </div>
    <!--css div popup end-->

    </td>
</tr>

<tr id='ft4.45' class='none'>
    <td class='failCase'><div class='testcase'>test_d_upload_permit_7_http_yangle4_8080_WoniuBoss2_5_student_saveUpLeave</div></td>
    <td colspan='5' align='center'>

    <!--css div popup start-->
    <a class="popup_link" onfocus='this.blur();' href="javascript:showTestDetail('div_ft4.45')" >
        fail</a>

    <div id='div_ft4.45' class="popup_window">
        <div style='text-align: right; color:red;cursor:pointer'>
        <a onfocus='this.blur();' onclick="document.getElementById('div_ft4.45').style.display = 'none' " >
           [x]</a>
        </div>
        <pre>
        
ft4.45: Traceback (most recent call last):
  File "D:\python\python36\lib\site-packages\parameterized\parameterized.py", line 518, in standalone_func
    return func(*(a + p.args), **p.kwargs)
  File "D:\python\yangle0103\woniuboss\bin\woniuboss_api\student_manage_test\test_d_take_leave.py", line 55, in test_d_upload_permit
    self.assertEqual(expect,actual)
AssertionError: 'test upload permit fail' != 'test upload permit pass'
- test upload permit fail
?                    ^ ^^
+ test upload permit pass
?                    ^ ^^

Traceback (most recent call last):
  File "D:\python\python36\lib\site-packages\parameterized\parameterized.py", line 518, in standalone_func
    return func(*(a + p.args), **p.kwargs)
  File "D:\python\yangle0103\woniuboss\bin\woniuboss_api\student_manage_test\test_d_take_leave.py", line 55, in test_d_upload_permit
    self.assertEqual(expect,actual)
AssertionError: 'test upload permit fail' != 'test upload permit pass'
- test upload permit fail
?                    ^ ^^
+ test upload permit pass
?                    ^ ^^



        </pre>
    </div>
    <!--css div popup end-->

    </td>
</tr>

<tr id='ft4.46' class='none'>
    <td class='failCase'><div class='testcase'>test_d_upload_permit_8_http_yangle4_8080_WoniuBoss2_5_student_saveUpLeave</div></td>
    <td colspan='5' align='center'>

    <!--css div popup start-->
    <a class="popup_link" onfocus='this.blur();' href="javascript:showTestDetail('div_ft4.46')" >
        fail</a>

    <div id='div_ft4.46' class="popup_window">
        <div style='text-align: right; color:red;cursor:pointer'>
        <a onfocus='this.blur();' onclick="document.getElementById('div_ft4.46').style.display = 'none' " >
           [x]</a>
        </div>
        <pre>
        
ft4.46: Traceback (most recent call last):
  File "D:\python\python36\lib\site-packages\parameterized\parameterized.py", line 518, in standalone_func
    return func(*(a + p.args), **p.kwargs)
  File "D:\python\yangle0103\woniuboss\bin\woniuboss_api\student_manage_test\test_d_take_leave.py", line 55, in test_d_upload_permit
    self.assertEqual(expect,actual)
AssertionError: 'test upload permit fail' != 'test upload permit pass'
- test upload permit fail
?                    ^ ^^
+ test upload permit pass
?                    ^ ^^

Traceback (most recent call last):
  File "D:\python\python36\lib\site-packages\parameterized\parameterized.py", line 518, in standalone_func
    return func(*(a + p.args), **p.kwargs)
  File "D:\python\yangle0103\woniuboss\bin\woniuboss_api\student_manage_test\test_d_take_leave.py", line 55, in test_d_upload_permit
    self.assertEqual(expect,actual)
AssertionError: 'test upload permit fail' != 'test upload permit pass'
- test upload permit fail
?                    ^ ^^
+ test upload permit pass
?                    ^ ^^



        </pre>
    </div>
    <!--css div popup end-->

    </td>
</tr>

<tr id='ft4.47' class='none'>
    <td class='failCase'><div class='testcase'>test_d_upload_permit_9_http_yangle4_8080_WoniuBoss2_5_student_saveUpLeave</div></td>
    <td colspan='5' align='center'>

    <!--css div popup start-->
    <a class="popup_link" onfocus='this.blur();' href="javascript:showTestDetail('div_ft4.47')" >
        fail</a>

    <div id='div_ft4.47' class="popup_window">
        <div style='text-align: right; color:red;cursor:pointer'>
        <a onfocus='this.blur();' onclick="document.getElementById('div_ft4.47').style.display = 'none' " >
           [x]</a>
        </div>
        <pre>
        
ft4.47: Traceback (most recent call last):
  File "D:\python\python36\lib\site-packages\parameterized\parameterized.py", line 518, in standalone_func
    return func(*(a + p.args), **p.kwargs)
  File "D:\python\yangle0103\woniuboss\bin\woniuboss_api\student_manage_test\test_d_take_leave.py", line 55, in test_d_upload_permit
    self.assertEqual(expect,actual)
AssertionError: 'test upload permit fail' != 'test upload permit pass'
- test upload permit fail
?                    ^ ^^
+ test upload permit pass
?                    ^ ^^

Traceback (most recent call last):
  File "D:\python\python36\lib\site-packages\parameterized\parameterized.py", line 518, in standalone_func
    return func(*(a + p.args), **p.kwargs)
  File "D:\python\yangle0103\woniuboss\bin\woniuboss_api\student_manage_test\test_d_take_leave.py", line 55, in test_d_upload_permit
    self.assertEqual(expect,actual)
AssertionError: 'test upload permit fail' != 'test upload permit pass'
- test upload permit fail
?                    ^ ^^
+ test upload permit pass
?                    ^ ^^



        </pre>
    </div>
    <!--css div popup end-->

    </td>
</tr>

<tr id='pt4.48' class='hiddenRow'>
    <td class='none'><div class='testcase'>test_e_write_off_0_http_yangle4_8080_WoniuBoss2_5_student_terminateLeave</div></td>
    <td colspan='5' align='center'>pass</td>
</tr>

<tr class='failClass'>
    <td>woniuboss.bin.woniuboss_api.student_manage_test.test_e_morning_exam_record.TestMorningExamRecord</td>
    <td>1</td>
    <td>0</td>
    <td>1</td>
    <td>0</td>
    <td><a href="javascript:showClassDetail('c5',1)">Detail</a></td>
</tr>

<tr id='ft5.1' class='none'>
    <td class='failCase'><div class='testcase'>test_click_exam_morning_record_0_http_yangle4_8080_WoniuBoss2_5_student_queryAtteResult1</div></td>
    <td colspan='5' align='center'>

    <!--css div popup start-->
    <a class="popup_link" onfocus='this.blur();' href="javascript:showTestDetail('div_ft5.1')" >
        fail</a>

    <div id='div_ft5.1' class="popup_window">
        <div style='text-align: right; color:red;cursor:pointer'>
        <a onfocus='this.blur();' onclick="document.getElementById('div_ft5.1').style.display = 'none' " >
           [x]</a>
        </div>
        <pre>
        
ft5.1: Traceback (most recent call last):
  File "D:\python\python36\lib\site-packages\parameterized\parameterized.py", line 518, in standalone_func
    return func(*(a + p.args), **p.kwargs)
  File "D:\python\yangle0103\woniuboss\bin\woniuboss_api\student_manage_test\test_e_morning_exam_record.py", line 18, in test_click_exam_morning_record
    self.assertEqual(expect,actual)
AssertionError: 'query morning record pass' != 'query morning record fail'
- query morning record pass
?                      ^ ^^
+ query morning record fail
?                      ^ ^^

Traceback (most recent call last):
  File "D:\python\python36\lib\site-packages\parameterized\parameterized.py", line 518, in standalone_func
    return func(*(a + p.args), **p.kwargs)
  File "D:\python\yangle0103\woniuboss\bin\woniuboss_api\student_manage_test\test_e_morning_exam_record.py", line 18, in test_click_exam_morning_record
    self.assertEqual(expect,actual)
AssertionError: 'query morning record pass' != 'query morning record fail'
- query morning record pass
?                      ^ ^^
+ query morning record fail
?                      ^ ^^



        </pre>
    </div>
    <!--css div popup end-->

    </td>
</tr>

<tr class='failClass'>
    <td>woniuboss.bin.woniuboss_api.student_manage_test.test_f_phase_test.TestPhaseTest</td>
    <td>12</td>
    <td>7</td>
    <td>5</td>
    <td>0</td>
    <td><a href="javascript:showClassDetail('c6',12)">Detail</a></td>
</tr>

<tr id='pt6.1' class='hiddenRow'>
    <td class='none'><div class='testcase'>test_a_do_phase_0_http_yangle4_8080_WoniuBoss2_5_student_saveScore</div></td>
    <td colspan='5' align='center'>pass</td>
</tr>

<tr id='ft6.2' class='none'>
    <td class='failCase'><div class='testcase'>test_a_do_phase_1_http_yangle4_8080_WoniuBoss2_5_student_saveScore</div></td>
    <td colspan='5' align='center'>

    <!--css div popup start-->
    <a class="popup_link" onfocus='this.blur();' href="javascript:showTestDetail('div_ft6.2')" >
        fail</a>

    <div id='div_ft6.2' class="popup_window">
        <div style='text-align: right; color:red;cursor:pointer'>
        <a onfocus='this.blur();' onclick="document.getElementById('div_ft6.2').style.display = 'none' " >
           [x]</a>
        </div>
        <pre>
        
ft6.2: Traceback (most recent call last):
  File "D:\python\python36\lib\site-packages\parameterized\parameterized.py", line 518, in standalone_func
    return func(*(a + p.args), **p.kwargs)
  File "D:\python\yangle0103\woniuboss\bin\woniuboss_api\student_manage_test\test_f_phase_test.py", line 25, in test_a_do_phase
    self.assertEqual(expect,actual)
AssertionError: 'test do test fail' != 'test do test pass'
- test do test fail
?              ^ ^^
+ test do test pass
?              ^ ^^

Traceback (most recent call last):
  File "D:\python\python36\lib\site-packages\parameterized\parameterized.py", line 518, in standalone_func
    return func(*(a + p.args), **p.kwargs)
  File "D:\python\yangle0103\woniuboss\bin\woniuboss_api\student_manage_test\test_f_phase_test.py", line 25, in test_a_do_phase
    self.assertEqual(expect,actual)
AssertionError: 'test do test fail' != 'test do test pass'
- test do test fail
?              ^ ^^
+ test do test pass
?              ^ ^^



        </pre>
    </div>
    <!--css div popup end-->

    </td>
</tr>

<tr id='ft6.3' class='none'>
    <td class='failCase'><div class='testcase'>test_a_do_phase_2_http_yangle4_8080_WoniuBoss2_5_student_saveScore</div></td>
    <td colspan='5' align='center'>

    <!--css div popup start-->
    <a class="popup_link" onfocus='this.blur();' href="javascript:showTestDetail('div_ft6.3')" >
        fail</a>

    <div id='div_ft6.3' class="popup_window">
        <div style='text-align: right; color:red;cursor:pointer'>
        <a onfocus='this.blur();' onclick="document.getElementById('div_ft6.3').style.display = 'none' " >
           [x]</a>
        </div>
        <pre>
        
ft6.3: Traceback (most recent call last):
  File "D:\python\python36\lib\site-packages\parameterized\parameterized.py", line 518, in standalone_func
    return func(*(a + p.args), **p.kwargs)
  File "D:\python\yangle0103\woniuboss\bin\woniuboss_api\student_manage_test\test_f_phase_test.py", line 25, in test_a_do_phase
    self.assertEqual(expect,actual)
AssertionError: 'test do test fail' != 'test do test pass'
- test do test fail
?              ^ ^^
+ test do test pass
?              ^ ^^

Traceback (most recent call last):
  File "D:\python\python36\lib\site-packages\parameterized\parameterized.py", line 518, in standalone_func
    return func(*(a + p.args), **p.kwargs)
  File "D:\python\yangle0103\woniuboss\bin\woniuboss_api\student_manage_test\test_f_phase_test.py", line 25, in test_a_do_phase
    self.assertEqual(expect,actual)
AssertionError: 'test do test fail' != 'test do test pass'
- test do test fail
?              ^ ^^
+ test do test pass
?              ^ ^^



        </pre>
    </div>
    <!--css div popup end-->

    </td>
</tr>

<tr id='pt6.4' class='hiddenRow'>
    <td class='none'><div class='testcase'>test_a_do_phase_3_http_yangle4_8080_WoniuBoss2_5_student_saveScore</div></td>
    <td colspan='5' align='center'>pass</td>
</tr>

<tr id='pt6.5' class='hiddenRow'>
    <td class='none'><div class='testcase'>test_a_do_phase_4_http_yangle4_8080_WoniuBoss2_5_student_saveScore</div></td>
    <td colspan='5' align='center'>pass</td>
</tr>

<tr id='ft6.6' class='none'>
    <td class='failCase'><div class='testcase'>test_a_do_phase_5_http_yangle4_8080_WoniuBoss2_5_student_saveScore</div></td>
    <td colspan='5' align='center'>

    <!--css div popup start-->
    <a class="popup_link" onfocus='this.blur();' href="javascript:showTestDetail('div_ft6.6')" >
        fail</a>

    <div id='div_ft6.6' class="popup_window">
        <div style='text-align: right; color:red;cursor:pointer'>
        <a onfocus='this.blur();' onclick="document.getElementById('div_ft6.6').style.display = 'none' " >
           [x]</a>
        </div>
        <pre>
        
ft6.6: Traceback (most recent call last):
  File "D:\python\python36\lib\site-packages\parameterized\parameterized.py", line 518, in standalone_func
    return func(*(a + p.args), **p.kwargs)
  File "D:\python\yangle0103\woniuboss\bin\woniuboss_api\student_manage_test\test_f_phase_test.py", line 25, in test_a_do_phase
    self.assertEqual(expect,actual)
AssertionError: 'test do test fail' != 'test do test pass'
- test do test fail
?              ^ ^^
+ test do test pass
?              ^ ^^

Traceback (most recent call last):
  File "D:\python\python36\lib\site-packages\parameterized\parameterized.py", line 518, in standalone_func
    return func(*(a + p.args), **p.kwargs)
  File "D:\python\yangle0103\woniuboss\bin\woniuboss_api\student_manage_test\test_f_phase_test.py", line 25, in test_a_do_phase
    self.assertEqual(expect,actual)
AssertionError: 'test do test fail' != 'test do test pass'
- test do test fail
?              ^ ^^
+ test do test pass
?              ^ ^^



        </pre>
    </div>
    <!--css div popup end-->

    </td>
</tr>

<tr id='ft6.7' class='none'>
    <td class='failCase'><div class='testcase'>test_a_do_phase_6_http_yangle4_8080_WoniuBoss2_5_student_saveScore</div></td>
    <td colspan='5' align='center'>

    <!--css div popup start-->
    <a class="popup_link" onfocus='this.blur();' href="javascript:showTestDetail('div_ft6.7')" >
        fail</a>

    <div id='div_ft6.7' class="popup_window">
        <div style='text-align: right; color:red;cursor:pointer'>
        <a onfocus='this.blur();' onclick="document.getElementById('div_ft6.7').style.display = 'none' " >
           [x]</a>
        </div>
        <pre>
        
ft6.7: Traceback (most recent call last):
  File "D:\python\python36\lib\site-packages\parameterized\parameterized.py", line 518, in standalone_func
    return func(*(a + p.args), **p.kwargs)
  File "D:\python\yangle0103\woniuboss\bin\woniuboss_api\student_manage_test\test_f_phase_test.py", line 25, in test_a_do_phase
    self.assertEqual(expect,actual)
AssertionError: 'test do test fail' != 'test do test pass'
- test do test fail
?              ^ ^^
+ test do test pass
?              ^ ^^

Traceback (most recent call last):
  File "D:\python\python36\lib\site-packages\parameterized\parameterized.py", line 518, in standalone_func
    return func(*(a + p.args), **p.kwargs)
  File "D:\python\yangle0103\woniuboss\bin\woniuboss_api\student_manage_test\test_f_phase_test.py", line 25, in test_a_do_phase
    self.assertEqual(expect,actual)
AssertionError: 'test do test fail' != 'test do test pass'
- test do test fail
?              ^ ^^
+ test do test pass
?              ^ ^^



        </pre>
    </div>
    <!--css div popup end-->

    </td>
</tr>

<tr id='pt6.8' class='hiddenRow'>
    <td class='none'><div class='testcase'>test_b_down_grade_0_http_yangle4_8080_WoniuBoss2_5_student_updateRepeat</div></td>
    <td colspan='5' align='center'>pass</td>
</tr>

<tr id='pt6.9' class='hiddenRow'>
    <td class='none'><div class='testcase'>test_b_down_grade_1_http_yangle4_8080_WoniuBoss2_5_student_updateRepeat</div></td>
    <td colspan='5' align='center'>pass</td>
</tr>

<tr id='ft6.10' class='none'>
    <td class='failCase'><div class='testcase'>test_b_down_grade_2_http_yangle4_8080_WoniuBoss2_5_student_updateRepeat</div></td>
    <td colspan='5' align='center'>

    <!--css div popup start-->
    <a class="popup_link" onfocus='this.blur();' href="javascript:showTestDetail('div_ft6.10')" >
        fail</a>

    <div id='div_ft6.10' class="popup_window">
        <div style='text-align: right; color:red;cursor:pointer'>
        <a onfocus='this.blur();' onclick="document.getElementById('div_ft6.10').style.display = 'none' " >
           [x]</a>
        </div>
        <pre>
        
ft6.10: Traceback (most recent call last):
  File "D:\python\python36\lib\site-packages\parameterized\parameterized.py", line 518, in standalone_func
    return func(*(a + p.args), **p.kwargs)
  File "D:\python\yangle0103\woniuboss\bin\woniuboss_api\student_manage_test\test_f_phase_test.py", line 38, in test_b_down_grade
    self.assertEqual(expect,actual)
AssertionError: 'test down grade fail' != 'test down grade pass'
- test down grade fail
?                 ^ ^^
+ test down grade pass
?                 ^ ^^

Traceback (most recent call last):
  File "D:\python\python36\lib\site-packages\parameterized\parameterized.py", line 518, in standalone_func
    return func(*(a + p.args), **p.kwargs)
  File "D:\python\yangle0103\woniuboss\bin\woniuboss_api\student_manage_test\test_f_phase_test.py", line 38, in test_b_down_grade
    self.assertEqual(expect,actual)
AssertionError: 'test down grade fail' != 'test down grade pass'
- test down grade fail
?                 ^ ^^
+ test down grade pass
?                 ^ ^^



        </pre>
    </div>
    <!--css div popup end-->

    </td>
</tr>

<tr id='pt6.11' class='hiddenRow'>
    <td class='none'><div class='testcase'>test_b_down_grade_3_http_yangle4_8080_WoniuBoss2_5_student_updateRepeat</div></td>
    <td colspan='5' align='center'>pass</td>
</tr>

<tr id='pt6.12' class='hiddenRow'>
    <td class='none'><div class='testcase'>test_b_down_grade_4_http_yangle4_8080_WoniuBoss2_5_student_updateRepeat</div></td>
    <td colspan='5' align='center'>pass</td>
</tr>

<tr class='failClass'>
    <td>woniuboss.bin.woniuboss_api.student_manage_test.test_g_evaluation_record.TestEvaluationRecord</td>
    <td>1</td>
    <td>0</td>
    <td>1</td>
    <td>0</td>
    <td><a href="javascript:showClassDetail('c7',1)">Detail</a></td>
</tr>

<tr id='ft7.1' class='none'>
    <td class='failCase'><div class='testcase'>test_query_eval_record_0_http_yangle4_8080_WoniuBoss2_5_student_showPhaseExam</div></td>
    <td colspan='5' align='center'>

    <!--css div popup start-->
    <a class="popup_link" onfocus='this.blur();' href="javascript:showTestDetail('div_ft7.1')" >
        fail</a>

    <div id='div_ft7.1' class="popup_window">
        <div style='text-align: right; color:red;cursor:pointer'>
        <a onfocus='this.blur();' onclick="document.getElementById('div_ft7.1').style.display = 'none' " >
           [x]</a>
        </div>
        <pre>
        
ft7.1: Traceback (most recent call last):
  File "D:\python\python36\lib\site-packages\parameterized\parameterized.py", line 518, in standalone_func
    return func(*(a + p.args), **p.kwargs)
  File "D:\python\yangle0103\woniuboss\bin\woniuboss_api\student_manage_test\test_g_evaluation_record.py", line 21, in test_query_eval_record
    self.assertEqual(expect,actual)
AssertionError: 'test query evaluation record pass' != 'test query evaluation record fail'
- test query evaluation record pass
?                              ^ ^^
+ test query evaluation record fail
?                              ^ ^^

Traceback (most recent call last):
  File "D:\python\python36\lib\site-packages\parameterized\parameterized.py", line 518, in standalone_func
    return func(*(a + p.args), **p.kwargs)
  File "D:\python\yangle0103\woniuboss\bin\woniuboss_api\student_manage_test\test_g_evaluation_record.py", line 21, in test_query_eval_record
    self.assertEqual(expect,actual)
AssertionError: 'test query evaluation record pass' != 'test query evaluation record fail'
- test query evaluation record pass
?                              ^ ^^
+ test query evaluation record fail
?                              ^ ^^



        </pre>
    </div>
    <!--css div popup end-->

    </td>
</tr>

<tr class='failClass'>
    <td>woniuboss.bin.woniuboss_api.student_manage_test.test_h_class_manage.TestClassManage</td>
    <td>3</td>
    <td>2</td>
    <td>1</td>
    <td>0</td>
    <td><a href="javascript:showClassDetail('c8',3)">Detail</a></td>
</tr>

<tr id='ft8.1' class='none'>
    <td class='failCase'><div class='testcase'>test_click_class_manage_0_http_yangle4_8080_WoniuBoss2_5_student_queryStuOfTeacher</div></td>
    <td colspan='5' align='center'>

    <!--css div popup start-->
    <a class="popup_link" onfocus='this.blur();' href="javascript:showTestDetail('div_ft8.1')" >
        fail</a>

    <div id='div_ft8.1' class="popup_window">
        <div style='text-align: right; color:red;cursor:pointer'>
        <a onfocus='this.blur();' onclick="document.getElementById('div_ft8.1').style.display = 'none' " >
           [x]</a>
        </div>
        <pre>
        
ft8.1: Traceback (most recent call last):
  File "D:\python\python36\lib\site-packages\parameterized\parameterized.py", line 518, in standalone_func
    return func(*(a + p.args), **p.kwargs)
  File "D:\python\yangle0103\woniuboss\bin\woniuboss_api\student_manage_test\test_h_class_manage.py", line 19, in test_click_class_manage
    self.assertEqual(expect,actual)
AssertionError: 'test query class manage pass' != 'test query class manage fail'
- test query class manage pass
?                         ^ ^^
+ test query class manage fail
?                         ^ ^^

Traceback (most recent call last):
  File "D:\python\python36\lib\site-packages\parameterized\parameterized.py", line 518, in standalone_func
    return func(*(a + p.args), **p.kwargs)
  File "D:\python\yangle0103\woniuboss\bin\woniuboss_api\student_manage_test\test_h_class_manage.py", line 19, in test_click_class_manage
    self.assertEqual(expect,actual)
AssertionError: 'test query class manage pass' != 'test query class manage fail'
- test query class manage pass
?                         ^ ^^
+ test query class manage fail
?                         ^ ^^



        </pre>
    </div>
    <!--css div popup end-->

    </td>
</tr>

<tr id='pt8.2' class='hiddenRow'>
    <td class='none'><div class='testcase'>test_separate_class_0_http_yangle4_8080_WoniuBoss2_5_student_allocate</div></td>
    <td colspan='5' align='center'>pass</td>
</tr>

<tr id='pt8.3' class='hiddenRow'>
    <td class='none'><div class='testcase'>test_separate_class_1_http_yangle4_8080_WoniuBoss2_5_student_allocate</div></td>
    <td colspan='5' align='center'>pass</td>
</tr>

<tr class='failClass'>
    <td>woniuboss.bin.woniuboss_api.student_manage_test.test_i_course_manage.TestCourseManage</td>
    <td>27</td>
    <td>16</td>
    <td>11</td>
    <td>0</td>
    <td><a href="javascript:showClassDetail('c9',27)">Detail</a></td>
</tr>

<tr id='pt9.1' class='hiddenRow'>
    <td class='none'><div class='testcase'>test_add_course_schedule_00_http_yangle4_8080_WoniuBoss2_5_student_saveCourse</div></td>
    <td colspan='5' align='center'>pass</td>
</tr>

<tr id='pt9.2' class='hiddenRow'>
    <td class='none'><div class='testcase'>test_add_course_schedule_01_http_yangle4_8080_WoniuBoss2_5_student_saveCourse</div></td>
    <td colspan='5' align='center'>pass</td>
</tr>

<tr id='ft9.3' class='none'>
    <td class='failCase'><div class='testcase'>test_add_course_schedule_02_http_yangle4_8080_WoniuBoss2_5_student_saveCourse</div></td>
    <td colspan='5' align='center'>

    <!--css div popup start-->
    <a class="popup_link" onfocus='this.blur();' href="javascript:showTestDetail('div_ft9.3')" >
        fail</a>

    <div id='div_ft9.3' class="popup_window">
        <div style='text-align: right; color:red;cursor:pointer'>
        <a onfocus='this.blur();' onclick="document.getElementById('div_ft9.3').style.display = 'none' " >
           [x]</a>
        </div>
        <pre>
        
ft9.3: Traceback (most recent call last):
  File "D:\python\python36\lib\site-packages\parameterized\parameterized.py", line 518, in standalone_func
    return func(*(a + p.args), **p.kwargs)
  File "D:\python\yangle0103\woniuboss\bin\woniuboss_api\student_manage_test\test_i_course_manage.py", line 30, in test_add_course_schedule
    self.assertEqual(expect,actual)
AssertionError: 'test add course schedule fail' != 'test add course schedule pass'
- test add course schedule fail
?                          ^ ^^
+ test add course schedule pass
?                          ^ ^^

Traceback (most recent call last):
  File "D:\python\python36\lib\site-packages\parameterized\parameterized.py", line 518, in standalone_func
    return func(*(a + p.args), **p.kwargs)
  File "D:\python\yangle0103\woniuboss\bin\woniuboss_api\student_manage_test\test_i_course_manage.py", line 30, in test_add_course_schedule
    self.assertEqual(expect,actual)
AssertionError: 'test add course schedule fail' != 'test add course schedule pass'
- test add course schedule fail
?                          ^ ^^
+ test add course schedule pass
?                          ^ ^^



        </pre>
    </div>
    <!--css div popup end-->

    </td>
</tr>

<tr id='ft9.4' class='none'>
    <td class='failCase'><div class='testcase'>test_add_course_schedule_03_http_yangle4_8080_WoniuBoss2_5_student_saveCourse</div></td>
    <td colspan='5' align='center'>

    <!--css div popup start-->
    <a class="popup_link" onfocus='this.blur();' href="javascript:showTestDetail('div_ft9.4')" >
        fail</a>

    <div id='div_ft9.4' class="popup_window">
        <div style='text-align: right; color:red;cursor:pointer'>
        <a onfocus='this.blur();' onclick="document.getElementById('div_ft9.4').style.display = 'none' " >
           [x]</a>
        </div>
        <pre>
        
ft9.4: Traceback (most recent call last):
  File "D:\python\python36\lib\site-packages\parameterized\parameterized.py", line 518, in standalone_func
    return func(*(a + p.args), **p.kwargs)
  File "D:\python\yangle0103\woniuboss\bin\woniuboss_api\student_manage_test\test_i_course_manage.py", line 30, in test_add_course_schedule
    self.assertEqual(expect,actual)
AssertionError: 'test add course schedule fail' != 'test add course schedule pass'
- test add course schedule fail
?                          ^ ^^
+ test add course schedule pass
?                          ^ ^^

Traceback (most recent call last):
  File "D:\python\python36\lib\site-packages\parameterized\parameterized.py", line 518, in standalone_func
    return func(*(a + p.args), **p.kwargs)
  File "D:\python\yangle0103\woniuboss\bin\woniuboss_api\student_manage_test\test_i_course_manage.py", line 30, in test_add_course_schedule
    self.assertEqual(expect,actual)
AssertionError: 'test add course schedule fail' != 'test add course schedule pass'
- test add course schedule fail
?                          ^ ^^
+ test add course schedule pass
?                          ^ ^^



        </pre>
    </div>
    <!--css div popup end-->

    </td>
</tr>

<tr id='ft9.5' class='none'>
    <td class='failCase'><div class='testcase'>test_add_course_schedule_04_http_yangle4_8080_WoniuBoss2_5_student_saveCourse</div></td>
    <td colspan='5' align='center'>

    <!--css div popup start-->
    <a class="popup_link" onfocus='this.blur();' href="javascript:showTestDetail('div_ft9.5')" >
        fail</a>

    <div id='div_ft9.5' class="popup_window">
        <div style='text-align: right; color:red;cursor:pointer'>
        <a onfocus='this.blur();' onclick="document.getElementById('div_ft9.5').style.display = 'none' " >
           [x]</a>
        </div>
        <pre>
        
ft9.5: Traceback (most recent call last):
  File "D:\python\python36\lib\site-packages\parameterized\parameterized.py", line 518, in standalone_func
    return func(*(a + p.args), **p.kwargs)
  File "D:\python\yangle0103\woniuboss\bin\woniuboss_api\student_manage_test\test_i_course_manage.py", line 30, in test_add_course_schedule
    self.assertEqual(expect,actual)
AssertionError: 'test add course schedule fail' != 'test add course schedule pass'
- test add course schedule fail
?                          ^ ^^
+ test add course schedule pass
?                          ^ ^^

Traceback (most recent call last):
  File "D:\python\python36\lib\site-packages\parameterized\parameterized.py", line 518, in standalone_func
    return func(*(a + p.args), **p.kwargs)
  File "D:\python\yangle0103\woniuboss\bin\woniuboss_api\student_manage_test\test_i_course_manage.py", line 30, in test_add_course_schedule
    self.assertEqual(expect,actual)
AssertionError: 'test add course schedule fail' != 'test add course schedule pass'
- test add course schedule fail
?                          ^ ^^
+ test add course schedule pass
?                          ^ ^^



        </pre>
    </div>
    <!--css div popup end-->

    </td>
</tr>

<tr id='ft9.6' class='none'>
    <td class='failCase'><div class='testcase'>test_add_course_schedule_05_http_yangle4_8080_WoniuBoss2_5_student_saveCourse</div></td>
    <td colspan='5' align='center'>

    <!--css div popup start-->
    <a class="popup_link" onfocus='this.blur();' href="javascript:showTestDetail('div_ft9.6')" >
        fail</a>

    <div id='div_ft9.6' class="popup_window">
        <div style='text-align: right; color:red;cursor:pointer'>
        <a onfocus='this.blur();' onclick="document.getElementById('div_ft9.6').style.display = 'none' " >
           [x]</a>
        </div>
        <pre>
        
ft9.6: Traceback (most recent call last):
  File "D:\python\python36\lib\site-packages\parameterized\parameterized.py", line 518, in standalone_func
    return func(*(a + p.args), **p.kwargs)
  File "D:\python\yangle0103\woniuboss\bin\woniuboss_api\student_manage_test\test_i_course_manage.py", line 30, in test_add_course_schedule
    self.assertEqual(expect,actual)
AssertionError: 'test add course schedule fail' != 'test add course schedule pass'
- test add course schedule fail
?                          ^ ^^
+ test add course schedule pass
?                          ^ ^^

Traceback (most recent call last):
  File "D:\python\python36\lib\site-packages\parameterized\parameterized.py", line 518, in standalone_func
    return func(*(a + p.args), **p.kwargs)
  File "D:\python\yangle0103\woniuboss\bin\woniuboss_api\student_manage_test\test_i_course_manage.py", line 30, in test_add_course_schedule
    self.assertEqual(expect,actual)
AssertionError: 'test add course schedule fail' != 'test add course schedule pass'
- test add course schedule fail
?                          ^ ^^
+ test add course schedule pass
?                          ^ ^^



        </pre>
    </div>
    <!--css div popup end-->

    </td>
</tr>

<tr id='pt9.7' class='hiddenRow'>
    <td class='none'><div class='testcase'>test_add_course_schedule_06_http_yangle4_8080_WoniuBoss2_5_student_saveCourse</div></td>
    <td colspan='5' align='center'>pass</td>
</tr>

<tr id='pt9.8' class='hiddenRow'>
    <td class='none'><div class='testcase'>test_add_course_schedule_07_http_yangle4_8080_WoniuBoss2_5_student_saveCourse</div></td>
    <td colspan='5' align='center'>pass</td>
</tr>

<tr id='pt9.9' class='hiddenRow'>
    <td class='none'><div class='testcase'>test_add_course_schedule_08_http_yangle4_8080_WoniuBoss2_5_student_saveCourse</div></td>
    <td colspan='5' align='center'>pass</td>
</tr>

<tr id='pt9.10' class='hiddenRow'>
    <td class='none'><div class='testcase'>test_add_course_schedule_09_http_yangle4_8080_WoniuBoss2_5_student_saveCourse</div></td>
    <td colspan='5' align='center'>pass</td>
</tr>

<tr id='pt9.11' class='hiddenRow'>
    <td class='none'><div class='testcase'>test_add_course_schedule_10_http_yangle4_8080_WoniuBoss2_5_student_saveCourse</div></td>
    <td colspan='5' align='center'>pass</td>
</tr>

<tr id='pt9.12' class='hiddenRow'>
    <td class='none'><div class='testcase'>test_add_course_schedule_11_http_yangle4_8080_WoniuBoss2_5_student_saveCourse</div></td>
    <td colspan='5' align='center'>pass</td>
</tr>

<tr id='pt9.13' class='hiddenRow'>
    <td class='none'><div class='testcase'>test_add_course_schedule_12_http_yangle4_8080_WoniuBoss2_5_student_saveCourse</div></td>
    <td colspan='5' align='center'>pass</td>
</tr>

<tr id='pt9.14' class='hiddenRow'>
    <td class='none'><div class='testcase'>test_add_course_schedule_13_http_yangle4_8080_WoniuBoss2_5_student_saveCourse</div></td>
    <td colspan='5' align='center'>pass</td>
</tr>

<tr id='pt9.15' class='hiddenRow'>
    <td class='none'><div class='testcase'>test_add_course_schedule_14_http_yangle4_8080_WoniuBoss2_6_student_saveCourse</div></td>
    <td colspan='5' align='center'>pass</td>
</tr>

<tr id='pt9.16' class='hiddenRow'>
    <td class='none'><div class='testcase'>test_add_course_schedule_15_http_yangle4_8080_WoniuBoss2_6_student_saveCourse</div></td>
    <td colspan='5' align='center'>pass</td>
</tr>

<tr id='pt9.17' class='hiddenRow'>
    <td class='none'><div class='testcase'>test_add_course_schedule_16_http_yangle4_8080_WoniuBoss2_6_student_saveCourse</div></td>
    <td colspan='5' align='center'>pass</td>
</tr>

<tr id='pt9.18' class='hiddenRow'>
    <td class='none'><div class='testcase'>test_modify_course_schedule_0_http_yangle4_8080_WoniuBoss2_5_student_saveModifyCourse</div></td>
    <td colspan='5' align='center'>pass</td>
</tr>

<tr id='pt9.19' class='hiddenRow'>
    <td class='none'><div class='testcase'>test_modify_course_schedule_1_http_yangle4_8080_WoniuBoss2_5_student_saveModifyCourse</div></td>
    <td colspan='5' align='center'>pass</td>
</tr>

<tr id='pt9.20' class='hiddenRow'>
    <td class='none'><div class='testcase'>test_modify_course_schedule_2_http_yangle4_8080_WoniuBoss2_5_student_saveModifyCourse</div></td>
    <td colspan='5' align='center'>pass</td>
</tr>

<tr id='ft9.21' class='none'>
    <td class='failCase'><div class='testcase'>test_modify_course_schedule_3_http_yangle4_8080_WoniuBoss2_5_student_saveModifyCourse</div></td>
    <td colspan='5' align='center'>

    <!--css div popup start-->
    <a class="popup_link" onfocus='this.blur();' href="javascript:showTestDetail('div_ft9.21')" >
        fail</a>

    <div id='div_ft9.21' class="popup_window">
        <div style='text-align: right; color:red;cursor:pointer'>
        <a onfocus='this.blur();' onclick="document.getElementById('div_ft9.21').style.display = 'none' " >
           [x]</a>
        </div>
        <pre>
        
ft9.21: Traceback (most recent call last):
  File "D:\python\python36\lib\site-packages\parameterized\parameterized.py", line 518, in standalone_func
    return func(*(a + p.args), **p.kwargs)
  File "D:\python\yangle0103\woniuboss\bin\woniuboss_api\student_manage_test\test_i_course_manage.py", line 42, in test_modify_course_schedule
    self.assertEqual(expect,actual)
AssertionError: 'test modify course schedule fail' != 'test modify course schedule pass'
- test modify course schedule fail
?                             ^ ^^
+ test modify course schedule pass
?                             ^ ^^

Traceback (most recent call last):
  File "D:\python\python36\lib\site-packages\parameterized\parameterized.py", line 518, in standalone_func
    return func(*(a + p.args), **p.kwargs)
  File "D:\python\yangle0103\woniuboss\bin\woniuboss_api\student_manage_test\test_i_course_manage.py", line 42, in test_modify_course_schedule
    self.assertEqual(expect,actual)
AssertionError: 'test modify course schedule fail' != 'test modify course schedule pass'
- test modify course schedule fail
?                             ^ ^^
+ test modify course schedule pass
?                             ^ ^^



        </pre>
    </div>
    <!--css div popup end-->

    </td>
</tr>

<tr id='ft9.22' class='none'>
    <td class='failCase'><div class='testcase'>test_modify_course_schedule_4_http_yangle4_8080_WoniuBoss2_5_student_saveModifyCourse</div></td>
    <td colspan='5' align='center'>

    <!--css div popup start-->
    <a class="popup_link" onfocus='this.blur();' href="javascript:showTestDetail('div_ft9.22')" >
        fail</a>

    <div id='div_ft9.22' class="popup_window">
        <div style='text-align: right; color:red;cursor:pointer'>
        <a onfocus='this.blur();' onclick="document.getElementById('div_ft9.22').style.display = 'none' " >
           [x]</a>
        </div>
        <pre>
        
ft9.22: Traceback (most recent call last):
  File "D:\python\python36\lib\site-packages\parameterized\parameterized.py", line 518, in standalone_func
    return func(*(a + p.args), **p.kwargs)
  File "D:\python\yangle0103\woniuboss\bin\woniuboss_api\student_manage_test\test_i_course_manage.py", line 42, in test_modify_course_schedule
    self.assertEqual(expect,actual)
AssertionError: 'test modify course schedule fail' != 'test modify course schedule pass'
- test modify course schedule fail
?                             ^ ^^
+ test modify course schedule pass
?                             ^ ^^

Traceback (most recent call last):
  File "D:\python\python36\lib\site-packages\parameterized\parameterized.py", line 518, in standalone_func
    return func(*(a + p.args), **p.kwargs)
  File "D:\python\yangle0103\woniuboss\bin\woniuboss_api\student_manage_test\test_i_course_manage.py", line 42, in test_modify_course_schedule
    self.assertEqual(expect,actual)
AssertionError: 'test modify course schedule fail' != 'test modify course schedule pass'
- test modify course schedule fail
?                             ^ ^^
+ test modify course schedule pass
?                             ^ ^^



        </pre>
    </div>
    <!--css div popup end-->

    </td>
</tr>

<tr id='ft9.23' class='none'>
    <td class='failCase'><div class='testcase'>test_modify_course_schedule_5_http_yangle4_8080_WoniuBoss2_5_student_saveModifyCourse</div></td>
    <td colspan='5' align='center'>

    <!--css div popup start-->
    <a class="popup_link" onfocus='this.blur();' href="javascript:showTestDetail('div_ft9.23')" >
        fail</a>

    <div id='div_ft9.23' class="popup_window">
        <div style='text-align: right; color:red;cursor:pointer'>
        <a onfocus='this.blur();' onclick="document.getElementById('div_ft9.23').style.display = 'none' " >
           [x]</a>
        </div>
        <pre>
        
ft9.23: Traceback (most recent call last):
  File "D:\python\python36\lib\site-packages\parameterized\parameterized.py", line 518, in standalone_func
    return func(*(a + p.args), **p.kwargs)
  File "D:\python\yangle0103\woniuboss\bin\woniuboss_api\student_manage_test\test_i_course_manage.py", line 42, in test_modify_course_schedule
    self.assertEqual(expect,actual)
AssertionError: 'test modify course schedule fail' != 'test modify course schedule pass'
- test modify course schedule fail
?                             ^ ^^
+ test modify course schedule pass
?                             ^ ^^

Traceback (most recent call last):
  File "D:\python\python36\lib\site-packages\parameterized\parameterized.py", line 518, in standalone_func
    return func(*(a + p.args), **p.kwargs)
  File "D:\python\yangle0103\woniuboss\bin\woniuboss_api\student_manage_test\test_i_course_manage.py", line 42, in test_modify_course_schedule
    self.assertEqual(expect,actual)
AssertionError: 'test modify course schedule fail' != 'test modify course schedule pass'
- test modify course schedule fail
?                             ^ ^^
+ test modify course schedule pass
?                             ^ ^^



        </pre>
    </div>
    <!--css div popup end-->

    </td>
</tr>

<tr id='ft9.24' class='none'>
    <td class='failCase'><div class='testcase'>test_modify_course_schedule_6_http_yangle4_8080_WoniuBoss2_5_student_saveModifyCourse</div></td>
    <td colspan='5' align='center'>

    <!--css div popup start-->
    <a class="popup_link" onfocus='this.blur();' href="javascript:showTestDetail('div_ft9.24')" >
        fail</a>

    <div id='div_ft9.24' class="popup_window">
        <div style='text-align: right; color:red;cursor:pointer'>
        <a onfocus='this.blur();' onclick="document.getElementById('div_ft9.24').style.display = 'none' " >
           [x]</a>
        </div>
        <pre>
        
ft9.24: Traceback (most recent call last):
  File "D:\python\python36\lib\site-packages\parameterized\parameterized.py", line 518, in standalone_func
    return func(*(a + p.args), **p.kwargs)
  File "D:\python\yangle0103\woniuboss\bin\woniuboss_api\student_manage_test\test_i_course_manage.py", line 42, in test_modify_course_schedule
    self.assertEqual(expect,actual)
AssertionError: 'test modify course schedule fail' != 'test modify course schedule pass'
- test modify course schedule fail
?                             ^ ^^
+ test modify course schedule pass
?                             ^ ^^

Traceback (most recent call last):
  File "D:\python\python36\lib\site-packages\parameterized\parameterized.py", line 518, in standalone_func
    return func(*(a + p.args), **p.kwargs)
  File "D:\python\yangle0103\woniuboss\bin\woniuboss_api\student_manage_test\test_i_course_manage.py", line 42, in test_modify_course_schedule
    self.assertEqual(expect,actual)
AssertionError: 'test modify course schedule fail' != 'test modify course schedule pass'
- test modify course schedule fail
?                             ^ ^^
+ test modify course schedule pass
?                             ^ ^^



        </pre>
    </div>
    <!--css div popup end-->

    </td>
</tr>

<tr id='ft9.25' class='none'>
    <td class='failCase'><div class='testcase'>test_modify_course_schedule_7_http_yangle4_8080_WoniuBoss2_5_student_saveModifyCourse</div></td>
    <td colspan='5' align='center'>

    <!--css div popup start-->
    <a class="popup_link" onfocus='this.blur();' href="javascript:showTestDetail('div_ft9.25')" >
        fail</a>

    <div id='div_ft9.25' class="popup_window">
        <div style='text-align: right; color:red;cursor:pointer'>
        <a onfocus='this.blur();' onclick="document.getElementById('div_ft9.25').style.display = 'none' " >
           [x]</a>
        </div>
        <pre>
        
ft9.25: Traceback (most recent call last):
  File "D:\python\python36\lib\site-packages\parameterized\parameterized.py", line 518, in standalone_func
    return func(*(a + p.args), **p.kwargs)
  File "D:\python\yangle0103\woniuboss\bin\woniuboss_api\student_manage_test\test_i_course_manage.py", line 42, in test_modify_course_schedule
    self.assertEqual(expect,actual)
AssertionError: 'test modify course schedule fail' != 'test modify course schedule pass'
- test modify course schedule fail
?                             ^ ^^
+ test modify course schedule pass
?                             ^ ^^

Traceback (most recent call last):
  File "D:\python\python36\lib\site-packages\parameterized\parameterized.py", line 518, in standalone_func
    return func(*(a + p.args), **p.kwargs)
  File "D:\python\yangle0103\woniuboss\bin\woniuboss_api\student_manage_test\test_i_course_manage.py", line 42, in test_modify_course_schedule
    self.assertEqual(expect,actual)
AssertionError: 'test modify course schedule fail' != 'test modify course schedule pass'
- test modify course schedule fail
?                             ^ ^^
+ test modify course schedule pass
?                             ^ ^^



        </pre>
    </div>
    <!--css div popup end-->

    </td>
</tr>

<tr id='ft9.26' class='none'>
    <td class='failCase'><div class='testcase'>test_modify_course_schedule_8_http_yangle4_8080_WoniuBoss2_5_student_saveModifyCourse</div></td>
    <td colspan='5' align='center'>

    <!--css div popup start-->
    <a class="popup_link" onfocus='this.blur();' href="javascript:showTestDetail('div_ft9.26')" >
        fail</a>

    <div id='div_ft9.26' class="popup_window">
        <div style='text-align: right; color:red;cursor:pointer'>
        <a onfocus='this.blur();' onclick="document.getElementById('div_ft9.26').style.display = 'none' " >
           [x]</a>
        </div>
        <pre>
        
ft9.26: Traceback (most recent call last):
  File "D:\python\python36\lib\site-packages\parameterized\parameterized.py", line 518, in standalone_func
    return func(*(a + p.args), **p.kwargs)
  File "D:\python\yangle0103\woniuboss\bin\woniuboss_api\student_manage_test\test_i_course_manage.py", line 42, in test_modify_course_schedule
    self.assertEqual(expect,actual)
AssertionError: 'test modify course schedule fail' != 'test modify course schedule pass'
- test modify course schedule fail
?                             ^ ^^
+ test modify course schedule pass
?                             ^ ^^

Traceback (most recent call last):
  File "D:\python\python36\lib\site-packages\parameterized\parameterized.py", line 518, in standalone_func
    return func(*(a + p.args), **p.kwargs)
  File "D:\python\yangle0103\woniuboss\bin\woniuboss_api\student_manage_test\test_i_course_manage.py", line 42, in test_modify_course_schedule
    self.assertEqual(expect,actual)
AssertionError: 'test modify course schedule fail' != 'test modify course schedule pass'
- test modify course schedule fail
?                             ^ ^^
+ test modify course schedule pass
?                             ^ ^^



        </pre>
    </div>
    <!--css div popup end-->

    </td>
</tr>

<tr id='ft9.27' class='none'>
    <td class='failCase'><div class='testcase'>test_modify_course_schedule_9_http_yangle4_8080_WoniuBoss2_5_student_saveModifyCourse</div></td>
    <td colspan='5' align='center'>

    <!--css div popup start-->
    <a class="popup_link" onfocus='this.blur();' href="javascript:showTestDetail('div_ft9.27')" >
        fail</a>

    <div id='div_ft9.27' class="popup_window">
        <div style='text-align: right; color:red;cursor:pointer'>
        <a onfocus='this.blur();' onclick="document.getElementById('div_ft9.27').style.display = 'none' " >
           [x]</a>
        </div>
        <pre>
        
ft9.27: Traceback (most recent call last):
  File "D:\python\python36\lib\site-packages\parameterized\parameterized.py", line 518, in standalone_func
    return func(*(a + p.args), **p.kwargs)
  File "D:\python\yangle0103\woniuboss\bin\woniuboss_api\student_manage_test\test_i_course_manage.py", line 42, in test_modify_course_schedule
    self.assertEqual(expect,actual)
AssertionError: 'test modify course schedule fail' != 'test modify course schedule pass'
- test modify course schedule fail
?                             ^ ^^
+ test modify course schedule pass
?                             ^ ^^

Traceback (most recent call last):
  File "D:\python\python36\lib\site-packages\parameterized\parameterized.py", line 518, in standalone_func
    return func(*(a + p.args), **p.kwargs)
  File "D:\python\yangle0103\woniuboss\bin\woniuboss_api\student_manage_test\test_i_course_manage.py", line 42, in test_modify_course_schedule
    self.assertEqual(expect,actual)
AssertionError: 'test modify course schedule fail' != 'test modify course schedule pass'
- test modify course schedule fail
?                             ^ ^^
+ test modify course schedule pass
?                             ^ ^^



        </pre>
    </div>
    <!--css div popup end-->

    </td>
</tr>

<tr id='total_row'>
    <td>Total</td>
    <td>147</td>
    <td>45</td>
    <td>102</td>
    <td>0</td>
    <td>&nbsp;</td>
</tr>
</table>

<div id='ending'>&nbsp;</div>

</body>
</html>
